cnumpy.core.multiarray
_reconstruct
p0
(cnumpy
ndarray
p1
(I0
tp2
S'b'
p3
tp4
Rp5
(I1
(I25
I1
tp6
cnumpy
dtype
p7
(S'f8'
p8
I0
I1
tp9
Rp10
(I3
S'<'
p11
NNNI-1
I-1
I0
tp12
bI00
S'X\xd5\xb2\xda\xec\xb0&@\xa8vT\x16\xa7\x1b(@\x8eh|x\xe0})@\x9f\x8b\x18Sx\xd3*@\xfe\x91\xf9\xa5s\x18,@\xa2r\x96\xfe\x08I-@\xf6\x84\xfd\xc3\xaba.@\x0e^@\xcd\x16_/@\x0f\x83b\x11+\x1f0@\x06i\xb1\xe6g~0@\x7f\xd8\x81\xcc%\xcc0@\xe0\xd2\xd1\xd9|\x071@$\rw\n\xbc/1@\xcd\xce,OkD1@>\xcb\xb9\xf3LE1@\x1f\x93\x01W^21@\x8c\x86\xdc\xf2\xd7\x0b1@2\xe2\x9e\xb3,\xd20@\xa6xE\xa1\x08\x860@\xf6\xc4F\xdeN(0@\xaei\x06\x04.t/@6\xc6s\xadSy.@d\x90s\t\xfbb-@\xd7jzlb4,@\xd7jzlb4,@'
p13
tp14
b.