cnumpy.core.multiarray
_reconstruct
p0
(cnumpy
ndarray
p1
(I0
tp2
S'b'
p3
tp4
Rp5
(I1
(I25
I1
tp6
cnumpy
dtype
p7
(S'f8'
p8
I0
I1
tp9
Rp10
(I3
S'<'
p11
NNNI-1
I-1
I0
tp12
bI00
S'#v9\xa2\x12\xf5&@\t\xd01\xcf\x9e\xec(@f\xe3\xdc\x06]\xd8*@\xeb\xab9`\x92\xb2,@)\x9a\xf1@\xb8u.@p\x9a\x9clF\x0e0@\x90\x82=i\x11\xd10@\x8d[\x02\x01\xf8\x801@\xee\x07\xefy\xed\x1b2@\xa1\xec\xb1\x92#\xa02@\xaa\xf4\x95\xe5\x0f\x0c3@\x8e\xa0\x07\x81p^3@\x80y\xf7\xa7O\x963@5\x00\xe9\xae\x06\xb33@fQ#\xed?\xb43@4W8\xbc\xf7\x993@\x98D\xe8\x82|d3@x\xdf@\xcbm\x143@\xc8F\xb2f\xba\xaa2@\x1b\xe9\xa4\xa5\x9d(2@\x92\xdc\xdd\xaa\x9b\x8f1@g\x81\xa7\xe5|\xe10@\xde^<\xc0H 0@x\xe2\xa3$\x7f\x9c.@x\xe2\xa3$\x7f\x9c.@'
p13
tp14
b.