cnumpy.core.multiarray
_reconstruct
p0
(cnumpy
ndarray
p1
(I0
tp2
S'b'
p3
tp4
Rp5
(I1
(I25
I1
tp6
cnumpy
dtype
p7
(S'f8'
p8
I0
I1
tp9
Rp10
(I3
S'<'
p11
NNNI-1
I-1
I0
tp12
bI00
S'\xbc\x937\x99>~$@\xc5\xc7\x02V\x93\x86&@\xfd\x0bdd\xb5\x82(@\xd2\xa0\xd1\xf6\xb8l*@d6\xbdL\xe8>,@.\x03\x1b\xbb\xd4\xf3-@B-\xdc\xe0f\x86/@\x7f\xa2\x82\xeb\xf6x0@=*\x89\x97\x16\x191@\x15\xf9\xf4\xca\xb4\xa11@\xb6\x9b\xd6\xfa9\x112@\x94\xb0\x97zYf2@\xf2\xea_\\\x15\xa02@n\xe3\x92f\xc1\xbd2@F\r\x93\x15\x05\xbf2@Z8\xcd\xa3\xdc\xa32@\x08\xf5\xf8\x14\x99l2@\\IlD\xdf\x192@\xd8\xa5S\xf9\xa5\xac1@. \x89\x063&1@\x01\xfa\x9e~\x17\x880@\x80\xc5\xe1\x0eV\xa8/@\x9a\x06Z\xb6\x0c\x19.@\x12\xd6s\x0e\xfaf,@\x12\xd6s\x0e\xfaf,@'
p13
tp14
b.