cnumpy.core.multiarray
_reconstruct
p0
(cnumpy
ndarray
p1
(I0
tp2
S'b'
p3
tp4
Rp5
(I1
(I25
I1
tp6
cnumpy
dtype
p7
(S'f8'
p8
I0
I1
tp9
Rp10
(I3
S'<'
p11
NNNI-1
I-1
I0
tp12
bI00
S"\xddL\x98\x0e\n\xca'@\xf9M\xcc\xf7\x15S)@p*\x16\x13\xeb\xd2*@#\xbfr_\x10E,@\xd0W\x05\xb05\xa5-@\x80J\xf0\x89@\xef.@\x9a\x10\x001\xac\x0f0@\xce\xa9\xd2\n\xf9\x980@\xb0\xa9\x81>\xed\x111@zBF\xfb\x1fy1@\x1b\xd4\xd8g]\xcd1@\xa3\x86\xc78\xaa\r2@&P\x18\x9eF92@\x9b.z\x7f\xb0O2@\x06\xb0Z\x00\xa5P2@\x18\x19ZG!<2@\x97-\xcb\x86b\x122@\x05@%F\xe5\xd31@\xc5\x1b\x89\xeec\x811@\x1b\xf2\xac\x9e\xd4\x1b1@\r\x1e\xaaLf\xa40@$\xea:>}\x1c0@s\xa9\xe0\xc3]\x0b/@\x95m\x84+z\xc3-@\x95m\x84+z\xc3-@"
p13
tp14
b.