cnumpy.core.multiarray
_reconstruct
p0
(cnumpy
ndarray
p1
(I0
tp2
S'b'
p3
tp4
Rp5
(I1
(I25
I1
tp6
cnumpy
dtype
p7
(S'f8'
p8
I0
I1
tp9
Rp10
(I3
S'<'
p11
NNNI-1
I-1
I0
tp12
bI00
S"\xda\xe5\xc5\xff\x1f\x89\x1b@\xd8\x8c\x822\x10H\x1e@\x9ea\xcd\xe9B{ @\xc4\x97\x8c\x8f@\xc6!@\x80w\x03\xab%\x01#@\xd0\x1b\xa0\xe0F($@g\xb2\xe8\xca38%@\x8a\x13\xc7<\xc1-&@\xa8\xf6V\xb5\x12\x06'@\xd6H\x04\xe9\xa2\xbe'@lA\x83FKU(@O\xdd3aJ\xc8(@D_\xcd-I\x16)@\x0c\x81\xb2\x01_>)@\x83\xa8\x01I\x14@)@\x06\xaeJ\xebc\x1b)@\xa2\x1b\xc2Z\xbb\xd0(@ \x8d\xc4M\xf9`(@\xe6 x&k\xcd'@\n\xd8I\x10\xc9\x17'@h\x9a\xdd\xde0B&@,\xd8\xbd\xbd\x1fO%@\xc6a\xa0\xc3jA$@;\x80f\x7f6\x1c#@;\x80f\x7f6\x1c#@"
p13
tp14
b.