cnumpy.core.multiarray
_reconstruct
p0
(cnumpy
ndarray
p1
(I0
tp2
S'b'
p3
tp4
Rp5
(I1
(I25
I1
tp6
cnumpy
dtype
p7
(S'f8'
p8
I0
I1
tp9
Rp10
(I3
S'<'
p11
NNNI-1
I-1
I0
tp12
bI00
S'\xc6\xc8\xe7(\x12\xa9\x1d@\x8a\xb2\xfew\xab\x19!@\x84\x8djF.Q#@%;\x15\x91tt%@L\xeaC\xc7\x1d}\'@r\x0c7\xbc\x18e)@\xe0\x10j\xc0\xb5&+@\x10\xa4\x01\x98\xb7\xbc,@\xc0\x9e\xce\x1bc".@\xa2KFV\x8dS/@\xe6\x1c+\xf9S&0@q|~\xebe\x850@\xa5r\x01\xe8\xe0\xc50@8-\xff\x94\x04\xe70@\x17\xef\xf5\x16n\xe80@}s}7\x19\xca0@]\xe8\xd7q`\x8c0@\xa3\x03\x08\xe5\xfb/0@<\xc0"]\xfek/@\x8a,\x93h\xac?.@\xa0i\x9d\xcd\x81\xde,@\x08\xb1\x92\x12\x9cL+@\xaa\x03\x19\x1c\xaa\x8e)@@g\xc54\xde\xa9\'@@g\xc54\xde\xa9\'@'
p13
tp14
b.