cnumpy.core.multiarray
_reconstruct
p0
(cnumpy
ndarray
p1
(I0
tp2
S'b'
p3
tp4
Rp5
(I1
(I25
I1
tp6
cnumpy
dtype
p7
(S'f8'
p8
I0
I1
tp9
Rp10
(I3
S'<'
p11
NNNI-1
I-1
I0
tp12
bI00
S"Bg\xc7\xad\xa8\xd2 @\x16g\xdeT.2#@\xdef:\nv\x83%@XS\x1e\x00\x96\xbf'@\x88\xe6l\x84\xe3\xdf)@\x11\x9d\xdf\xe3\x06\xde+@}\x97\xa8U\x0e\xb4-@\x8cr\x0e\xb7\x7f\\/@\xa8\x07\x0eq4i0@\x17\x7fS7\xb7\x081@\x84\xaf\xd4X\xec\x8a1@\x98\xb9\x14jO\xee1@\x8e\x18M\xf0\xb712@+\xf6\xd9\xd5\\T2@\x16:\x14\xc2\xd6U2@=\xec\x9bM!62@LB{\x0f\x9b\xf51@\xe9'\xfb\x82\x04\x951@\x1e\xfer\xc9}\x151@\xf9k\xc4N\x83x0@\x14\x85\x0e\xb5\xd2\x7f/@\xb2{=6\xad\xdb-@\x81\x82\xfeu{\t,@R\xe7\x91&\xac\x0e*@R\xe7\x91&\xac\x0e*@"
p13
tp14
b.