cnumpy.core.multiarray
_reconstruct
p0
(cnumpy
ndarray
p1
(I0
tp2
S'b'
p3
tp4
Rp5
(I1
(I25
I1
tp6
cnumpy
dtype
p7
(S'f8'
p8
I0
I1
tp9
Rp10
(I3
S'<'
p11
NNNI-1
I-1
I0
tp12
bI00
S'\x97*\xa3@J.)@\x17p\xc8\xad\xaf\xb5*@&n|4\xe83,@\xfa\xf3~\xa2\x7f\xa4-@\x14C\xd3m*\x03/@x\x0fbB\xe9%0@\xccK3\xbfQ\xbd0@\x80h\x9f\x03\x0bF1@\x96)\xf93}\xbe1@\r\xb1P\x03A%2@\x02>F\xe3#y2@\x9e\xa8\x85\x96+\xb92@\xb6\xa0B\x1b\x99\xe42@n\xdb\x02\xe5\xea\xfa2@\xd4t\x12_\xde\xfb2@\x1b\xb2!\xb3p\xe72@E\xa7\xbb\xd1\xde\xbd2@\xfa\x80|\xbc\xa4\x7f2@a\xbc%\x14|-2@N\xce\xdf\xeeY\xc81@\x97\x16\x1d\xfdkQ1@s\x18\xa3\x05\x15\xca0@\x95\xa26\xc3\xe830@r\xf6\x7f`N!/@r\xf6\x7f`N!/@'
p13
tp14
b.