cnumpy.core.multiarray
_reconstruct
p0
(cnumpy
ndarray
p1
(I0
tp2
S'b'
p3
tp4
Rp5
(I1
(I25
I1
tp6
cnumpy
dtype
p7
(S'f8'
p8
I0
I1
tp9
Rp10
(I3
S'<'
p11
NNNI-1
I-1
I0
tp12
bI00
S">9<u\x1f\xe7#@{\x0e\xf2\xcah$%@>\xfb\x1c\xfcAZ&@s\xf2\x0e\xbb\x0e\x85'@^\x17\x97\xafS\xa1(@\x84\x10\xf6\xd9\xc0\xab)@\xc4\xbe\x84t;\xa1*@\xc8/\x936\xe7~+@\xe4J\xdf\xdc.B,@\xd0\xc8.\xde\xcb\xe8,@N\x07\x105\xcdp-@,\xdc\x81*\x9d\xd8-@<\x85;\x10\x06\x1f.@\xffVz\xdc5C.@\xb8a\x91\x9c\xc0D.@\x90\xf7\xed\xb6\xa1#.@\xc5x\xd0\xf8;\xe0-@\xf0v\x90oX{-@\x8df\xdb\x10$\xf6,@8\xfd\xea8,R,@mi)\tZ\x91+@}i\x13\xb5\xec\xb5*@^\xecX\xcer\xc2)@J\xd3:\xa4\xc2\xb9(@J\xd3:\xa4\xc2\xb9(@"
p13
tp14
b.