cnumpy.core.multiarray
_reconstruct
p0
(cnumpy
ndarray
p1
(I0
tp2
S'b'
p3
tp4
Rp5
(I1
(I25
I1
tp6
cnumpy
dtype
p7
(S'f8'
p8
I0
I1
tp9
Rp10
(I3
S'<'
p11
NNNI-1
I-1
I0
tp12
bI00
S"\xfd\xc1\xd46\\\xee\x1c@\xeb}\xe4\xcfc< @\xb9X\x1c\xa7\xf9\xf6!@q\xa9M\\\xc7\xa1#@\xb4)\xc1\xbe\xd37%@\xbb\xc6\xd4\x87c\xb4&@\x98\xb7Qx\x07\x13(@\xfe\x95\xf5\x92\xa9O)@\xdc(\xb8L\x99f*@\xbc\xd8q\x8e\x96T+@'\x85\rg\xdb\x16,@\x9f#YQ$\xab,@\x15\x8a\xc7\xf4\xb6\x0f-@y^\xfeLgC-@J\xd4\xcf(\x9bE-@\xecn2\xf6K\x16-@\x8a\xa9\xda\xd5\x06\xb6,@b\x0c<\xf6\xea%,@\x08\x8d\xd9:\xa6g+@T\xca\xe09p}*@o\xa0\x01\x9f\x03j)@\x96\xe9<\x07\x960(@\xf4\xbc\xf3m\xce\xd4&@`\x87\xc6G\xbaZ%@`\x87\xc6G\xbaZ%@"
p13
tp14
b.