cnumpy.core.multiarray
_reconstruct
p0
(cnumpy
ndarray
p1
(I0
tp2
S'b'
p3
tp4
Rp5
(I1
(I25
I1
tp6
cnumpy
dtype
p7
(S'f8'
p8
I0
I1
tp9
Rp10
(I3
S'<'
p11
NNNI-1
I-1
I0
tp12
bI00
S'd\xac\xa1O\x14c*@>\x15-0\xeb&-@:\x05T\x15*\xda/@\x97\xae\x07za:1@[\xd9U\xa4xw2@dCX\xa1\xa8\xa03@\xefJ(\xe8z\xb24@\xb54\xd0\xa3\xbe\xa95@\xce\x80\xf87\x92\x836@q|B\xd9k=7@L:\xac\x1f!\xd57@F\x90g|\xedH8@,\x90\xde\x7fw\x978@\x9eD*\xe0\xd4\xbf8@\xb8\xbc\xf93\x8d\xc18@\x16\x84\xc4Y\x9b\x9c8@\x92\x03\x19\x87mQ8@\xb9!\xd9\xff\xe3\xe07@^\xdd9yNL7@$\x92Q0h\x956@\x16K\xe0\xbfR\xbe5@\x1fl\xba\xc4\x8f\xc94@\x91\xe9\xccc\xf9\xb93@\x04\xa0\x08\xc8\xb9\x922@\x04\xa0\x08\xc8\xb9\x922@'
p13
tp14
b.