cnumpy.core.multiarray
_reconstruct
p0
(cnumpy
ndarray
p1
(I0
tp2
S'b'
p3
tp4
Rp5
(I1
(I25
I1
tp6
cnumpy
dtype
p7
(S'f8'
p8
I0
I1
tp9
Rp10
(I3
S'<'
p11
NNNI-1
I-1
I0
tp12
bI00
S'\xbd\xd2I\xf5\nQ(@\xd9\r\xc3\xd8d\xc4)@p`\xe0!\n/+@\x82\x9bS\x03\xc1\x8c,@\x86\xcd\x04Cv\xd9-@>\x84\x1abI\x11/@8\x04\xd6\x16L\x180@\x7f\xc9\xce\xca\x04\x9a0@\x16l\xa8\xd4K\x0c1@\x07\x8c/N\xccm1@8\xca:\\c\xbd1@\xa8\x9fP\x92#\xfa1@\xfe\x8c\xe8\xb6W#2@.\xda\x06\xe0\x8482@E8\xe6\xe1k92@a|i\x0b\n&2@\xc4N#.\x99\xfe1@\xbc\xd9\xdb\xf1\x8e\xc31@^\xfc\x96u\x9bu1@v\xfe1B\xa7\x151@3\t\xb8\x94\xd0\xa40@\x0e\xab\x82\x08h$0@\x9e&3V\xd9+/@\xd9\xd2\t\x0b\x0f\xf6-@\xd9\xd2\t\x0b\x0f\xf6-@'
p13
tp14
b.