cnumpy.core.multiarray
_reconstruct
p0
(cnumpy
ndarray
p1
(I0
tp2
S'b'
p3
tp4
Rp5
(I1
(I25
I1
tp6
cnumpy
dtype
p7
(S'f8'
p8
I0
I1
tp9
Rp10
(I3
S'<'
p11
NNNI-1
I-1
I0
tp12
bI00
S'\x0cvs\xab>U(@\xafz\x81\xbb\xbbz*@\xb2\xae8!W\x93,@v\x1bZ\x1e\xd0\x98.@\x8e8\x81\x84\x8fB0@\xf6.E\xa4C)1@\x02&<9\xd4\xfd1@\xa1f;*\xc7\xbd2@\x14\xa4\xbb\xdd\xdff3@\xf5\xbe\xf5\xe5%\xf73@\x00\x84\xa3\xe1\xeal4@<\x99\xdb\x7f\xcf\xc64@\xd8\xbd\x12\x98\xc7\x035@\xc4\x13\x0cJ\x1d#5@w*f\x1cs$5@\x8dQr\x13\xc5\x075@\xc4d\x16\xbdh\xcd4@\x7f\x9f\x951\x0cv4@\x01\xcc9\x0c\xb4\x024@\xa9\t\xeaa\xb8t3@\x0c?\xbe\xbe\xc0\xcd2@T \x856\xbf\x0f2@\xec\xd7\xf5\x96\xea<1@\xcb\x99\xdd\xcc\xb7W0@\xcb\x99\xdd\xcc\xb7W0@'
p13
tp14
b.