cnumpy.core.multiarray
_reconstruct
p0
(cnumpy
ndarray
p1
(I0
tp2
S'b'
p3
tp4
Rp5
(I1
(I25
I1
tp6
cnumpy
dtype
p7
(S'f8'
p8
I0
I1
tp9
Rp10
(I3
S'<'
p11
NNNI-1
I-1
I0
tp12
bI00
S'\x0e\xc7{\xe1mm(@7\xe4Y^\x02\xab*@F\xa1\x16\x9c$\xdb,@d\xca\xce\xadM\xf7.@\x8d\x82\xd1\x1d\x99|0@\x15\x80\xbe\xa4jm1@\xcbQ\n\nMK2@\n\xc7ug\xaa\x133@\xa6\xb7\xa6\x08-\xc43@"\x86(b\xc6Z4@D\x1f&4\xb5\xd54@\x9e\xdb\x8f\xc6\x8a35@B}\x0f//s5@z\xef\n\x94\xe4\x935@n\xe0\xfabI\x955@\xb4\xc5{sYw5@D\x05\xb5\x13n:5@\x10C\xf1\xfd<\xdf4@\x84\x88\x82:\xd6f4@\xd6mC\xf4\xa0\xd23@\x17\x07*IW$3@)\xbch#\x01^2@CY{*\xee\x811@\xfa\xf32\xde\xae\x920@\xfa\xf32\xde\xae\x920@'
p13
tp14
b.