cnumpy.core.multiarray
_reconstruct
p0
(cnumpy
ndarray
p1
(I0
tp2
S'b'
p3
tp4
Rp5
(I1
(I25
I1
tp6
cnumpy
dtype
p7
(S'f8'
p8
I0
I1
tp9
Rp10
(I3
S'<'
p11
NNNI-1
I-1
I0
tp12
bI00
S';_R\xd3U\xab\x19@\x14\x92WQ\xa8\xd9\x1b@\xc0\x98l!\xe4\xfa\x1d@R\xd0\xb7dW\x04 @\xc5\xf3A\xe7s\xfe @\xe3\xc2\xfc}\xdd\xe8!@\x11\x83V\xe3\xd8\xc0"@[\xfd\x7f\xcc\xe1\x83#@\x8a\x9cfk\xb2/$@?\xf4F6J\xc2$@\xf0U\x9e\xe0\xf39%@\x9c|\xaasJ\x95%@\xb4\xe1Cw=\xd3%@\xff/\xaa\x1e\x14\xf3%@\x1c/\xcaoo\xf4%@f\xa9\x90^K\xd7%@\x87\x1e\xfd\xd8\xfe\x9b%@\xf1>\xd0\xc3:C%@\xb4\xc1\xdb\xea\x07\xce$@\xe5\xb7\x19\xeb\xc3=$@\xa2\xba\xbf\x1f\x1d\x94#@x\x15u\x9e\r\xd3"@\xcc\x92\xa1Q\xd5\xfc!@\xb1slB\xf3\x13!@\xb1slB\xf3\x13!@'
p13
tp14
b.