cnumpy.core.multiarray
_reconstruct
p0
(cnumpy
ndarray
p1
(I0
tp2
S'b'
p3
tp4
Rp5
(I1
(I25
I1
tp6
cnumpy
dtype
p7
(S'f8'
p8
I0
I1
tp9
Rp10
(I3
S'<'
p11
NNNI-1
I-1
I0
tp12
bI00
S"_'\x8c.\xee2)@\xd8\xfd\xea\xd4\xdb\xd1+@\xda\xaf\xe2\x03\x0fa.@\xcb\x93\xb9\x9brl0@\x9c\xfe\xaf\xce\x00\x991@\xfc-\xe2\x85\xb1\xb22@\x19j\x1ds<\xb63@\x9e\x10\xa2Y\x9b\xa04@`\xbf\xc0\x13\x13o5@\xe0\x81w\xb8;\x1f6@nr\xc1\xc8\x07\xaf6@*\xf5/O\xca\x1c7@\x17F\x89\xdf;g7@\x82$\x83g~\x8d7@\x9c\xf17\xc5\x1f\x8f7@\x0b\x18\x9e\x1b\x1bl7@\x9e\x18\n\xe1\xd8$7@\xe6\xf4\x8f\xa7-\xba6@\xd8\x8d\xe5\xa2W-6@+\x95)\xf3\xfa\x7f5@\xa1\xad\x9e\xbf\x1c\xb44@BU\xf5/\x1d\xcc3@\x8d\xa2\x1eV\xb0\xca2@\x8a\xab\xcb\x1d\xd6\xb21@\x8a\xab\xcb\x1d\xd6\xb21@"
p13
tp14
b.