cnumpy.core.multiarray
_reconstruct
p0
(cnumpy
ndarray
p1
(I0
tp2
S'b'
p3
tp4
Rp5
(I1
(I25
I1
tp6
cnumpy
dtype
p7
(S'f8'
p8
I0
I1
tp9
Rp10
(I3
S'<'
p11
NNNI-1
I-1
I0
tp12
bI00
S'QA\x0b\xed-u\x1f@\xf2p)O\x10\xe5 @\x06+\xa0i\x8a\x08"@\xc1\xa8\xef\xc5\x9f!#@\x08\nU\xe5\t-$@:\x9f\x91\x0f\xab\'%@\\\xde\x94\x9e\x97\x0e&@\x02\xa7\xc8\xb4\x1e\xdf&@&\xab\x02D\xd2\x96\'@O\xec(M\x8e3(@\xfa\xc3\xe9B\x7f\xb3(@\xe2\xf6z|\'\x15)@B.\x1f\xa8cW)@j\x89-0ny)@\x90\xe4z\x88\xe1z)@\x95\x91F]\xb9[)@\xa0\xdc"\xa0R\x1c)@\xc8\xda\xb2rj\xbd(@\xaa\x98x\xf2\x1b@(@\x06\xb3F\xec\xdc\xa5\'@\xd8\xba,\x81y\xf0&@\xab\xc2\xdc\xc9\x0e"&@\xf7\xab\x88\x88\x04=%@\x1dN\x06\xfc\x05D$@\x1dN\x06\xfc\x05D$@'
p13
tp14
b.