cnumpy.core.multiarray
_reconstruct
p0
(cnumpy
ndarray
p1
(I0
tp2
S'b'
p3
tp4
Rp5
(I1
(I25
I1
tp6
cnumpy
dtype
p7
(S'f8'
p8
I0
I1
tp9
Rp10
(I3
S'<'
p11
NNNI-1
I-1
I0
tp12
bI00
S'\x82w\x96\x9ck\xef&@\xb6\xc3H\xcb\xff\x0f)@\x1aV\x9a\xc6\xcf#+@\n\xb3\xc7\x1d\xa9$-@N=\xd9\xf1\x91\x0c/@\x13C\xafd\xedj0@B\x9d\x1d\xc3\x97=1@\x0c\xddv\xa5\xd3\xfb1@\xe4-\xf2\x8fi\xa32@\xb9f\x98\x96e23@\xca\xdd\x920\x1d\xa73@\xa2\xae\x8e04\x004@\xbe\xce`\xd3\xa0<4@\xf5\x96\xd0\xd8\xae[4@G\xcbK\x9d\x01]4@\xd2\x1d@.\x95@4@"\xcd\xe1U\xbe\x064@\x08=<\x9e)\xb03@\xb8\x10\x7fN\xd9=3@\xea)\x87h"\xb12@\x1c\xe9\x9d\xaf\xa8\x0b2@\xd3;I\xc4YO1@\x8c\xd9\xc3cg~0@\x16\xbb\x8c\xb8\x816/@\x16\xbb\x8c\xb8\x816/@'
p13
tp14
b.