cnumpy.core.multiarray
_reconstruct
p0
(cnumpy
ndarray
p1
(I0
tp2
S'b'
p3
tp4
Rp5
(I1
(I25
I1
tp6
cnumpy
dtype
p7
(S'f8'
p8
I0
I1
tp9
Rp10
(I3
S'<'
p11
NNNI-1
I-1
I0
tp12
bI00
S'\x80\xef%\xc0\xeb\x94*@yT\x87\xc4\xed\xc5,@\xd45\xe7\xfc\xc8\xe9.@\x1eO#\x8e\r}0@vb+\x0e^x1@\x95@qM\xe8c2@\xff\xadK\xa9\xed<3@\xce\xc7\x87\xbd\xe6\x004@\xc6\xe0\xa1\xef\x8a\xad4@\xef<\xb1>\xd7@5@$i\xb4C\x14\xb95@\xf2FWP\xdb\x146@]\xa7\xec\x9c\x1aS6@\xa9\xa1#y\x18s6@\tW\xf4uut6@\xf4\xbbO\x82-W6@\xa6(A\xf7\x97\x1b6@\xa5\x80]\x93f\xc25@b;\x89h\xa3L5@\x87\x03C\xc2\xad\xbb4@\xa9\x9f\xb2\r6\x114@F=\xb2\xcf8O3@x/\xda\xb7\xf8w2@\x92T<\xe2\xf7\x8d1@\x92T<\xe2\xf7\x8d1@'
p13
tp14
b.