cnumpy.core.multiarray
_reconstruct
p0
(cnumpy
ndarray
p1
(I0
tp2
S'b'
p3
tp4
Rp5
(I1
(I25
I1
tp6
cnumpy
dtype
p7
(S'f8'
p8
I0
I1
tp9
Rp10
(I3
S'<'
p11
NNNI-1
I-1
I0
tp12
bI00
S"\x01\xe5\x02_I\xae'@\xb3\x99j\x1c\xe5\x8b)@\xfd\xe7\x01\x90N^+@\xa6\xb3_a\x16 -@H\x86\xfa\xd4\xfe\xcb.@\xef/T\xb7\x85.0@\x12~\xbd\xe8G\xe70@\x91\xb1L\xd8\x1e\x8e1@ L\xc0\xd3\x18!2@N#\xadi\x7f\x9e2@\x1a\xd1g\x85\xdc\x043@\x14\xa3\xee\xca\xfeR3@\xde*\xd3%\xfd\x873@\x82\x1c\x86\x809\xa33@'Z\xeb\x9bb\xa43@Jk\xb7\x01u\x8b3@\xca`\xc3\x0e\xbbX3@\xc4V8\x15\xcc\x0c3@\x19Q(\x99\x8a\xa82@\x02\x05\xd7\xac!-2@\xfaF\x92t\x01\x9c1@\xfa{\x7f\xdc\xda\xf60@\x82\x11*\x8d\x9a?0@W\xf0\xbe[\xc6\xf0.@W\xf0\xbe[\xc6\xf0.@"
p13
tp14
b.