cnumpy.core.multiarray
_reconstruct
p0
(cnumpy
ndarray
p1
(I0
tp2
S'b'
p3
tp4
Rp5
(I1
(I25
I1
tp6
cnumpy
dtype
p7
(S'f8'
p8
I0
I1
tp9
Rp10
(I3
S'<'
p11
NNNI-1
I-1
I0
tp12
bI00
S'\xcadj*I\x1b\x1c@\x15D\x8f\xdfT\xea\x1e@\xb5]?\xacB\xd4 @\xab\xb7m\xf2\xd5&"@\xdf\xc4\xceB\xf2h#@\x1c\xcbq\xbb\xd6\x96$@~\xab]\xca\xfe\xac%@\xb3\x99\n\xac,\xa8&@\x93%\xa3\x16s\x85\'@\xcc\xb34\xf5=B(@]\xa4\xc3\x18Z\xdc(@;:Q\xc8\xfbQ)@,\x9e?\x1c\xc4\xa1)@,\x04\x19\x15\xc5\xca)@0S\x87a\x84\xcc)@1k6\xcb\xfc\xa6)@\xcb\x8e`F\x9eZ)@\xa1\x8e\xd6\xa3L\xe8(@\x9c\xf7g\xe9\\Q(@P\x8c\x96X\x91\x97\'@X\xb9o/\x14\xbd&@b\xbf23q\xc4%@\x16\xa8\x07\x18\x8e\xb0$@\x8d\xfcn\xdc\xa1\x84#@\x8d\xfcn\xdc\xa1\x84#@'
p13
tp14
b.