cnumpy.core.multiarray
_reconstruct
p0
(cnumpy
ndarray
p1
(I0
tp2
S'b'
p3
tp4
Rp5
(I1
(I25
I1
tp6
cnumpy
dtype
p7
(S'f8'
p8
I0
I1
tp9
Rp10
(I3
S'<'
p11
NNNI-1
I-1
I0
tp12
bI00
S'\xb9\xcfd\x92s\x17!@\x994}\xf8\xd4\xe7"@rkWwS\xad$@I\xbev?\xa6b&@\x97Qz\xbe\xb4\x02(@\xb8j\xc2\xd2\xa5\x88)@\xc02\xd6A\xee\xef*@\xaafeF^4,@\xf8\xa3v\r.R-@\x14\xdd\x80\xfd\x08F.@\xb4\x80\xcb\xa5\x17\r/@\xa8:r8\x08\xa5/@W|\xe1\xba\n\x060@i\x08)\xfa\x85 0@1\x96\x01\xdb\xa6!0@(\xb0\xab\xffi\t0@\xd0\x81\x82k/\xb0/@*\xce\x0b=\x86\x1c/@\xa8\xb7\x00\xf0\x90Y.@\x8ae\xf4\x17\x95i-@\xe2\xad\x1b\x99^O,@\xd7\xdb\xbcP7\x0e+@Z\xd2\xd5E\xdd\xa9)@\x9e\x1c<\x7fw&(@\x9e\x1c<\x7fw&(@'
p13
tp14
b.