cnumpy.core.multiarray
_reconstruct
p0
(cnumpy
ndarray
p1
(I0
tp2
S'b'
p3
tp4
Rp5
(I1
(I25
I1
tp6
cnumpy
dtype
p7
(S'f8'
p8
I0
I1
tp9
Rp10
(I3
S'<'
p11
NNNI-1
I-1
I0
tp12
bI00
S'\x97\xda\xcc\x83\xf0\xfe*@d\n\xd6\xb4 \xbf,@\x83Yi+\xcft.@V\xcf\xd3!q\r0@\xbf\xbd\x1at7\xd60@tI\x17\x9fc\x921@\xf0B9M\xc4?2@>!TKT\xdc2@\xe2\xa1x\x8f@f3@\xf0\xed+\xaa\xed\xdb3@\xa70\xc0\x91\xfc;4@KY\x81\xb9N\x854@\xf88\x82h\t\xb74@"\x0b\x14F\x98\xd04@\xea\x0bN\x14\xaf\xd14@\xe7\x01}\x93J\xba4@\xecE\xd4\x8b\xb0\x8a4@\x87_C\xfdnC4@\xf0/\xddwZ\xe53@fK\xc0\xa1\x8bq3@\xb6\r\xe4\xf1[\xe92@\x06\xd9\x8b\xa9aN2@\xf5\xb5b\x18k\xa21@\xc4\x81^9y\xe70@\xc4\x81^9y\xe70@'
p13
tp14
b.