cnumpy.core.multiarray
_reconstruct
p0
(cnumpy
ndarray
p1
(I0
tp2
S'b'
p3
tp4
Rp5
(I1
(I25
I1
tp6
cnumpy
dtype
p7
(S'f8'
p8
I0
I1
tp9
Rp10
(I3
S'<'
p11
NNNI-1
I-1
I0
tp12
bI00
S'\x90%\x08<\x11\xed&@\xfe\xd6w\x83\x8ai(@\xf0\xfb\x14q\x18\xdd)@\xc4\xf08\xa4fC+@/\x8a\x0bBH\x98,@T\x9a\xfei\xc4\xd7-@\x02\xb3;\x0f"\xfe.@\x7f\x96\xd5\x89\xf9\x030@\xf3\xbb\xb9A\x0fy0@\xa4B5\xe9\xf4\xdc0@\x84\x7f\xf4\x7f\x80.1@\x04\x88[\xc4\xbel1@M\x86-\t\xf6\x961@\x1aNp_\xa8\xac1@#\xe6\x17\x0e\x95\xad1@\x93^\x19S\xb9\x991@\x19\x00\xa5kPq1@\xaeHo\xe3\xd241@\xcc\xdd\x17-\xf5\xe40@\xe8)\xdf\x87\xa5\x820@\x05i\xf08\t\x0f0@\xd2\x80\x10A\xf2\x16/@pASj\xfb\xf2-@\xce\xd8\xbb\xe1\x94\xb5,@\xce\xd8\xbb\xe1\x94\xb5,@'
p13
tp14
b.