cnumpy.core.multiarray
_reconstruct
p0
(cnumpy
ndarray
p1
(I0
tp2
S'b'
p3
tp4
Rp5
(I1
(I25
I1
tp6
cnumpy
dtype
p7
(S'f8'
p8
I0
I1
tp9
Rp10
(I3
S'<'
p11
NNNI-1
I-1
I0
tp12
bI00
S'\xd0\xa1F\x93\xb5\xbb\x1c@\xc2\xb0B\x8e\xc1\xd0 @v\xd3\xd4\x13\xf64#@\x88\x01"\x18V\x83%@\x9a\x89\xebw\x00\xb5\'@\xeaR\x8a\xb4i\xc3)@j\x90\x12zo\xa8+@L\xb7\xbe\xebj^-@\x8c\xb7\x0b\x80A\xe0.@\x05\x93\x1d\x1d\xba\x140@\x8e`\xe8\x89\x16\x9b0@mv\x047\xa5\x011@U\xa9\x9244G1@3\x19\xd9\x02\xf4j1@\x18\xbb?\xfdyl1@}Gp\x98\xc1K1@\xed\x8e\xe4o,\t1@\xb4\xc4\xba"\x81\xa50@\xc6U4\x03\xe9!0@\x8c\x92\x8d?\xd9\xff.@\xc6\xed(`\xde\x82-@\xea\xb2\xe4\xe6Q\xd1+@\x16\x13\x8e#A\xf0)@}+\x07%G\xe5\'@}+\x07%G\xe5\'@'
p13
tp14
b.