cnumpy.core.multiarray
_reconstruct
p0
(cnumpy
ndarray
p1
(I0
tp2
S'b'
p3
tp4
Rp5
(I1
(I25
I1
tp6
cnumpy
dtype
p7
(S'f8'
p8
I0
I1
tp9
Rp10
(I3
S'<'
p11
NNNI-1
I-1
I0
tp12
bI00
S"M\xaeJ\x9dl\xc0#@n\x11\xf2\xd2\xf7\xe6$@\xe4s\x96`\x9b\x06&@P\xe8D9\xfd\x1b'@]\xef\xbd\xe8\xe1#(@(\xa9\xd276\x1b)@\xd5\x18\xb9X\x18\xff)@\xa77\xfa\x7f\xe0\xcc*@8IT\xd0(\x82+@?\x18\xf0\x81\xd4\x1c,@\xc4v\x92/\x16\x9b,@\xb9\xb7\xfd6u\xfb,@eFy\x1c\xd2<-@\xa2\xc6g\xe4i^-@\xa0}\xedX\xd8_-@\xf6\xe6\xdf4\x19A-@\xde\xb5\x820\x88\x02-@\xd4B\xec\xef\xdf\xa4,@D\x97A\xd67),@\x00\xf8F\xc4\x00\x91+@Q#\xfb\xcb\x00\xde*@d\xd3\x0f\xe6M\x12*@D1\x08\xb9G0)@\x9b\xea\x8c\x84\x90:(@\x9b\xea\x8c\x84\x90:(@"
p13
tp14
b.