cnumpy.core.multiarray
_reconstruct
p0
(cnumpy
ndarray
p1
(I0
tp2
S'b'
p3
tp4
Rp5
(I1
(I25
I1
tp6
cnumpy
dtype
p7
(S'f8'
p8
I0
I1
tp9
Rp10
(I3
S'<'
p11
NNNI-1
I-1
I0
tp12
bI00
S'\xa5(\xd7E\xd0w#@F\xa7I\xac\xb1$%@\x9b\x93\xa07\x85\xc7&@\xb2\xfa\x15\x83i[(@J\xc4\xf5\xb6\xa9\xdb)@\xa4\xdb\xc2\x92\xcbC+@*r\x94\xc8\x9c\x8f,@\xa0\x1c\xd3\x81?\xbb-@\xe6\xca\xfd\xe75\xc3.@\x12?\x0e\x8fl\xa4/@ y5\xd1!.0@$\xa7\x83\\Kt0@\x88\xe1\xab\x9c\xe1\xa30@3\xc4\x04\x9dV\xbc0@r\x82xha\xbd0@\\1(\xe3\xfe\xa60@\xd6\xed\xb1\xd3qy0@\xd23\xfe\x1bB50@\x84@\xcdGv\xb6/@\x95\x9b\xde\xf4\xd2\xd8.@\xe6\xb8Ii/\xd4-@\x1b\xf9\xe9&\x95\xab,@\xe2\x88\xfe\xf7xb+@6\x80\xc3\x9f\xb0\xfc)@6\x80\xc3\x9f\xb0\xfc)@'
p13
tp14
b.