cnumpy.core.multiarray
_reconstruct
p0
(cnumpy
ndarray
p1
(I0
tp2
S'b'
p3
tp4
Rp5
(I1
(I25
I1
tp6
cnumpy
dtype
p7
(S'f8'
p8
I0
I1
tp9
Rp10
(I3
S'<'
p11
NNNI-1
I-1
I0
tp12
bI00
S"u\xbf\xb1)D\xc4!@X\xb5\xb4\xc3*E$@\xb9-\xe0\x1a\x0b\xb7&@\xe1\xb6\xbc$\x9a\x12)@\x19\x8a\x13j\xcfP+@\xdf\xb3\xde\x01\xfaj-@h\xd9\t\x87\xd4Z/@7e\xbc\xe6K\x8d0@\xff\xe7B\x0f\x86R1@\x8eq\xc6d\xcc\xfa1@\xeb\xc8\n\xed(\x842@~;Z\xe5\x01\xed2@/%\xdf\x88\x1e43@\xfe\xe5\xa7\xb5\xaaX3@\xd8\x01ve9Z3@\xeb\xb1\xf8\xf2\xc583@M\xb8\xa8'\xb4\xf42@g\x1e\x1c\x12\xcf\x8e2@\xdb\xd9I\xa8F\x082@\x92M\xcc<\xacb1@\x81\x88\xb3\xd1\xed\x9f0@`\x15\xb5\xad\xa0\x84/@\xefD\xd7\xc9\xd1\x98-@n\x07\x8b\x12*\x82+@n\x07\x8b\x12*\x82+@"
p13
tp14
b.