cnumpy.core.multiarray
_reconstruct
p0
(cnumpy
ndarray
p1
(I0
tp2
S'b'
p3
tp4
Rp5
(I1
(I25
I1
tp6
cnumpy
dtype
p7
(S'f8'
p8
I0
I1
tp9
Rp10
(I3
S'<'
p11
NNNI-1
I-1
I0
tp12
bI00
S"\x12\xf7\xb0\xee\xd5\xbf!@\xf2\xa2\xceB\xf3\x92#@\x90\x94*G\x1d[%@d\xc5G5\x03\x13'@\xbc\x06z\xcc\x84\xb5(@\x83\xe6t\x9c\xc1=*@\xaa\xd2}\x91'\xa7+@\x8b\xe5\xdb\x96\x80\xed,@X\x18\xd9&\xff\x0c.@\xef?\xdb\xa2I\x02/@2\xaa\xbdQ\x84\xca/@f\xcbM\xf3\xac10@\x9c\x0cN;\x81e0@\x87\x12~d$\x800@B\xd4\xbe\xf8F\x810@T\x01>\x95\xe5h0@\x9b\xce\x8f\xf4H70@\x96ft+\n\xda/@|\x91q\x05\xef\x15/@\xf2\x92<w\x89$.@\x819\x0e\x9c\xa9\x08-@\x9a\xa8\x0fF\x9e\xc5+@\x08J7 +_*@pb\x95s}\xd9(@pb\x95s}\xd9(@"
p13
tp14
b.