cnumpy.core.multiarray
_reconstruct
p0
(cnumpy
ndarray
p1
(I0
tp2
S'b'
p3
tp4
Rp5
(I1
(I25
I1
tp6
cnumpy
dtype
p7
(S'f8'
p8
I0
I1
tp9
Rp10
(I3
S'<'
p11
NNNI-1
I-1
I0
tp12
bI00
S"\xc0\xe6\x99\xc16\x80'@\xac\x02\xdf}\xdd0*@\xc6\x95)f_\xd1,@\x807BU\xe6Y/@\x16)\x81\xd7q\xe10@.\x13\xb7u\x93\x022@\xf4\xde\x94\x84\xf9\x0c3@\xdc(\xa7S\x89\xfd3@\xfc\xd7TEu\xd14@\xfe\x0c\x94+E\x865@\xfed\xc2\xa5\xdd\x196@\xfe\xee\xa6i\x86\x8a6@.\x06\xded\xef\xd66@\xcb\x05a\xa74\xfe6@55{\x0b\xe1\xff6@.\x8e?\x93\xef\xdb6@\x80\xe5lw\xcb\x926@\xeb\t\x94\xe7N%6@\xe2\xfd9\x7f\xc0\x945@\x9a\xe2\x8bw\xcf\xe24@\x1b\xfd\xfe\xa0\x8e\x114@P2\xda3n#3@\xd7\x93\x1c\x8a4\x1b2@\xa2\xc9s\xd8\xf5\xfb0@\xa2\xc9s\xd8\xf5\xfb0@"
p13
tp14
b.