cnumpy.core.multiarray
_reconstruct
p0
(cnumpy
ndarray
p1
(I0
tp2
S'b'
p3
tp4
Rp5
(I1
(I25
I1
tp6
cnumpy
dtype
p7
(S'f8'
p8
I0
I1
tp9
Rp10
(I3
S'<'
p11
NNNI-1
I-1
I0
tp12
bI00
S"\xf5\x98\xac\xa3~\x1b'@\xb7\x9a\xcc\xff\xca,)@\x1em\xb5\xdc\xae1+@\xee\x93^M$$-@v\xb31`\\\xfe.@\xea\xd2[9h]0@o\xad\xc8V)*1@\xfa\xfd\xc7\xbb\x0e\xe31@\x0e\xfa\xea\xd8\xf0\x852@\xac\x0fE\xc9\xe9\x103@\x8cY\xe2\xfbZ\x823@\xe6\x11w\x08\xf2\xd83@@\xe1\xde\xa0\xac\x134@X\x9f\xa8\x93\xdb14@\xee\xeb\xb3\xd6$34@\x16\x9e\xc9\x93\x84\x174@\xde\xcb\r4M\xdf3@\xe4E)j&\x8b3@\xa6\xe1\x07>\x0b\x1c3@8\xe1\xff\x1fG\x932@\xf5V\x1c\x0cr\xf21@/\xec\x0f\xc9k;1@\xa6\x9b\xfePVp0@\x95\x98\x97\xe9\x1e'/@\x95\x98\x97\xe9\x1e'/@"
p13
tp14
b.