cnumpy.core.multiarray
_reconstruct
p0
(cnumpy
ndarray
p1
(I0
tp2
S'b'
p3
tp4
Rp5
(I1
(I25
I1
tp6
cnumpy
dtype
p7
(S'f8'
p8
I0
I1
tp9
Rp10
(I3
S'<'
p11
NNNI-1
I-1
I0
tp12
bI00
S"\xbd(\x08\xb3\x93p'@G\xcb\xcd\xd4\x8d\\)@\x8a\x90~q\xff<+@\x01\x0c\xfbTO\x0c-@\xa1\xab\x1df\x17\xc5.@\xe0E\xd2`\x1a10@\xbfYN\x86k\xef0@\x9e\xe9LhG\x9b1@r\x07r[\xad22@\xf6\xcb\x91\xbd\xd9\xb32@l\xe9\xf28K\x1d3@\x11\x07\xcbA\xc7m3@|\xe2\x8f\xc0]\xa43@$#.\xdek\xc03@`Y\xcd\xe9\x9d\xc13@\xa3\x14xR\xf0\xa73@\xfeQ\xbf\xb1\xafs3@\x8a\x869\xe7w%3@\x1c\xeb\x86G2\xbe2@\x9e\x1eF\xe4\x12?2@\xa0z\x15\xf5\x94\xa91@:\x8aVlv\xff0@\x9d5\xe2\xc4\xb2B0@>\t\\0\xfa\xea.@>\t\\0\xfa\xea.@"
p13
tp14
b.