cnumpy.core.multiarray
_reconstruct
p0
(cnumpy
ndarray
p1
(I0
tp2
S'b'
p3
tp4
Rp5
(I1
(I25
I1
tp6
cnumpy
dtype
p7
(S'f8'
p8
I0
I1
tp9
Rp10
(I3
S'<'
p11
NNNI-1
I-1
I0
tp12
bI00
S"\xef\xab6g;t+@m\xad\x0b\x8e'\n-@\xd09\x1d\xa1\x8f\x96.@>\xccz\x8ej\n0@\xb9\xa4V\xd4A\xc00@\xc7\x8c\xd5/\xafj1@\xc0\xba\xfb:\xb6\x072@\xac`\xb6\x88\x82\x952@\xfa96\x1am\x123@\x10\x0f\xc4L\x01}3@\x11\n[1\x01\xd43@\xdd\xdb\x14Ai\x164@]xZcsC4@\xce\xf0\xd3<\x99Z4@\xa4\x9b4\xc0\x95[4@j\xed7\xfceF4@ \x88h$I\x1b4@\xf2Q\x97\xd4\xbf\xda3@}\xfd4\x91\x8a\x853@\x8dy\x06\x89\xa7\x1c3@\xcbs\xe5\x9eO\xa12@\x11\xd9b\xc4\xf2\x142@\x98\xa1+\xb03y1@\x1a)\xfa\xfc\xe2\xcf0@\x1a)\xfa\xfc\xe2\xcf0@"
p13
tp14
b.