cnumpy.core.multiarray
_reconstruct
p0
(cnumpy
ndarray
p1
(I0
tp2
S'b'
p3
tp4
Rp5
(I1
(I25
I1
tp6
cnumpy
dtype
p7
(S'f8'
p8
I0
I1
tp9
Rp10
(I3
S'<'
p11
NNNI-1
I-1
I0
tp12
bI00
S'\xbc=\x14\x8e<E @\xd9\xb5\x91\xb0\x13\xef"@b\xc1\x03\xdf\xee\x88%@5P\x92\xcb\x0b\x0b(@\xe2,W\xfc\xeem*@\\\x1cd\x1dz\xaa,@;~\xea<\x01\xba.@\xd1\xf6\x15Y/K0@\x17\xa1\xea\xb9\x02\x1d1@$%\x88\xd3\x08\xd01@-`\xf3\x9a+b2@n?\xb9 \xb7\xd12@\xc4$]\xa5^\x1d3@\x8cJ\xf6y@D3@|\x19k\xa1\xe8E3@\x14"r*R"3@1\x91P>\xe7\xd92@C$*\xe4\x7fm2@\xcaQ\x93|_\xde1@\xb4\x08\xe8\xfc0.1@\x8f\xb0\xa4\xf5\x01_0@j\xa71\xe5x\xe6.@\xec\xaap\x8e?\xdb,@+ \x0e\xb9p\xa2*@+ \x0e\xb9p\xa2*@'
p13
tp14
b.