cnumpy.core.multiarray
_reconstruct
p0
(cnumpy
ndarray
p1
(I0
tp2
S'b'
p3
tp4
Rp5
(I1
(I25
I1
tp6
cnumpy
dtype
p7
(S'f8'
p8
I0
I1
tp9
Rp10
(I3
S'<'
p11
NNNI-1
I-1
I0
tp12
bI00
S'\xd3\xb1Ad \xc5*@n\xf0>\xfc t-@\x17\xde\xd5R\x83\t0@\xe9\xf4\x89\x04\x00M1@N!\x1d\x96\xc1\x802@\xcam\xb0\xf71\xa13@\x9c2L\xb9\xf4\xaa4@q\x97\xa1\x11\xf1\x9a5@\x95\x16\xfd\x1a[n6@@,\xdb*\xbc"7@\xbc\x94<+\xfa\xb57@[\xf0\xcd\xdf]&8@\xf2}.\x04\x98r8@BB\x114\xc5\x998@)$\x91\x91p\x9b8@\t{\xd0!\x95w8@\x93\x16\xd4\xdb\x9d.8@ omid\xc17@3\xda\xeb\x9d.17@~\xb3%\xaa\xaa\x7f6@t\xed,\x19\xea\xae5@ 6\xa3\xa4[\xc14@r\xfa\x15\xf3\xc3\xb93@\xf3\xc6\x07V5\x9b2@\xf3\xc6\x07V5\x9b2@'
p13
tp14
b.