cnumpy.core.multiarray
_reconstruct
p0
(cnumpy
ndarray
p1
(I0
tp2
S'b'
p3
tp4
Rp5
(I1
(I25
I1
tp6
cnumpy
dtype
p7
(S'f8'
p8
I0
I1
tp9
Rp10
(I3
S'<'
p11
NNNI-1
I-1
I0
tp12
bI00
S'\x8f\xd1m\xfb>>,@+\xdd\xfcL\x18\x03/@=y\x14\xca\xa9\xdb0@}\xf4\x84\xeao)2@\xec\xf8\xf1\xda\xfaf3@\xb2O\xc2Y\x97\x904@\xd3\xd9_\x9a\xcd\xa25@\x8cm\x98\x9dk\x9a6@\xe0\xd4\xc4\xb9\x8et7@2\xc0F6\xac.8@\xeby\xb0\xe0\x98\xc68@\xf2\xba\xf7\x84\x8f:9@ \x0cg56\x899@\x82\xbf\x8cR\xa2\xb19@\xbb)!G[\xb39@\xd8?\xbc\xef[\x8e9@\xa8\x8e)\xaa\x12C9@\x12\xd2,\x0c`\xd28@\xc2L\x8dE\x94=8@\xbeh65k\x867@\xb4G\x1d=\x07\xaf6@\xe3+Y\xe4\xea\xb95@\x94\xddlZ\xf1\xa94@\x06\xc4\x16\xf2E\x823@\x06\xc4\x16\xf2E\x823@'
p13
tp14
b.