cnumpy.core.multiarray
_reconstruct
p0
(cnumpy
ndarray
p1
(I0
tp2
S'b'
p3
tp4
Rp5
(I1
(I25
I1
tp6
cnumpy
dtype
p7
(S'f8'
p8
I0
I1
tp9
Rp10
(I3
S'<'
p11
NNNI-1
I-1
I0
tp12
bI00
S" \x1e\xce\x88\x0b\xc1$@\xd1\xf8\xf4\x95\xb7U'@\x8b!\xce\xb8\xe6\xda)@\x92s\x1dN\x14I,@|\xd6\xacS\x00\x99.@@lv\x84\xe2a0@\x96\x9b+\xc1ua1@v%\x19y?H2@\xaaG\x976\x8f\x133@j\xb1\xeez\x06\xc13@\x1e\x0b\x92\xcf\x9fN4@\xe6\x94\xc0\xcd\xb4\xba4@ \x11\x95\n\x03\x045@t\x1f\xd2\xd8\xaf)5@}\xe86\xd5J+5@X%\xc25\xcf\x085@\xdee\xfb\xd7\xa3\xc24@\x9e\xf7\x17\x0e\x9aY4@\xe8\xcd\x8e.\xeb\xce3@\x0e\x1fb\xed4$3@\xc2\t\x03\x8at[2@\x1a\xb70\xe0\x00w1@\x9f\xa8\x86m\x83y0@\xba\x9d\x16\xc1\xe0\xcb.@\xba\x9d\x16\xc1\xe0\xcb.@"
p13
tp14
b.