cnumpy.core.multiarray
_reconstruct
p0
(cnumpy
ndarray
p1
(I0
tp2
S'b'
p3
tp4
Rp5
(I1
(I25
I1
tp6
cnumpy
dtype
p7
(S'f8'
p8
I0
I1
tp9
Rp10
(I3
S'<'
p11
NNNI-1
I-1
I0
tp12
bI00
S'\xdd\x8cH\xae\x9c\x05+@S\x17x\x93OG,@\xe9{=\xd9w\x81-@\x19\x1bVWl\xb0.@2\x88RP\xa5\xd0/@\x9bt\xc2|co0@\x84\xb3\xea\xbf\xd5\xeb0@\x19\xca\xcc56\\1@x\xf7\xb5\xa35\xbf1@\xdb7\x1a\xb8\xac\x132@T\xf0\x89{\x9fX2@\x19\x05U@@\x8d2@r(\x19\x08\xf2\xb02@\x80\x18\x15XJ\xc32@\\\xbe\xcbv\x12\xc42@\xd8\xa4C\x0fH\xb32@\x82\xcb\xfb7\x1d\x912@x\x15\x81\xdd\xf7]2@\xd2\x0cb\x92p\x1a2@]\xfa\x0b\xc8P\xc71@|\x07\xdfu\x90e1@\x16\x03z5S\xf60@\xf1b\xdc\xdc\xe4z0@\x1d\xc8\x02Ak\xe9/@\x1d\xc8\x02Ak\xe9/@'
p13
tp14
b.