cnumpy.core.multiarray
_reconstruct
p0
(cnumpy
ndarray
p1
(I0
tp2
S'b'
p3
tp4
Rp5
(I1
(I25
I1
tp6
cnumpy
dtype
p7
(S'f8'
p8
I0
I1
tp9
Rp10
(I3
S'<'
p11
NNNI-1
I-1
I0
tp12
bI00
S"\xc4\x8c/>E\t&@\xd2\xcc\x0b\xb7\xa4\\'@f#\xfc~\x0f\xa8(@\xe5.\xf7\xf0\xa8\xe7)@\xc7A\xc7\xa8\xb7\x17+@.\r\x16\x9f\xb04,@[w*\xbbA;-@p*\xd1\xba[(.@j\x08\xe3R;\xf9.@\x12x/mq\xab/@\xc3>\x9a5u\x1e0@\x03\xf4\xfd+\xfaU0@\xadhQ\xfb\xa1{0@o\xdf:O\xfc\x8e0@\x85\xe3\x8el\xcf\x8f0@<\xc5\x87\xdd\x18~0@\x93C\x1cy\rZ0@\xc8~_\xc5\x18$0@\xa0\xd2\x80m\xb7\xb9/@\x9d\x17\xcb\x9fU\n/@\xa4\xd2zO\x17<.@w2M\xbacQ-@\xe2\xd5\x8e\x02\xf7L,@\x99\x0c\x8d\x06\xda1+@\x99\x0c\x8d\x06\xda1+@"
p13
tp14
b.