cnumpy.core.multiarray
_reconstruct
p0
(cnumpy
ndarray
p1
(I0
tp2
S'b'
p3
tp4
Rp5
(I1
(I25
I1
tp6
cnumpy
dtype
p7
(S'f8'
p8
I0
I1
tp9
Rp10
(I3
S'<'
p11
NNNI-1
I-1
I0
tp12
bI00
S"\x1a\xbc\x19i\xd1\x86$@5~\xa9C\xe9\r&@\xf6\x02R\t\xd6\x8b'@F(\xcei$\xfc(@\xf2a\r\xb5\x89Z*@z\xb4\xad\xa8\xf0\xa2+@\xcc\x07\x14\x9e\x85\xd1,@\xa6H\xcd\xf4\xc1\xe2-@\xaf\xa5*\x97v\xd3.@\xa4\xa0\xb8y\xd5\xa0/@Z\xd8\x9d\xfc<$0@N^\x1e\xff7d0@\xfd\xd8l\xe8\x9c\x8f0@X\x02\xbcE\xea\xa50@?!\x8a\x8f\xdd\xa60@Vn\x17\xf0s\x920@K\x0c\xdbK\xeah0@0Y\xdd\x8b\xbc*0@\xa6\xee*XH\xb1/@?h1$,\xe7.@%\xc5\x1ce\x7f\xf9-@\x8f\xe3\xd6\x1b\x07\xeb,@\xa0\xac\xe0\x1d\xea\xbe+@}\xd1w\xae\xa7x*@}\xd1w\xae\xa7x*@"
p13
tp14
b.