cnumpy.core.multiarray
_reconstruct
p0
(cnumpy
ndarray
p1
(I0
tp2
S'b'
p3
tp4
Rp5
(I1
(I25
I1
tp6
cnumpy
dtype
p7
(S'f8'
p8
I0
I1
tp9
Rp10
(I3
S'<'
p11
NNNI-1
I-1
I0
tp12
bI00
S'e\xfaT\xc4\xd7\x9d @\xb2;\x8b\xc7]="@\x86\xfe\x8a\x18&\xd3#@\xea\xc0\xbf;vZ%@XDt\xdf\xbe\xce&@\xca;\x08v\xa9+(@\xc0\x92\xcf&%m)@\xbe\xba\x00\xefr\x8f*@h\xbb\x83\xce0\x8f+@\x81\xfdK\xdfci,@\x87w"9\x81\x1b-@t][\x87u\xa3-@\xaa\x0b\xd79\xab\xff-@\xc6\xfa\xd5>\x0f/.@\xe6\xb7\x867\x141.@B\x19\xbe\x1d\xb4\x05.@\xd6\xa8\xefUp\xad-@\xa0\xa90-P)-@\xd4&\xc5\xc7\xddz,@3\x1c^\x89!\xa4+@\xf4\x18\xbc\x04\x9c\xa7*@\x812\xcd\x84>\x88)@X\x99\x8aEbI(@\x843\xc5v\xbe\xee&@\x843\xc5v\xbe\xee&@'
p13
tp14
b.