cnumpy.core.multiarray
_reconstruct
p0
(cnumpy
ndarray
p1
(I0
tp2
S'b'
p3
tp4
Rp5
(I1
(I25
I1
tp6
cnumpy
dtype
p7
(S'f8'
p8
I0
I1
tp9
Rp10
(I3
S'<'
p11
NNNI-1
I-1
I0
tp12
bI00
S'0I\xd6N~\xe2\x1c@\xf3\xd1sJ\x19\x86 @ \xa7d\x9au\x8e"@\xad\xc5\xe3\xcfC\x84$@\x10\xd2\x8a\xfd\xaaa&@(<\\\x01\x1b!(@\xf4\x8f\x11\x1d]\xbd)@\xfe\xc1\xc1\x83\xa31+@\x92\xe0y\xae\x97y,@\x9co\x08Mg\x91-@(\x18a\xac\xcfu.@\x8a\xdf\x96p\'$/@$\x17i\x85f\x9a/@\x90\xc0\xb3-,\xd7/@\x02T\xaf\x1f\xc3\xd9/@\xb6\xf6\xbc\xa1#\xa2/@\xc4\xe2q\xa1\xf30/@\x08B\x9d\xc4\x84\x87.@\xd8\n\rz\xd0\xa7-@\xd8\x85\xce\x15r\x94,@\x8c9|\n\x9fP+@\x9a\xa4\xcbV\x1d\xe0)@\x0c\xa9\xe8C8G(@\x8e\xd62\x96\xb3\x8a&@\x8e\xd62\x96\xb3\x8a&@'
p13
tp14
b.