cnumpy.core.multiarray
_reconstruct
p0
(cnumpy
ndarray
p1
(I0
tp2
S'b'
p3
tp4
Rp5
(I1
(I25
I1
tp6
cnumpy
dtype
p7
(S'f8'
p8
I0
I1
tp9
Rp10
(I3
S'<'
p11
NNNI-1
I-1
I0
tp12
bI00
S'<\x99Q\xbc\x01\xda\'@\xae\x80S\xe9\xb2\xb5)@\x063\x8fL=\x86+@\x1a\xea\xb1"7F-@4\x1fS\x12h\xf0.@\x9a\xa42_\xec?0@d}e\xcb\xf0\xf70@\x15eo]\x1c\x9e1@zFAb\x7f02@\xda\x10\xc6*e\xad2@\xa2\xc4\x8c"Y\x133@D38\'+a3@\x91\xf0\xc0\x13\xf3\x953@\xd2\x08\xf7t\x13\xb13@\xa2\xad1_;\xb23@\xac\xbc\xb3_g\x993@\x11\x08\xf5\x86\xe1f3@B\xb1\xb1\x8b@\x1b3@J\xabR\tf\xb72@\x04\x90\xec\xde{<2@\xf6h\xac\xb6\xf0\xab1@R\x1d\r\xc0s\x071@\xb9c\x94\xa9\xefP0@\xe3|(\xd2\t\x15/@\xe3|(\xd2\t\x15/@'
p13
tp14
b.