cnumpy.core.multiarray
_reconstruct
p0
(cnumpy
ndarray
p1
(I0
tp2
S'b'
p3
tp4
Rp5
(I1
(I25
I1
tp6
cnumpy
dtype
p7
(S'f8'
p8
I0
I1
tp9
Rp10
(I3
S'<'
p11
NNNI-1
I-1
I0
tp12
bI00
S"\x89\xc7\x8a\xcfjy*@t\xdbe\x8b\xefh,@\xaerY\x81\xd6L.@0P\x1a\x16\xbe\x0f0@\xb0\xa2\xf6?\xb8\xed0@\xce\xbd\x1b\x91\xc3\xbd1@jy\x96ls}2@\xfe\x8e\xfd\x00\x8c*3@=e9\xf2\x08\xc33@\xa0\x14\xdc]#E4@\xc2\xab\x16(W\xaf4@\x94\xc8{\x81g\x005@v\xd4\x11\x98b75@\xae\xa9\xb1h\xa4S5@2\xbaI\xa8\xd8T5@`5R\xbf\xfb:5@\x1b\x11\x84\xd4Z\x065@\xab\xff\xb2\xe6\x92\xb74@\xb0\xdfx\xf8\x8eO4@\xa8\xb7'S\x85\xcf3@\xed\x8a-\xe9\xf383@\x034\xb3\xe2\x9b\x8d2@2!\xbda|\xcf1@\x8e\xe6j\x8d\xcc\x001@\x8e\xe6j\x8d\xcc\x001@"
p13
tp14
b.