cnumpy.core.multiarray
_reconstruct
p0
(cnumpy
ndarray
p1
(I0
tp2
S'b'
p3
tp4
Rp5
(I1
(I25
I1
tp6
cnumpy
dtype
p7
(S'f8'
p8
I0
I1
tp9
Rp10
(I3
S'<'
p11
NNNI-1
I-1
I0
tp12
bI00
S'0\xd6\xa1h\x05f(@\xfd\xb9U\x82\xe3{)@B\xa6b\x08>\x8b*@\x9b\'e\x82\xeb\x90+@\xa4G6U\xdf\x89,@\xacX\x88\xdb2s-@\xc6\x9bF\r.J.@\xa1\x1c\xe7\x9bO\x0c/@\xbe\xed|kT\xb7/@\xc0\xf5\x1f)\x9f$0@)T4\x05-`0@\x97VR"\xa2\x8d0@q\xd4\x00\xe6v\xac0@\x91\xddzWO\xbc0@\xfe\xb8\x0b2\xfc\xbc0@1M\x10r{\xae0@;P\xf9Z\xf8\x900@WS<\xf6\xcad0@\xc8\xa7\xb4\x0cw*0@\x08\x12\x07;U\xc5/@\x1d\x8a\x08\xaew\x1c/@\x7f}\xc1/M\\.@\x90zp\xff\x12\x87-@R\xbd30E\x9f,@R\xbd30E\x9f,@'
p13
tp14
b.