cnumpy.core.multiarray
_reconstruct
p0
(cnumpy
ndarray
p1
(I0
tp2
S'b'
p3
tp4
Rp5
(I1
(I25
I1
tp6
cnumpy
dtype
p7
(S'f8'
p8
I0
I1
tp9
Rp10
(I3
S'<'
p11
NNNI-1
I-1
I0
tp12
bI00
S'\x12B1\t\xe2P#@\x9f\xd0\xfe\x9c\x9d\x01%@`SO74\xa8&@\xc2\xbez:\xb9?(@J\xf3[\xfcl\xc3)@([\xbe\xf0\xca.+@\x98\xbcq#\x97},@\x0cc\xd0\xd9\xea\xab-@\x8a\xc0\t6@\xb6.@$\x0ez\xb9|\x99/@\xf5\xb3ZC})0@\xb1-\xd4#Hp0@\x15\xde\x1e\xd0K\xa00@\x08\xdd&\r\xf9\xb80@\xe4\xdd\x13>\x06\xba0@\xd3\xea\xe0?p\xa30@\xf3\xdd\xb7rzu0@g\xae\xf4\xf0\xad00@\xeaAP\xec\xaf\xab/@\xc9\xd1\xbb\xf5\x0e\xcc.@\x88\x16\x91\x18\x14\xc5-@m\xa8|\xd2\xcf\x99,@d$?\xe0\xbeM+@\x062\x91\xd6\xbf\xe4)@\x062\x91\xd6\xbf\xe4)@'
p13
tp14
b.