cnumpy.core.multiarray
_reconstruct
p0
(cnumpy
ndarray
p1
(I0
tp2
S'b'
p3
tp4
Rp5
(I1
(I25
I1
tp6
cnumpy
dtype
p7
(S'f8'
p8
I0
I1
tp9
Rp10
(I3
S'<'
p11
NNNI-1
I-1
I0
tp12
bI00
S'y\x17j\xd1\xfe\xcd @\xf3\xd4\x98"\xe3\xf9"@\xa0@\xb9[\xbf\x18%@\xdd\t\'\x17@$\'@\xa6\xa6\xe1\xadK\x16)@\xbf\x1a\x16j\x14\xe9*@j\x1a\x1e\xd7)\x97,@H\x85O\xfb\x88\x1b.@y\x105K\xabq/@t\x9a\xcb\x14\xcaJ0@<\xdf\x07f\xee\xc10@c\xe1V0\xdf\x1c1@\xde\x822+\x8dZ1@Z\xae\xc9W@z1@\xe9\xf0\xdf%\x9a{1@\xe8\xa5\xe4\x8d\x96^1@r5\xf8\x1c\x8c#1@\x90\x89\xbb\xf2*\xcb0@\xb0\xed\xeb\xb3zV0@\xc1B\xd5\xef\xae\x8d/@\x01s\xb4t\xdb;.@\x80\xcd\xd6\xb9j\xbb,@\xdd6|\x90\xd7\x10+@\xdc\xfe\xb5z\x1aA)@\xdc\xfe\xb5z\x1aA)@'
p13
tp14
b.