cnumpy.core.multiarray
_reconstruct
p0
(cnumpy
ndarray
p1
(I0
tp2
S'b'
p3
tp4
Rp5
(I1
(I25
I1
tp6
cnumpy
dtype
p7
(S'f8'
p8
I0
I1
tp9
Rp10
(I3
S'<'
p11
NNNI-1
I-1
I0
tp12
bI00
S'}l\x06pkx\x1b@\x9d\x0f\xc8\x84\x97S @\xc73\xd4#l\xdb"@=\xf5\xec\x0c\'L%@\xecO\xee\xa0\x80\x9e\'@\xc3T!\xe1\x8b\xcb)@\xf0\xca9\x18\xcb\xcc+@:\x87Y7C\x9c-@\xaaKV\xad\x8d4/@\xd4\xd0\x84AtH0@b\xc2MF\xa2\xd60@\x9f\xba\xb8\xc2(C1@,KQ\xf9\xc3\x8c1@z%:W\x98\xb21@\xd6\xc3.\x035\xb41@\xe0|&.\x95\x911@*\xca\xac! K1@;\xf7\xc3\x0b\xa8\xe10@\x95Z\xe9\x8bgV0@d\xe1\x12\x11\xfcU/@\xf07\xa7\xaf\xd5\xc2-@\x9a/\xbc\x94\x0e\xf8+@\xac\xc9\xc0R\xff\xfa)@dM\xd6z\x96\xd1\'@dM\xd6z\x96\xd1\'@'
p13
tp14
b.