cnumpy.core.multiarray
_reconstruct
p0
(cnumpy
ndarray
p1
(I0
tp2
S'b'
p3
tp4
Rp5
(I1
(I25
I1
tp6
cnumpy
dtype
p7
(S'f8'
p8
I0
I1
tp9
Rp10
(I3
S'<'
p11
NNNI-1
I-1
I0
tp12
bI00
S'\xa4!\xa8zPS%@\xc7 u}\x04\xc7&@\xd2l\x0b\xc9\x012(@+\x93\x92\x89\r\x90)@~\xf6\xc4\x87\x13\xdd*@\x1eQ\xebS2\x15,@\x12w]\xd9\xc64-@\xdc\xf7\xff7w8.@\xf4#a\xc3<\x1d/@\xe8i\xa3\tm\xe0/@\x13\xb2\xa3\xe3\xe0?0@\x06U\x0e\xd8\xaf|0@\xf8\xf9\x8d\xfc\xed\xa50@1\x80RI \xbb0@\xe8\xe7A\x83\x07\xbc0@\xeb\xc8\x97\xf8\xa0\xa80@\x93\xf4\xee\x88&\x810@\xf7H\x9d\xf8\rF0@nl\xc9"\x0f\xf0/@\x9c\xe2")\xf8//@\xcd(L\t\x14N.@~\xd2Y\x9d\x04M-@\x9c\xe8G\xba\xc8/,@l\xf7s@\xb3\xf9*@l\xf7s@\xb3\xf9*@'
p13
tp14
b.