cnumpy.core.multiarray
_reconstruct
p0
(cnumpy
ndarray
p1
(I0
tp2
S'b'
p3
tp4
Rp5
(I1
(I25
I1
tp6
cnumpy
dtype
p7
(S'f8'
p8
I0
I1
tp9
Rp10
(I3
S'<'
p11
NNNI-1
I-1
I0
tp12
bI00
S'(j\xc1)5\x7f\x1f@@@\x94T\x9c?"@\xf4r\xdc.\x9d\xb0$@\xd6\xa2\xf0\xb3T\x0b\'@\x16\x03\x83\xef\xbcH)@\x07\xf22\\\'b+@\xa4\'-\xd2PQ-@\xbe6\x845t\x10/@\x85\x9fC\xd6-M0@d+_\x158\xf50@\xa0\x83\x17\x91c~1@\x85-\x08\x19\x17\xe71@6}\nX\x1a.2@\xfaa\xecw\x99R2@\x81\x8f]\x99\'T2@6\xed\xb5\x18\xc022@\x11w\xcc\x9b\xc6\xee1@\x02G\xb5\xe8\x05\x891@\xa2\x85\xdd\x88\xad\x021@\x98\xb2\x91?N]0@\xcc\xc0\xf6\xbc\xaa5/@\xe8a\t\x0c\x0e{-@\x06\x06\x8f\xc5\xee\x8f+@\xaexe\xf8\x05z)@\xaexe\xf8\x05z)@'
p13
tp14
b.