cnumpy.core.multiarray
_reconstruct
p0
(cnumpy
ndarray
p1
(I0
tp2
S'b'
p3
tp4
Rp5
(I1
(I25
I1
tp6
cnumpy
dtype
p7
(S'f8'
p8
I0
I1
tp9
Rp10
(I3
S'<'
p11
NNNI-1
I-1
I0
tp12
bI00
S'\xb4\x18N\xb5\x11\x14\x1c@#\xf1\xe9\x16\x94\xd9\x1e@\xdcX\xc4;:\xc7 @\xe4n`\xf7O\x15"@\xe0\x92\xf2\xa3&S#@\x12\x1d\xf5\x1d\n}$@\xff\xbf\x13\xc5\x81\x8f%@J\x0b\x04\xd7Z\x87&@1f\xf2\xf9\xb1a\'@R\x8c\r\xda\xfb\x1b(@\n:}\xc0\x0c\xb4(@&\x03 \r\x1f()@\x9a%\xbf\x7f\xd8v)@h\xa1\xf3@N\x9f)@\x8d_\xb3\x9e\x07\xa1)@\x8e\x9a\\t\xff{)@\xbc}\r:\xa40)@\xa26\x1a\xbb\xd6\xbf(@^\x83xw\xe7*(@\x00#\xf1\xb7\x92s\'@V\x98\xc9`\xfb\x9b&@\x10\xd6W\x92\xa4\xa6%@\xd3\x7f\x82*j\x96$@\xd4\xca\x88=xn#@\xd4\xca\x88=xn#@'
p13
tp14
b.