cnumpy.core.multiarray
_reconstruct
p0
(cnumpy
ndarray
p1
(I0
tp2
S'b'
p3
tp4
Rp5
(I1
(I25
I1
tp6
cnumpy
dtype
p7
(S'f8'
p8
I0
I1
tp9
Rp10
(I3
S'<'
p11
NNNI-1
I-1
I0
tp12
bI00
S'\x8c?j\xd1\xaeM\x18@8\x93w\xde\xdc6\x1c@^\xd6^@I\x04 @\xc4\xa4\xce\x90\xb5\xdb!@\x8cf?\x155\x9c#@X\x9d\x80\xe5\x8d@%@\xbeq\x93\x13\xda\xc3&@\x02&>H\x96!(@\x042\x869\xafU)@\x14\xe8\xe7\xd2\x8d\\*@!\xa2\x07\xeb!3+@\x8f\xc5\xe9f\xeb\xd6+@Z\x88o\xaf\x01F,@\xd9N\xd8b\x19\x7f,@>\xc6K1\x88\x81,@\xa7\xd6\xe7\xd8FM,@D\xdbf;\xf1\xe2+@\x9e\x8b\x1d\x8d\xc4C+@g\xbe\xbb\xa2\x9bq*@\x90\xc1\xd6h\xe9n)@(\xb2\xbe\x95\xb1>(@\x9a\xb0i\xab\x7f\xe4&@\xe4=Hd\\d%@Rx\x8e\xaa\xc1\xc2#@Rx\x8e\xaa\xc1\xc2#@'
p13
tp14
b.