cnumpy.core.multiarray
_reconstruct
p0
(cnumpy
ndarray
p1
(I0
tp2
S'b'
p3
tp4
Rp5
(I1
(I25
I1
tp6
cnumpy
dtype
p7
(S'f8'
p8
I0
I1
tp9
Rp10
(I3
S'<'
p11
NNNI-1
I-1
I0
tp12
bI00
S'8\xbeA$s\x9d"@\x90\xa6%\n\xf3\x0e$@|IAr\xc9w%@_\xd8\x14\xf4\xc1\xd3&@`\x17\x1a\x89\xce\x1e(@\xe9pH\xa5\x13U)@"-\x04\xb9\xf3r*@\x06\xd6$\xfa\x19u+@gj\xe6S\x84X,@\xaf\x95 `\x8c\x1a-@k#\xffN\xef\xb8-@\xc0\xc1\xa6\xa5\xd41.@,Z\xa7\xbf\xd3\x83.@\xb4\x81\xcf\x02\xf8\xad.@L\xb9\xd7\xb8\xc3\xaf.@\xcb\xd4d\x861\x89.@^\xd9\x02{\xb4:.@\x00\xa8\xe8\xb96\xc5-@\x86Z\x84\xbf\x16*-@I\xdd\xf3K#k,@\x98\xab\x98\xfe\x95\x8a+@z\x99\xdc\xb2\x0c\x8b*@.\x9d\xf4\xb1\x81o)@9\x82\xea\xd0B;(@9\x82\xea\xd0B;(@'
p13
tp14
b.