cnumpy.core.multiarray
_reconstruct
p0
(cnumpy
ndarray
p1
(I0
tp2
S'b'
p3
tp4
Rp5
(I1
(I25
I1
tp6
cnumpy
dtype
p7
(S'f8'
p8
I0
I1
tp9
Rp10
(I3
S'<'
p11
NNNI-1
I-1
I0
tp12
bI00
S'\xda\x04\x1b\x05\xab{(@$\x16A1i\x14+@\x10\x00\xfb\x04\x92\x9d-@\x12\xb5\x98\x80\xca\x070@\x03\xe6\tZ\x9311@\x1a(\xeb=\xabH2@\xc8yD\x9d\xd1I3@t\x02\xa3^\x0724@\x8a@k\xce\x97\xfe4@w\xe5;\xb1 \xad5@Q,M`\x99;6@\xa8X\x96\xdaX\xa86@\x853\xa0\xb8\x1a\xf26@\xd2\x81>\xf4\x02\x187@\xc4\xa6\xe9x\xa0\x197@\xf1\x7f\x12u\xee\xf66@o4\x82hT\xb06@\xb0\x15\x9b\xef\xa4F6@\x80\x96\x13O\x1b\xbb5@6\x86}\xc7W\x0f5@o\x11\x8f\xbbZE4@\xb7\xab\xa5\xb7~_3@\xb2}Rlq`2@$J\xe2\xb0+K1@$J\xe2\xb0+K1@'
p13
tp14
b.