cnumpy.core.multiarray
_reconstruct
p0
(cnumpy
ndarray
p1
(I0
tp2
S'b'
p3
tp4
Rp5
(I1
(I25
I1
tp6
cnumpy
dtype
p7
(S'f8'
p8
I0
I1
tp9
Rp10
(I3
S'<'
p11
NNNI-1
I-1
I0
tp12
bI00
S'\xc8\x07#h\r\\*@\xbe\xa8nac\xdd,@^\xff\x80{\xb0O/@\xe8u\xb83\xd4\xd50@\xf6\xd3\x93\xba \xf51@7"\xfb\xc8d\x023@(0\xe7 }\xfa3@<x\xc4\xab\x85\xda4@\xf2\xaa1\x1a\xe2\x9f5@\xe0~\x9f\xadEH6@L\xa0\x96\x14\xba\xd16@\x8e\xa4,E\xa5:7@\xf8\xfb1D\xce\x817@\xcd\t\xd8\xca`\xa67@c;\xee\xbf\xef\xa77@\xb3\x1dU}v\x867@\x82\x99\xdc\xddXB7@u\xf7c\x13b\xdc6@\x06B\xb4H\xc2U6@\x185%\x16\x0b\xb05@\xb8r\x9f\xd3*\xed4@2\xb2\xf1\xd5f\x0f4@a\xf7\xa7\xa8T\x193@G\xf6\x99X\xd2\r2@G\xf6\x99X\xd2\r2@'
p13
tp14
b.