cnumpy.core.multiarray
_reconstruct
p0
(cnumpy
ndarray
p1
(I0
tp2
S'b'
p3
tp4
Rp5
(I1
(I25
I1
tp6
cnumpy
dtype
p7
(S'f8'
p8
I0
I1
tp9
Rp10
(I3
S'<'
p11
NNNI-1
I-1
I0
tp12
bI00
S'&\x87xQ \xa3#@\x0e\xdc\xdc\xa1\x07/%@\xaf\xb9\xf1\xfe\xa6\xb1&@\xa0\xec\x03\x15}&(@7\xa3\x80\xb01\x89)@\xbch\xbf\xb3\xa2\xd5*@\x98\x9dtk\xf0\x07,@"{\x04\x1d\x89\x1c-@\xec\xb5=\xac3\x10.@N\xab\xb88\x19\xe0.@b\xa0,\x96\xcd\x89/@\xb3`;C\xab\x050@K\x0c\xe2\xcf\x9810@n\xc5\xa2f,H0@J\x9f\x7f\xae"I0@\xfa\x9b\xcb\xc8x40@\xc7E\xbaYl\n0@J\x13\xfc\xa0\xf5\x96/@@\xb73\xe2\xbf\xf0.@W\xb7\x84H\'$.@j\xbb\xaa\'\x8e3-@\x18\xd7\x0b9\xc2!,@N\xac\xb0>\xf4\xf1*@\xc4\x8b\xcf~\xae\xa7)@\xc4\x8b\xcf~\xae\xa7)@'
p13
tp14
b.