cnumpy.core.multiarray
_reconstruct
p0
(cnumpy
ndarray
p1
(I0
tp2
S'b'
p3
tp4
Rp5
(I1
(I25
I1
tp6
cnumpy
dtype
p7
(S'f8'
p8
I0
I1
tp9
Rp10
(I3
S'<'
p11
NNNI-1
I-1
I0
tp12
bI00
S"\xb7\xd6=\x08\xed\\*@?\xeb@\x9d\x8f\xdb+@s\xba\xe2\xdf9Q-@\xd6\xa6\xa1#\x91\xb9.@}+\xa2=1\x080@6\t\xb9\x9f\xd7\xa80@\x94\xef\xad|\xdc<1@\x17\x00\xf5F\x86\xc21@\x96U\x0eDF82@\x1a\xb2\xf61\xbd\x9c2@\xf3L\xfc^\xbf\xee2@\x8e\xfc\xc1'X-3@b\xd2\x05\xd1\xccW3@\xa8-\xaa\xb4\x9em3@\x05\x96\x83\xbb\x8cn3@\xd7X\x84\x1f\x94Z3@2\xaf\x02t\xf013@\xee\xbd\x00\xf4\x1a\xf52@\x1b\x96\x88\x18\xc9\xa42@\xb2\x03S{\xeaA2@\x88\r\x08\x0c\xa6\xcd1@\xa5Mm\xa0VI1@\x96\xb4\xc2\xe9\x86\xb60@\x9a \\\xdb\xec\x160@\x9a \\\xdb\xec\x160@"
p13
tp14
b.