cnumpy.core.multiarray
_reconstruct
p0
(cnumpy
ndarray
p1
(I0
tp2
S'b'
p3
tp4
Rp5
(I1
(I25
I1
tp6
cnumpy
dtype
p7
(S'f8'
p8
I0
I1
tp9
Rp10
(I3
S'<'
p11
NNNI-1
I-1
I0
tp12
bI00
S'\xbe\xd52Tk\xd5\x1d@\xdeC\x17[\xb4\xbe @\x9e\n\xd9s\xba\x87"@\xf7\xa6]\x9dt@$@?\xd7\xdd\x1d\xc0\xe3%@l\xb0\xbb*\xbal\'@`\x85\xb9{\xce\xd6(@\xd5\xaf\xfd\xf3\xc4\x1d*@rX#8\xce=+@\xff\x8d\xcc\x0b\x8f3,@\x14.\xceT*\xfc,@Tx\x17\xa6I\x95-@l\x94\xd98$\xfd-@\x86\xc7!?\x842.@\xc0\x97\x05\x80\xca4.@\x8c\xfb\x9b2\xf0\x03.@\x9c\xb2:\x12\x87\xa0-@\xc5g\xbb\xab\xb7\x0b-@\xebq\xd9\xe8=G,@V#\xf7\xe3cU+@\xa1\xf0\xb8\x13\xfb8*@\xcd\t\xd6\xe2S\xf5(@\xe9\x8a2\xcd3\x8e\'@\x01%\xc1\x1f\xca\x07&@\x01%\xc1\x1f\xca\x07&@'
p13
tp14
b.