cnumpy.core.multiarray
_reconstruct
p0
(cnumpy
ndarray
p1
(I0
tp2
S'b'
p3
tp4
Rp5
(I1
(I25
I1
tp6
cnumpy
dtype
p7
(S'f8'
p8
I0
I1
tp9
Rp10
(I3
S'<'
p11
NNNI-1
I-1
I0
tp12
bI00
S'K0\xfe\x0cPu\x1a@O_"\x87\x0f\x02\x1e@~\x82\xc7\xa6\xc0\xbc @\xaaE&\x07\xa7h"@\xa70\xb4n\xbe\xff#@rKDzH}%@\xc4+\x14\x00\xd3\xdc&@\x9e\x0f\x08SE\x1a(@\x06\x91\xf4z\xec1)@\xde\x01\x82=\x86 *@\xce\x8f\xbe\xd6J\xe3*@h\x93_D\xf5w+@\x082\xf4\n\xca\xdc+@\xa4\x0c\xd7`\x9c\x10,@\xfe\x87t\xaf\xd1\x12,@D\tq`c\xe3+@\x94\x81O\xf1\xde\x82+@\xd9\xa9]Md\xf2*@X\x06\xd1r\xa23*@C\xd3\x16m\xd2H)@l*R\xb3\xb04(@\x100\xd0\xfet\xfa&@\xca\x90\xcb\xb1\xc8\x9d%@^t!\xeb\xbb"$@^t!\xeb\xbb"$@'
p13
tp14
b.