cnumpy.core.multiarray
_reconstruct
p0
(cnumpy
ndarray
p1
(I0
tp2
S'b'
p3
tp4
Rp5
(I1
(I25
I1
tp6
cnumpy
dtype
p7
(S'f8'
p8
I0
I1
tp9
Rp10
(I3
S'<'
p11
NNNI-1
I-1
I0
tp12
bI00
S'X\xdcv\x16\x88\xeb(@\xc8\x7f\x85_(\x06+@g\x86\x9e.(\x14-@\xcb\x1dVjf\x0f/@\\\xed_\xf6\xfcx0@\x02\xaa\xa3\x92![1@F\xb1\x83o~+2@2\xd3\xca\xfc\xa5\xe72@\xba\x02\xae\xf2f\x8d3@\x88\xe9$\xdc\xd2\x1a4@\xee\x99\xeb\xd9C\x8e4@\xc0M\xfd\x8ca\xe64@:\x0c\xde\x19%"5@\xe4\xba\xba8\xdc@5@@}<I+B5@>\xe8\xdcc\x0e&5@\xc9\xac\x8be\xd9\xec4@\xaa\xfa\x82\xf56\x974@R\xe34\x88&&4@\x96W@e\xf9\x9a3@&\xfdN\xb9N\xf72@\xe3<\x95\xbf\x0e=2@*\x16c\x11en1@\x17a\xbe,\xba\x8d0@\x17a\xbe,\xba\x8d0@'
p13
tp14
b.