cnumpy.core.multiarray
_reconstruct
p0
(cnumpy
ndarray
p1
(I0
tp2
S'b'
p3
tp4
Rp5
(I1
(I25
I1
tp6
cnumpy
dtype
p7
(S'f8'
p8
I0
I1
tp9
Rp10
(I3
S'<'
p11
NNNI-1
I-1
I0
tp12
bI00
S"\xd8u\xa2\n\xd7\xbb#@\xf5\xffo\xe9V\xa8%@\xf4\xbd\x8c K\x89'@\xb3\x9d?\xf6\x18Y)@\x10\xdd\xad\xd9X\x12+@6\xa2%\x82\xe6\xaf,@\xf8{\xb3E\xf0,.@\xc8vAy\x05\x85/@\x9e\xd5\xae\xd7\x11Z0@\x85\xa7\x12Wa\xdb0@\x0c*S|\xefD1@:\x89$f\x81\x951@\xacW\xb8\xbb&\xcc1@\xee\x13\xb7y<\xe81@G4\x88\xd8n\xe91@\xba\x1a>F\xba\xcf1@\xdcg<qk\x9b1@\x80\xe7xc\x1eM1@\xf0u\x01\xb1\xbc\xe50@\x06l3\xbfzf0@\x80D\x86Y\xa8\xa1/@8\xc8\x97\xca\x0eM.@\xc6\xf64\xdb \xd3,@\x12\xd9m\xf0E8+@\x12\xd9m\xf0E8+@"
p13
tp14
b.