cnumpy.core.multiarray
_reconstruct
p0
(cnumpy
ndarray
p1
(I0
tp2
S'b'
p3
tp4
Rp5
(I1
(I25
I1
tp6
cnumpy
dtype
p7
(S'f8'
p8
I0
I1
tp9
Rp10
(I3
S'<'
p11
NNNI-1
I-1
I0
tp12
bI00
S'\x085\xc7b\xfd\xf7\x1f@Ao\x89\x8c\xeb\xf0!@\xc3\x8f2/\x1a\xda#@\x1b\xc9\x05T\xd7\xb1%@\xb01\x98\xbe\xa3r\'@2\xefS\xa1D\x17)@@\xdc:7\xd3\x9a*@\xf4U\xfbb\xcb\xf8+@\x96E\xb9\'\x19--@hc[\xd3$4.@*z\x12\xb6\xdd\n/@Z\x7f"G\xc3\xae/@(_\xd3M\xf6\x0e0@|\x8e\x86\x0c\x87+0@[\xda$\xa9\xbe,0@_\xf0\x1d\x82\x99\x120@\x82,X+\xcb\xba/@\x1a\x82V2\x83\x1b/@\x1a\xafP?6I.@M\xdfY\xaaWF-@\x80L\x13\xae\xeb\x15,@\x84\xbc\x0ch~\xbb*@>\xb3\xc8C\x19;)@Gx\xf5\xef6\x99\'@Gx\xf5\xef6\x99\'@'
p13
tp14
b.