cnumpy.core.multiarray
_reconstruct
p0
(cnumpy
ndarray
p1
(I0
tp2
S'b'
p3
tp4
Rp5
(I1
(I25
I1
tp6
cnumpy
dtype
p7
(S'f8'
p8
I0
I1
tp9
Rp10
(I3
S'<'
p11
NNNI-1
I-1
I0
tp12
bI00
S'T\x03c\xfe\x03K\x1b@\xf8F\x0c\x95\xc30\x1e@ |9\xd8\x8f\x82 @>;\xab\xbe\xd3\xdf!@,~\xc2\x9a\x1b,#@\n\xe2\xf63\x88c$@\x86Q5\x89x\x82%@\x90\xe5+\xa4\x94\x85&@d\xd7\xb1\x92\xd7i\'@_~\x8ah\x98,(@\x87\x12\xa5.\x92\xcb(@`\xd1-\xa8\xeaD)@N\xa3>\xd97\x97)@D\x1e\xb3>\x84\xc1)@R\xae\x8a\xaaQ\xc3)@W!P\xbc\x9a\x9c)@t\xbd#\xf1\xd2M)@F\t8K\xe5\xd7(@\xbf\xfb\xc4\x941<(@\xc6\xdd\x9cF\x88|\'@2^\x9d\x1e%\x9b&@Y\x14"v\xa8\x9a%@\x15?Xl\x0f~$@\x06\xd7\xd2\xfb\xaaH#@\x06\xd7\xd2\xfb\xaaH#@'
p13
tp14
b.