cnumpy.core.multiarray
_reconstruct
p0
(cnumpy
ndarray
p1
(I0
tp2
S'b'
p3
tp4
Rp5
(I1
(I25
I1
tp6
cnumpy
dtype
p7
(S'f8'
p8
I0
I1
tp9
Rp10
(I3
S'<'
p11
NNNI-1
I-1
I0
tp12
bI00
S'\xd4~f\x93N\xc3&@\xb2\x9e\xe8BIX(@\xd5\xd3\xc5\x87\xc5\xe3)@\xc2\xc7\xf5\x9d\'a+@\x1b#\xe9\xd2\xfd\xcb,@2\x13b\xc7\r .@\xc9uB\x0caY/@\xe4\xefWz(:0@N"%\xbd\xc8\xb60@\xb5\xe2{\x89\x1d!1@gnw\xad\xe9w1@L\'\x93<*\xba1@\xb7\xc7\x0e\x94\x19\xe71@\xb0\xb6~\xa81\xfe1@\x02\xc5\xa9\x95-\xff1@\x83}\x0bl\n\xea1@\xcf\xfb\x959\x07\xbf1@\xba)\x99M\xa4~1@:\x7f\x00\xba\xa1)1@\xda\x11]\x16\xfd\xc00@$$i\x8b\xeeE0@E\xbc\xab_\xcas/@\xec\tz\x82\x05=.@\xc1\xab\xf2\x8b-\xeb,@\xc1\xab\xf2\x8b-\xeb,@'
p13
tp14
b.