cnumpy.core.multiarray
_reconstruct
p0
(cnumpy
ndarray
p1
(I0
tp2
S'b'
p3
tp4
Rp5
(I1
(I25
I1
tp6
cnumpy
dtype
p7
(S'f8'
p8
I0
I1
tp9
Rp10
(I3
S'<'
p11
NNNI-1
I-1
I0
tp12
bI00
S'\x96c<\xc2\xabw#@\xf0\x95\xe0\xf9\x0b#%@\x16\xce\x05^g\xc4&@x\xa1\xfe\xeb\xe0V(@\x99w,\x06\xc8\xd5)@\xac\xc0\x88q\xa6<+@\x12?\x03\xa5M\x87,@x\xed\x00C\xe3\xb1-@`\x0b\xc5\x97\xec\xb8.@\xf7\xdbz\xfaX\x99/@\x8e\xf6\xf4xE(0@x1\xc7\x000n0@\r\xe4\xe7\x83\x9b\x9d0@4\xa9+\x8d\xfa\xb50@\x0b\xd3\x02i\x04\xb70@\xb1>Y\xfe\xb5\xa00@\x05&\xd4\xd7Qs0@\xdc]R]_/0@\xb4H\xfe\x7fR\xab/@F\xe3X;v\xce.@\xaa\x02\x01\xc5\xbc\xca-@\xaa\x15\x88\xe4,\xa3,@\xae;\x89I8[+@\xbf\xde\x84E\xb1\xf6)@\xbf\xde\x84E\xb1\xf6)@'
p13
tp14
b.