cnumpy.core.multiarray
_reconstruct
p0
(cnumpy
ndarray
p1
(I0
tp2
S'b'
p3
tp4
Rp5
(I1
(I25
I1
tp6
cnumpy
dtype
p7
(S'f8'
p8
I0
I1
tp9
Rp10
(I3
S'<'
p11
NNNI-1
I-1
I0
tp12
bI00
S'\x1d\x04\x95\x14\xb2b\'@\x03\x85t\x97o\xf7)@\x18\x07>\xc7\xaf|,@Vl\xd8\xcd\xed\xea.@`x\x00\xbct\x9d0@.\x0b?k\xde\xb21@\xf0\xb0\x06ix\xb22@\xc2\x9eT:H\x993@M[OW\x9dd4@\xf4d81\x19\x125@\xc3\x89\xd5C\xb6\x9f5@GQ<\x1d\xce\x0b6@\xef3\x02J\x1eU6@\x03a"\x17\xccz6@\xa2\xa7c\x1eg|6@{Z\xa4\x95\xeaY6@\xad\xf6#]\xbd\x136@\xbf\xee\x9f\xcc\xb0\xaa5@:\x12\xd7B\xfe\x1f5@#w\xba~Cu4@ \x820\xcd}\xac3@\xed\xe2\xcb\x19\x04\xc82@d\xac*\xf4\x7f\xca1@T1\xcf\x9e\xe5\xb60@T1\xcf\x9e\xe5\xb60@'
p13
tp14
b.