cnumpy.core.multiarray
_reconstruct
p0
(cnumpy
ndarray
p1
(I0
tp2
S'b'
p3
tp4
Rp5
(I1
(I25
I1
tp6
cnumpy
dtype
p7
(S'f8'
p8
I0
I1
tp9
Rp10
(I3
S'<'
p11
NNNI-1
I-1
I0
tp12
bI00
S'I\xaa3\x12\x17\x14\x1e@\x0b\x02<{A\x9a!@\xc4F9I\x15\x1b$@\xc2\xc6\xf5N\x0f\x85&@\xd4\x13\xb8\x12\xfc\xd0(@\xda\x99f\xc0\x01\xf8*@\x88iX\x99\xb4\xf3,@\xcaq\xc2\x1b*\xbe.@\x08\xeaNT\x05)0@Q\x07\xb1\xb9P\xd50@\x86i\x04F\xf5a1@\x14%\xbdlO\xcd1@\x8e0S\xf0\x1e\x162@\xde\x15\x90\x9d\x8a;2@n\xee{\xd3"=2@>\xd9\\\xd0\xe2\x1a2@\xce\x8e\xe7\xbf0\xd51@\x7f\xbev\x8a\xdcl1@\\g\xd6h\x1d\xe30@PL\xddC\x8e90@P\x05L\xd5Q\xe4.@$f`[\x80\x1e-@}E\xfe\xe0\xf1&+@\x03I\xc5\x8c\x84\x03)@\x03I\xc5\x8c\x84\x03)@'
p13
tp14
b.