cnumpy.core.multiarray
_reconstruct
p0
(cnumpy
ndarray
p1
(I0
tp2
S'b'
p3
tp4
Rp5
(I1
(I25
I1
tp6
cnumpy
dtype
p7
(S'f8'
p8
I0
I1
tp9
Rp10
(I3
S'<'
p11
NNNI-1
I-1
I0
tp12
bI00
S'\x8e%\x1f\x88\x93\x81\'@\x19\xc3\xb4\xc9\xa6\x08*@\xec\xc1h\xba\x8e\x80,@u"\x14S\xee\xe1.@l.\x01\xe2\xd5\x920@\xba\xf1\xcf\xd1\x82\xa21@\xbe\x8c\xba\x8a\xd3\x9c2@\x8a\t\xa8V\xdd~3@"\xb7"\xeb\xfdE4@\xcaO\xcfD\xe3\xef4@9{j\x93\x92z5@"\xae\xa6!n\xe45@-aL\':,6@\x81\x1f;w Q6@HYQ\xfe\xb2R6@\xc1\x11\xc9\x0b\xed06@\xe4\xe05_3\xec5@(\x8b\xfa\xfbR\x855@\x13\xb9\xb6\xc5~\xfd4@\xd1,\xcd\xecKV4@of\xad5\xad\x913@\x18g\xf6(\xed\xb12@^\xff\xc8=\xa7\xb91@"\x18\xad\x12\xc0\xab0@"\x18\xad\x12\xc0\xab0@'
p13
tp14
b.