cnumpy.core.multiarray
_reconstruct
p0
(cnumpy
ndarray
p1
(I0
tp2
S'b'
p3
tp4
Rp5
(I1
(I25
I1
tp6
cnumpy
dtype
p7
(S'f8'
p8
I0
I1
tp9
Rp10
(I3
S'<'
p11
NNNI-1
I-1
I0
tp12
bI00
S'Q\xa8\x9f9\xfd\xd8 @\x16>\xc8\xe1\xcda"@\x978\xa1\x1fi\xe1#@\x0f-\xc5\x9eVS%@xf\xcd\xd8F\xb3&@\xd8\xef9\xf1\x1f\xfd\'@\xacRD\xf1\t-)@{\x8c\x1e?z?*@\xba&j.>1+@D\xccc\x8a\x84\xff+@:*N\xfd\xe5\xa7,@\x16A\n<l(-@\x86jy\xe0\x97\x7f-@RG3\xe1d\xac-@\xaa\xcc;\x99M\xae-@ n\xafVL\x85-@|\x1e\xc0k\xdb1-@\xday\xd0\xc1\xf3\xb4,@p\x9b\xed\xf2\t\x10,@\x9c\xa1N\xf2\tE+@\x11\x94\xcdPQV*@\xc2ms.\xa8F)@\x1b\x17$\xee8\x19(@|\\+\xc4\x86\xd1&@|\\+\xc4\x86\xd1&@'
p13
tp14
b.