cnumpy.core.multiarray
_reconstruct
p0
(cnumpy
ndarray
p1
(I0
tp2
S'b'
p3
tp4
Rp5
(I1
(I25
I1
tp6
cnumpy
dtype
p7
(S'f8'
p8
I0
I1
tp9
Rp10
(I3
S'<'
p11
NNNI-1
I-1
I0
tp12
bI00
S'\x9a\xbb\x9ax\xc7\xf8\x1c@\x8cH\x9d\xd8\x1e\x89\x1f@\xd7\x1d\xee\xa5\t\x05!@\x92\xaalf\x16:"@\n\xde\xf8\xc1\x1b`#@\xf1\xc7\xd9\xa1\xacs$@t\x9c\xdc\xfc\x92q%@\x9a6\x88k\xd9V&@(V\x83\xfb\xd3 \'@e\x9f\xd9\'(\xcd\'@\xb7\x11Y\xde\xd3Y(@\xd2D\x16}3\xc5(@\x1a\xd18\xb6\x06\x0e)@H\xabyKt3)@h"1\x96\x0c5)@\xaeLg\xd4\xca\x12)@oT\x057\x15\xcd(@\xb1N\xfd\xb0\xbbd(@\xa8\xfb\xf5\x8a\xf5\xda\'@Q\xef\xb4\xc2]1\'@$.\x19A\xeei&@f\x90\xef\xf4\xf9\x86%@\xef\xe66\xe4%\x8b$@\x00\x0f\x82Hay#@\x00\x0f\x82Hay#@'
p13
tp14
b.