cnumpy.core.multiarray
_reconstruct
p0
(cnumpy
ndarray
p1
(I0
tp2
S'b'
p3
tp4
Rp5
(I1
(I25
I1
tp6
cnumpy
dtype
p7
(S'f8'
p8
I0
I1
tp9
Rp10
(I3
S'<'
p11
NNNI-1
I-1
I0
tp12
bI00
S"\x0cp\x8e\x90w\xf9#@?\x8fC\xf0\x9a\xe0%@\xca\xf1\x17\xd5R\xbc'@M\xaf\x9c#\x14\x87)@\xb4\xdc\xaeZ\x86;+@h7\xd4\x85\x93\xd4,@@\r\x12iwM.@~\x90\xfc\xb8\xcd\xa1/@2\xffI\x9a\xcff0@\xf2^\xed\xbc\xb6\xe60@\x1f\xf8\xec\xb8\x1eO1@V\xc4~\x1a\xd0\x9e1@\x8e\xac\xa0&\xdd\xd41@C\xfeC\xa0\xa4\xf01@6LJ\xa9\xd3\xf11@F\xe7\xb8\xb9f\xd81@\x86\x83A\xaa\xa9\xa41@?\x9d\x00\xd26W1@\xd2\x8e\x14:\xf5\xf00@D\xc8j\xec\x15s0@\xf8/\x96\xcb \xbe/@\x18\xfcvk<m.@\x08\xd7\x93\xb2k\xf7,@\xf6\x8f*\xc0\ta+@\xf6\x8f*\xc0\ta+@"
p13
tp14
b.