cnumpy.core.multiarray
_reconstruct
p0
(cnumpy
ndarray
p1
(I0
tp2
S'b'
p3
tp4
Rp5
(I1
(I25
I1
tp6
cnumpy
dtype
p7
(S'f8'
p8
I0
I1
tp9
Rp10
(I3
S'<'
p11
NNNI-1
I-1
I0
tp12
bI00
S'\xe1Q\xcc\xbaQ9*@\xbeq\x15\xf94h+@\xe8\x1aM|\xfe\x8f,@\xd4\x8d\xe9\xe8;\xad-@\xfcF\xf7Y\x9a\xbc.@g\xc8bK\xf0\xba/@w{i\x84\xa3R0@2+x\xc2q\xbc0@f\xcc\\?\xa7\x191@\x14eL\xee-i1@?\xda\xa3\x93\x18\xaa1@\xc1o\x97\x88\xa5\xdb1@.\x80\xe0\xfc@\xfd1@\x87)\xae\xaf\x86\x0e2@E\x92\xb5\x1aC\x0f2@1\xa5\xe5\x0bt\xff1@n\xc2\xf3\xabH\xdf1@\x04\xdc\xad\xf1 \xaf1@V\xa6\xb5\x83\x8co1@+\xd3\xfa\x0bI!1@\xbd\xa8\xf2\x01@\xc50@\xbe\xbb$\xf2\x83\\0@\xd8\xbbT\x96\x9a\xd0/@\x02\xd0Ws\xed\xd3.@\x02\xd0Ws\xed\xd3.@'
p13
tp14
b.