cnumpy.core.multiarray
_reconstruct
p0
(cnumpy
ndarray
p1
(I0
tp2
S'b'
p3
tp4
Rp5
(I1
(I25
I1
tp6
cnumpy
dtype
p7
(S'f8'
p8
I0
I1
tp9
Rp10
(I3
S'<'
p11
NNNI-1
I-1
I0
tp12
bI00
S'\xfb\xba\xe5\xea\xb0")@\\\xdfB\x8a\xac\xd6+@\xc0+/Woz.@\xd26\xee\xbb\x0c\x830@\xa6\xe6\x12z\t\xb91@\xa6\xa1J.\x91\xdb2@+5\xb4+A\xe73@\nz\xa5\xe9\xfa\xd84@|\x05\xc3Q\xed\xad5@\xf6U\x10\'\x9dc6@,\xaf\xe7l\xec\xf76@z\xcc\xc4\xb7 i7@\x9cc\x0bU\xe8\xb57@\xeawh:^\xdd7@\xded\x11\xb1\x0c\xdf7@\xc0q\xea\xb4\xee\xba7@\x9ek}\x03pq7@k\xa2\x93\xdak\x037@\x82\x0b2j*r6@\xa7\x84\x96\x01]\xbf5@\xd6\xaf\x9e\x02\x19\xed4@XU\xa8\xaa\xd1\xfd3@\x06\xc0u\xc3P\xf42@R\xbf\xe3Q\xae\xd31@R\xbf\xe3Q\xae\xd31@'
p13
tp14
b.