cnumpy.core.multiarray
_reconstruct
p0
(cnumpy
ndarray
p1
(I0
tp2
S'b'
p3
tp4
Rp5
(I1
(I25
I1
tp6
cnumpy
dtype
p7
(S'f8'
p8
I0
I1
tp9
Rp10
(I3
S'<'
p11
NNNI-1
I-1
I0
tp12
bI00
S"\xd6\xad=\x7f\x02\xf0*@Q1\xc3\xcc\x9e\x01-@\xd4\xcbM\xbb\xd0\x06/@\xf1\x1ay\xba\xc8|0@\xdc\x96\xc2\x93\x08j1@W?s-dH2@w\x9f\xbb7D\x153@\xcf\xa7\xc3\x89E\xce3@\xded\xce@@q4@v\x18\x8c.N\xfc4@\x9d\x99k\x83\xd0m5@\xf8\x8f\x04\xa4t\xc45@\xf7:/\x1b8\xff5@\x04\x94\x04\x9dk\x1d6@T\xd6\xca\x11\xb5\x1e6@t\x7f\xb6\xa2\x10\x036@\x8b\x11^\xc5\xd0\xca5@\x86m\xbeE\x9dv5@\xef\x8e\xadQq\x075@`\xd9\x90\x8b\x98~4@\xa0'\x12-\xab\xdd3@\xd6\xc0ZE\x89&3@\xf5\xe8\x04!U[2@\xcd\xfds\xecl~1@\xcd\xfds\xecl~1@"
p13
tp14
b.