cnumpy.core.multiarray
_reconstruct
p0
(cnumpy
ndarray
p1
(I0
tp2
S'b'
p3
tp4
Rp5
(I1
(I25
I1
tp6
cnumpy
dtype
p7
(S'f8'
p8
I0
I1
tp9
Rp10
(I3
S'<'
p11
NNNI-1
I-1
I0
tp12
bI00
S'\xba_\xcd\xe2(3%@\xfa\xb3j-s\x9b&@\xed\xe0\t?K\xfb\'@4\x8d;\x83\x97N)@\x9d\xee\xa2\xd2c\x91*@\xf8lL>\xed\xbf+@k30H\xad\xd6,@\xdb\xc0ggd\xd2-@&b\xb7\xb8#\xb0.@\x8e\xf0\x83\xbeUm/@\xf7k\r\x0b\xe3\x030@B\xf7\xa6\x05\xd4>0@&cb\xfb\xcdf0@\xe2\xe1\x7f\xabY{0@\x00\xd8\xe9\xcb9|0@F\xae\t\xc0ki0@\xfcE\x92\xa0\'C0@\xc5\xd1(\x94\xdf\t0@\xf0\x87\xbe\xf5||/@}@\xf0\xe0K\xc2.@3\x8b\xc8VW\xe7-@X\xa9\xa4\x80,\xee,@\x98\x00\xee\xa7\xb2\xd9+@\x92\xe8\xd0\x8c"\xad*@\x92\xe8\xd0\x8c"\xad*@'
p13
tp14
b.