cnumpy.core.multiarray
_reconstruct
p0
(cnumpy
ndarray
p1
(I0
tp2
S'b'
p3
tp4
Rp5
(I1
(I25
I1
tp6
cnumpy
dtype
p7
(S'f8'
p8
I0
I1
tp9
Rp10
(I3
S'<'
p11
NNNI-1
I-1
I0
tp12
bI00
S"\xc9\xd3/\x87'\xcb(@>7%\xfd\xe3!+@#\xc5\x87;\x97j-@\xbb\xda\xd6\x0cq\x9e/@\xa5\xd3\xc6\xb6o\xdb0@^\x9e\xdc\x12\xd1\xd61@\x11\x14G\xb7n\xbe2@I\xc9.\xb6\x95\x8f3@\x88\xddc$\xd6G4@Dw\x91^\n\xe54@\xed`\xdbp]e5@\x1e\xab\xca\x8dP\xc75@r8<\x84\xbf\t6@\xf6\xb8\x02'\xe4+6@\x0e\xee\x13\x9cX-6@S\xaf]\x8c\x18\x0e6@8U\xb80\x81\xce5@:\xea\xcf;Po5@\xc0\xb2A\xa4\xa1\xf14@@ \x86U\xecV4@Q\x1d\x86\xd1\xfd\xa03@\x0c\x07\xe4\xcf\xf4\xd12@\x90.\x03\xeb:\xec1@\xaeh\xabm}\xf20@\xaeh\xabm}\xf20@"
p13
tp14
b.