cnumpy.core.multiarray
_reconstruct
p0
(cnumpy
ndarray
p1
(I0
tp2
S'b'
p3
tp4
Rp5
(I1
(I25
I1
tp6
cnumpy
dtype
p7
(S'f8'
p8
I0
I1
tp9
Rp10
(I3
S'<'
p11
NNNI-1
I-1
I0
tp12
bI00
S'\xa8j!?\xc7\x08(@h8\xaf\xc3yf)@\xea\xd8\x82\xa1\xf9\xbb*@Du\xfb\x1fL\x05,@\xaf\x83\xd9\xd9\x9a>-@J\xf3\xcf/?d.@\x16f\x92,\xcdr/@\x81\xbc\xf1\xdc\x8e30@\xfa\x11\x18\x04,\x9f0@8\rU\x06\xfd\xfa0@\xc7\xd2E\xfe\xefE1@\x0f\xc9\x99W%\x7f1@;B\x07j\xf2\xa51@XCav\xe3\xb91@\x19\xc4\xdf\xff\xbc\xba1@\xe9e\x94}|\xa81@\xa0D\xfaaX\x831@*R\x8ax\xbfK1@\xac\xc08\x9bW\x021@|k\xb5\xc3\xfb\xa70@\x12\x1f3~\xb9=0@,\xba\xa4\x8a\x9b\x89/@\xda\x83\x1c\xa1B}.@\xf6\x8b`\xc0\x88Y-@\xf6\x8b`\xc0\x88Y-@'
p13
tp14
b.