cnumpy.core.multiarray
_reconstruct
p0
(cnumpy
ndarray
p1
(I0
tp2
S'b'
p3
tp4
Rp5
(I1
(I25
I1
tp6
cnumpy
dtype
p7
(S'f8'
p8
I0
I1
tp9
Rp10
(I3
S'<'
p11
NNNI-1
I-1
I0
tp12
bI00
S'k\xb15\xdbfJ*@\xbea:5\xb9\xc5,@t\x19\xd0\xc7&2/@HV\x9ad:\xc40@\x94\xd2D7\xd5\xe01@\xb1\xa1\x01\xdc\x92\xeb2@\x05\x14\x17\x9dW\xe13@\xc2\xc4\xa2TF\xbf4@\x1e \xa4\xf7\xc8\x825@q5\xeaL\x98)6@\xc8t\xe1\xb8\xc2\xb16@~]\xfb\t\xb2\x197@v\x03d40`7@&\xca\xe6\xeej\x847@\xb9L;&\xf6\x857@V)k?\xcdd7@p\xf2\x8e%S!7@\xaaJ\xb9"Q\xbc6@;l\x80\x87\xf466@\x88V%(\xcb\x925@\xd8\xf7\xd1\xb9\xbe\xd14@\xf3\x84\xc2\x1d\x0f\xf63@\xfc\xcb_\xabK\x023@\xc2#O\x8dK\xf91@\xc2#O\x8dK\xf91@'
p13
tp14
b.