cnumpy.core.multiarray
_reconstruct
p0
(cnumpy
ndarray
p1
(I0
tp2
S'b'
p3
tp4
Rp5
(I1
(I25
I1
tp6
cnumpy
dtype
p7
(S'f8'
p8
I0
I1
tp9
Rp10
(I3
S'<'
p11
NNNI-1
I-1
I0
tp12
bI00
S"\x1eIC\x95\xf1a'@\xda\x7f\xa4\x1e\xd6<)@\xccE[\xaa\x98\x0c+@\x1d\xe99\xc9\xd1\xcb,@c\x11\xbb`Ku.@\xf9\xc6_\x1b\x08\x020@\xd7\xf4\xe1]\xbd\xb90@v\x98\xb7s\xa1_1@\x9c\xa2\x10\x7f\xc5\xf11@\xf8\xb1\xb3\x8cun2@N\xbaw\xa8=\xd42@\xa0\xa2\xd52\xee!3@\xeb\xea\xa3j\x9fV3@\xfdxn \xb4q3@\x1a7\\\x8b\xdbr3@L\xc2+:\x12Z3@\x08Fx\x1d\xa2'3@\xeb\xe2'\xab!\xdc2@K\x9a\x95\x1drx2@\xe6\xa8\xb1\xd3\xbc\xfd1@\xe4\x91\xec\xd9om1@I\x17C\xa69\xc90@\xcf\x82$\x14\x04\x130@p\xa6S^\xdd\x99.@p\xa6S^\xdd\x99.@"
p13
tp14
b.