cnumpy.core.multiarray
_reconstruct
p0
(cnumpy
ndarray
p1
(I0
tp2
S'b'
p3
tp4
Rp5
(I1
(I25
I1
tp6
cnumpy
dtype
p7
(S'f8'
p8
I0
I1
tp9
Rp10
(I3
S'<'
p11
NNNI-1
I-1
I0
tp12
bI00
S'*pC i\x08\x1e@V\xaa9\xbc\xe8\xed @k\xe3\xc5\x07"\xcc"@\xce\x1d\xfd\xddM\x99$@L\x14\x9c\x88\x0cP&@aW\xc27A\xeb\'@`\xb5=B!f)@\xc6_\xc5pB\xbc*@\xf3\x03\x81)\xa8\xe9+@CK\x92T\xcf\xea,@\x82\xa7&\xd6\xb8\xbc-@\xcb\x95\xd0~\xf2\\.@\x7f\x02~W\x9e\xc9.@\xea\x84G3x\x01/@\xe0#{v\xd9\x03/@\x05\xdf\x9d\x07\xbb\xd0.@\xa5`\x99d\xb5h.@\xb1\xaa\xd6\xdb\xfe\xcc-@\xd4\xbc\x92\xeeg\xff,@\xc6\x8c6\xe7U\x02,@\xe0\xd7\xd7\xb3\xbb\xd8*@YX4\x1a\x11\x86)@dSe_H\x0e(@X\x98\'\x82\xc2u&@X\x98\'\x82\xc2u&@'
p13
tp14
b.