cnumpy.core.multiarray
_reconstruct
p0
(cnumpy
ndarray
p1
(I0
tp2
S'b'
p3
tp4
Rp5
(I1
(I25
I1
tp6
cnumpy
dtype
p7
(S'f8'
p8
I0
I1
tp9
Rp10
(I3
S'<'
p11
NNNI-1
I-1
I0
tp12
bI00
S'\x8aA\x9e\xf4\xaeY\x1e@\x12\x0cM\x80\xca\xd8 @\x17\xab\xc3A\xb5z"@\xb1\x81Z\x10\xb9\r$@@\xdc\x07\xb2#\x8d%@vMhc}\xf4&@0k\xaf+\x96?(@z\xb0oZ\x92j)@DF\xf6\t\xf6q*@`w\xe5\x83\xafR+@(\x03\ri \n,@\x8al0\x81%\x96,@*\xc7m\x1b\x1d\xf5,@\xe8k?\xec\xeb%-@\xd0\xa3\x93Z\x00(-@wN!2T\xfb,@\xd0\xde\xe9\xb5l\xa0,@\x96x\xb1\x12Y\x18,@p\x0c\x0f6\xafd+@\x04\x93\x81\x13\x87\x87*@\x1c\xab\xa6et\x83)@\xdc\xea3\xfe~[(@\x0c\xad\xa1\xbb\x19\x13\'@\xfc2\x7f?\x18\xae%@\xfc2\x7f?\x18\xae%@'
p13
tp14
b.