cnumpy.core.multiarray
_reconstruct
p0
(cnumpy
ndarray
p1
(I0
tp2
S'b'
p3
tp4
Rp5
(I1
(I25
I1
tp6
cnumpy
dtype
p7
(S'f8'
p8
I0
I1
tp9
Rp10
(I3
S'<'
p11
NNNI-1
I-1
I0
tp12
bI00
S"\xcc\xb3#\xddk\xe7$@?\xd3\xaf<\xaf\x94'@Zr\x96\x1d\xe21*@\x02\x01b98\xb7,@\x9cK\x94x,\x1d/@\xfe\xde\xad\xb0K\xae0@\xb9\x87\x827b\xb71@\xf8\xb7?\t\xc3\xa62@\xfd$$\x10\xa4y3@*Sb:\x90-4@%\x9c\xb1\xcen\xc04@$\x95e\xad\x8905@Z\xa5ck\x92|5@\xd4\x07\xbc7\xa6\xa35@HNF\x80P\xa55@t\x01_M\x8c\x815@S\x08\xb9P\xc485@\xf6\xa1\x16\xa7\xd1\xcb4@\xd2d\x9fP\xf9;4@\x80L_g\xe8\x8a3@\x10\xf2:\x1f\xaf\xba2@\xb3jC\x9e\xba\xcd1@\x06)\xc6\xbf\xcd\xc60@\x98\xb1`\xaf\xf1Q/@\x98\xb1`\xaf\xf1Q/@"
p13
tp14
b.