cnumpy.core.multiarray
_reconstruct
p0
(cnumpy
ndarray
p1
(I0
tp2
S'b'
p3
tp4
Rp5
(I1
(I25
I1
tp6
cnumpy
dtype
p7
(S'f8'
p8
I0
I1
tp9
Rp10
(I3
S'<'
p11
NNNI-1
I-1
I0
tp12
bI00
S'\xe1\xea^a\xcem @V\x9eR\xd6\x99\xac!@\x8f\xe1{\x19\xec\xe3"@\r\xb2Wx$\x10$@\x1e@\xfc]\xc3-%@\xe2\x12\xb1\xc2t9&@x5\x9c\x19\x1a0\'@1e\xe6\x9e\xd3\x0e(@\xf4 \x94\xea\x08\xd3(@\x0e0\x80\xaepz)@\x868_\x88\x17\x03*@\xbc\xe3s\xd3ek*@\xac\xa8\x97h$\xb2*@\xbb\xb3l>\x80\xd6*@V\n\xe8\xde\x0c\xd8*@@\xf2\xdd\xaa\xc5\xb6*@\xa6p\xcb\xe7\rs*@:\xc0\xb3\x97\xaf\r*@T#\x85\x1e\xd9\x87)@\xf8\xb1\n\xbc\x19\xe3(@\xac\x0b\xee\xe4\\!(@\x02\xc2\xa9\x88\xe4D\'@z\xd7\x81UBP&@\xb3>\x99\x0ePF%@\xb3>\x99\x0ePF%@'
p13
tp14
b.