cnumpy.core.multiarray
_reconstruct
p0
(cnumpy
ndarray
p1
(I0
tp2
S'b'
p3
tp4
Rp5
(I1
(I25
I1
tp6
cnumpy
dtype
p7
(S'f8'
p8
I0
I1
tp9
Rp10
(I3
S'<'
p11
NNNI-1
I-1
I0
tp12
bI00
S'\xefy*%\xdd\xc5 @)"\xe0B\xa4D#@\x81\x05b\xdbq\xb4%@: z\x13\x01\x0e(@x`\xbejOJ*@\xa8<\xb6\xa4\xb1b,@zc\xae\xad\xe7P.@<\x19\xf1\x9f\x97\x070@@\x1b\xae\x88*\xcc0@\x84=\xa7+\xe2s1@>\xe7M8\xca\xfc1@\x9c\xc7fGJe2@\xa2\xcfV\x9d*\xac2@\x9f\xf4\x0f\xcc\x97\xd02@b\xb0\xc7)%\xd22@\x08\xc7\x1d\x15\xce\xb02@\x12Z\xec\x02\xf6l2@>\x14\x98Ug\x072@\xcaxU\x01Q\x811@\x8aOl\x04C\xdc0@\x9f\x19\x01\xbe)\x1a0@\xc0\x05\x98b\x90z.@,\xa4\xb5\x8cb\x90,@\xbc\xb3\xfc8\x80{*@\xbc\xb3\xfc8\x80{*@'
p13
tp14
b.