cnumpy.core.multiarray
_reconstruct
p0
(cnumpy
ndarray
p1
(I0
tp2
S'b'
p3
tp4
Rp5
(I1
(I25
I1
tp6
cnumpy
dtype
p7
(S'f8'
p8
I0
I1
tp9
Rp10
(I3
S'<'
p11
NNNI-1
I-1
I0
tp12
bI00
S'H\x87+ \x07D%@b\x1fOG;Y&@\xf6C\xb5\xd6\xefg\'@\x1e\xb4\x0fE\xfdl(@\xf8P\xa5\xd4Xe)@\x82\xb3^\xa6\x1dN*@\xe7\xde\xda[\x95$+@\xc04\xcb.@\xe6+@\xf2\xa1se\xdc\x90,@\x1a\xcd\x11\x0em"-@\xb08\x16\xed?\x99-@\x9e\\~\x8c\xf2\xf3-@\xf0\x927]v1.@/\x928\xde\x13Q.@\\\xd0\xe9\xbflR.@\x1a\xd8{\xfd|5.@~O\xe4\xe8\x9a\xfa-@E\xed])v\xa2-@z\x81k\xaf\x15.-@\x1a+y\xa4\xd4\x9e,@\x19\x92?_^\xf6+@\x1bw\xfah\xa96+@JdM\xa2\xf1a*@\xe5tN\x99\xb1z)@\xe5tN\x99\xb1z)@'
p13
tp14
b.