cnumpy.core.multiarray
_reconstruct
p0
(cnumpy
ndarray
p1
(I0
tp2
S'b'
p3
tp4
Rp5
(I1
(I25
I1
tp6
cnumpy
dtype
p7
(S'f8'
p8
I0
I1
tp9
Rp10
(I3
S'<'
p11
NNNI-1
I-1
I0
tp12
bI00
S"\x04\xf9T\x8e\xecR%@\xff\xcc\x1aK6\x13'@j\x97\x1b\xb4\xfd\xc8(@\xfa\xf0\x0c\xdb(o*@@\x92\xcfb\xcc\x00,@\x08\x9f8,:y-@\xc9N*L\x0f\xd4.@w\x0f\xab\x90\xa0\x060@\xcd\xf9O\xb1\x94\x900@\x00\x9a\x15\x81H\x061@\xaa\xf0K\xe2\\f1@\x06\xbd\xe97\xb3\xaf1@\xa4S\x8a\xbcp\xe11@cW\n\x0f\x01\xfb1@\xe2\x88(\xed\x17\xfc1@\xfcF\x02\x17\xb2\xe41@\xe9#\xc5X\x15\xb51@U\xa4x\xba\xcfm1@`EM\xd8\xb5\x0f1@\x9e\xb1`h\xe0\x9b0@\xa9\x1d[\xf5\xa8\x130@D\x93O\xafK\xf1.@\x04\x1c\x97\xf2J\x99-@\xe0\xdc\xf2\xe4Q#,@\xe0\xdc\xf2\xe4Q#,@"
p13
tp14
b.