cnumpy.core.multiarray
_reconstruct
p0
(cnumpy
ndarray
p1
(I0
tp2
S'b'
p3
tp4
Rp5
(I1
(I25
I1
tp6
cnumpy
dtype
p7
(S'f8'
p8
I0
I1
tp9
Rp10
(I3
S'<'
p11
NNNI-1
I-1
I0
tp12
bI00
S'NC\xe8\xca\xfc%,@(tw\xa1\x87\x84.@\xc6O\xc23mj0@\x1e\xed\xfd\x14\x07\x881@\x89\x99\xad{\xbd\x972@\xe9\xe0Y\xdde\x963@f\xec\xbd\x8f\x08\x814@\xbeX\xec\xa2\xe9T5@\xe3\xb1G\t\x91\x0f6@\x14\xfd\xf9\xf4\xd1\xae6@h\xd0\xf2T\xd107@\xf4\x16\x11^\x0b\x947@\xca\xfd\xf4\x0fX\xd77@\xf0%\xff\xa7\xee\xf97@\xd6\r3\xf8g\xfb7@\xc9,\x02\x9b\xbf\xdb7@\xf4\x93i\x00T\x9b7@\xed\xf4:T\xe5:7@\xa2n\xd9@\x93\xbb6@\x9a7\x18\x95\xd9\x1e6@\x13\x05;\xd7\x8bf5@\x06\x03L\xd2\xcf\x944@\x16\xc3\x07.\x17\xac3@\xd1\x9f{$\x18\xaf2@\xd1\x9f{$\x18\xaf2@'
p13
tp14
b.