cnumpy.core.multiarray
_reconstruct
p0
(cnumpy
ndarray
p1
(I0
tp2
S'b'
p3
tp4
Rp5
(I1
(I25
I1
tp6
cnumpy
dtype
p7
(S'f8'
p8
I0
I1
tp9
Rp10
(I3
S'<'
p11
NNNI-1
I-1
I0
tp12
bI00
S'\xdc\xa3L\x8d\xcf\xf8*@\x14\xe9\xa3B\xa77,@\xc97\xaa|\x05o-@\r\xc7+eI\x9b.@\xa4\xcd\xd3D\xf3\xb8/@\xf5\xa8\x95yWb0@\\\x02T\xe2\xae\xdd0@\xd7\xfd\x95\xec\x0fM1@\x16\x8d\x99W.\xaf1@\xaa\xe1\x0cq\xe5\x022@\x10\xc51~;G2@\x11K\xd4\xa4d{2@\xb7\x94fK\xc5\x9e2@"\x9a+\xe9\xf3\xb02@\x1cU\x08A\xba\xb12@Z,P\x03\x16\xa12@\xd5\xf6\xa9\xd48\x7f2@\x1d\x06\xf9\xb9\x87L2@\x1e\xfb\x03\xeb\x99\t2@\xcbW\\\x0f7\xb71@fu\xc8\xeaTV1@\x08\x8e \x80\x14\xe80@[\xdb)\xb3\xbem0@\x86F\xf7\xe6\x80\xd1/@\x86F\xf7\xe6\x80\xd1/@'
p13
tp14
b.