cnumpy.core.multiarray
_reconstruct
p0
(cnumpy
ndarray
p1
(I0
tp2
S'b'
p3
tp4
Rp5
(I1
(I25
I1
tp6
cnumpy
dtype
p7
(S'f8'
p8
I0
I1
tp9
Rp10
(I3
S'<'
p11
NNNI-1
I-1
I0
tp12
bI00
S')\xa8\xf5\x02\xad\x84#@\x80\x91\xbf\xc5{\x0c&@\xa4~`\xd2\x1a\x85(@2\xacv\xff*\xe7*@\xe6\r\x8dn\x90+-@f)\xed\xc0\x87K/@\xa4}8"]\xa00@*\xe8\x12n\xa8\x821@H\x07,\xb6\x02J2@\x18\x9f\x07K\x19\xf42@d\x00\x86\xc9\xf0~3@,\x01x\x04\xeb\xe83@U\xd1$\xd8\xcb04@\xb8\x00\\\xd9\xbcU4@\xd8t\x16\xd5OW4@l=2\x19\x8054@\xfb\xa3t\x82\xb2\xf03@\x00\xad\xa8O\xb4\x893@\xfd\x97[\xbd\xb8\x013@t\xcdYqUZ2@\xa8B\x9a\xc0}\x951@l\x18\xb2\xdd|\xb50@8\xceW\x02\xdey/@\xa9\x1fX@s]-@\xa9\x1fX@s]-@'
p13
tp14
b.