cnumpy.core.multiarray
_reconstruct
p0
(cnumpy
ndarray
p1
(I0
tp2
S'b'
p3
tp4
Rp5
(I1
(I25
I1
tp6
cnumpy
dtype
p7
(S'f8'
p8
I0
I1
tp9
Rp10
(I3
S'<'
p11
NNNI-1
I-1
I0
tp12
bI00
S'\xe19r\xe4\x9af#@zK\xa0kP\x9d$@s\x9dZG\xbd\xcc%@*&"SX\xf1&@\x86(\x0c\xb1\xb8\x07(@z\xba\x97\xf5\x9f\x0c)@\x84\xe2\xe3\xd4\x03\xfd)@\x1c\x92h4\x17\xd6*@\x18\x99$\x86R\x95+@\x9e8ST{8,@\xbb\xe2&\xe7\xaa\xbd,@M\xc0\xb4\xf0S#-@\x9f\xca%.Gh-@T\xf2]\xf0\xb6\x8b-@\x06\xac\x8e\x819\x8d-@,\x8c\x8e`\xcal-@NAIN\xca*-@\x85\xd6\x1f-\xfe\xc7,@\xd2;\x96\xb5\x8cE,@\xde\x1b&\x07\xfb\xa4+@B\xa7u\x1f(\xe8*@\xae\ryEG\x11*@k\x14%y\xd9")@dEG\xfb\xa5\x1f(@dEG\xfb\xa5\x1f(@'
p13
tp14
b.