cnumpy.core.multiarray
_reconstruct
p0
(cnumpy
ndarray
p1
(I0
tp2
S'b'
p3
tp4
Rp5
(I1
(I25
I1
tp6
cnumpy
dtype
p7
(S'f8'
p8
I0
I1
tp9
Rp10
(I3
S'<'
p11
NNNI-1
I-1
I0
tp12
bI00
S'Si\xe1\x9a \xb6\x1c@H\xb9\x8b5\xe3\x05!@x\x80\xa3B\xb4\xa0#@\xe0\xd9lI\xbe#&@\x8a\xb8\xb5\x0c\x83\x87(@\xe4>\xa9\x97\xe1\xc4*@\xb8\xb0\xce\x81+\xd5,@ gS\xdd8\xb2.@\xd1\x9c\x15J=+0@\x8e\xc1\x9f~\x85\xde0@(\x83\x1a<\xdep1@nR\x1a\xf2\x92\xe01@\x85DDfV,2@\x94\xfdY\x96FS2@s\x9emZ\xefT2@t\x81b\xbfK12@\xba \xb1\x15\xc6\xe81@H\x1aB\xb46|1@Sc\x12s\xe1\xec0@C\xd3%\xe5q<0@\xf8\xad\x13\xba\xec\xd9.@\xd0`\x8a\x95\xb3\x01-@\xb5\xc6\x00\x0b\xb9\xf5*@\xd84\xd5,\x18\xbc(@\xd84\xd5,\x18\xbc(@'
p13
tp14
b.