cnumpy.core.multiarray
_reconstruct
p0
(cnumpy
ndarray
p1
(I0
tp2
S'b'
p3
tp4
Rp5
(I1
(I25
I1
tp6
cnumpy
dtype
p7
(S'f8'
p8
I0
I1
tp9
Rp10
(I3
S'<'
p11
NNNI-1
I-1
I0
tp12
bI00
S'ZWs>\x0b\x12%@\xdea<E[\xdf&@4\xc1\x0f\xce\xda\xa1(@\xd0BY\xf9IT*@`l\x0b\xd3\x98\xf1+@R\x1b\x8fl\xf6t-@`\xb0\xb3:\xdf\xd9.@\x88\x17bF\x15\x0e0@C1Kz\x0b\x9c0@\x8f\xcaH\xbd*\x151@\xc4\xa5 \xbe\tx1@\xb2\x84\x01\x8c\x81\xc31@\xe8FX\x06\xb1\xf61@\x0b\xa7b|\xff\x102@p;\xact\x1e\x122@\xa2\xf7&\x97\n\xfa1@\x1a\xdb$\xb7\x0b\xc91@Z\x0b\x15\xfd\xb3\x7f1@+\x82\x832\xde\x1e1@\xaf\xf0o5\xab\xa70@ \xc8\x96\x9a~\x1b0@O\xf2m\x11\xf5\xf7.@wMa\xb2\xf5\x95-@\xa6\xac\x0b\x19\x1f\x15,@\xa6\xac\x0b\x19\x1f\x15,@'
p13
tp14
b.