cnumpy.core.multiarray
_reconstruct
p0
(cnumpy
ndarray
p1
(I0
tp2
S'b'
p3
tp4
Rp5
(I1
(I25
I1
tp6
cnumpy
dtype
p7
(S'f8'
p8
I0
I1
tp9
Rp10
(I3
S'<'
p11
NNNI-1
I-1
I0
tp12
bI00
S'\xbd\xaf\x81\x873\xfd$@\xbe\xf0n\x1d\xeb9&@\xef\xd7\x81\xf95o\'@\xf95\xa3vy\x99(@\x860\x15\xd6;\xb5)@f)\xa2\x9d.\xbf*@vo\xb9t8\xb4+@\xec\x1a\rc~\x91,@\xe9D\x1dUlT-@\x18\xdcG\xcd\xbc\xfa-@\xa66k\xaa\x7f\x82.@\x19\xd2\xe4\xef\x1f\xea.@zN\xad}h0/@\xe8\xc0}\xaa\x87T/@H\x87?\xb5\x11V/@=\xe2|\x06\x025/@\xb7s\x13>\xbb\xf1.@\xe0\xc5\xff\x0c\x06\x8d.@\xc2}\xaf\xde\x0e\x08.@<"\xd4Xbd-@\xc4\xd5\'\xbc\xe8\xa3,@n\xb0\xed3\xe0\xc8+@d\x95&%\xd6\xd5*@i\xebo\x91\x9f\xcd)@i\xebo\x91\x9f\xcd)@'
p13
tp14
b.