cnumpy.core.multiarray
_reconstruct
p0
(cnumpy
ndarray
p1
(I0
tp2
S'b'
p3
tp4
Rp5
(I1
(I25
I1
tp6
cnumpy
dtype
p7
(S'f8'
p8
I0
I1
tp9
Rp10
(I3
S'<'
p11
NNNI-1
I-1
I0
tp12
bI00
S'\'\x10\xedqT\xe0(@\x84yI =3+@\x15\xca\x0f\x8f3x-@>n\xfe\xaer\xa8/@\xacY\x84\x9e\xb9\xde0@:\x00\xed\x9d\x7f\xd81@I\xf0s=\xa2\xbe2@\xbc\xf2\xe6\xf9r\x8e3@\xd1A\x13\xe5\x85E4@|S\x13\xdf\xb8\xe14@\xd0_q\xf39a5@\\\xcb"\xc7\x8c\xc25@\xf2\x06*\x07\x8f\x046@-1\xa6\xca{&6@\x8b\xf18\xde\xed\'6@hK\xea\xf1\xe0\x086@\xe2\xd8\x05\xa6\xb1\xc95@\x9c\r\xcbv\x1ck5@\xfc\xc3(\x8a;\xee4@\x1c_\x11f\x83T4@\xfaG6\x99\xbe\x9f3@\xa6\xc6\x1dc\x08\xd22@\xcc\xd1\x83k\xc6\xed1@v{\xc4\x9b\xa1\xf50@v{\xc4\x9b\xa1\xf50@'
p13
tp14
b.