cnumpy.core.multiarray
_reconstruct
p0
(cnumpy
ndarray
p1
(I0
tp2
S'b'
p3
tp4
Rp5
(I1
(I25
I1
tp6
cnumpy
dtype
p7
(S'f8'
p8
I0
I1
tp9
Rp10
(I3
S'<'
p11
NNNI-1
I-1
I0
tp12
bI00
S"`I\x11\x1e\x88\xb0*@\xbe\x8d'a\x9er,@\xf4]\xb5\x84'*.@\xd4\\\xdc\\\x04\xd2/@\xda\xef_?\xa2\xb20@\x82\xc70~\x9ao1@W\xdb\x884\xb7\x1d2@'UQ\xfe\xf0\xba2@ D\x17\xd7rE3@]\xbb)\x91\x9f\xbb3@M~%\xa6\x16\x1c4@\xf7q\x91R\xb8e4@\r\xc8J\xf0\xa8\x974@\xff$\xc0\x85S\xb14@G%Y\x82k\xb24@\x04\x90\xdc\xa2\xed\x9a4@p\xe1+\xfb\x1fk4@\xc1$7%\x91#4@|\xb8\x98\x97\x16\xc53@\xba\xf7\xcd(\xcaP3@\x8aXx\xc6\x06\xc82@\x08\x03sjd,2@F\x1e\xccY\xb3\x7f1@\x88P\xd0\xbb\xf6\xc30@\x88P\xd0\xbb\xf6\xc30@"
p13
tp14
b.