cnumpy.core.multiarray
_reconstruct
p0
(cnumpy
ndarray
p1
(I0
tp2
S'b'
p3
tp4
Rp5
(I1
(I25
I1
tp6
cnumpy
dtype
p7
(S'f8'
p8
I0
I1
tp9
Rp10
(I3
S'<'
p11
NNNI-1
I-1
I0
tp12
bI00
S"\xf9N\xfe<\xec\x9d\x1f@\xdd\xfb\xcbl\xf9\xe8 @\xbcA\xcbF`\xfc!@\xce\xd3\xa5 \xf5\x05#@\xa8N\xfd\xb9\x9f\x02$@\xa6\x13FYn\xef$@\x92\xad3\x94\x9e\xc9%@W[\x04\x8b\xa5\x8e&@\x8f\x84\x1d~7<'@$\x1bY\xa7N\xd0'@B\xab\x95B1I(@\x85\x8a\x89\xb3v\xa5(@-\xf8}\xb9\x0b\xe4(@\xb0/i\xa45\x04)@\x86\x03\xd6\x81\x94\x05)@:\xb5\x1b;$\xe8(@\xc0:\x90\xa1<\xac(@\x1c\x8f\x90h\x90R(@\xd1\x86l\x10+\xdc'@\xff_l\xc8mJ'@\x91}<Q\x0b\x9f&@r7\x06\xec\x02\xdc%@\xaf\x84Re\x9a\x03%@\x90\n|MW\x18$@\x90\n|MW\x18$@"
p13
tp14
b.