cnumpy.core.multiarray
_reconstruct
p0
(cnumpy
ndarray
p1
(I0
tp2
S'b'
p3
tp4
Rp5
(I1
(I25
I1
tp6
cnumpy
dtype
p7
(S'f8'
p8
I0
I1
tp9
Rp10
(I3
S'<'
p11
NNNI-1
I-1
I0
tp12
bI00
S"X\xe0\xf0?\x96T$@\xdb\x00LM+\xef%@\xbay\xe4O \x80'@\xa9\x1c+1\xc9\x02)@\xa4W\t\x81\xa4r*@\x06%\xae\xe6h\xcb+@a\x16\x08\xea\x11\t-@\xb8l\xc7\xef\xeb'.@\xd6\x1e(D\x9f$/@\xfaA\x93\x13:\xfc/@\xc9\x8f\xac\x99\x1cV0@Q\xea'\xd0G\x990@\x0f\x8a}N\xd6\xc60@\xd3\x89~.@\xde0@\x9aD\xf1\x97?\xdf0@\x85\x86\xeb\x90\xd1\xc90@\xbdg\xb3\x066\x9e0@)U\x0c\x0f\xef\\0@\xf0%)d\xbf\x060@\xf8\xad\x91?P9/@\x01\x85\x85x\xcb?.@\xe2j\xe4\xc8\xd8#-@\xd2N\x03;\xc7\xe8+@\xb9\xd6\n\xafB\x92*@\xb9\xd6\n\xafB\x92*@"
p13
tp14
b.