cnumpy.core.multiarray
_reconstruct
p0
(cnumpy
ndarray
p1
(I0
tp2
S'b'
p3
tp4
Rp5
(I1
(I25
I1
tp6
cnumpy
dtype
p7
(S'f8'
p8
I0
I1
tp9
Rp10
(I3
S'<'
p11
NNNI-1
I-1
I0
tp12
bI00
S"\x12\xbe`\x15\x91\xd2\x1d@\xba\xc0\x83'\x94W @6\xd8]\x81I\xbd!@\x0eb\\\x85=\x16#@\xc6\x1ca-k^$@\\\xa0\xbb}\xff\x91%@\xdb\xa3\x8c\xedd\xad&@\xd2\xee\xda\x17N\xad'@\xac\x05u\x95\xbf\x8e(@\xb4\x95<\xe2\x18O)@\xfbDR3\x1c\xec)@(S\xc1&\xf5c*@\x1e\xfd\xb88>\xb5*@\x84\x9a\x0b\xee\x04\xdf*@\x9e\x02\x86\xa7\xcc\xe0*@\xdan\xb1\x15\x90\xba*@\x9c\xdf\xaaH\xc1l*@\x82\xc1\xe0[H\xf8)@\xba\xd8\xad\xc1\x80^)@\xf5\xea\xe265\xa1(@J\x02Sj\x9a\xc2'@\xac}ThH\xc5&@\x9b\xec\xd7\xdd2\xac%@p\xee)J\xa0z$@p\xee)J\xa0z$@"
p13
tp14
b.