cnumpy.core.multiarray
_reconstruct
p0
(cnumpy
ndarray
p1
(I0
tp2
S'b'
p3
tp4
Rp5
(I1
(I25
I1
tp6
cnumpy
dtype
p7
(S'f8'
p8
I0
I1
tp9
Rp10
(I3
S'<'
p11
NNNI-1
I-1
I0
tp12
bI00
S'\xc4u5@<\xcb\x18@\xd8\xdf\xee\x12\xff\x11\x1c@H\xfb\xcd5\x18E\x1f@\xc0\x91c\x1c~-!@\xcd,Xf;\xa5"@a\x02)\x1cc\x05$@\xa8\r\xd3\xbb\xdaI%@\'\x8c\xac[\xdan&@\t!\xc2\xf1\xf7p\'@\x1ab+\x831M(@\xb9\xec\xf4\x1c\xf6\x00)@\xfb\x1f\xdc{-\x8a)@\x13p\x06L>\xe7)@\x1b=\x10\xee\x12\x17*@\xdc\xa88\xb3\x1c\x19*@\xc6\xea\x03\x87U\xed)@yn^\x01@\x94)@\xf8\xa1\n\xe1\xe5\x0e)@\x11\x93\xe3\xf2\xd4^(@\xd3*1o\x1a\x86\'@/\xf7\xe1\xda<\x87&@\xf7S\xec~4e%@:/P\x8cb#$@\x86\x05\'\x07\x87\xc5"@\x86\x05\'\x07\x87\xc5"@'
p13
tp14
b.