cnumpy.core.multiarray
_reconstruct
p0
(cnumpy
ndarray
p1
(I0
tp2
S'b'
p3
tp4
Rp5
(I1
(I25
I1
tp6
cnumpy
dtype
p7
(S'f8'
p8
I0
I1
tp9
Rp10
(I3
S'<'
p11
NNNI-1
I-1
I0
tp12
bI00
S"$\x0fC\x02\x1c\x00)@O\x90`\x86M&*@\x87\xfa\xc2|\x99E+@X\xcf\xc1\xdd\xa6Z,@\x18\xce\x161;b-@\xda|K/DY.@\xf8PB\xeb\xe0</@\xefDC45\x050@{\x7fb\xc2\xbd_0@\x1e\xddi\x0e\xfc\xac0@\xf6\x1c\xfc\xab\t\xec0@I\xe4R\x83*\x1c1@ yW\x02\xcf<1@F?\xeb\xc8\x95M1@\n]b\xcbLN1@\xcc\x01\xce\xe7\xf1>1@\x19\xf6X\xec\xb2\x1f1@4{\xa3\x0e\xed\xf00@\x99\x16\xb6\xd5+\xb30@\xfd\xbc\xc8y'g0@\xa3\xfc\xb7\xbe\xc2\r0@2\xf7\x1e\x9f\x10P/@~q\x17FOn.@z*\xb0\xe4\xe2x-@z*\xb0\xe4\xe2x-@"
p13
tp14
b.