cnumpy.core.multiarray
_reconstruct
p0
(cnumpy
ndarray
p1
(I0
tp2
S'b'
p3
tp4
Rp5
(I1
(I25
I1
tp6
cnumpy
dtype
p7
(S'f8'
p8
I0
I1
tp9
Rp10
(I3
S'<'
p11
NNNI-1
I-1
I0
tp12
bI00
S'T\xb8\x14\xe5E|\x1a@\x17\xcd\x92\xe9i\xc7\x1d@W8\xc6\xfad\x7f @\xfcD`\xebf\x0c"@+\x97#x\x1a\x86#@n)+\xea\x18\xe8$@\x94\xfd5CB.&@\xde\x8f\xc4\x8b\xc9T\'@+\x98\x89)@X(@\xda\xe0[\x1c\xa05)@\x8f\xb4\x1e\x03U\xea)@09\xb9\xcdCt*@v%(\x05\xd1\xd1*@K\xd0\xec\x96\xe5\x01+@}\x10\x8c\x15\xf2\x03+@\x96\x85id\xf0\xd7*@\xf8\xf4\x02\xcac~*@\nXUhW\xf8)@j\xcc\xfb\x1f[G)@!\x8eQ\xe7~m(@\xd7g}\xa3Lm\'@\xe0\xd1\xc0\x95\xc0I&@\xab\x06\xa2s@\x06%@\xc8\xfc\x81D\x91\xa6#@\xc8\xfc\x81D\x91\xa6#@'
p13
tp14
b.