cnumpy.core.multiarray
_reconstruct
p0
(cnumpy
ndarray
p1
(I0
tp2
S'b'
p3
tp4
Rp5
(I1
(I25
I1
tp6
cnumpy
dtype
p7
(S'f8'
p8
I0
I1
tp9
Rp10
(I3
S'<'
p11
NNNI-1
I-1
I0
tp12
bI00
S"2iA\xad\xd9\x98'@0P\xabk\xd1\x91)@\xd2\xe9\xe2\xae\xf2~+@\xc1.\xc6j~Z-@Z\xca\xa1\x07\xea\x1e/@}E\xfc\xf4wc0@\x88y@\x96\xcf&1@\xf5\x86\xb7.5\xd71@-@\x89\x89\x9ar2@\xb8\xe5\xa2\x170\xf72@\xf3\xc7\x8cVjc3@\x0c\xcd@l\x06\xb63@GMB\xea\r\xee3@\x06I\xbe\xac\xd9\n4@\x9c\x07#\xcd\x13\x0c4@`\xc7_\xa2\xb8\xf13@\xab\x15\xd0\xcb\x16\xbc3@\x15<\xb2F\xcek3@\xd6g\xe4\x90\xce\x013@\x02Ax\xdeS\x7f2@\xae pj\xe3\xe51@l\xb9\xa3\xedF71@w\xdfSI\x87u0@\xe07\xad\xea\xccE/@\xe07\xad\xea\xccE/@"
p13
tp14
b.