cnumpy.core.multiarray
_reconstruct
p0
(cnumpy
ndarray
p1
(I0
tp2
S'b'
p3
tp4
Rp5
(I1
(I25
I1
tp6
cnumpy
dtype
p7
(S'f8'
p8
I0
I1
tp9
Rp10
(I3
S'<'
p11
NNNI-1
I-1
I0
tp12
bI00
S'~\xaa>\xff\x8f-\x1a@\x90\x8ey\x94\x104\x1e@\x923\xdab4\x11!@\xa9/SHo\xf6"@Yqh\x7f\x11\xc4$@\x1e\xc6\xb4\xf0\xb9t&@\x02U\xa7\xf4]\x03(@\xdc\xba\xa4]Xk)@\x12\xc0qSw\xa8*@\xacj\x91\xd6\x08\xb7+@\xf0\x83B\xc6\xe5\x93,@HV:H{<-@\xce.\x0ev\xd2\xae-@\xbe\xa5d9\x96\xe9-@\x02{sE\x17\xec-@\xd0\xc3\xee!N\xb6-@\xaetQA\xdbH-@\x80\xce<"\x05\xa5,@\xcaw\x82\x81\xb4\xcc+@\x91\xa92\xa8n\xc2*@b\x9b\xab\xe6M\x89)@\x9eo\x18S\xf8$(@i\r\xfc\xe6\x94\x99&@\x04$@\x1c\xbf\xeb$@\x04$@\x1c\xbf\xeb$@'
p13
tp14
b.