cnumpy.core.multiarray
_reconstruct
p0
(cnumpy
ndarray
p1
(I0
tp2
S'b'
p3
tp4
Rp5
(I1
(I25
I1
tp6
cnumpy
dtype
p7
(S'f8'
p8
I0
I1
tp9
Rp10
(I3
S'<'
p11
NNNI-1
I-1
I0
tp12
bI00
S'q\xd2h\xadx\xc7&@\x9b\xd2]\xee\x92~)@\xd1;\x07\xa4a%,@\xbeH\x0e\xde\xfb\xb3.@\x02\xa4]p`\x910@\xea\xea\x0fs7\xb51@l}\xfda\x1c\xc22@z\xa2\xe1\x1a\xed\xb43@\xf8L(G\xd5\x8a4@H\xde\xb0\xccVA5@\x8a\x07Q=Q\xd65@\xbat\xe9.\x08H6@G}\x1fi(\x956@z\x1aI\xd9\xcb\xbc6@K~\xc0@|\xbe6@4\xec\x9f\x954\x9a6@\x19\x98\xc9\x11aP6@\xbb\xb4\x0e\xf0\xdd\xe15@e\xc68\xdb\xf4O5@\xa2\x00\x9d\x16Y\x9c4@\xd6Q\xafk"\xc93@pl\xb6\xeb\xc6\xd82@\x88\xa7@\x98\x13\xce1@{\x8c@\x08$\xac0@{\x8c@\x08$\xac0@'
p13
tp14
b.