cnumpy.core.multiarray
_reconstruct
p0
(cnumpy
ndarray
p1
(I0
tp2
S'b'
p3
tp4
Rp5
(I1
(I25
I1
tp6
cnumpy
dtype
p7
(S'f8'
p8
I0
I1
tp9
Rp10
(I3
S'<'
p11
NNNI-1
I-1
I0
tp12
bI00
S'$\x1a\xdf\xe6\x14P*@\x93$}P\x912,@\xd6`\x96*\xbe\t.@x,/\xe7\x1d\xd0/@\x13\x88p\x8b2\xc00@\xa3g\x1d\x1a\xc5\x8a1@\xff\x06@UjE2@\x02\xb1zu\xf5\xed2@\x14\xf4Z\xb3o\x823@\xf1\x87.#\x1e\x014@R/H\xde\x86h4@\xf4 Oju\xb74@\xef\x1bvQ\xfe\xec4@t\x13\xe1\xe0\x81\x085@\xd0"\n\x05\xae\t5@\x10\xaa\x98>\x7f\xf04@R2\xd0\xac@\xbd4@4\xfaw-\x8bp4@I\xa9\xd7\x94C\x0b4@\x7f}\x19\x03\x98\x8e3@\xbc?\x06_\xfc\xfb2@\x86\x8c\x9b\x00&U2@=\xe9i\x98\x06\x9c1@\x8by\xeeb\xc6\xd20@\x8by\xeeb\xc6\xd20@'
p13
tp14
b.