cnumpy.core.multiarray
_reconstruct
p0
(cnumpy
ndarray
p1
(I0
tp2
S'b'
p3
tp4
Rp5
(I1
(I25
I1
tp6
cnumpy
dtype
p7
(S'f8'
p8
I0
I1
tp9
Rp10
(I3
S'<'
p11
NNNI-1
I-1
I0
tp12
bI00
S'\x82\x8f\x01\x8d)+!@\xeb\x9c\x16\x11I^"@\xc0\x86\x04o5\x8a#@\xa2\x1e\x9b\xf4o\xab$@\x06"\xe2\xd6\x99\xbe%@<\x8a\xe1?~\xc0&@\x14\x91@\xdf\x1b\xae\'@\x80\xf92\xe1\xad\x84(@r\xa7\xf60\xb4A)@f\xd3=\xee\xfa\xe2)@\x92\xe8E\xff\xa0f*@\xc2=\x01\xac\x1d\xcb*@;s\x9a1E\x0f+@\x1a\xbd\xaa@L2+@\n\x98\xb7[\xca3+@\xbe\xb1\xe6\x0e\xbb\x13+@h/F\xfd}\xd2*@\xe8\xb2\x81\xc3\xd5p*@\xfe+W\xb3\xe5\xef)@\xf9D\x8fn.Q)@\xd4\xcd\x99k\x89\x96(@\x85\xe7,q#\xc2\'@!-\\\x19v\xd6&@T|\x82o@\xd6%@T|\x82o@\xd6%@'
p13
tp14
b.