cnumpy.core.multiarray
_reconstruct
p0
(cnumpy
ndarray
p1
(I0
tp2
S'b'
p3
tp4
Rp5
(I1
(I25
I1
tp6
cnumpy
dtype
p7
(S'f8'
p8
I0
I1
tp9
Rp10
(I3
S'<'
p11
NNNI-1
I-1
I0
tp12
bI00
S'\xb0sH\x96\xf4\x17&@\xa6*}Zlz\'@\xa8\n\xd8\xd6\x94\xd4(@\xa2\xaa\tme"*@\x9a,\x00Q\xfa_+@(\xd6r#\xa0\x89,@\xbe\x05\xf9\xfb\xde\x9b-@\x10\x0f\xbe\xc1\x84\x93.@"\xb2\xf4\xb3\xaem/@\xdd\r\xcd\x02\xe9\x130@$7m\xb9\xe1_0@\xbf\xbe\xbb\xdc\xde\x990@\xf0Frp3\xc10@|\xd2*!j\xd50@\xd9\xd8]\xa2F\xd60@\x04\xb8Bb\xc6\xc30@\xb0\xedy\x91 \x9e0@>:j~\xc5e0@2\xcd;F]\x1b0@?\xbd\xb1\xbe\x8b\x7f/@\xcco\x97\x06!\xa8.@%\xbcb\xff\xfc\xb2-@\x11x\x80\xef\xfa\xa2,@\x06\x03\x1cCF{+@\x06\x03\x1cCF{+@'
p13
tp14
b.