cnumpy.core.multiarray
_reconstruct
p0
(cnumpy
ndarray
p1
(I0
tp2
S'b'
p3
tp4
Rp5
(I1
(I25
I1
tp6
cnumpy
dtype
p7
(S'f8'
p8
I0
I1
tp9
Rp10
(I3
S'<'
p11
NNNI-1
I-1
I0
tp12
bI00
S'\xd9\r\x97Y\xcf\xa2&@\xc6\xf9S\xabQ\xf8\'@\x02\xa9Tz\xd2E)@PO\x83\xe8n\x87*@\x9c\xf2k\x91g\xb9+@L\xd3.\xb8+\xd8,@`%F\xeac\xe0-@\xee\xd8d\xf7\xfb\xce.@h\x01\xb2 ,\xa1/@\x0cx\xfd\xb1@*0@j+\x0fers0@\xe7jr\xd1P\xab0@\x1d5\xd7M5\xd10@\x92_\xe3\xd0\xae\xe40@\xe6\x1aeB\x83\xe50@~\xef\x9f(\xb0\xd30@Z:\xaf\xafj\xaf0@\x82"\xe8\n\x1fy0@?2\x142o10@\x12\xdd\x8e\xfca\xb2/@\x8e{\xe6W\xd7\xe2.@\x135J\x93\xa9\xf6-@\x9a\x1a/9\x99\xf0,@P6\xb0\x0b\xb4\xd3+@P6\xb0\x0b\xb4\xd3+@'
p13
tp14
b.