cnumpy.core.multiarray
_reconstruct
p0
(cnumpy
ndarray
p1
(I0
tp2
S'b'
p3
tp4
Rp5
(I1
(I25
I1
tp6
cnumpy
dtype
p7
(S'f8'
p8
I0
I1
tp9
Rp10
(I3
S'<'
p11
NNNI-1
I-1
I0
tp12
bI00
S"3<\xad\x8b\x0f\xae&@\x94\x17D\xf1\x8a\xe0'@f\xe8\xa2\t\xd7\x0b)@ \x12\xb4\x00w,*@3\x87\x8d\xd8\r?+@2\xbb\xd9qh@,@\xa9+Z\x17\x87--@bN\np\xa6\x03.@\x90:3\xbdG\xc0.@\x1e\x84\xd9K8a/@\xbd;Q\x03\x98\xe4/@\x9c^\xb4~o$0@\x12\x03\xbd\x0bqF0@\xf2\x93a7\xebW0@*\xf2\xcf\xde\xa9X0@\x96\x82K\xc9\xaaH0@\xca\xc4\xcd\xae\x1d(0@O\x1fZS\xc7\xee/@\x7f.\xe4)\x1cn/@\xa9\xa9x\xb5\xb9\xcf.@\xde\x9b\x85ox\x15.@\x99\x11:\xf5\x83A-@\x97\xce\x14\x8eTV,@\x84\x1a\xc0\xcd\xa7V+@\x84\x1a\xc0\xcd\xa7V+@"
p13
tp14
b.