cnumpy.core.multiarray
_reconstruct
p0
(cnumpy
ndarray
p1
(I0
tp2
S'b'
p3
tp4
Rp5
(I1
(I25
I1
tp6
cnumpy
dtype
p7
(S'f8'
p8
I0
I1
tp9
Rp10
(I3
S'<'
p11
NNNI-1
I-1
I0
tp12
bI00
S'f\x1fhx\x8d\xec\x1b@A \xdf\x99\xdc\x81 @\xb2\x1cu\x15,\xfe"@5\x8dA\x04\xcbc%@v\x94\xf2\xea\x92\xab\'@\xa0j\x13R\xb6\xce)@F\xc3\xfc\x10\xd5\xc6+@\x0e/\xb2R\x0f\x8e-@b?\xf0\x1b\x17\x1f/@\xf4\x92\x12\x0f\xa0:0@\xe9\xb6\x0f\xd4F\xc60@.\x91nE\xdf01@\xa1;\x80g+y1@\xc2\xd0\xf9\x8eS\x9e1@wFP\xe4\xe8\x9f1@\xe6\x05_\xae\xe6}1@\xb0\xe4~`\xb281@\x83w\xe3k\x1a\xd10@\x89\x87\xc5\xd7SH0@F\x80\x0fO\xed?/@0\x1d\'3\xf2\xb3-@\xc0\x0b:\x9aS\xf1+@\x81D\x86\xc0Q\xfd)@Y{(6\xc0\xdd\'@Y{(6\xc0\xdd\'@'
p13
tp14
b.