cnumpy.core.multiarray
_reconstruct
p0
(cnumpy
ndarray
p1
(I0
tp2
S'b'
p3
tp4
Rp5
(I1
(I25
I1
tp6
cnumpy
dtype
p7
(S'f8'
p8
I0
I1
tp9
Rp10
(I3
S'<'
p11
NNNI-1
I-1
I0
tp12
bI00
S'\xd6\'\x95g\x96\xfb)@\xe2\xf4I\x85\x8d\xba,@\xa4"\xd6\xe7\ti/@\xd5\x9e\x8e\xdb\x85\xff0@\x06\xa0\\\x10n:2@J\x96\x84-\x92a3@\x89\xa1\xe2\xc4\x81q4@\xa0\xf0d\xa1\x11g5@p\xc6\xf1:e?6@pQ\x9b?\xf7\xf76@\x14\xb2\xaa\x18\xa1\x8e7@\xd9\x9f\x13U\xa1\x018@H\x1b-\xe6\xa0O8@9\xb1\x0f\x1f\xb7w8@\x8a\x84\xacjly8@4\x97\x86\xb0\xbbT8@\xd0/\xe6c\x12\n8@\x0c\x03Y=O\x9a7@\xc6\x1aM\xa2\xbf\x067@\x8el\x84\xc2\x1bQ6@\xa6\xf1\xf7v\x81{5@l`w\xf1m\x884@\xa2O\xdbO\xb6z3@Z\x05\xf0(\x7fU2@Z\x05\xf0(\x7fU2@'
p13
tp14
b.