cnumpy.core.multiarray
_reconstruct
p0
(cnumpy
ndarray
p1
(I0
tp2
S'b'
p3
tp4
Rp5
(I1
(I25
I1
tp6
cnumpy
dtype
p7
(S'f8'
p8
I0
I1
tp9
Rp10
(I3
S'<'
p11
NNNI-1
I-1
I0
tp12
bI00
S'\xb2.<0\xe6=!@\xd0\xe0\xf8\x1eZ\xd6"@\xc7\x19e\xca:e$@\x16\xb8\xf5O\xe2\xe5%@>\t\xf8:\xd5S\'@jv\x86\xe3\xcf\xaa(@\xa1r\x08\'\xd3\xe6)@\xf4AKT0\x04+@x\xf1\xa2\'\x94\xff+@\xe0\xafN\xb6\x10\xd6,@aO\x89+&\x85-@\xa8\x974=\xca\n.@\xf0\xaf\xe1Ane.@\xa7\xe3\x0e\xd6\x03\x94.@\xa3&\xbf\x02\x00\x96.@\x887\x05\xdc\\k.@e\xc2\xad\x92\x99\x14.@u\xd1\xd3\xf8\xb8\x92-@\xaac\xcb}>\xe7,@`Ya\xaa)\x14,@.j\xe8*\xf0\x1b+@@,\xdbxv\x01*@h\x80\xf69\x07\xc8(@8\xb5\x89nIs\'@8\xb5\x89nIs\'@'
p13
tp14
b.