cnumpy.core.multiarray
_reconstruct
p0
(cnumpy
ndarray
p1
(I0
tp2
S'b'
p3
tp4
Rp5
(I1
(I25
I1
tp6
cnumpy
dtype
p7
(S'f8'
p8
I0
I1
tp9
Rp10
(I3
S'<'
p11
NNNI-1
I-1
I0
tp12
bI00
S':?f\xdf\xd8\x15\x1f@&\xfa\xcb\xd9\xbaM"@\t\x82\xa1{\xf7\xff$@\x18\x0f\x98L\x97\x99\'@,\xea\xee\xaf\xd8\x12*@5=\xff\x97Zd,@\x84\xe3o\x892\x87.@\xee\xe9Y\x9e\x80:0@\'\x01$\xd0\x02\x141@v)~\x01\x97\xcd1@\xb4\x8c\x89\x99\x13e2@\x1c\xa2\x8d\xb2\xb4\xd82@]B\x04^!\'3@\x1ed\x8f\xa9oO3@\xfc\x07\xdbX\'Q3@\x96|ILC,3@I\x07<\x901\xe12@\xbcY\xca\x14\xd2p2@4 \xbc\x11t\xdc1@\xden\x8d\x1e\xd2%1@\x13\x16%\n\rO0@D\xc9>\x03K\xb5.@\xdd\xf2:2\xe9\x96,@\xc1\xc2\xbc\x99FI*@\xc1\xc2\xbc\x99FI*@'
p13
tp14
b.