cnumpy.core.multiarray
_reconstruct
p0
(cnumpy
ndarray
p1
(I0
tp2
S'b'
p3
tp4
Rp5
(I1
(I25
I1
tp6
cnumpy
dtype
p7
(S'f8'
p8
I0
I1
tp9
Rp10
(I3
S'<'
p11
NNNI-1
I-1
I0
tp12
bI00
S'4\xca+\\\xfc~\x18@\x14\xe7\x86\xd5\x81\x9f\x1b@o\x8c4\x1cC\xad\x1e@4\xd6\x01\x13\x92\xcf @\xf7\x0c`\x08.6"@\xa0\xd2f\xabG\x86#@J\x88\xc3^\xf4\xbb$@^\xdc\x80Y\x98\xd3%@\x87\xec\xc0j\xf1\xc9&@<%3\xb2 \x9c\'@u\x96F0\xb3G(@\x82<\x8d\x14\xa9\xca(@l\xb7\x84\xb4{#)@\r\xeb\xf9\x18"Q)@\xf0\x13s\x14\x14S)@\x02rj\xd9K))@N\xb8\x9d\x0bF\xd4(@h\x9e>L\x00U(@\xaa\xb7YE\xf6\xac\'@\xf8\x8eD=\x1d\xde&@\xc9\x93E?\xde\xea%@\xb0\x94\xe2\xea\x0e\xd6$@!\xb8H\xff\xe8\xa2#@:\x1d\x07\xbc\x00U"@:\x1d\x07\xbc\x00U"@'
p13
tp14
b.