cnumpy.core.multiarray
_reconstruct
p0
(cnumpy
ndarray
p1
(I0
tp2
S'b'
p3
tp4
Rp5
(I1
(I25
I1
tp6
cnumpy
dtype
p7
(S'f8'
p8
I0
I1
tp9
Rp10
(I3
S'<'
p11
NNNI-1
I-1
I0
tp12
bI00
S'q\xbc\xf8\xed\xc0\x19&@\xbe\xcc\x008\x86\xda(@\xdc18\xf1\xc5\x8a+@\xb3 !\xffz".@\\R{\xbe\xf4L0@{0\xee\xe6\xdat1@k\xc8\xebG}\x852@1\xb6\x0b\x97\xae{3@\x16\x97\x97j\x90T4@m\x91[\xc8\x9b\r5@\x94\xff\xa2\xaf\xa8\xa45@\xa6\xee\xe3\x87\xf4\x176@\xc0I\xe9`\'f6@\xb4\xf0\xd1\xf4W\x8e6@J\x18\xf0_\x0e\x906@\xa4\x1bm\x86Ek6@)\xe0\x86#k 6@\xcfU9\x82^\xb05@\xa8\x8d$\xe3m\x1c5@\x98or\x97Rf4@\xe6\x7fZ\xdc+\x903@\xc6\xe3\x9a\x86x\x9c2@\xba\xcf\xc8\x90\x0f\x8e1@@1\xad\xa2\x17h0@@1\xad\xa2\x17h0@'
p13
tp14
b.