cnumpy.core.multiarray
_reconstruct
p0
(cnumpy
ndarray
p1
(I0
tp2
S'b'
p3
tp4
Rp5
(I1
(I25
I1
tp6
cnumpy
dtype
p7
(S'f8'
p8
I0
I1
tp9
Rp10
(I3
S'<'
p11
NNNI-1
I-1
I0
tp12
bI00
S'\xf1\xb0\x88\x0c\xd4\x07+@\x0001\xa1\x8aH,@\x8a\x02\xa9\x80\xbc\x81-@>U\xb5a\xc3\xaf.@\xee\xd0\xb8K\x1a\xcf/@\xf8\xc0/\x0b4n0@\x88\xd1K\xb3D\xea0@\xaf\xd1\x85\x05MZ1@\xc2A\x18\xce\xfe\xbc1@\x1f\xdd\x16\xa33\x112@\xc0Q\xb1R\xf0U2@\x90\xd0\x88\xd0g\x8a2@\x16#]\x99\xfd\xad2@6\x98\xf0\x85G\xc02@Q\x02\xb2\x07\x0f\xc12@+$|\xcbQ\xb02@/\x0f\x85\xc0A\x8e2@\xf6\xc2h\x83D[2@\x13i\x0b/\xf2\x172@\xc5e\xdb\x96\x13\xc51@2\xca\xbc\xef\x9fc1@gC\x99\xee\xb9\xf40@\x8e\\,e\xacy0@\xd6\x07N\xce\xcc\xe7/@\xd6\x07N\xce\xcc\xe7/@'
p13
tp14
b.