cnumpy.core.multiarray
_reconstruct
p0
(cnumpy
ndarray
p1
(I0
tp2
S'b'
p3
tp4
Rp5
(I1
(I25
I1
tp6
cnumpy
dtype
p7
(S'f8'
p8
I0
I1
tp9
Rp10
(I3
S'<'
p11
NNNI-1
I-1
I0
tp12
bI00
S'\xe8 WY;\xf6"@\xfb\xca\x9d;\xa9\xe4$@\x9e\xd5u\xe1\x7f\xc7&@YP\x03\xf2\x1e\x99(@a\xbc\x99p\x19T*@\xc4\x9f2\xecE\xf3+@z\xade\xe5\xcdq-@\xcfI\xf3<<\xcb.@\xf8K\xd4\x7f\x8a\xfb/@\xfc1\x92t\x96\x7f0@\x0c\xb3\n{\x8e\xe90@\xee\xb8.6q:1@\xec\xdf\x19\\Mq1@\x06\x04\xf1E\x7f\x8d1@v\x13\x12\xd8\xb2\x8e1@\\\xb3\xfa|\xe4t1@FA\xf9/a@1@\xc0L\x88\x97\xc5\xf10@$\x94\x012\xfc\x890@\xb3\x83\x1a\x9a:\n0@b\xd8\xa1\xd6\xfb\xe7.@\xd6\x15\x16\xa2\x0c\x92-@\x0c\x8fT\x9b\xa3\x16,@\xc8\xa2I\x92,z*@\xc8\xa2I\x92,z*@'
p13
tp14
b.