cnumpy.core.multiarray
_reconstruct
p0
(cnumpy
ndarray
p1
(I0
tp2
S'b'
p3
tp4
Rp5
(I1
(I25
I1
tp6
cnumpy
dtype
p7
(S'f8'
p8
I0
I1
tp9
Rp10
(I3
S'<'
p11
NNNI-1
I-1
I0
tp12
bI00
S'\x1d\xe1\x01$9\xf6*@u3/\r\xd0\x93-@\xfa\xe3\xecC\xda\x100@\x9er:\xfb#L1@`\x94\xce\xa4\x18x2@Y\x15\xbau9\x913@\xfc\xdd\r\xcd?\x944@,\xce\x8d\xf9&~5@P\x0e\xb2:5L6@\xf2\xd0\x1a\xe2\x03\xfc6@\x10`5}\x86\x8b7@#\x8c\xb4\xf1\x10\xf97@\xf8\x8a\xa1z\\C8@{\xae#w\x8bi8@\xfa\x19\xa3\xff+k8@\xdc<\x9299H8@\x1fv\xe8e\x1b\x018@(\xaf"\xaa\xa6\x967@p\xa9i\x97\x18\n7@@\xd7=w\x14]6@@\xb5\xb2h\x9e\x915@\n\xca\xcc\\\x15\xaa4@\xbe%\xf3\x03,\xa93@\x14l\x8d\xc1\xe0\x912@\x14l\x8d\xc1\xe0\x912@'
p13
tp14
b.