cnumpy.core.multiarray
_reconstruct
p0
(cnumpy
ndarray
p1
(I0
tp2
S'b'
p3
tp4
Rp5
(I1
(I25
I1
tp6
cnumpy
dtype
p7
(S'f8'
p8
I0
I1
tp9
Rp10
(I3
S'<'
p11
NNNI-1
I-1
I0
tp12
bI00
S'BQez\x1f\xc5\x1f@\x82\x81\x042\x98\x15!@]\xad\x12\x0bnA"@q\x16Z\xd9\x92b#@g[\xaa\x12\xa8u$@F\xe0\xac\x1eyw%@\xb7\xf9\xcb\xe6\x04e&@\x8f\xe6s\xcc\x86;\'@\xa2\xa4\xf1\xea~\xf8\'@6\xc7M\x8c\xb9\x99(@q\t\xe5\xbaU\x1d)@\xb8E&\xdc\xca\x81)@\xba\xdd\xbdC\xed\xc5)@\x08\xe1\x88\xb1\xf1\xe8)@T8\xe5\xafo\xea)@\x97&N\xcbb\xca)@M\x90\xa3\x9f*\x89)@:l\xf4\xba\x89\')@e+\x1fY\xa3\xa6(@}e\x0b\xff\xf7\x07(@$j\x9c\xff`M\'@\xc5w\xba\xf7\ny&@U\x99\xe6Qo\x8d%@yX\xb2\xe4L\x8d$@yX\xb2\xe4L\x8d$@'
p13
tp14
b.