cnumpy.core.multiarray
_reconstruct
p0
(cnumpy
ndarray
p1
(I0
tp2
S'b'
p3
tp4
Rp5
(I1
(I25
I1
tp6
cnumpy
dtype
p7
(S'f8'
p8
I0
I1
tp9
Rp10
(I3
S'<'
p11
NNNI-1
I-1
I0
tp12
bI00
S'c\xaa\xf3\xffyI\x19@\xf4aQm\xbe\x7f\x1d@\xde\xbc\xa3\xe7]\xce @l\x01\xff~\x16\xca"@H\x11\xcdi\x1e\xad$@Rz8\xbc\xd4q&@\xcb\xe8\xe6\xfb\xf2\x12(@\x90\x8a\x8f\xdc\x9c\x8b)@]\x16\xd3\xbfn\xd7*@A\xba\x14\xcd\x8a\xf2+@\xcb\x1aEz\xa4\xd9,@\xd9\xf56c\n\x8a-@\xf4\t"R\xae\x01.@\xdf\x83]a+?.@<Q\x07$\xcaA.@,e0\xc9\x82\t.@\xc8\xab-3\xfd\x96-@\x95\x1e\xc8\x02\x8f\xeb,@\xce\xf0!\x9c7\t,@k\xe601\x9a\xf2*@"\x98\x94\xe3\xf5\xaa)@\x94\x0eA\x15\x1c6(@d\xc3\xe1\x04e\x98&@\x19\x8c\xee\xd7\xa2\xd6$@\x19\x8c\xee\xd7\xa2\xd6$@'
p13
tp14
b.