cnumpy.core.multiarray
_reconstruct
p0
(cnumpy
ndarray
p1
(I0
tp2
S'b'
p3
tp4
Rp5
(I1
(I25
I1
tp6
cnumpy
dtype
p7
(S'f8'
p8
I0
I1
tp9
Rp10
(I3
S'<'
p11
NNNI-1
I-1
I0
tp12
bI00
S'\x96\xefDS\xffw\x1a@\x08\x86\xc7\xc1y\r\x1e@S\xed\xed\x0b\xb9\xc6 @\xbc\xd2c\xca\xbbv"@h\x81\xffb\xbc\x11$@\xf4\xd1\xf0\xc7\xf0\x92%@\x9f\x07I\xe0\xdb\xf5&@"\x15\xd5\xebZ6(@\xb9\xf4t\xd9\xb1P)@\x8e{"k\x96A*@\xae\xd3k\x06:\x06+@\x1c\xae\x1a\x14R\x9c+@@{\r\xd6\x1e\x02,@D\xb8\xde\x9ep6,@\xfc\xf3\xc9[\xab8,@~/@f\xc8\x08,@\xa2\xbd\xbe\x97V\xa7+@\xc6r\xad\x9fx\x15+@\xb3T;\xa0\xe1T*@6\x89T\x1c\xd0g)@\r\xac\xd1E\x07Q(@\xe9\xff\xd8\xbf\xc6\x13\'@\x96\xa6\x06\xee\xc0\xb3%@\x98oD\xed\x0f5$@\x98oD\xed\x0f5$@'
p13
tp14
b.