cnumpy.core.multiarray
_reconstruct
p0
(cnumpy
ndarray
p1
(I0
tp2
S'b'
p3
tp4
Rp5
(I1
(I25
I1
tp6
cnumpy
dtype
p7
(S'f8'
p8
I0
I1
tp9
Rp10
(I3
S'<'
p11
NNNI-1
I-1
I0
tp12
bI00
S'z\x19D\xee\xf0\x06)@\x93\xa3$S\xacu*@\xdeW5\xd6\xce\xdb+@\xa2\x10\xf1\x1e,5-@\xe0:3\xed\xbd}.@\xc1p\x8a\x1a\xb0\xb1/@+z\x0b\x03\xb6f0@\xe4rq\xa4\xd1\xe60@,\xc4b\xc9\xacW1@\x9d\xd12\xc9\xf6\xb71@\xb0\xc4\xe4f\x90\x062@r\x89\x06*\x8fB2@\xf6\xb1"\x1a@k2@\xf6\xbf\xa2\xd4)\x802@\t6\xe9\xf6\r\x812@DBk\xd8\xe9m2@r\xdb\x9e\x92\xf6F2@\xa6\xa8\xa5V\xa8\x0c2@\x02\xd1\xb0\x12\xad\xbf1@\xf0\xaa\'k\xea`1@\xe2\x0f\x9d\r{\xf10@\xb5\xdd\x8ee\xabr0@\x94F\x86y\xeb\xcb/@v4\xa2\xa5\xfb\x99.@v4\xa2\xa5\xfb\x99.@'
p13
tp14
b.