cnumpy.core.multiarray
_reconstruct
p0
(cnumpy
ndarray
p1
(I0
tp2
S'b'
p3
tp4
Rp5
(I1
(I25
I1
tp6
cnumpy
dtype
p7
(S'f8'
p8
I0
I1
tp9
Rp10
(I3
S'<'
p11
NNNI-1
I-1
I0
tp12
bI00
S'\x98\xf75O\x1f\xdf\x1b@4\x03\xcc><\xa5 @t )\xdd\xa5J#@R\xf4\x96\xbb\xe7\xd7%@x?\x9d!eE(@\x89\xbe\x98\x1a\xe0\x8b*@+\xf0;\x10\x8f\xa4,@)\xd2\xec\t1\x89.@f\x96L*\x10\x1a0@V]\xad\xad1\xd00@\xf0\x1aU\xbf\xddd1@n\xfb\xed\xdeX\xd61@\xcbB\x90\x86P#2@8\xef\x99\x1c\xdfJ2@\x12D\x99\xa0\x8eL2@\xe0\x13O\x0bZ(2@\x06\xb7\xae]\xad\xde1@E\xf0\xae^dp1@\xee\xd8\xac\x0b\xc8\xde0@\xcb\x94\x04\xc3\x8a+0@\x9b\xd2\x9eh\x86\xb1.@\t$\xc1J\xcc\xd1,@k\xc0-=~\xbd*@\x00\xeb\xbc(\xd0z(@\x00\xeb\xbc(\xd0z(@'
p13
tp14
b.