cnumpy.core.multiarray
_reconstruct
p0
(cnumpy
ndarray
p1
(I0
tp2
S'b'
p3
tp4
Rp5
(I1
(I25
I1
tp6
cnumpy
dtype
p7
(S'f8'
p8
I0
I1
tp9
Rp10
(I3
S'<'
p11
NNNI-1
I-1
I0
tp12
bI00
S'\x8f\xcc\x01F\xb9\xcc#@LO\xeb\xf4h\x16&@D\nc\xbd]R(@\xb8\xfd\x18n\xedy*@>\xd8\xb0\xac\xaa\x86,@NS\xfb!xr.@\xceF\xc0[\xcd\x1b0@x\xe1\xf8We\xe80@\n\x8b\xc1\xb3\xa1\x9c1@\\K\x98\xc6h62@\x00\'@\xd5\xef\xb32@\xd0\'0j\xc0\x133@:A\x9e\xb2\xbcT3@,\xd5!\xd3"v3@\xce^\xfe)\x8fw3@i+Yx\xfdX3@\x88\x87\xe3\xee\xc8\x1a3@\xa4\x98\xd3\x1d\xab\xbd2@\xa7^W\xcb\xb9B2@\n\'\xf5\xb6c\xab1@mK\x81Sl\xf90@\x88\xd8h\x84\xe6.0@\xf0\xe9\x04\xdc\\\x9c.@v\x95\xb3\xd6\xc4\xb3,@v\x95\xb3\xd6\xc4\xb3,@'
p13
tp14
b.