cnumpy.core.multiarray
_reconstruct
p0
(cnumpy
ndarray
p1
(I0
tp2
S'b'
p3
tp4
Rp5
(I1
(I25
I1
tp6
cnumpy
dtype
p7
(S'f8'
p8
I0
I1
tp9
Rp10
(I3
S'<'
p11
NNNI-1
I-1
I0
tp12
bI00
S"7\x98\xd9\xbf\xe2\x08%@F\x00\x0c\xfaK5&@vZ\x1eV\xaaZ'@F\xe7\x82\xaf\x92u(@r\xf8e\x16\xb9\x82)@\xb8|6\xa5\xfa~*@p\x80\xc1\xdbfg+@6\xd5\xf7cH9,@v\x895&-\xf2,@\xa6V\xf1\x94\xed\x8f-@\xa7\x90\x10\x1a\xb3\x10.@\xfao\xb3\x92\xfdr.@\x8e\x11\x1e\xc9\xa7\xb5.@\xe3\xd3c\xdf\xea\xd7.@t\xdb\xa3\xa0`\xd9.@\x00\x12\xed\xb1\x04\xba.@<\x1d<\x9f4z.@&\x8bl\xc4\xae\x1a.@\x14\xa8]\x15\x90\x9c-@\x90\xf4\xe8\xcbP\x01-@`\xf6\x91\x05\xc0J,@\xafX\x03^\xfez+@\xde\x84r\x96w\x94*@n\r\xd8\\\xdb\x99)@n\r\xd8\\\xdb\x99)@"
p13
tp14
b.