cnumpy.core.multiarray
_reconstruct
p0
(cnumpy
ndarray
p1
(I0
tp2
S'b'
p3
tp4
Rp5
(I1
(I25
I1
tp6
cnumpy
dtype
p7
(S'f8'
p8
I0
I1
tp9
Rp10
(I3
S'<'
p11
NNNI-1
I-1
I0
tp12
bI00
S"g\xe1\x88\xa0\x87{)@ !t\x8d\x9a\xa5+@(\xd6IK\xb0\xc2-@TI'\xc0z\xcc/@.\xc5:\xb0r\xde0@,\x8c\x1b\xa9\x13\xc71@kGDWj\x9d2@^H\xedV\xf7^3@\xec&SGy\t4@/\x87\x14\x85\xf3\x9a4@\nl\x81\x17\xb4\x115@\xe0\xd3-\xbfXl5@\x1c\xce\xb1\x16\xd3\xa95@\xd8\xa9F\xb9k\xc95@{\x0b\xdbe\xc4\xca5@8\xee=\x18\xd9\xad5@;\xd2\x19\x15\x00s5@\xc3Y\x9c\xe8\xe8\x1a5@\xda\x03\xcaZ\x9a\xa64@\x8e-\x98_o\x174@\xb0\xc8\xef\x0b\x13o3@\xb2=\xa8\x9b{\xaf2@P\xfaR\x97\xe4\xda1@\x0f\xf2L+\xc8\xf30@\x0f\xf2L+\xc8\xf30@"
p13
tp14
b.