cnumpy.core.multiarray
_reconstruct
p0
(cnumpy
ndarray
p1
(I0
tp2
S'b'
p3
tp4
Rp5
(I1
(I25
I1
tp6
cnumpy
dtype
p7
(S'f8'
p8
I0
I1
tp9
Rp10
(I3
S'<'
p11
NNNI-1
I-1
I0
tp12
bI00
S'\x87\x16\x8a\x19\x8aO\x1b@\xa4\x83I\x94[\xf4\x1d@_\xe0Q\x9f\xa7D @P\xce\x07\xb6X\x83!@`b4_\x8a\xb2"@\x91\xdc\xef&\xb4\xce#@\xce\x98\x8b^\x86\xd4$@\xee\xf2F\xfd\xf3\xc0%@\xc2\x043\xba;\x91&@^\xfd\x1eD\xf0B\'@(\xe4\x08\x7f\xff\xd3\'@p\xd0y\xb1\xb8B(@bA`\x8f\xd1\x8d(@\xca\xdd]\x13j\xb4(@\x9c]\r\x1b\x0f\xb6(@\x9a\x19w\xbe\xbb\x92(@\xf2\xb2\xb3^\xd9J(@**\x91k>\xdf\'@\xbf$\xe4\xe3+Q\'@7\x9b\xf9\x97I\xa2&@\xb2gQ9\xa1\xd4%@\xee!]F\x98\xea$@R\xb8e\xe4\xe8\xe6#@b\x1f\xeb\xbc\x99\xcc"@b\x1f\xeb\xbc\x99\xcc"@'
p13
tp14
b.