cnumpy.core.multiarray
_reconstruct
p0
(cnumpy
ndarray
p1
(I0
tp2
S'b'
p3
tp4
Rp5
(I1
(I25
I1
tp6
cnumpy
dtype
p7
(S'f8'
p8
I0
I1
tp9
Rp10
(I3
S'<'
p11
NNNI-1
I-1
I0
tp12
bI00
S'>\x8a\xb1\xa4\x04&!@\x13\x07\xfd\x87\'L#@8\x89\xc5\xddde%@\xba8\xb9\x04zk\'@\x84\x9f\x1b\x81]X)@\xb6\xaa\x13\xffP&+@<~\xc7t\xf2\xcf,@\x96\xfa)1LP.@Y\x17\x93\xa7\xe3\xa2/@h.\x00f\xe3a0@\xd8K\x11\xec\xcb\xd70@kK\x0e\xab\xcb11@\x16\x1a\x7f)\xd6n1@\xe5\xdbCP5\x8e1@\x14\xb2\xc5\x89\x8b\x8f1@\xbc3"\xd9\xd4r1@\xd4\xcf\x10\xe6f81@\xc0\x9b^\xfd\xef\xe00@\x8b\xc8\xfa\x08um0@\x1a\x9bE\x0b\x9d\xbe/@S2\x80\xfeHp.@R\x98\xe1?\xd3\xf3,@0\xfe\xf1\xc0\xaaM+@\x1a\'\xe4\xd6\xba\x82)@\x1a\'\xe4\xd6\xba\x82)@'
p13
tp14
b.