cnumpy.core.multiarray
_reconstruct
p0
(cnumpy
ndarray
p1
(I0
tp2
S'b'
p3
tp4
Rp5
(I1
(I25
I1
tp6
cnumpy
dtype
p7
(S'f8'
p8
I0
I1
tp9
Rp10
(I3
S'<'
p11
NNNI-1
I-1
I0
tp12
bI00
S'\x01Czc\x80(&@\x01\xb95\x9c\xa1\xd6(@u\xaf\xe8"\xadt+@\x0et\xd6*\xd4\xfa-@=\x9d\xa2\x96\xc700@\x82C\xbb/\xdaP1@\xbc\xcc\x80\x88FZ2@\x08\xaah\xd9\xf4I3@c\xb0\x83%\x1a\x1d4@\xfdj\\\x8f@\xd14@;\xa7\xe7\xafNd5@02\xa2\xd9\x8d\xd45@\x0e\x8d-5\xaf 6@\xe0\xe5+\xa8\xcfG6@u\xa6\xb7zzI6@\xca\xa8\x91\xb3\xaa%6@Tj\xf7&\xcb\xdc5@\xac\xfb\xf47\xb5o5@\xd2R\xe9O\xae\xdf4@uz\xcb\x13d.4@\xc6b\x80b\xe7]3@\xa0\xa30+\xa6p2@=~\x00.di1@\x8c\x93\xc8\xbc2K0@\x8c\x93\xc8\xbc2K0@'
p13
tp14
b.