cnumpy.core.multiarray
_reconstruct
p0
(cnumpy
ndarray
p1
(I0
tp2
S'b'
p3
tp4
Rp5
(I1
(I25
I1
tp6
cnumpy
dtype
p7
(S'f8'
p8
I0
I1
tp9
Rp10
(I3
S'<'
p11
NNNI-1
I-1
I0
tp12
bI00
S'\xe8\xa35\xfe \x01(@\x8f\x0e_o \xc3*@\xae\x8fa\xf2\x92t-@\xc4O\xc9\xec\xb7\x060@\xb2Z\xd1\xe6\xfbB1@\x14\xdd\n\xf5ek2@\x0cZ\x02\xdd\x81|3@\xd6\xcf\xc8\xe9 s4@\x8e,JjcL5@>e\xeeC\xc1\x056@\x83l\xf2\x7f\x11\x9d6@\xcd\xb2\xf1\xbc\x90\x107@\xa0{gq\xe6^7@JKw\xef(\x877@\xe3v\x02\x1e\xe0\x887@\xd8`\xeb\xde\x06d7@\xee\xa7Y\x1e\x0b\x197@/\xbe\xd1\x8a\xcc\xa86@\xfc\x14\xf2\xf9\x99\x146@\xf3\\\x9c\x81-^5@\x06x.Q\xa7\x874@\xb6#)Z\x87\x933@\xd6\xf0.\xdb\xa5\x842@\x9b@\x9a\xe3*^1@\x9b@\x9a\xe3*^1@'
p13
tp14
b.