cnumpy.core.multiarray
_reconstruct
p0
(cnumpy
ndarray
p1
(I0
tp2
S'b'
p3
tp4
Rp5
(I1
(I25
I1
tp6
cnumpy
dtype
p7
(S'f8'
p8
I0
I1
tp9
Rp10
(I3
S'<'
p11
NNNI-1
I-1
I0
tp12
bI00
S'\xbd6\x91cn\xac*@I\xa03\\\xc29,@1a\x18\xd5\xc5\xbd-@\t\x14?T\xf33/@\x7ft\xd4R\xf7K0@4H\x89\xee\xc8\xf20@`\x03\xe1\xda|\x8c1@\xd37\xbf\x95H\x172@J\xa9\x0c\x15\x8e\x912@Hr\xd4\x99\xe0\xf92@\x13=U\xf0\x08O3@V\xc5X\x10\t\x903@kP\x00\x13\x1f\xbc3@\xc5\x881u\xc7\xd23@\xea>\xe6\x9f\xbe\xd33@\xca\xc3\xcc\xb1\x01\xbf3@\xa1d\xdf\x87\xce\x943@\x12g\xd9\x04\xa3U3@b\x07\xb0\x99;\x023@n\xb3o\x13\x91\x9b2@>h\n\xb5\xd5"2@\xc38\xbd\xa5q\x991@zX\xb2\xbe\xfe\x001@\x0f\x97d\xc4C[0@\x0f\x97d\xc4C[0@'
p13
tp14
b.