cnumpy.core.multiarray
_reconstruct
p0
(cnumpy
ndarray
p1
(I0
tp2
S'b'
p3
tp4
Rp5
(I1
(I25
I1
tp6
cnumpy
dtype
p7
(S'f8'
p8
I0
I1
tp9
Rp10
(I3
S'<'
p11
NNNI-1
I-1
I0
tp12
bI00
S'j\xc5\xaf\x85?\x16$@\xd7E\xc9\x1b?)%@)\xaeLV\xcc5&@\x8a\xae\x96\x18\xc68\'@}\xc6\xf3\xd6\'/(@\x9e\x9e1\x97\x12\x16)@\x88\x92\x1e\x81\xd5\xea)@\x96\x03k\xe5\xf5\xaa*@\xd0\x93\xfa\xa26T+@\xf7\\\x95\xd4\x9e\xe4+@Z\xfc\x0c\xb3\x7fZ,@6\x7fH\x9ay\xb4,@\x1e\xc9="\x80\xf1,@&G\x9f?\xdd\x10-@Jr\xe9b3\x12-@n(|\x8f~\xf5,@\xa1H\x7fg\x14\xbb,@L\x18o,\xa3c,@\xdcyJ\xb7/\xf0+@\xef\x9eqn\x12b+@\x14pFB\xf3\xba*@sg\x87\xbc\xc4\xfc)@\xf3h!1\xbe))@\x8b\xf9\xcc!UD(@\x8b\xf9\xcc!UD(@'
p13
tp14
b.