cnumpy.core.multiarray
_reconstruct
p0
(cnumpy
ndarray
p1
(I0
tp2
S'b'
p3
tp4
Rp5
(I1
(I25
I1
tp6
cnumpy
dtype
p7
(S'f8'
p8
I0
I1
tp9
Rp10
(I3
S'<'
p11
NNNI-1
I-1
I0
tp12
bI00
S'\nU\xea\xcdE\x08)@\x88E\xbd\xcf\xc8"*@\x1e\xd4\xe1^\xac6+@\x8e\x81}{\xb9@,@\xdezr~\xd6=-@\xdb\xc8\xe7X\x10+.@\xaa\xd6\xaf`\xa3\x05/@\x8c6N\x8f\x03\xcb/@\xfe\xa4\x81\rr<0@\xe6\xc8\x99)\x9f\x860@\x80\x93\xd9\xd5+\xc30@\x7f\xd3vrc\xf10@_8\xc4 \xbc\x101@\x97Cx^\xd8 1@\xc7,\x9f\x1c\x88!1@?\x9b\xf7N\xc9\x121@\x9a\x8b\x0e\xf2\xc7\xf40@\x1d(\x08\x88\xdd\xc70@/\x01\x9d\r\x90\x8c0@\xb6)hj\x90C0@U\x14]\xc2p\xdb/@\xa6M\x8b\x0c\x10\x18/@6OW\x87E?.@0\xdan\xe7\x97S-@0\xdan\xe7\x97S-@'
p13
tp14
b.