cnumpy.core.multiarray
_reconstruct
p0
(cnumpy
ndarray
p1
(I0
tp2
S'b'
p3
tp4
Rp5
(I1
(I25
I1
tp6
cnumpy
dtype
p7
(S'f8'
p8
I0
I1
tp9
Rp10
(I3
S'<'
p11
NNNI-1
I-1
I0
tp12
bI00
S'\xac\x92`5\xf2T\x1c@\xac\xe3X\xe5a\xd2 @\x0c(\xaeRZj#@X\xa4\xf0\xb4\xa5\xea%@\x1d\xdc\xf8\xfe\xcdK(@\x85\xaa\x0e\x06\xba\x86*@@\x9a\xab\xae\xc2\x94,@\xae\xa0\xfd\xc4\xc6o.@oS\xfb\xa2\x1e\t0@Nq.\xf1\xa2\xbb0@\x8c(M\xc5[M1@\xefq\xf3k\x96\xbc1@\xac\xd0\xe3\x16\x07\x082@\xb1\r\xd5\xba\xcc.2@ms\xc5\xaes02@\xcd\xeb\x00\x05\xf7\x0c2@L\xc4\xd4\x99\xc0\xc41@m<\xc5\xd7\xa7X1@h\xe6\xf24\xef\xc90@\xd0\xca,q@\x1a0@\xc5\xa5\xc9?O\x97.@\xe5?\xa6\x19\x1a\xc1,@k\xe6\xff\x1a\\\xb7*@\x94\xdc@\xaa)\x80(@\x94\xdc@\xaa)\x80(@'
p13
tp14
b.