cnumpy.core.multiarray
_reconstruct
p0
(cnumpy
ndarray
p1
(I0
tp2
S'b'
p3
tp4
Rp5
(I1
(I25
I1
tp6
cnumpy
dtype
p7
(S'f8'
p8
I0
I1
tp9
Rp10
(I3
S'<'
p11
NNNI-1
I-1
I0
tp12
bI00
S'\xb5\x18Lqr\xa3(@\xed\xa5\xcd"\xe3\xac*@V\xdb\xc7}\x1a\xaa,@\x11\x1d|y)\x95.@\x851\xd3\x9b+40@\x0c\xf9\'\x0b\x19\x0f1@\xa4\xd7\x90\xf6\xcf\xd81@w5\xe2\xa2\xf6\x8e2@\x87\xf6\xf3\xb0m/3@\xec\xb4\x8drV\xb83@@VX~\x18(4@\xb2O1rf}4@L;\xad\xd5A\xb74@\xab\t3\x11\xfe\xd44@,V\xd7pB\xd64@J\x01\xf8,\x0b\xbb4@T\xb8\x82u\xa9\x834@\xc9\xc7\xc4\x7f\xc204@\xe9\xaf\x96\x99M\xc33@|\xa2\xa1G\x91<3@N\x9eWw\x1f\x9e2@\xba\xc5\xf7\xcf\xd0\xe91@\xb0\x9a\x970\xbf!1@0*\x9fk?H0@0*\x9fk?H0@'
p13
tp14
b.