cnumpy.core.multiarray
_reconstruct
p0
(cnumpy
ndarray
p1
(I0
tp2
S'b'
p3
tp4
Rp5
(I1
(I25
I1
tp6
cnumpy
dtype
p7
(S'f8'
p8
I0
I1
tp9
Rp10
(I3
S'<'
p11
NNNI-1
I-1
I0
tp12
bI00
S"\xcb\x8fz\n\xd8\x94'@Q\xeb\xae$\xc2T)@\xd2\\\x0e),\n+@1\xe9\xe7?\xfd\xaf,@\xb6\x84\xc6\x18KA.@F\xeb\x18\x94h\xb9/@\x81\xe7'\xdb\xf9\x890@K\xb6j]q&1@\xd3\x1e\xef\x0fH\xb01@O\xc1\x91\xc3\xe2%2@>H\x8a\xa5\xe2\x852@vg\xf4U)\xcf2@\xc3L\x17>\xdc\x003@x\x1fw\x1cg\x1a3@lb\x17\xbf}\x1b3@\x9f\xec\xc6\xe6\x1c\x043@\xf7l\xcfP\x8a\xd42@\x80\x94\xeb\xe6S\x8d2@\xb3\x7f\xf0\x17N/2@)9\x19^\x91\xbb1@\xab\xbaV\xfav31@-Ud\xee\x94\x980@\xf4\xabA\x83r\xd9/@\xe8\xc0\x92=\xc9c.@\xe8\xc0\x92=\xc9c.@"
p13
tp14
b.