cnumpy.core.multiarray
_reconstruct
p0
(cnumpy
ndarray
p1
(I0
tp2
S'b'
p3
tp4
Rp5
(I1
(I25
I1
tp6
cnumpy
dtype
p7
(S'f8'
p8
I0
I1
tp9
Rp10
(I3
S'<'
p11
NNNI-1
I-1
I0
tp12
bI00
S"Ny%\xfasP)@~b\x15\x85\xe8\xde*@\xf6\x1bw\xcc\x05d,@.=\xa3\rC\xdb-@\xf8\xd4\xed\xe9@@/@FR\xe98kG0@\x12\xd1\xdf\xc6\x8e\xe10@\xcd\x90\xbcO\xbfl1@\x93\xea\xb2\x9c]\xe71@w\x95\xe5\xe5\xfbO2@h\x1d\x8e\x15b\xa52@R\xa1\xf6j\x91\xe62@;\xablr\xc7\x123@\xf4$RI\x80)3@\xb1\x06\x8a'x*3@N!\xab)\xac\x153@\xa6\xd7\x9dYZ\xeb2@\xfa\x12\x8b\xf5\x00\xac2@@\x84D\xf7\\X2@p\x9a\x89\xe0g\xf11@\xa6\xd5\xba\xd2Tx1@\xa2\xc5\xa7\xfa\x8c\xee0@\xd2\xc9$[\xabU0@\x17/\xed\x05\xf0^/@\x17/\xed\x05\xf0^/@"
p13
tp14
b.