cnumpy.core.multiarray
_reconstruct
p0
(cnumpy
ndarray
p1
(I0
tp2
S'b'
p3
tp4
Rp5
(I1
(I25
I1
tp6
cnumpy
dtype
p7
(S'f8'
p8
I0
I1
tp9
Rp10
(I3
S'<'
p11
NNNI-1
I-1
I0
tp12
bI00
S'\xf8lkm(\'\'@\xaej\xe7MY5)@@-"U47+@\xba\xeeo\xa3\xbc&-@\xeb\x08\xf5\x01,\xfe.@\\T$\x0e\x02\\0@R\xbd\xd3q\x8f\'1@~\xd8i\xf5^\xdf1@\x00\xa4hFL\x812@D\xce#Zt\x0b3@\x08\xc4\xb4\x0e;|3@\x82\x85g\xf8O\xd23@\x84\xc8LM\xb2\x0c4@p\xab?\xe3\xb3*4@\x8a\xddq7\xfb+4@\x1cbpy\x84\x104@\x96d\x84\x96\xa1\xd83@},NE\xf9\x843@\xd4=s\x14\x85\x163@\xde1+\x82\x8e\x8e2@\x86\tX%\xab\xee1@\xcc\x0f\x9e\xf3\xb781@\x88\x8c\x94\xb2\xd3n0@VGGI\xb1&/@VGGI\xb1&/@'
p13
tp14
b.