cnumpy.core.multiarray
_reconstruct
p0
(cnumpy
ndarray
p1
(I0
tp2
S'b'
p3
tp4
Rp5
(I1
(I25
I1
tp6
cnumpy
dtype
p7
(S'f8'
p8
I0
I1
tp9
Rp10
(I3
S'<'
p11
NNNI-1
I-1
I0
tp12
bI00
S'5\x87\xd5\xdb\xe5\xc8&@.\x0cs\x8e\x0b>(@\x9a\x85<\xdfq\xaa)@\x82je\xc5\xd9\t+@\x03\xfb\x1a\xfb*X,@O\xd8\x994\x80\x91-@\xf832\xbf2\xb2.@*\xde\x8fe\xe5\xb6/@\x1fCd<GN0@z< p@\xb00@\x95\xb6\xae\n:\x001@\xc6l\x9byE=1@\xe0 \xf9\xa2\xacf1@R\xbd\x9a\x04\xf4{1@\xe1\xf7\x82$\xdc|1@\xdaa?Nbi1@|\x08\xfa\x9a\xc0A1@\xc2\x93)Dm\x061@\x8c\xe4\xe4B\x19\xb80@\xfe?\xf6?\xaeW0@J\xc0\xa9\xb5\x97\xcc/@:eH\x9f\x88\xca.@\x02\x87p\x0c1\xac-@\x9bk\xc2+\xe7t,@\x9bk\xc2+\xe7t,@'
p13
tp14
b.