cnumpy.core.multiarray
_reconstruct
p0
(cnumpy
ndarray
p1
(I0
tp2
S'b'
p3
tp4
Rp5
(I1
(I25
I1
tp6
cnumpy
dtype
p7
(S'f8'
p8
I0
I1
tp9
Rp10
(I3
S'<'
p11
NNNI-1
I-1
I0
tp12
bI00
S'\xc3\xcbf9\x93\x7f @\xc9\xc7\xf9\x1c^\x8f"@\x1e\xbe\xac\x8a\xc9\x92$@}\x8ff\xf8\xd3\x83&@y\x8bu\xaf\xb2\\(@\x8c)\x9e\x13\xe3\x17*@\xee\xa3\x12\x13;\xb0+@0\xbdJ\x8e\xf8 -@~\xe1\xc6\x89\xcfe.@)\xd3f\xff\xf6z/@\xba\xb0\x8b\x14\x9a.0@\xac\x03\x94\x11\xf2\x840@h\x95\xc5\xe4\x81\xbf0@_\xa5E\xdc\x9a\xdd0@\xa0}\x86/\xe3\xde0@\x19F\x1c\x0bW\xc30@w\xb6&\x9cH\x8b0@\xdc\x9a-\x1b_70@\xb2\xe0\x96\xb2)\x91/@\xd1Q\xec\xaah\x80.@r53\xc5\xa8?-@\x93;\x01\xd4\xa6\xd2+@2)b\xb0\xa3=*@kN\xb8\x89W\x85(@kN\xb8\x89W\x85(@'
p13
tp14
b.