cnumpy.core.multiarray
_reconstruct
p0
(cnumpy
ndarray
p1
(I0
tp2
S'b'
p3
tp4
Rp5
(I1
(I25
I1
tp6
cnumpy
dtype
p7
(S'f8'
p8
I0
I1
tp9
Rp10
(I3
S'<'
p11
NNNI-1
I-1
I0
tp12
bI00
S'f|\xda(\x17\xae*@l\xa2\x7f\xae\xa3\xfd,@\x027\xa9\x1eR?/@\x17\xd0\xed\x993\xb60@\xc9\x1d\xbb\x8d2\xbf1@\t\x1a\x87i\x8f\xb72@vY[Je\x9c3@v\xae\xa0\x8d\tk4@\xe0\x90z\xc5\x13!5@{\x0f\xa3\xe7d\xbc5@V\xd3Y\xa1-;6@\x7f\xcf\x85\xbd\xf3\x9b6@\xde\x99\xee\x8c\x96\xdd6@8\xd7gCR\xff6@\xb8\xc9\xe5?\xc2\x007@\xcb\xa5\xac8\xe2\xe16@x3\x1bH\x0e\xa36@\x90\x93\xea\xd9\x01E6@\xa8\xc3\x16|\xd5\xc85@\xe2\xb1\xf3\x99\xfb/5@\xccx/+<|4@ \x0b\xa2c\xaf\xaf3@\x9a\xdd\xc3s\xb7\xcc2@\xbc\x1bol\xf9\xd51@\xbc\x1bol\xf9\xd51@'
p13
tp14
b.