cnumpy.core.multiarray
_reconstruct
p0
(cnumpy
ndarray
p1
(I0
tp2
S'b'
p3
tp4
Rp5
(I1
(I25
I1
tp6
cnumpy
dtype
p7
(S'f8'
p8
I0
I1
tp9
Rp10
(I3
S'<'
p11
NNNI-1
I-1
I0
tp12
bI00
S'\xa6\xbc8\xadH\xbd\'@C\x1f\xde\x93i\r)@\\\xfe B\xa9U*@\xf0F\x8c\x864\x92+@\xce\x827\x1a[\xbf,@\xa0\x14\xa2\xa1\x9a\xd9-@\x00\x1b\x93$\xa9\xdd.@\xd1\xb0\xc3\xdd~\xc8/@\xe2\x84\x87\xa2\xafK0@|\x80\x98\x9c\xf0\xa30@1\x9c\\\x18\xfb\xeb0@-\x8a_.\xf8"1@\xf1\x84\x84\xd5CH1@6=[\xccn[1@\xfeV\x02\xe5?\\1@\xb5k\xb9\xaf\xb4J1@\x08\xbe%\x82\x01\'1@\xda\xf03\xdb\x90\xf10@\x0cxh%\x02\xab0@\xf4qR\xdb\'T0@\xe6\nW\'\n\xdc/@\x94\x8b\xeb\xf8\x94\xf3.@\xc1^2\x9c\xa5\xf1-@\x84\t0\x82=\xd9,@\x84\t0\x82=\xd9,@'
p13
tp14
b.