cnumpy.core.multiarray
_reconstruct
p0
(cnumpy
ndarray
p1
(I0
tp2
S'b'
p3
tp4
Rp5
(I1
(I25
I1
tp6
cnumpy
dtype
p7
(S'f8'
p8
I0
I1
tp9
Rp10
(I3
S'<'
p11
NNNI-1
I-1
I0
tp12
bI00
S'YyW%&b(@\x83\xf7\x93\xf6s\xb5*@\xf0\x83F)\xcd\xfa,@P\x82\x8d\x87k+/@/\xd9\x1eYc\xa00@\xeaz\xda\xceS\x9a1@DX\t\x8e\x9d\x802@P\xb2\xc3\x9e\x91P3@\\\xeer\xa9\xc3\x074@j\xc3Y1\x11\xa44@\xba\xb5\xcb\xf2\xa7#5@,\xce\x14R\x0b\x855@ ^\xdc\xca\x18\xc75@\x91\xdc\xc7R\x0b\xe95@(\x9dD\xa5}\xea5@\xba\xf5\x9eqk\xcb5@\x00\xa9\xe1g1\x8c5@\x1a0W$\x8c-5@x\xb1\xe5\xfc\x95\xb04@\xac\x0c\xd4\xb6\xc3\x164@dl\xc8.\xe0a3@\xf4\x92\xf5\xff\x06\x942@q1j:\x9e\xaf1@\x19 D;O\xb70@\x19 D;O\xb70@'
p13
tp14
b.