cnumpy.core.multiarray
_reconstruct
p0
(cnumpy
ndarray
p1
(I0
tp2
S'b'
p3
tp4
Rp5
(I1
(I25
I1
tp6
cnumpy
dtype
p7
(S'f8'
p8
I0
I1
tp9
Rp10
(I3
S'<'
p11
NNNI-1
I-1
I0
tp12
bI00
S'\xc5\xff\x95+V\x8f\'@"\x1e\xa16z\x8d)@~\'\xe9\xba\xa8\x7f+@\x8f\xbbi\x9a\x13`-@\xec\xce\x1d\xb5!)/@;\x90\x10\xce\xbfj0@\x88\x0fv\xba\x1701@,\xad\xa2\xeeK\xe21@n\x93\xbe\xd1H\x7f2@\xe4\x16\x03\x15:\x053@\xee\xe2\xba(\x90r3@\x86\xac.\xe4\x04\xc63@<\xcf\x9aR\x9f\xfe3@Qi\xd7\x99\xb6\x1b4@\xd2\x8e\x0b\xf2\xf3\x1c4@\xa4\xff\x8c\xa8S\x024@q"\xe8*%\xcc3@H\\\xef\x19\n{3@\xd6\x94\x94g\xf4\x0f3@z2+\x85#\x8c2@\x98\x92{\xaa \xf11@\xc9\xa4\xc2@\xba@1@\x04\xd2H\x7f\xfe|0@<*F\x93jP/@<*F\x93jP/@'
p13
tp14
b.