cnumpy.core.multiarray
_reconstruct
p0
(cnumpy
ndarray
p1
(I0
tp2
S'b'
p3
tp4
Rp5
(I1
(I25
I1
tp6
cnumpy
dtype
p7
(S'f8'
p8
I0
I1
tp9
Rp10
(I3
S'<'
p11
NNNI-1
I-1
I0
tp12
bI00
S'\xecm3o\xedM\x19@3\xd9\xd1\xf1m\x84\x1b@\xae4\x98\xaf\xa6\xad\x1d@\x08\xcf3Z%\xc3\x1f@\xecB\x0e>Y\xdf @\x94\x86\x04\x022\xcd!@\xd6\xd2\xc2tW\xa8"@\x04\xf3\x05\xdb;n#@?\xf6\xa3\xe0\x90\x1c$@h\x12\x8cyN\xb1$@\x11\x9c\x1e\xf1\xb8*%@&J\xc9\x15f\x87%@\xbaT{qA\xc6%@\xf5YZ\x82\x8f\xe6%@\x11\xde\x1b\xea\xef\xe7%@L\xd0~\x8d^\xca%@X\x85\x8b\xa03\x8e%@M\x9cu\x9f"4%@\xfa\xb4078\xbd$@\xa7*\xf5#\xd7*$@\xfd\xb5\x0b\x0f\xb4~#@J\xac4x\xd0\xba"@\x1f\x9d\xd8\xb9t\xe1!@p\xd2\xdb9)\xf5 @p\xd2\xdb9)\xf5 @'
p13
tp14
b.