cnumpy.core.multiarray
_reconstruct
p0
(cnumpy
ndarray
p1
(I0
tp2
S'b'
p3
tp4
Rp5
(I1
(I25
I1
tp6
cnumpy
dtype
p7
(S'f8'
p8
I0
I1
tp9
Rp10
(I3
S'<'
p11
NNNI-1
I-1
I0
tp12
bI00
S'\xee\xc3i\x0f\xae\xcc)@\x0cm\xd1]Lt,@\x84\xc0\xe8\r\xfc\x0b/@n\x80v\xa5\x00\xc60@mQ{ls\xf61@\xe1<0*\xca\x133@J\x1a\x1c\xae\xb1\x1a4@dBJ\xb4\x19\x085@\xcf\xea\xd1\x08>\xd95@\xf6\xc7v\xc8\xae\x8b6@\xbc\xd0\xc4\xa5W\x1d7@\xb4L\xf7\x1c\x86\x8c7@\xb4T*\x84\xee\xd77@\xd0\x1e\xbc\xe8\xaf\xfe7@\x98\xaeV\xaeV\x008@\xd1&\xd0\xe7\xdd\xdc7@*\xf1\xdce\xaf\x947@0\xe5g{\xa2(7@\xf7\x0e>{\xf9\x996@X4\x8a\xf6]\xea5@\x0cbT\xc7\xdb\x1b5@\x02\x88\xd0\xf5\xda04@\\\xc9\xb1\x8a\x18,3@\x90o\xecc\x9e\x102@\x90o\xecc\x9e\x102@'
p13
tp14
b.