cnumpy.core.multiarray
_reconstruct
p0
(cnumpy
ndarray
p1
(I0
tp2
S'b'
p3
tp4
Rp5
(I1
(I25
I1
tp6
cnumpy
dtype
p7
(S'f8'
p8
I0
I1
tp9
Rp10
(I3
S'<'
p11
NNNI-1
I-1
I0
tp12
bI00
S'\x13\xa27\xc5\xceq*@i\xc6\xb5\x81\x11\xe0,@s\xd8\xed\xd8\xbd?/@\x96S\xc9\x86\xdf\xc40@z\x8e\xf3\x82\xa0\xdb1@\xaaa<U\xe2\xe02@\xb7\xc7\xa1\xa3\x99\xd13@\xad\xbc\xb7Z\xf8\xaa4@z\xa7\xbc\x0bvj5@\xb7`\xedz\xd7\r6@\x02\x94\x8eG5\x936@\xa23\xd0\x99\x01\xf96@\x94\xec\x99\xc5\x0c>7@\x82Il\xd4\x88a7@i4\xc8\xeb\x0bc7@?\x05\xf4\x88\x91B7@\x0c&p\x8ez\x007@\xb2(\xf3"\x8c\x9d6@\x98vKe\xed\x1a6@\x07\x02\x01\xfc#z5@v/\xf9\x8a\x0f\xbd4@ a\xa8\x1c\xe4\xe53@\x90[}\x8f#\xf72@4\xca!\x1b\x96\xf31@4\xca!\x1b\x96\xf31@'
p13
tp14
b.