cnumpy.core.multiarray
_reconstruct
p0
(cnumpy
ndarray
p1
(I0
tp2
S'b'
p3
tp4
Rp5
(I1
(I25
I1
tp6
cnumpy
dtype
p7
(S'f8'
p8
I0
I1
tp9
Rp10
(I3
S'<'
p11
NNNI-1
I-1
I0
tp12
bI00
S';\x1b\xc1M\r\t)@\x92{\xe9\x1av\xc4*@\xe0\xbb\x95\xdbyu,@\xd7U\xd2\xd7\x0c\x17.@R]\x1agQ\xa4/@\xde+\x1f:S\x8c0@I\xb5K\xa6\xda71@\xd2\x8a\xaaH\xbf\xd21@\xb4\xce$\x123[2@~2Q\xf6\x9e\xcf2@\xecX\xb6\xa9\xa7.3@\x1f0\xcd\xad1w3@\xf0\xc3\xb0\x9ed\xa83@d\xc7\xa0\xb8\xad\xc13@>9\xd1\x8d\xc1\xc23@\xdb\x1cm\xe7\x9c\xab3@\x9e\r-\xcf\x84|3@\xc0\x12e\xc1\x0563@\x15\x0e\xf0\t\xf2\xd82@\x93\xec\xdaP_f2@ \xfa\x1e^\xa3\xdf1@\x9c&\x12\x1ePF1@\xca\xabn\xf2.\x9c0@Ni\xd5\xbbv\xc6/@Ni\xd5\xbbv\xc6/@'
p13
tp14
b.