cnumpy.core.multiarray
_reconstruct
p0
(cnumpy
ndarray
p1
(I0
tp2
S'b'
p3
tp4
Rp5
(I1
(I25
I1
tp6
cnumpy
dtype
p7
(S'f8'
p8
I0
I1
tp9
Rp10
(I3
S'<'
p11
NNNI-1
I-1
I0
tp12
bI00
S'a\xd1\xe32\xf7"*@\xe1\xd7K\x16h7+@\x81\x9b\xcf\xf5]E,@\xe7\xad\xf6\x80\xb3I-@J(\x95\x1e`A.@J\xe1s\xf9\x80)/@\xb9RP\x9ca\xff/@X\xbc\xc2\x01B`0@\xb6\xd0%\x06T\xb50@z\xd0\xb0\x15\xe9\xfd0@1@\x8c\xab(91@K\x91\x8e\tbf1@\xf8-yG\x0e\x851@\xd9\xf2h\xe5\xd1\x941@\xd6\x93\xc9\xdc}\x951@/\xb0\x9d,\x10\x871@\xec\x1cy\xdf\xb3i1@\xce\x90\x1b\x8b\xc0=1@\xa5\xb5*K\xb9\x031@?\x05\x17:K\xbc0@\xaf%\xbalKh0@X-\xb3v\xb4\x080@U\xf2\xd1\xfdF=/@\xbc\xd1\xd0\xd9\xa9V.@\xbc\xd1\xd0\xd9\xa9V.@'
p13
tp14
b.