cnumpy.core.multiarray
_reconstruct
p0
(cnumpy
ndarray
p1
(I0
tp2
S'b'
p3
tp4
Rp5
(I1
(I25
I1
tp6
cnumpy
dtype
p7
(S'f8'
p8
I0
I1
tp9
Rp10
(I3
S'<'
p11
NNNI-1
I-1
I0
tp12
bI00
S"\xc8(:\xdaq\xb4'@\x86\xf1@N\x94\xe8(@DY(\x8a}\x15*@\x10dm\xe9\xab7+@#\xd6\xaa\xc9\xbdK,@{|\xdb\xa0{N-@\xdc\xa3\t\x96\xe1<.@:?\xcb\x7f(\x14/@\xd2<\xb6-\xce\xd1/@>H\nr\xce90@\xdc\x9f\xc2\xf9\xd8{0@\x88\x0cp\xacA\xae0@\xd4cJ*r\xd00@\xfd\x83\xe9u\x04\xe20@D\xd9\x83$\xc4\xe20@f\xb8K\xfa\xae\xd20@6\x1b\x19\xf1\xf4\xb10@\x1c\xdfK\xa9\xf7\x800@\xd7r\x91FI@0@\x8cj\xe5wU\xe1/@ \xf7|\x18\x13&/@\xd2\x84\x0b\x0b\xfaP.@\xb02\xd6\xff\x85d-@\xe4\x82\xf5Rxc,@\xe4\x82\xf5Rxc,@"
p13
tp14
b.