cnumpy.core.multiarray
_reconstruct
p0
(cnumpy
ndarray
p1
(I0
tp2
S'b'
p3
tp4
Rp5
(I1
(I25
I1
tp6
cnumpy
dtype
p7
(S'f8'
p8
I0
I1
tp9
Rp10
(I3
S'<'
p11
NNNI-1
I-1
I0
tp12
bI00
S'\x06B\xae\\\x99r+@[b\xbe\x9d\x8eo-@\xbd\xe2.q\x95`/@9\xaa\x86\x95\xf1\x9f0@\x96S\xf9\xfe\xf0\x831@4\x94\x1d\xd2\xa0Y2@\x19,\xea\x9c\x83\x1e3@\xb4\xe7\xab\x0bN\xd03@\xa4\x1e\x11\xc1\xedl4@\x84\xbfH\x84\x8f\xf24@cO\xc5\xb2\xa4_5@\x18(f\xe5\xe7\xb25@\xb8\x97+\xbb`\xeb5@\xc40&\xbef\x086@\xfc\x05\xffY\xa3\t6@z\xb9=\xde\x12\xef5@v\xebI\x89\x04\xb95@\x1c4\x07\x9c\x19h5@\xa0\xd4\xccxC\xfd4@i\x15T\xd3\xc0y4@\x9aW\x01\xfa\x19\xdf3@h\xe9\x9bC\x1c/3@\x8f\xa9\x17\xaf\xd4k2@\xc7\xd4y\xc5\x89\x971@\xc7\xd4y\xc5\x89\x971@'
p13
tp14
b.