cnumpy.core.multiarray
_reconstruct
p0
(cnumpy
ndarray
p1
(I0
tp2
S'b'
p3
tp4
Rp5
(I1
(I25
I1
tp6
cnumpy
dtype
p7
(S'f8'
p8
I0
I1
tp9
Rp10
(I3
S'<'
p11
NNNI-1
I-1
I0
tp12
bI00
S'\xcbJ\x07\x93<3$@o\x14\xb0\xb2j\xb6&@\xcf\xe2\x97\xe1\x84*)@n\xf1cq9\x88+@6\x8d\x97\x83y\xc8-@\x0eS\x9e\x17\x8e\xe4/@D\x9f\\\t\x16\xeb0@\xb8\xc0\x06\x83\xc3\xcb1@\xff"j=\xb1\x912@\xfc\xda\x88\xc8\x90:3@\xb3c\x1daj\xc43@\xb8\xba^\xcf\xa2-4@\x83\xd2\xb21\x00u4@\xf9\x03\x04\xa5\xad\x994@\xe7U\xd0\xbf=\x9b4@\xe8*\x8c\xd8\xaby4@<\xb3\x8a\x13\\54@`\xa5B8\x1a\xcf3@\xa0ajQ\x17H3@c\xe3\x00\x1f\xe6\xa12@\xa7\x00\xdedv\xde1@\x92\xf3\xc9#\x0f\x001@\xbc\xe2W\xceG\t0@"\xd9\x8e\x1b\x01\xfa-@"\xd9\x8e\x1b\x01\xfa-@'
p13
tp14
b.