cnumpy.core.multiarray
_reconstruct
p0
(cnumpy
ndarray
p1
(I0
tp2
S'b'
p3
tp4
Rp5
(I1
(I25
I1
tp6
cnumpy
dtype
p7
(S'f8'
p8
I0
I1
tp9
Rp10
(I3
S'<'
p11
NNNI-1
I-1
I0
tp12
bI00
S"\x9d\xb5\xc2\x89\x95\xb5!@q}\xd8:\xe3_$@\xd6\xb8b02\xfa&@\x8cx)\xc3\xbe|)@\xe6f7,\x0c\xe0+@dr\xc1\xda\xfa\x1c.@ \xd4\xff\xd9n\x160@\x8e\xdd\xc9\xfe\xc6\x041@X!\x8a\xdb\xbe\xd61@^\xc5\xff\x15\xe4\x892@\x0e\xeeSF \x1c3@k\xd9F1\xbf\x8b3@oa\x80\xdds\xd73@\xf5\xf7\xd9t\\\xfe3@\xf1\x0b\x0f\xe6\x04\x004@z,\xfa>h\xdc3@\xaa\rV\xbb\xf0\x933@-l\xd6\x87v'3@o(J==\x982@?JJ\x1b\xf0\xe71@<\x8b\xb5\r\x9d\x181@\xcae\xd2\x8b\xae,0@\xb8o\xbf\xc6\xc8M.@:#'\n\x97\x14,@:#'\n\x97\x14,@"
p13
tp14
b.