cnumpy.core.multiarray
_reconstruct
p0
(cnumpy
ndarray
p1
(I0
tp2
S'b'
p3
tp4
Rp5
(I1
(I25
I1
tp6
cnumpy
dtype
p7
(S'f8'
p8
I0
I1
tp9
Rp10
(I3
S'<'
p11
NNNI-1
I-1
I0
tp12
bI00
S'g\x8d{\x92\x0ci\x1a@\xa8\xb30\x03\xaf\xd9\x1d@.f\x02<\xd6\x9a @\x86X\x87\xc2\x7f9"@\xba\xf8f\x1c\xff\xc3#@\xc8\x91\x12x\xbb5%@\\\x08\xb9\xe1e\x8a&@-\x9fy\x1d\x06\xbe\'@\x18z\xe6~\x06\xcd(@R\xa1\x83\x9a>\xb4)@HW\\\xb1\xfcp*@L\xcd\x94\xba\r\x01+@\xd4P\xfe\xf2\xc3b+@\xce\x9e\x1b\xdf\xfb\x94+@*\x00\xa5\xb0\x1f\x97+@\xf9Xj\x05)i+@t\x13^\xfa\xa0\x0b+@g\x18\x90\x92\x9e\x7f*@\xee\xf8\xdcv\xc3\xc6)@I\'\x04\x187\xe3(@N\xe8\xa9A\xa0\xd7\'@\x92#p1\x1d\xa7&@4\x86\xbeI:U%@\x80W\xf9{\xe7\xe5#@\x80W\xf9{\xe7\xe5#@'
p13
tp14
b.