cnumpy.core.multiarray
_reconstruct
p0
(cnumpy
ndarray
p1
(I0
tp2
S'b'
p3
tp4
Rp5
(I1
(I25
I1
tp6
cnumpy
dtype
p7
(S'f8'
p8
I0
I1
tp9
Rp10
(I3
S'<'
p11
NNNI-1
I-1
I0
tp12
bI00
S'\xa1H|U\x15\x08*@\xd8E\xfa\x07{\xf4+@6H\xda\xafU\xd5-@@B\xa2\xdf\n\xa5/@\xb59\xff\xa7\x19\xaf0@\xeeT\x18\x7f\xd5}1@^\x8b\xea@P<2@\x19\xe8\x1e\xb6Q\xe82@\xb4\x96B\xc3\xd8\x7f3@\x88\x0fkc!\x014@\xa9:\x9f\xec\xa9j4@\xe4\x1dO\x8e7\xbb4@"%r\xfc\xd9\xf14@\x95\x8dZ<\xee\r5@\xbc\x99\xe3\x8a \x0f5@U=PVm\xf54@I\xdf\xf0H!\xc14@bnpd\xd8r4@.\x03s0|\x0b4@\xa6S\xf2\x01A\x8c3@-\x1avc\xa2\xf62@e7\xe0\xa8^L2@\x01\x03\xfe\xbbq\x8f1@\x8b\x91b1\x0f\xc20@\x8b\x91b1\x0f\xc20@'
p13
tp14
b.