cnumpy.core.multiarray
_reconstruct
p0
(cnumpy
ndarray
p1
(I0
tp2
S'b'
p3
tp4
Rp5
(I1
(I25
I1
tp6
cnumpy
dtype
p7
(S'f8'
p8
I0
I1
tp9
Rp10
(I3
S'<'
p11
NNNI-1
I-1
I0
tp12
bI00
S'\x9a\x83\xe18J\xdc*@\x8b\xfdb:<\xce,@\xdc\x8f\x86\xe5\x81\xb4.@\xee\xa3\x9fQ\xb8D0@3#\x18\xcb\xc8#1@pN\xcd\xf3\xd8\xf41@\xf8\xf5\xae$y\xb52@\xafud\xbfjc3@\xce-o\xe0\xa6\xfc3@\xc4\xc8\rkd\x7f4@\xe0\xd3\xd6\\\x1d\xea4@\x9f\xec&Y\x93;5@\x94\xe6\xd3^\xd3r5@\x81\xe1\x13\x9d8\x8f5@\xce\xdd%_n\x905@\xd5&\x01\tqv5@5\xcb\x19"\x8eA5@J\x04\x1anc\xf24@\twB\x16\xdd\x894@I7\xed\xe82\t4@g\x19i\xb7\xe4q3@\x10\x04\x04\xdd\xb5\xc52@\x9f\xc4\x9b\xfc\xa7\x062@a\xece\x04\xf561@a\xece\x04\xf561@'
p13
tp14
b.