cnumpy.core.multiarray
_reconstruct
p0
(cnumpy
ndarray
p1
(I0
tp2
S'b'
p3
tp4
Rp5
(I1
(I25
I1
tp6
cnumpy
dtype
p7
(S'f8'
p8
I0
I1
tp9
Rp10
(I3
S'<'
p11
NNNI-1
I-1
I0
tp12
bI00
S'c?\xbaI\xdf\x05,@\x9c\xce@\xd0\xdf{.@G\x98\x0f\xbe\x8dq0@U\xe8c\x813\x9a1@(\x1f\x8dEl\xb42@\xa9\xd5~&\xee\xbc3@L\x88\x1e\x18\xa4\xb04@\xbe\xae\x0e\x18\xb7\x8c5@zIi\xa6\x96N6@\x12f$l\x00\xf46@\xf0\x8dN\xf8\x06{7@\x08\x9a\x08\x80\x17\xe27@\xce\xe4\x15\x90\xfe\'8@\x9e}\x02\xa2\xebK8@\no/\x8asM8@\x0by\x85\xb7\x91,8@\xb6\x8f\x14A\xa8\xe97@\xb6zw\xc1~\x857@\x96wd\x03@\x017@8\x1a[\x86v^6@\xa6M\xd2\xe5\x07\x9f5@\xa3\x02\x9d0/\xc54@_\xdcfAv\xd33@\x92\x93",\xae\xcc2@\x92\x93",\xae\xcc2@'
p13
tp14
b.