cnumpy.core.multiarray
_reconstruct
p0
(cnumpy
ndarray
p1
(I0
tp2
S'b'
p3
tp4
Rp5
(I1
(I25
I1
tp6
cnumpy
dtype
p7
(S'f8'
p8
I0
I1
tp9
Rp10
(I3
S'<'
p11
NNNI-1
I-1
I0
tp12
bI00
S"@\x9e\tP\xffW#@|8\x84&\x8eZ%@\x94Q\xf4\xf3\x0cQ'@N\x86(\xbc\xa05)@\x06\x9de\xf6\xa3\x02+@\xe2_\x8ce\xb7\xb2,@\xae\x12\x8d\x1e\xd2@.@\xec\x90Z\x8dP\xa8/@<\xa3\xc7%\x81r0@;\x01\xbeO\x9b\xf90@=\xcb,\xbf\xe3g1@$-cx\x11\xbc1@rd\xc5^)\xf51@\xc8\x0e\xe3!\x81\x122@\x99\xe1\x869\xc1\x132@54\xd4\xea\xe5\xf81@tngS?\xc21@\xd2*Xzpp1@\x9c\xfa\xe5im\x041@\xb0\x8bzWx\x7f0@\x1e\xb1\xf9\xc4;\xc6/@\x10MQ\xea`b.@\xdc\x8eg\xaa\x85\xd7,@\xf0J\xef\xe8C*+@\xf0J\xef\xe8C*+@"
p13
tp14
b.