cnumpy.core.multiarray
_reconstruct
p0
(cnumpy
ndarray
p1
(I0
tp2
S'b'
p3
tp4
Rp5
(I1
(I25
I1
tp6
cnumpy
dtype
p7
(S'f8'
p8
I0
I1
tp9
Rp10
(I3
S'<'
p11
NNNI-1
I-1
I0
tp12
bI00
S'}\xcc\x15V;\xa9(@\xdd/,V9\xf0)@Hzg\xf2\x8c/+@:\xcc\xe4\x96}c,@\x10PX\xa7t\x88-@Z\xc8W3\x08\x9b.@\x10\xf0b%\x05\x98/@\x14W$g<>0@l!8\xd8\xdc\xa20@cTe\xb8\xb7\xf80@D\xdd\xdd\xea\xcc>1@sV\x8e_Kt1@\t\xd8\xc4\x82\x93\x981@g\xf48\x199\xab1@[\xd6\xe8\x82\x04\xac1@\xc7_\x08a\xf3\x9a1@\x10J\x13\x9d8x1@\x8e0\xed\xd0;D1@\x1e\x93\xd4\x11\x98\xff0@r\xbd\xc2!\x1a\xab0@\xb3\x9f\x9c\x0c\xbeG0@\xa2a\xa5pX\xad/@\xe9\x84e\xe1k\xb2.@\xed\xb7r\xf2\xa2\xa1-@\xed\xb7r\xf2\xa2\xa1-@'
p13
tp14
b.