cnumpy.core.multiarray
_reconstruct
p0
(cnumpy
ndarray
p1
(I0
tp2
S'b'
p3
tp4
Rp5
(I1
(I25
I1
tp6
cnumpy
dtype
p7
(S'f8'
p8
I0
I1
tp9
Rp10
(I3
S'<'
p11
NNNI-1
I-1
I0
tp12
bI00
S'\xbe\xdc\x86\xff]\xd8(@[\xad\xfa\x1a\x05\r+@\x81]\xa3\x8ao4-@XlFc0H/@\x9fn\xa3\xb0\n\xa10@\xc1\x1eM\xb2\x1c\x8e1@\xcc\x82P\x03\x8bh2@\xadz\xb6\n\xca-3@~|\xa5a\x8d\xdb3@\xc0\xde\xa1\xae\xceo4@\xfej\xd5\xaf\xd3\xe84@\xe7\x8aYb3E5@\xd0\x82$7\xda\x835@\x0c*\rI\r\xa45@\xd6\xfdP\x8al\xa55@\x18k\x1d\xe3\xf3\x875@D\x8c\xc5=\xfbK5@\xbd\xee\x7f\x805\xf24@\xc8\xb6\xbaw\xae{4@h\x1e>\xb7\xc7\xe93@\xcfcl{4>3@\xd0\x8f\xe9\x96\xf4z2@\xee%\xcc{N\xa21@\xd3W!r\xc8\xb60@\xd3W!r\xc8\xb60@'
p13
tp14
b.