cnumpy.core.multiarray
_reconstruct
p0
(cnumpy
ndarray
p1
(I0
tp2
S'b'
p3
tp4
Rp5
(I1
(I25
I1
tp6
cnumpy
dtype
p7
(S'f8'
p8
I0
I1
tp9
Rp10
(I3
S'<'
p11
NNNI-1
I-1
I0
tp12
bI00
S'Di\xcf+9.\'@\r\xae\x8a\xc5\x88\xe5(@\x8aGe\xeb\x8b\x92*@\x93\xc4\xe6\xd5B0,@\x0eE\x08`\xdb\xb9-@8\xb4\xc2h\xbf*/@ w\xca@Q?0@\xba\xbf\x98`\xc7\xd80@?\xbe\tJ\xf8_1@\x02\xf0\xdd\xb3P\xd31@\x10\xf5a\x88x12@h\x7f\xdd\xe7Vy2@\x1d\x12rn\x15\xaa2@\xea \xa6\xb3"\xc32@~\xc0(\xfc3\xc42@\n\xf3\xbf\x18F\xad2@\xa6\x8b\xc8o\x9d~2@\xf8Q+1\xc582@\x1b\x13(\xb7\x8d\xdc1@Y8\xcd\x18\nk1@+\xf9Y\xf5\x8c\xe50@\x16 \x1b\x82\xa4M0@yj\x0f\xcd+J/@n@\xea\xe8\xaf\xdb-@n@\xea\xe8\xaf\xdb-@'
p13
tp14
b.