cnumpy.core.multiarray
_reconstruct
p0
(cnumpy
ndarray
p1
(I0
tp2
S'b'
p3
tp4
Rp5
(I1
(I25
I1
tp6
cnumpy
dtype
p7
(S'f8'
p8
I0
I1
tp9
Rp10
(I3
S'<'
p11
NNNI-1
I-1
I0
tp12
bI00
S"\xb4k\x9c\x8b\xf3\x9f*@\x8fi!\\qG-@\x12\x7fTQ\x01\xdf/@_\x18\x8d\xfas/1@V\x15i3\xd8_2@?\x11\xd7L!}3@\x00\xa4\x0f?\xfc\x834@\xef\xd0\x9c\xebXq5@\xe0\x88q@sB6@{K%x\xdb\xf46@\xb1\xf0\xb6^}\x867@\x8e\xcc'\x85\xa6\xf57@\x9a7oQ\x0bA8@\xbe\x8d\xac\xdb\xcag8@\xab\xc9\x10\x8dqi8@\x97Y\xaex\xfaE8@\x1a\x93*j\xcf\xfd7@t\xf1$\xaa\xc7\x917@\xb2\x91\x01|%\x037@\xff\xaf\x92\\\x92S6@A\xe6\xd4\x0c\x1a\x855@M~\x88w$\x9a4@M\x9d\xdc\x83n\x953@\xb21\x95\xea\x01z2@\xb21\x95\xea\x01z2@"
p13
tp14
b.