cnumpy.core.multiarray
_reconstruct
p0
(cnumpy
ndarray
p1
(I0
tp2
S'b'
p3
tp4
Rp5
(I1
(I25
I1
tp6
cnumpy
dtype
p7
(S'f8'
p8
I0
I1
tp9
Rp10
(I3
S'<'
p11
NNNI-1
I-1
I0
tp12
bI00
S'_8\xa2(v\xe0(@\xe8\n\xec\xef\xadZ+@\xd8\xee\x97\x8f\x07\xc6-@ \xb0\x88\xba\xa5\r0@>\x99\xa6\xf7\xc1)1@\x1bB\xdc\xf8\x0842@\x17\xc3Xj`)3@j\x1aOl\xec\x064@o\xf63\x1a\x18\xca4@7#=>\x9dp5@Tw)\x1a\x8b\xf85@\xbbI\x141L`6@\xe8\x07\x10\x01\xab\xa66@\x11\x93o\x9e\xd5\xca6@\xdc&\xfc%`\xcc6@\xf8\xbf\xcb\xfeE\xab6@(\xf1\xf7\xe7\xe9g6@\xa7=\x0c\xd2\x14\x036@"\xb2\x9a\x87\xf3}5@~\xda\xf2+\x13\xda4@\x9a\xc1o\x9a\\\x194@D\x06+\xb4\x0e>3@\x96@\x13\xad\xb7J2@\x94qal-B1@\x94qal-B1@'
p13
tp14
b.