cnumpy.core.multiarray
_reconstruct
p0
(cnumpy
ndarray
p1
(I0
tp2
S'b'
p3
tp4
Rp5
(I1
(I25
I1
tp6
cnumpy
dtype
p7
(S'f8'
p8
I0
I1
tp9
Rp10
(I3
S'<'
p11
NNNI-1
I-1
I0
tp12
bI00
S'L\x97k\xf6\xaf\xd7*@\xaf_\x0bIv\x1c-@85\x11/\x9fS/@\x02X\x07cG\xbb0@\x95D\xf6\xbfr\xbf1@\xe3t\xfd\x92I\xb32@X\x90\xa9w\xf4\x933@\x80\xf7J:\xd5^4@\x8fM:\xa7\x8e\x115@\x12j6\x98\x0b\xaa5@\x99#\xd2*\x85&6@\xe6\x91i\r\x88\x856@\x86\xdc\xce\xd2\xf8\xc56@\x9cL\xc6?\x17\xe76@<{w\x88\x80\xe86@S\xfc$w0\xca6@h[\xbbx\x81\x8c6@\xb5\xf3\x11\x8f+06@\xcaP\x02,B\xb65@d\x88\xbb\xfb0 5@\xe6\xac\xe4\xa7\xb7o4@\xc3\x962\xa0\xe4\xa63@\x00\xac\x00\xf8\x0e\xc82@vJ9k\xcf\xd51@vJ9k\xcf\xd51@'
p13
tp14
b.