cnumpy.core.multiarray
_reconstruct
p0
(cnumpy
ndarray
p1
(I0
tp2
S'b'
p3
tp4
Rp5
(I1
(I25
I1
tp6
cnumpy
dtype
p7
(S'f8'
p8
I0
I1
tp9
Rp10
(I3
S'<'
p11
NNNI-1
I-1
I0
tp12
bI00
S'\x12B\xdb\x94y\xa8(@\xb80\x8e\xcckF+@+\x04\xc8q\xa9\xd4-@v?\x7fn\xc9%0@ph&\xff\xe6Q1@S4\xe6%.k2@\x93\x14t\xcfWn3@\x0436\xe1^X4@\xbb\x13\x7f;\x89&5@\x8e+\x1d\xdco\xd65@\x9c\xf7\xf9\x08\x06f6@\xfc\xc1gm\x9f\xd36@^\xa5\xe0\x17\xf5\x1d7@.0SI)D7@:A\x9f\n\xcaE7@\xf6\xd7\x8d\x80\xd2"7@h\xb1M\xfa\xaa\xdb6@vzI\xba\'q6@\x89\xd1\xf7|\x86\xe45@D\xf1\x05\xc5j75@U{\xe8\xf7\xd8k4@b\x85gY0\x843@g4\x19\xf8#\x832@h\xd1\xe6\x9f\xb2k1@h\xd1\xe6\x9f\xb2k1@'
p13
tp14
b.