cnumpy.core.multiarray
_reconstruct
p0
(cnumpy
ndarray
p1
(I0
tp2
S'b'
p3
tp4
Rp5
(I1
(I25
I1
tp6
cnumpy
dtype
p7
(S'f8'
p8
I0
I1
tp9
Rp10
(I3
S'<'
p11
NNNI-1
I-1
I0
tp12
bI00
S'3\x97\xa9L\x80g\x19@)\x9d\xa6X\xd3\x8e\x1e@\xd7\x80\x87W\x9c\xcb!@\xce\xc8\xd6u\xd68$@n\xa7Q\xdb\xda\x87&@\x18\xc8]z\xc6\xb1(@cZ\x0b\xef$\xb0*@\xd7\xaeL\xc0\x03},@k\xd3\x9f\x1d\x04\x13.@\xf8\x07>\xe4jm/@\xden\x03^\x17D0@\xc0\xaf\x06\x11\x02\xb00@d\xe0m\x9e3\xf90@M\xad\x8d\xae\xd1\x1e1@\xdc\xbd\x1f\nl 1@\xda\x8a\x02\xe9\xfd\xfd0@\x8e\r}\x00\xee\xb70@$\xba\xdbP\rO0@-\x7f\xf1k)\x89/@P\xd0\xe6\x83B4.@\xecT\xed\xd9^\xa3,@\xd9}\xd5P*\xdb*@\x8e\xf7|\xce\xf5\xe0(@l\xdd"`\xa7\xba&@l\xdd"`\xa7\xba&@'
p13
tp14
b.