cnumpy.core.multiarray
_reconstruct
p0
(cnumpy
ndarray
p1
(I0
tp2
S'b'
p3
tp4
Rp5
(I1
(I25
I1
tp6
cnumpy
dtype
p7
(S'f8'
p8
I0
I1
tp9
Rp10
(I3
S'<'
p11
NNNI-1
I-1
I0
tp12
bI00
S'~\x16\\\x9b\xf8\xbb\x19@\xa6\xcf\xbdPc\xb3\x1e@#\xe5z\xe9\x7f\xc6!@V\xfa\xd6&+\x1d$@\xbc\x92t\x7f\xb9V&@\xab9\xee\xea\x87l(@B\x98\xd2\x05^X*@:r\xde\x9f\x80\x14,@$P\xbb\xd4\xc2\x9b-@\xfc\xa5B|\x95\xe9.@\x18\x897\xc4\x14\xfa/@\x8bWr\xe5\te0@w\x8e\x00\x0c\x93\xab0@\xf5\xee\xcck\xd3\xcf0@\xa8\xaa\xb7\xe0^\xd10@\xc8\xa7\x12\xcf0\xb00@q\x96`1\xacl0@\x03\x11\x12q\x9a\x070@\xc6"c\x1bR\x04/@\x80\x1a\xfd2\xcc\xbb-@\xaca\xe5+w9,@\xaa#\x0f|\xd3\x81*@}\x9d\x8a\x9e\x00\x9a(@\x10\xb5C\xcb\xad\x87&@\x10\xb5C\xcb\xad\x87&@'
p13
tp14
b.