cnumpy.core.multiarray
_reconstruct
p0
(cnumpy
ndarray
p1
(I0
tp2
S'b'
p3
tp4
Rp5
(I1
(I25
I1
tp6
cnumpy
dtype
p7
(S'f8'
p8
I0
I1
tp9
Rp10
(I3
S'<'
p11
NNNI-1
I-1
I0
tp12
bI00
S'\x9c\x04\xa6\xd4Y\xae+@\x16}g5\xbf\xec-@sf\xb4\xb8\xd6\x0e0@\xbe\xb3\x9f\x9dM\x1d1@\xb9\xc5\x1bx\x9d\x1e2@\x0e\x01\xf8\xb2\xc6\x0f3@6_\xf0\xe6\xf9\xed3@\x10\xa0\xb7<\xa0\xb64@>\x8dF&cg5@\xcc\xd4eX3\xfe5@d\x12\xa4\xefNy6@=\xc1c\xaeF\xd76@\x00\xa1]D\x02\x177@\x06\x8f\xd3\x92\xc377@\xc2`\xb5\xe3(97@\xe8\xe8\x1b\r.\x1b7@\xcb\xa4\xb4},\xde6@y\x04\xf91\xda\x826@\x86$M\x95G\n6@(nYU\xdcu5@TQ\x171S\xc74@\xf0\xcb\x11\xd0\xb4\x004@\xa2\xa4=\xb1Q$3@\n\x8a\x82C\xbb42@\n\x8a\x82C\xbb42@'
p13
tp14
b.