cnumpy.core.multiarray
_reconstruct
p0
(cnumpy
ndarray
p1
(I0
tp2
S'b'
p3
tp4
Rp5
(I1
(I25
I1
tp6
cnumpy
dtype
p7
(S'f8'
p8
I0
I1
tp9
Rp10
(I3
S'<'
p11
NNNI-1
I-1
I0
tp12
bI00
S'+\x1a\xa9$\xd7\xbc"@\xf0\x0b\xa3\xae\xb5y%@dK\xa2\x11&&(@\xe9\xb4\xab\x90.\xba*@N\x90\xbd<\x1e.-@`\x7fM\xe6\xa3z/@\x86X\x93\xf8q\xcc0@<\xa3\xc5dF\xc11@\x8b\x0f\xc9\xde\xf4\x982@\xedIC\x01\xfaP3@\xc8\xdc\xc1\xd90\xe73@[$HN\xd9Y4@\x8b\x9f\x08V\x9d\xa74@\xb6\x0e\xb6\xf5\x94\xcf4@\x04\xb0\x88\xf3H\xd14@p>\xe7:\xb4\xac4@\xf7\xbc\x8e\xebCb4@\x16\xd8\x0b\x14\xd6\xf23@\xac\xefP\x1b\xb7_3@c\xd2 \xe1\x9d\xaa2@\x05$\xdc\xa0\xa6\xd51@\xa6\xe0\xf2\xa5L\xe30@\x8c\xc9\x82\xc9\xc5\xac/@\xa4\xa7\xdc\x1b\x17d-@\xa4\xa7\xdc\x1b\x17d-@'
p13
tp14
b.