cnumpy.core.multiarray
_reconstruct
p0
(cnumpy
ndarray
p1
(I0
tp2
S'b'
p3
tp4
Rp5
(I1
(I25
I1
tp6
cnumpy
dtype
p7
(S'f8'
p8
I0
I1
tp9
Rp10
(I3
S'<'
p11
NNNI-1
I-1
I0
tp12
bI00
S'>\xc0Y[\xf0\x92 @h\xf5LdX\xc5!@j\x95:\x94\x91\xf0"@@ttO\x1f\x11$@\xab\x12u\xce\xa4#%@FN\xa6%\xef$&@4\x8cI\xd0\xfe\x11\'@\xc2\xf9\t\xa2\x10\xe8\'@\xec\xe7\x8a\x04\xa6\xa4(@\xc2F]h\x8cE)@X\x9a)\xd3\xe3\xc8)@\x17O\x80w$-*@v5\xa1E#q*@b\x94\x9bg\x15\x94*@\xb8\x89a\x9e\x92\x95*@>\xbb\xc1x\x96u*@\xaf\xad\xa7`\x804*@^:{~\x12\xd3)@?4\xf0uoR)@*\x01\x06\x03\x17\xb4(@\xa1}Q\x81\xe1\xf9\'@\xfa\xef\xe7j\xfa%\'@\x86sV\xdf\xd9:&@1\xed\xf4E=;%@1\xed\xf4E=;%@'
p13
tp14
b.