cnumpy.core.multiarray
_reconstruct
p0
(cnumpy
ndarray
p1
(I0
tp2
S'b'
p3
tp4
Rp5
(I1
(I25
I1
tp6
cnumpy
dtype
p7
(S'f8'
p8
I0
I1
tp9
Rp10
(I3
S'<'
p11
NNNI-1
I-1
I0
tp12
bI00
S"\x0c\xb9\xb7\x19\xd0T&@.\xa9,\xadK\xdf'@\xca*<\xd4\x87`)@\x12\xc0\xd2^\x07\xd4*@\x91\x8a4\x17v5,@\xed\n\xdf\xab\xb5\x80-@d\x99\xa7\xf8\xe9\xb1.@\xa4pp\x8a\x84\xc5/@\xde\x84\x8d\x9d'\\0@;\xf2\x08\xe3\xba\xc30@\x0f\xcej\x1cG\x181@B\x170\x13\xd0X1@X\xbd\xf1C\x95\x841@O\x18\xad\x1c\x14\x9b1@\xb6vD\x82\t\x9c1@,\xd7\xad\x98r\x871@\x0f\xa4z\xcb\x8c]1@\x1d\xff\x9e\x16\xd5\x1e1@\xa3-\x9b\x91\x06\xcc0@>Z_A\x18f0@\xcc\x1f\xd5nt\xdc/@\xde3v\r\xa4\xcb.@R?D2\xed\x9c-@_\xea\xd0\xe2\xd6S,@_\xea\xd0\xe2\xd6S,@"
p13
tp14
b.