cnumpy.core.multiarray
_reconstruct
p0
(cnumpy
ndarray
p1
(I0
tp2
S'b'
p3
tp4
Rp5
(I1
(I25
I1
tp6
cnumpy
dtype
p7
(S'f8'
p8
I0
I1
tp9
Rp10
(I3
S'<'
p11
NNNI-1
I-1
I0
tp12
bI00
S'\xe8\xb9q\x1e\x11\x97\'@\x88\x84\x1d\xe8\tx)@\x9e\xc6\x888\xbcM+@\x07\x87\xed\xea\xae\x12-@\xf7\xfe\xd6\xd0\x9a\xc1.@H\xa0h8\xbd*0@\xcc5\x8b\x80\xcc\xe40@\xfd#\xc58\xd0\x8c1@\x10\x90\x91-\xd3 2@\xd2\xd2\x14\xd7\x1b\x9f2@\x84\xdb;~1\x063@,\xed\x81\xa0\xe0T3@"hD\x85>\x8a3@\x1a)\xf4\xf9\xab\xa53@\x18\xc2\xfb,\xd7\xa63@C\xe3\xd1\xa1\xbc\x8d3@l\xdd_;\xa7Z3@\xc87\x9d\\/\x0e3@\xad\xbe\xfa!9\xa92@\\\x19\xe9\xb8\xf1,2@/\xd0h\xdd\xcb\x9a1@\n\xe0\x1b\x88{\xf40@\xcb\xf0\xbb\xd9\xf0;0@b\x979\xa6\xa4\xe6.@b\x979\xa6\xa4\xe6.@'
p13
tp14
b.