cnumpy.core.multiarray
_reconstruct
p0
(cnumpy
ndarray
p1
(I0
tp2
S'b'
p3
tp4
Rp5
(I1
(I25
I1
tp6
cnumpy
dtype
p7
(S'f8'
p8
I0
I1
tp9
Rp10
(I3
S'<'
p11
NNNI-1
I-1
I0
tp12
bI00
S'\x04\xfe^\x8cM\xca+@\x08)j\xec\xa9\x08.@\xc8B\xde\xae\xc7\x1c0@O\xc0\x92V:+1@\xf7\xf4\x9d(\x86,2@\xb2 \xd7\x9b\xab\x1d3@\x81\xc7@T\xdb\xfb3@=@\xf1\x84~\xc44@0\xfaB\xa9>u5@h[B~\x0c\x0c6@\x94"\x8b\'&\x876@\x11PAm\x1c\xe56@*_\x82\x03\xd7$7@.\x04\x8b\xce\x97E7@:#\xd3\x19\xfdF7@\xdeC\x84\xbb\x02)7@\x94\x0c\xe5 \x02\xec6@`\xb9\x94C\xb1\x906@\xd4W\xb2\x8a \x186@\xdc#C\x9e\xb7\x835@\xf8\x12P61\xd54@\xd4\x0e;\xf2\x95\x0e4@\xf6\x87\xafG623@\xccHG\x9b\xa3B2@\xccHG\x9b\xa3B2@'
p13
tp14
b.