cnumpy.core.multiarray
_reconstruct
p0
(cnumpy
ndarray
p1
(I0
tp2
S'b'
p3
tp4
Rp5
(I1
(I25
I1
tp6
cnumpy
dtype
p7
(S'f8'
p8
I0
I1
tp9
Rp10
(I3
S'<'
p11
NNNI-1
I-1
I0
tp12
bI00
S'\x8a\xf8=\xdeA:\x1f@\x01+\x7f\xf8;\xbd @"\xce\x19\xfd\x95\xd6!@\xcb{\\\xb1\xe7\xe5"@B\xed2\xb7\x07\xe8#@\x1a\x03p\x0c\xf4\xd9$@\xc8\x88\xcd\x03\xdb\xb8%@9\x94\xbe\xad#\x82&@\xc3u\xfe\x97u3\'@\x11\x1a\xbf\xcc\xbf\xca\'@$\xa0\x97\xfc>F(@n\t\xd0\xc0\x82\xa4(@t\xe7Y\xe6q\xe4(@v\xb4\xa7\xb4M\x05)@\xd6\x81\x9c&\xb4\x06)@J\xcd\xf2\x0e\xa1\xe8(@\x88:\xb2$n\xab(@X\x06\x8f\xf7\xd1O(@\x92\x8dQ\xcf\xdd\xd6\'@\xf4z\x9e|\xfaA\'@\xaex\x9f$\xe4\x92&@*6\x17\x14\xa5\xcb%@\xf3\x1bQ\xa9\x8f\xee$@\x02\x83\x14g7\xfe#@\x02\x83\x14g7\xfe#@'
p13
tp14
b.