cnumpy.core.multiarray
_reconstruct
p0
(cnumpy
ndarray
p1
(I0
tp2
S'b'
p3
tp4
Rp5
(I1
(I25
I1
tp6
cnumpy
dtype
p7
(S'f8'
p8
I0
I1
tp9
Rp10
(I3
S'<'
p11
NNNI-1
I-1
I0
tp12
bI00
S'\x10\x952\x07\x9co\x1c@Hd%\x96\xa0\xdd\x1f@\xa3l\xb3\xee\x87\x9b!@\xd5\xb2B\x08\xf68#@\xc3 \xf1KI\xc2$@A\xf6^g\xec2&@\x84\xc5\xb9\xad\x93\x86\'@\xfal(\xe8I\xb9(@f\x97K$|\xc7)@\xb0b\x9a]\x04\xae*@\xbaC\xcd\xe12j+@\xb8\x93RT\xd6\xf9+@\xda\x1d\xe58B[,@\xe8=\xc1\xf1S\x8d,@6\x90\x93"v\x8f,@M\x11\x07n\xa2a,@\xa9\x8c\xc1\x88a\x04,@V\xb7\x95\xa1\xc9x+@\x1az\xab#{\xc0*@N\xe8I\xdc\x9b\xdd)@\xd6\x81\xbc\x92\xd0\xd2(@TQp%5\xa3\'@\xe6g\xcfCSR&@\x02\xfa\x84\xe0\x17\xe4$@\x02\xfa\x84\xe0\x17\xe4$@'
p13
tp14
b.