cnumpy.core.multiarray
_reconstruct
p0
(cnumpy
ndarray
p1
(I0
tp2
S'b'
p3
tp4
Rp5
(I1
(I25
I1
tp6
cnumpy
dtype
p7
(S'f8'
p8
I0
I1
tp9
Rp10
(I3
S'<'
p11
NNNI-1
I-1
I0
tp12
bI00
S'\x04\x95\x0c\x15\xd3\x0e @L\x90\xcfE\x11\xf2!@\xb4\x96 \\\xfb\xc9#@e\xe9\x82\x95\x11\x91%@<\x060b\x06B\'@\xfe\xa1\xcf6\xce\xd7(@\x82@@\x99\xaeM*@\xd2>\x8b;L\x9f+@n\x89\xf0\xfa\xb7\xc8,@l$E\x9cz\xc6-@>=\xa2"\x9f\x95.@)\x7f\x8d\xa1\xbb3/@\'eJp\xf8\x9e/@D\xc4\xd9\xa8\x15\xd6/@Y]B\xe2n\xd8/@/\xc1\x03\x1b\xfd\xa5/@~z\xfc\xcdV?/@\xba%\x851\xae\xa5.@b\x8d\xfb\xa5\xcd\xda-@l\xb5b^\x12\xe1,@\xe0\xd3\x06Se\xbb+@\xfa\xbf.\x932m*@.+\xc0\x0f_\xfa(@c\x81J\xfd<g\'@c\x81J\xfd<g\'@'
p13
tp14
b.