cnumpy.core.multiarray
_reconstruct
p0
(cnumpy
ndarray
p1
(I0
tp2
S'b'
p3
tp4
Rp5
(I1
(I25
I1
tp6
cnumpy
dtype
p7
(S'f8'
p8
I0
I1
tp9
Rp10
(I3
S'<'
p11
NNNI-1
I-1
I0
tp12
bI00
S'.\xc0\xf3\x98\xf2+\x1f@bI\x0c7X\xdb!@~\xdd@!\x16\x13$@\x0c\x05"l\x956&@\xae\'\xeb\xdct?(@\x7f\xc2\x17\xa5\xa2\'*@\x96\xb5\x85}n\xe9+@n\xcb\xa7\x9e\x9a\x7f-@\xae`)ck\xe5.@\xf5{/\xb3Z\x0b0@\x9c\xc62\xfa\xf4\x870@\xb1\x14k\xd3\x10\xe70@\xc4\xc72\x87\x92\'1@)U\xcc\xa7\xb9H1@\x18\x1fjO#J1@\xc0\x8e3G\xcb+1@\xd0]\xd7\x13\x0c\xee0@\xde\x8e\x85\xe7\x9d\x910@y\x95v|\x94\x170@j\x99\xcd\xbc\xb7\x02/@F\xbf7Yh\xa1-@\xach7\xc2X\x0f,@\x88.QY8Q*@\xfa4\xa8\xf39l(@\xfa4\xa8\xf39l(@'
p13
tp14
b.