cnumpy.core.multiarray
_reconstruct
p0
(cnumpy
ndarray
p1
(I0
tp2
S'b'
p3
tp4
Rp5
(I1
(I25
I1
tp6
cnumpy
dtype
p7
(S'f8'
p8
I0
I1
tp9
Rp10
(I3
S'<'
p11
NNNI-1
I-1
I0
tp12
bI00
S'\xad\xc9\xfbUo\xc8\x1d@s\x82c6\xdf\x1d @?&:i,P!@\xd4er\x8a\x8dw"@\xd8o\xe4u\x91\x90#@\x08t\xd4\xe0\xf1\x97$@\xd0Y\xa4\x1e\x9d\x8a%@P\xfe\x8eH\xbfe&@Xn\x1d\xad\xca&\'@\xf0D,n\x7f\xcb\'@j\x1b\xc86\xf2Q(@\x86\x85\xdc\xf4\x91\xb8(@+X\xa1\x85,\xfe(@\x8a0\xd5F\xf2!)@\x00\xff \x82x#)@\x8a\xe5l\xab\xba\x02)@\xf4\xcdpn\x1a\xc0(@\x91@X\x8b^\\(@B\xa2\xde\x85\xb0\xd8\'@d}\xcc-\x996\'@\x04Z-\x0b\xfcw&@0\xb1\xe5\xbb\x11\x9f%@\x8c\xd2wSa\xae$@\x89\xbb\xbb\xd0\xb8\xa8#@\x89\xbb\xbb\xd0\xb8\xa8#@'
p13
tp14
b.