cnumpy.core.multiarray
_reconstruct
p0
(cnumpy
ndarray
p1
(I0
tp2
S'b'
p3
tp4
Rp5
(I1
(I25
I1
tp6
cnumpy
dtype
p7
(S'f8'
p8
I0
I1
tp9
Rp10
(I3
S'<'
p11
NNNI-1
I-1
I0
tp12
bI00
S'\xc2ZAF\x8f\x97"@B\t8v\x1c\x1e%@\xff\xae\xe4y\x81\x95\'@_^\xb0\xd0b\xf6)@\x88b\x89#\xa89,@\x8d8.o\x91X.@\xda\xcf}\x93e&0@|E\x16\x8a@\x081@\xac\xf7\x9f\xdc7\xcf1@\xd2\xc5\xd2\x02\xfax2@\xf8Qm\x95\x8c\x033@3\xa1\xd94Rm3@\x1f\x9fMZ\x0f\xb53@j\xff\x08\x05\xee\xd93@\x15\xb0\xb88\x80\xdb3@\xc6~\x8fE\xc1\xb93@N4A\xd6\x15u3@lq\xb6\xc3J\x0e3@\xda\x1c\xf9\xb1\x92\x862@\xc2Fx}\x82\xdf1@\x82<L\x83\x0c\x1b1@\xee\x91\x8d\xd2z;0@,\xe9#\xb0\xd0\x86.@X\xfe\xdb1rk,@X\xfe\xdb1rk,@'
p13
tp14
b.