cnumpy.core.multiarray
_reconstruct
p0
(cnumpy
ndarray
p1
(I0
tp2
S'b'
p3
tp4
Rp5
(I1
(I25
I1
tp6
cnumpy
dtype
p7
(S'f8'
p8
I0
I1
tp9
Rp10
(I3
S'<'
p11
NNNI-1
I-1
I0
tp12
bI00
S'_Uw\x91g\x0f*@\xfc\x9bP\xedl9+@\x988\x11\xc3u\\,@\xff\x9b\xa2\xe4\x1du-@\xe9\x12\x19\x19 \x80.@\x0e\xae4\xde_z/@\xce<7Xy00@K\x07\xf1^\x94\x980@\xf26\x10uJ\xf40@4\xb1\x81\x05\x8aB1@$$u\xa4i\x821@\x11\x90\xad\xc7*\xb31@\xe8\xcc\xe6\xfe;\xd41@\xa6x\xb0\xa5:\xe51@\xcb\x14\xb0\t\xf4\xe51@\x04\x87\xdc\x01f\xd61@\\\xd9\xef\xf4\xbe\xb61@\xb2\x00\xfcN]\x871@\xa2\x93\xbfg\xceH1@\xe0\xaf\x02\xdd\xcc\xfb0@P\xd5\xe5e>\xa10@W_\x9f%1:0@\x82\x98G\x0b\xb1\x8f/@\xe0o9A\x13\x97.@\xe0o9A\x13\x97.@'
p13
tp14
b.