cnumpy.core.multiarray
_reconstruct
p0
(cnumpy
ndarray
p1
(I0
tp2
S'b'
p3
tp4
Rp5
(I1
(I25
I1
tp6
cnumpy
dtype
p7
(S'f8'
p8
I0
I1
tp9
Rp10
(I3
S'<'
p11
NNNI-1
I-1
I0
tp12
bI00
S'\xb4\xa9\xaaE \xc3*@H\xdev\xc6\xa8e,@"\x81\x13\x85a\xfe-@Z\xda]A\x87\x88/@\x7f\xec\x8d\x1a\xc1\x7f0@\xbdX\xb5\xe3y/1@\xe6\x8a\xce\xcaa\xd11@!pS\xd5\x95c2@\xf9jR\xe0a\xe42@\x98Tv\xb5ER3@g\x88)\x85\xf9\xab3@\xc7\xf4x\xb8q\xf03@\x9c\x12R\x0f\xe2\x1e4@\xe5\x8a\xce\x01\xc064@&\xf6s]\xc474@\x19\xf4\x96\x19\xec!4@4\nh`x\xf53@\x94I\x8f\xcc\xed\xb23@~\x9f\x9a\xdd\x12[3@d\xd4\xda\xa7\xed\xee2@\xfc\x9d\x95\xc6\xc0o2@_\xf4\xa8\x99\x07\xdf1@Vx\xd6\xd9q>1@\x83\xe3\xe6\x90\xde\x8f0@\x83\xe3\xe6\x90\xde\x8f0@'
p13
tp14
b.