cnumpy.core.multiarray
_reconstruct
p0
(cnumpy
ndarray
p1
(I0
tp2
S'b'
p3
tp4
Rp5
(I1
(I25
I1
tp6
cnumpy
dtype
p7
(S'f8'
p8
I0
I1
tp9
Rp10
(I3
S'<'
p11
NNNI-1
I-1
I0
tp12
bI00
S'WlZH\x80\xaf%@\xba\x88\x00A.\x00\'@\xc7\xdb\xa7\xb2\xf7H(@\xb3\xc5\xe5\xd0\x07\x86)@\xac\xb2\x83\xc8\xac\xb3*@\xee\x8c\xf8\xc4b\xce+@bX\xadl\xde\xd2,@\xe9\x92\xc5\xb4\x16\xbe-@\xa9\x8f\x1a\xefM\x8d.@\x0c\x12g\xf7\x19>/@\xaf\x0e?gk\xce/@\x7fn\xab\xddI\x1e0@\xadP\xe2+\xa5C0@\xc6r".\xd8V0@\x7f\x13\x8b\x9e\xa9W0@\xba\x03V\x0c\x17F0@Ug\x1f\xe3T"0@\x18\xcd\x0b\x9d\x9b\xd9/@\xa1\x94\xeb\xf7BL/@\xf6\x7f\xa8|E\x9e.@\x88g/2\xaa\xd1-@t\xaaBt\xd3\xe8,@\xf7@\xba\xd6w\xe6+@\xcbJ\x88\r\x9a\xcd*@\xcbJ\x88\r\x9a\xcd*@'
p13
tp14
b.