cnumpy.core.multiarray
_reconstruct
p0
(cnumpy
ndarray
p1
(I0
tp2
S'b'
p3
tp4
Rp5
(I1
(I25
I1
tp6
cnumpy
dtype
p7
(S'f8'
p8
I0
I1
tp9
Rp10
(I3
S'<'
p11
NNNI-1
I-1
I0
tp12
bI00
S'Y\xf9\x7f_?\xb7!@\n|\xed\xe8\x05=$@\xbe <\xee\xa8\xb3&@P\xed\x871\xcf\x13)@P{\xcf\x89bV+@\x1d1\xbe\x06\xa5t-@\xce\x86J\rEh/@\xc4\xca\x94\x18\xb8\x950@y\x9cnIr\\1@\xa7\xe7FG\x00\x062@L{sFh\x902@\xfbB`f\r\xfa2@\xb1\xea4\x81\xb4A3@\xf7\x8e\xf1\xd7\x87f3@\xa7\n\x0e\x90\x19h3@\xdc\xcd-\xfbdF3@\xbe\xad\x16\xa5\xce\x013@;\x05\xc1\'#\x9b2@F\xe3\xff\xc8\x94\x132@\xd7\xfa\xdd\xe8\xb7l1@\x08\xc9TK~\xa80@N\xc7\xd8\x96b\x92/@L\xe4"\x12\xd6\xa2-@@\x89\xf4K\x1d\x88+@@\x89\xf4K\x1d\x88+@'
p13
tp14
b.