cnumpy.core.multiarray
_reconstruct
p0
(cnumpy
ndarray
p1
(I0
tp2
S'b'
p3
tp4
Rp5
(I1
(I25
I1
tp6
cnumpy
dtype
p7
(S'f8'
p8
I0
I1
tp9
Rp10
(I3
S'<'
p11
NNNI-1
I-1
I0
tp12
bI00
S"\x15\xfa%\xd2\x01\x89'@@)\r\rNT)@whv\xe1\xd5\x14+@\xc0OeN_\xc5,@(\xca\xcf\x08\xe0`.@x.\xab\x84\x8c\xe2/@\xd0\x0bf!\xf3\xa20@\xfb\xa7v\x9cdC1@,\xe5\xef\x15\xbc\xd01@\xe6K\x85\xebSI2@JT\xfa_\xc4\xab2@\xdf$D\xcc\xe7\xf62@\xe0\xf1\x86\x0b\xde)3@\xb3\xd6\xb9\x17\x0fD3@\xc5\x8d&\xcf,E3@\x9e3|\xdd3-3@V\xce\xbd\xc5k\xfc2@\xca\xf8\xee\x0cf\xb32@\xbd\x0f\xfb\x87\xfcR2@R\xd3\xe5\xd1N\xdc1@\xd6\xec\xd7\xf1\xbeP1@\x96\xaf\x06;\xed\xb10@\xc8\x7f\xc5r\xb3\x010@\x86Qs\x96>\x84.@\x86Qs\x96>\x84.@"
p13
tp14
b.