cnumpy.core.multiarray
_reconstruct
p0
(cnumpy
ndarray
p1
(I0
tp2
S'b'
p3
tp4
Rp5
(I1
(I25
I1
tp6
cnumpy
dtype
p7
(S'f8'
p8
I0
I1
tp9
Rp10
(I3
S'<'
p11
NNNI-1
I-1
I0
tp12
bI00
S'\xaf\xfd\xa0c-f&@\x02\x1d\xaeN \xb5\'@\xe7\x96\xa5\x159\xfc(@]\x0e\xcb\xf6\xa77*@\x17=\x90\xfb\xbfc+@\x11{\x8d\xef\x01},@$\xfe\xf9\xce&\x80-@\x16\x96\x85\x8d)j.@m\xafi\x18P8/@\x15m\xd2x3\xe8/@\x0b\xec-\x7f\xe3;0@R[!.\xafr0@F\xf9\x85S\xd9\x970@\x0e\x9b\xdf\x11\xf3\xaa0@\x95\xc7\xabn\xc3\xab0@~{Z\xfcG\x9a0@LU\x8c\xe1\xb4v0@\xa2\x8e\x80=tA0@\xd2\xad\x05\xd7I\xf6/@\xac\xd5\x12R1I/@V\x14\x12H\xa3}.@et\x92\xf1\xfe\x95-@l\xa1dP\xf7\x94,@\xc9\x15F"\x8b}+@\xc9\x15F"\x8b}+@'
p13
tp14
b.