cnumpy.core.multiarray
_reconstruct
p0
(cnumpy
ndarray
p1
(I0
tp2
S'b'
p3
tp4
Rp5
(I1
(I25
I1
tp6
cnumpy
dtype
p7
(S'f8'
p8
I0
I1
tp9
Rp10
(I3
S'<'
p11
NNNI-1
I-1
I0
tp12
bI00
S'\x0e7)\x1c\xf8\x9b"@U\nW\xf6\x8e\xc3$@!X\xb9\x8a7\xde&@>\xa0g\xfc\xaa\xe5(@\x84I\xb2\xba\xdb\xd3*@\x18\xcf\x9d\x8f\x07\xa3,@\xef)\x94\xcd\xc8M.@\xe8\xc7\ri&\xcf/@\xe2g\x15gQ\x910@p\x12\xfe\xa2$"1@\x9c)\xc3\xe1\\\x981@:;\xa5z\x99\xf21@\x07\x0e\xa6>\xcd/2@\x84\xd3\x87\x9bAO2@\xb22m\xbc\x98P2@,\x82\xc1\xa1\xce32@05&-9\xf91@\x03\xe7A!\x87\xa11@\xecAm\x18\xbe-1@y\xe9Px7\x9f0@\xe1\xb4\x18\xd78\xef/@d\xbb\xce\xda\xc1q.@\x99\t\xab\xec{\xca,@\x0e\xd5Y\xb5U\xfe*@\x0e\xd5Y\xb5U\xfe*@'
p13
tp14
b.