cnumpy.core.multiarray
_reconstruct
p0
(cnumpy
ndarray
p1
(I0
tp2
S'b'
p3
tp4
Rp5
(I1
(I25
I1
tp6
cnumpy
dtype
p7
(S'f8'
p8
I0
I1
tp9
Rp10
(I3
S'<'
p11
NNNI-1
I-1
I0
tp12
bI00
S'\xd4\xdb\x1a\xd3L\xd4\x1b@\xf6\x1c\xd5\x9e5\x88 @\x9cI\xa8\x93\x8f\x16#@S\x86\x08L\x94\x8d%@\x85\xc2\x9ff\xe9\xe5\'@\xe2\x0e\x0c\x0c\x90\x18*@\x88\xf5\x19\xcd\xf9\x1e,@\xf8\x16\xad1\x1c\xf3-@:\x06\xff\xbd\x82\x8f/@CY9\x9c\xafw0@\xe0\xae\xb8\xffK\x071@0\xcfF"\xeat1@\t\xfe7\x04C\xbf1@@O\xe2\xdcx\xe51@0#7\xb0\x19\xe71@ \xad\xc9\xa2 \xc41@\xa60L\x08\xf6|1@\xf1\xbcX,n\x121@\x0e\xc8%\xd9\xc6\x850@<\xab\x0fGG\xb1/@\xe44\x98\x0e\x12\x1a.@\xfc\xc0\x03\xc5\xacJ,@\xd8|M\xc3}H*@\xfd\xee\xa4\xe3\x82\x19(@\xfd\xee\xa4\xe3\x82\x19(@'
p13
tp14
b.