cnumpy.core.multiarray
_reconstruct
p0
(cnumpy
ndarray
p1
(I0
tp2
S'b'
p3
tp4
Rp5
(I1
(I25
I1
tp6
cnumpy
dtype
p7
(S'f8'
p8
I0
I1
tp9
Rp10
(I3
S'<'
p11
NNNI-1
I-1
I0
tp12
bI00
S'V\x85oG\x7f\x88)@Q\xa3b\x17\xe2\x8a+@]|\x81\xe65\x81-@\xacn\xdb8\xa0e/@_\xa0\xb1\x00>\x990@\x9a\x04R<5q1@\xb4\xd1\xea\x90182@"jCg\xe1\xeb2@\x9b\x93\t\xba,\x8a3@\x94\x05\xd0T;\x114@\xea\xa8\xaeTz\x7f4@\x98|\x1a\xda\xa0\xd34@\xac\xec\xf3\xdd\xb3\x0c5@E\t]\x1e\t*5@\x11\xc6\x9d\x1aI+5@\x06-+\x18p\x105@Z\xd9\xc6-\xce\xd94@R\x8c\x95T\x06\x884@\x98\x8d\xf5\x81\x0c\x1c4@e\x1a\xbf\xcf"\x973@\x82\xd2i\xbb\xd5\xfa2@\x89qI\x87\xf7H2@\xee\x1b\xaa\xcb\x9a\x831@.c\x01H\x0c\xad0@.c\x01H\x0c\xad0@'
p13
tp14
b.