cnumpy.core.multiarray
_reconstruct
p0
(cnumpy
ndarray
p1
(I0
tp2
S'b'
p3
tp4
Rp5
(I1
(I25
I1
tp6
cnumpy
dtype
p7
(S'f8'
p8
I0
I1
tp9
Rp10
(I3
S'<'
p11
NNNI-1
I-1
I0
tp12
bI00
S'r\xadQQ\x80\x8c\x17@3\xce\xcb-\x14m\x1a@\xacE%\x97c<\x1d@\xd5-U\xca\x0c\xf2\x1f@ \x08\xf0C\xfdB!@4hJ\x18>x"@\x12A\x0e[.\x95#@\xc0jw\r|\x96$@\xb5+\xc4\xa0\'y%@zW\xe5\xe7\x8c:&@n\x17\x95\xf8j\xd8&@\xf78S\xe4\xeaP\'@w)95\xa5\xa2\'@"\xe8F\x1e\xa6\xcc\'@\xd2*\xaaRp\xce\'@\x14.\x86{\xfe\xa7\'@\xda+\xe1G\xc3Y\'@J\xf5\x87\x16\xa8\xe4&@^;\xe4=\nJ&@h<\xe2\xf9\xb6\x8b%@i\x84\n\x0c\xe6\xab$@\x1d,\xd8\x1d3\xad#@\x16\xed\x07\xf9\x95\x92"@\x0cl\x15\xadY_!@\x0cl\x15\xadY_!@'
p13
tp14
b.