cnumpy.core.multiarray
_reconstruct
p0
(cnumpy
ndarray
p1
(I0
tp2
S'b'
p3
tp4
Rp5
(I1
(I25
I1
tp6
cnumpy
dtype
p7
(S'f8'
p8
I0
I1
tp9
Rp10
(I3
S'<'
p11
NNNI-1
I-1
I0
tp12
bI00
S'U\x0fB\x92^\xeb\x1f@$\x88\x9921y!@\x95V\x0b\x8c\x9d\xf3"@@\xb7Kw\x8b`$@i\x02\nW\xba\xbb%@\x9e\xff<~\x1e\x01\'@\x17\xaf\xa4A\xed,(@\xf3?`G\xa8;)@\xa4m\xda\xf2\'**@\xc2\xa1\xf5\xcd\xa4\xf5*@\x90\x17e\xd3\xbf\x9b+@<\xddw\x81\x89\x1a,@\x16\xf4;\xa0\x87p,@\xe7\'\xc0\xa9\xb9\x9c,@*\xeeN\xc7\x9b\x9e,@\x88\x8e\xb7Z(v,@\x88`\x10\x0f\xd8#,@\x13 \xc0p\xa0\xa8+@\x13&\x00\x11\xf1\x05+@&\x9a`=\xaf=*@\x19\x84\x15X0R)@TX\xeb\xe12F(@\xcd\xfb\xa6J\xd6\x1c\'@\xc4\xab<\xa0\x91\xd9%@\xc4\xab<\xa0\x91\xd9%@'
p13
tp14
b.