cnumpy.core.multiarray
_reconstruct
p0
(cnumpy
ndarray
p1
(I0
tp2
S'b'
p3
tp4
Rp5
(I1
(I25
I1
tp6
cnumpy
dtype
p7
(S'f8'
p8
I0
I1
tp9
Rp10
(I3
S'<'
p11
NNNI-1
I-1
I0
tp12
bI00
S'rq\xf2F\x97\xaf%@\x17G 2\x84\xf8&@L+G\x1f\xbb9(@\xe4\xa2\xbe\xd8}o)@\x9cm\xdeS0\x96*@J\xa4|uc\xaa+@\x80\xf7_P\xdf\xa8,@7\x15\x17\xbf\xac\x8e-@\xd8C\x91<\x1eY.@R\xb8\x14\xe1\xd7\x05/@\x90\\\xbek\xd6\x92/@\x06\x01\x8dCu\xfe/@%l\x07\xaf\xb9#0@\x1a7\x89~{60@\x82\x1d\x19\x1cH70@\x8d\x96T%\x1d&0@\x9b(\xc6\xd0-\x030@\xfe)?\xaa\xc4\x9d/@y.\xb2d\xad\x13/@P/\xaa\xc0\xb1i.@\xd2\r\xe9\xd0\xcc\xa1-@\xc8\x80\x89\xe2R\xbe,@\xbc<.\x8a\xea\xc1+@\x92\xda\xbe\xbb\x84\xaf*@\x92\xda\xbe\xbb\x84\xaf*@'
p13
tp14
b.