cnumpy.core.multiarray
_reconstruct
p0
(cnumpy
ndarray
p1
(I0
tp2
S'b'
p3
tp4
Rp5
(I1
(I25
I1
tp6
cnumpy
dtype
p7
(S'f8'
p8
I0
I1
tp9
Rp10
(I3
S'<'
p11
NNNI-1
I-1
I0
tp12
bI00
S'\xdc\xcb\xa9S\xb6\xad*@@\xb6\x8c\x97\x11!-@\xa4\xf4>\xe1\xb7\x85/@8\x91\x94\xcdB\xea0@rlc-L\x032@\xab\xc4\n\xb5\xb1\n3@$\x7f\xac\xa8a\xfd3@\xaciv\x13\x88\xd84@\xf7^A7\x97\x995@\xc2~\xbc*O>6@\xf6\xf5j\x8f\xc4\xc46@\xbamoKf+7@B\x8b\x106\x02q7@\xb90\x05\xa9\xc8\x947@\xe3\r\xe4\xebN\x967@c\xac~r\x90u7@CIr\xea\xee27@\xf2\x03\xc6\x171\xcf6@9\x9a\xfb\x83\x80K6@\x1dw{\x06f\xa95@~\xcc\xb30\xc5\xea4@\x06\x87\x92\xab\xd6\x114@7G)\x97!!3@\x12\xc1?\x00t\x1b2@\x12\xc1?\x00t\x1b2@'
p13
tp14
b.