cnumpy.core.multiarray
_reconstruct
p0
(cnumpy
ndarray
p1
(I0
tp2
S'b'
p3
tp4
Rp5
(I1
(I25
I1
tp6
cnumpy
dtype
p7
(S'f8'
p8
I0
I1
tp9
Rp10
(I3
S'<'
p11
NNNI-1
I-1
I0
tp12
bI00
S'Y\xe1\x13p\xcc9&@\xc0\xb0oL$\x87(@\xe6\xcd\x08P\xab\xc6*@\x882U\xa2\xac\xf1,@\x86\xf8\xfd\xa2\xb0\x01/@!\x14_\x1aHx0@\xf8\x7f\n\x8cC\\1@\x1b\x8d\x85\x8f"*2@B\xd2\\\x03\x7f\xdf2@\x04\xda\xa5\xe3;z3@\x97\xd8\xe3\x97\x8b\xf83@S\x0c\x02T\xf5X4@\x1b%X|Y\x9a4@\x85\xa9\x9f\xff\xf4\xbb4@%\xfd\xda\x9cc\xbd4@\x08+f\x0e\xa1\x9e4@<Q\xb5\x16\t`4@F\xa9\x9anV\x024@\xfe\xb9D\x98\xa0\x863@\xf4Kr\x9dX\xee2@ti\x93\xc2D;2@~g\xab;{o1@\xd6d\xbe\xf2[\x8d0@~\x02\xb8\xe4\x12//@~\x02\xb8\xe4\x12//@'
p13
tp14
b.