cnumpy.core.multiarray
_reconstruct
p0
(cnumpy
ndarray
p1
(I0
tp2
S'b'
p3
tp4
Rp5
(I1
(I25
I1
tp6
cnumpy
dtype
p7
(S'f8'
p8
I0
I1
tp9
Rp10
(I3
S'<'
p11
NNNI-1
I-1
I0
tp12
bI00
S'\x12:\\\xd9\xf7\x8f"@\xf7t\xe2N\xe2-$@\x1a\x19\x11\xb8\x18\xc2%@\xba\x83>H\xe5G\'@\x06\t\xe01\xbd\xba(@\xa3\xb1F3N\x16*@II\xadz\x8bV+@Wh#\xbb\xb9w,@\x08\nKNzv-@H\xac\xb3A\xd5O.@zp\xd61B\x01/@\xb8\xa2H\xd8\xaf\x88/@\x99\xc8\x9a6\x8a\xe4/@\x12(\xbf\xa5\xdf\t0@\x93h\x13"\xe1\n0@\x06\x91` \x8d\xea/@\xfe w\xc4\xa0\x92/@;\xb0\xb6x\x03\x0f/@\xea\x0c\x03\xdb=a.@\x94R\xa2KV\x8b-@\x86\x15\xe1\xe2\xca\x8f,@\xc4\xf5\x94\x01\x8aq+@\x1c\xde\xab\x92\xe93*@ac\xdd\x17\x9d\xda(@ac\xdd\x17\x9d\xda(@'
p13
tp14
b.