cnumpy.core.multiarray
_reconstruct
p0
(cnumpy
ndarray
p1
(I0
tp2
S'b'
p3
tp4
Rp5
(I1
(I25
I1
tp6
cnumpy
dtype
p7
(S'f8'
p8
I0
I1
tp9
Rp10
(I3
S'<'
p11
NNNI-1
I-1
I0
tp12
bI00
S'>\x19\x10\xd8FX\x19@6\xc1\xa7\x03\xff\xad\x1b@\x8d\xcf\xc3\x11\xb4\xf5\x1d@~\xce\x93aL\x14 @\xd2A\xc4\xf7\x0e !@\x00PO\x0b\x03\x1b"@\x88\x96\xcf\xfe;\x02#@pU\xcc\x10\x08\xd3#@\x15\xa5Re\xf8\x8a$@\xe6\xd1\xffG\xe8\'%@\xd0-\xd6\x90\x03\xa8%@\xc2\x89\xc9\x18\xcc\t&@\xfbQ\xbd-\x1eL&@\xff\x9b\xab\xf83n&@hi\xd1\xcb\xa7o&@\xc6\x96\xffQuP&@f\xa5\x87\x9b\xf9\x10&@~\xd1\x9d\x08\xf2\xb1%@R\x9cl\x14z4%@\x02\x01o\x07\x08\x9a$@\x1b\xf7\xeb\x9ah\xe4#@\xf0\xec\x95\x9a\xb9\x15#@\x18\x1bR\x94c0"@\x97\x03\xfd\xa8\x127!@\x97\x03\xfd\xa8\x127!@'
p13
tp14
b.