cnumpy.core.multiarray
_reconstruct
p0
(cnumpy
ndarray
p1
(I0
tp2
S'b'
p3
tp4
Rp5
(I1
(I25
I1
tp6
cnumpy
dtype
p7
(S'f8'
p8
I0
I1
tp9
Rp10
(I3
S'<'
p11
NNNI-1
I-1
I0
tp12
bI00
S'\x8a\x18\x1e\x90x\x05%@\x03\x93\xdbn\xea\\&@EJ\xe5,O\xac\'@\xe2*\x88H\xbe\xef(@A\xf6,\xedr#*@\xa9\x87\x831\xd7C+@\xa9v\xb7\xc9\x8eM,@\x88\xcb\xc5\r\x81=-@\x10/\x0c6\xe2\x10.@|\xe8\x83\xb2;\xc5.@\xfc\x17\xc7\x83sX/@\\\xf0\xf4\x7f\xd2\xc8/@\xd7\xb4`\xb8\x84\n0@\xbe3\xb6}\x1a\x1e0@\xdf\xab|#\xf0\x1e0@z\x0e`,\x03\r0@*vG#\x12\xd1/@\x14\x96<G\xddc/@\xd0\x9c?\x8a\xad\xd3.@>\x93\x15\x0b1".@P\xe1\x92>yQ-@-\xcb1\xc4\xf4c,@yy\xbc$h\\+@\xee"\xaf\x90\xe5=*@\xee"\xaf\x90\xe5=*@'
p13
tp14
b.