cnumpy.core.multiarray
_reconstruct
p0
(cnumpy
ndarray
p1
(I0
tp2
S'b'
p3
tp4
Rp5
(I1
(I25
I1
tp6
cnumpy
dtype
p7
(S'f8'
p8
I0
I1
tp9
Rp10
(I3
S'<'
p11
NNNI-1
I-1
I0
tp12
bI00
S'\xaa\xb3\xef\xe2\xd1\xc1\x1e@\xf12\xfd\n\xa3\xa9 @\xbb\xefvW\xa8\xea!@\xdf\xaeG5; #@\xa1\xe0\x8a(\xc0F$@>\x04\xe9\x9d\xc8Z%@\x96\xbbt\'\x1dY&@Rt\x06\x15\xc7>\'@\xa2!wK\x19\t(@\xf6\x9fZ@\xb8\xb5(@\x9c&i\x02\xa1B)@\x1d\x00\x9d9/\xae)@\xe2,\x1e\r"\xf7)@\xabc_\xe0\x9f\x1c*@\xf6IE\xdc8\x1e*@\x03j\xc7<\xe8\xfb)@v\xa8\'_\x14\xb6)@\xd2\xd0\x95\x90\x8dM)@\x99#\xce\xa0\x8b\xc3(@v\x87\xf0?\xaa\x19(@Z\x1bg2\xe4Q\'@J\xaf+i\x8dn&@d\xc0\t\x10Lr%@\x0e\x1f\x94\xa6\x10`$@\x0e\x1f\x94\xa6\x10`$@'
p13
tp14
b.