cnumpy.core.multiarray
_reconstruct
p0
(cnumpy
ndarray
p1
(I0
tp2
S'b'
p3
tp4
Rp5
(I1
(I25
I1
tp6
cnumpy
dtype
p7
(S'f8'
p8
I0
I1
tp9
Rp10
(I3
S'<'
p11
NNNI-1
I-1
I0
tp12
bI00
S'\xebxF1\x1a\xb9$@z\x94>A\x7f\xa9&@\xcf\xc8\tIA\x8e(@Wb\xf65\xbaa*@\x1b\xf9\xc6\x85w\x1e,@\xba\xcc\xa1\x86J\xbf-@&\xa6\xb4\xccW?/@\x92\xa3\xb7\xd7\x12M0@.\xbc\x8d\xd1\xd4\xe50@`\xdf\x7f#*h1@\xceB\x0b\x02\x8e\xd21@\n\xcbU\x0e\xc3#2@\xc4 \xec\x08\xd7Z2@\\\xe9f\xa4%w2@\xb8l\x8boZx2@8\x911\xd1q^2@\xa8\xbe\xff\x12\xb9)2@\x03\xa3\xdcz\xcd\xda1@N\x9d\xc6u\x9ar1@XX\x88\xd9V\xf20@-\x96yE\x81[0@\xf3s4Z\xb7_/@n\xe0\xa83\xcc\xe2-@(\xf3\x13g\xb1D,@(\xf3\x13g\xb1D,@'
p13
tp14
b.