cnumpy.core.multiarray
_reconstruct
p0
(cnumpy
ndarray
p1
(I0
tp2
S'b'
p3
tp4
Rp5
(I1
(I25
I1
tp6
cnumpy
dtype
p7
(S'f8'
p8
I0
I1
tp9
Rp10
(I3
S'<'
p11
NNNI-1
I-1
I0
tp12
bI00
S"yye\xd0c6\x1e@\xc2\x105YF%!@\xf6\x04\xfb\x9c\x1d##@\xf2#\xc0\xcd\xc6\x0e%@\xf1\n=A\x87\xe2&@\xbbd\xd6\x9f\xeb\x98(@n\xc3\x08'\xd8,*@\x1a\x80\x90\xe6\x97\x99+@\xea'\xd8\xca\xea\xda,@@\xfa\xcaJ\x12\xed-@r\xe98\x93\xdc\xcc.@\xa2Qz\x0e\xaew/@\x10\xc0\xe5+\x89\xeb/@2\x8d\xf1'\x8a\x130@\xc3\xd1r\xed\xce\x140@\xe2`I;\x1e\xf3/@\xd6>\xe7\x038\x84/@r\x99\x1c\x076\xde.@\xbe\xde\xec{\x07\x03.@\xa43\xbd8:\xf5,@\xce\xea\xe0\x14\xf3\xb7+@\xf3(\xb1\x87\xe4N*@\xe5\xd1)\xa1C\xbe(@\xf3#\xf2|\xbb\n'@\xf3#\xf2|\xbb\n'@"
p13
tp14
b.