cnumpy.core.multiarray
_reconstruct
p0
(cnumpy
ndarray
p1
(I0
tp2
S'b'
p3
tp4
Rp5
(I1
(I25
I1
tp6
cnumpy
dtype
p7
(S'f8'
p8
I0
I1
tp9
Rp10
(I3
S'<'
p11
NNNI-1
I-1
I0
tp12
bI00
S"\x06\r\xa9H\xfe\xc4\x1e@\x87\x9e\x83\x8a\xdfj!@-rL\xfc\x0cg#@J],\x8a\x1bQ%@\xd4H\xd2RU#'@\x06|\x07\x8cK\xd8(@j\xff\x86\xb7\xe6j*@d;k\xd3u\xd6+@\x8cQ\xe2X\xbc\x16-@\xc0\xafi\xdf\xfe'.@z\xe5\xdd>\x0e\x07/@\xec\xc2(\x0fQ\xb1/@b\xed\x9b\xb4e\x120@\xbf\x0b\ri\x1200@\xa1VN\x1fV10@\xf2\xf9\xb6\x11-\x160@\xa8\xaf\x9e\x8b\xd0\xbd/@x\xa6>5Y\x18/@L~\xb6\xb9\xe1=.@23U\xcd\xf50-@\x9c\x939\xa7\xb7\xf4+@\x10#?\xa8\xd6\x8c*@\xa0 \xd1\\\x84\xfd(@`\x9cn\xfagK'@`\x9cn\xfagK'@"
p13
tp14
b.