cnumpy.core.multiarray
_reconstruct
p0
(cnumpy
ndarray
p1
(I0
tp2
S'b'
p3
tp4
Rp5
(I1
(I25
I1
tp6
cnumpy
dtype
p7
(S'f8'
p8
I0
I1
tp9
Rp10
(I3
S'<'
p11
NNNI-1
I-1
I0
tp12
bI00
S"\xf5\xfc\xaeM\x1e\xca$@\x9a%\xdeC\xdc4'@P6\xa1\xf2\x18\x91)@\x1a\xba\xc2\xdc\xc9\xd7+@lZ\x0b\xcb$\x02.@|\xd0\xbf\x06\xda\x040@\xad\x0c;\xe04\xf40@L\x02\x05\xeeX\xcc1@\xca>\x05l\xc1\x8a2@\x10)aY6-3@T\xa6\xe2\x16\xd3\xb13@\x8e\xed\xa2\x0c\x0c\x174@\xe6\xfd F\xb3[4@zk\x03\xf7\xfb~4@\x1fz\x06\xde|\x804@\xa0\x11\xf8~1`4@d\xe7\x180z\x1e4@\xfb\xf3\xba\xfa\x1a\xbc3@\x8f|vR9:3@\x87,\xc6\xa9X\x9a2@\xda\x9b=\xeeU\xde1@\x0c\x11\xd2\xf9a\x081@\xfe\x92\xc9\t\xfb\x1a0@Z_\x9e\x9d\xca1.@Z_\x9e\x9d\xca1.@"
p13
tp14
b.