cnumpy.core.multiarray
_reconstruct
p0
(cnumpy
ndarray
p1
(I0
tp2
S'b'
p3
tp4
Rp5
(I1
(I25
I1
tp6
cnumpy
dtype
p7
(S'f8'
p8
I0
I1
tp9
Rp10
(I3
S'<'
p11
NNNI-1
I-1
I0
tp12
bI00
S"\x1f\xa5\x7f\xa1N\xb1 @\x9c-p\xb2(\xe9!@>VN<\xb3\x19#@X\xe4e\xc6a?$@3G\xfa<\xc8V%@\xea\xac\xaf&\xa5\\&@\x8bv\xddZ\xebM'@\xed#\xd1\x1b\xcb'(@hZ\xday\xba\xe7(@\xd44\x1b\xe6|\x8b)@\x858\x85\xde)\x11*@Y\xdd\x1b\x9f2w*@d\x88\x81\xc7f\xbc*@\nr\xf2\xe6\xf7\xdf*@\x10\xe3\x18\xe4{\xe1*@\n\xb7\x8d9\xee\xc0*@L\xfdT\x03\xb0~*@\xd4|.\xdd\x86\x1b*@<C\x1a\x95\x9a\x98)@\xdb\xb7\xef\xb8q\xf7(@~\x80O\t\xed9(@P\xac\x83\xdfAb'@\x87A\x04\x97\xf3r&@T\x18G\x0e\xccn%@T\x18G\x0e\xccn%@"
p13
tp14
b.