cnumpy.core.multiarray
_reconstruct
p0
(cnumpy
ndarray
p1
(I0
tp2
S'b'
p3
tp4
Rp5
(I1
(I25
I1
tp6
cnumpy
dtype
p7
(S'f8'
p8
I0
I1
tp9
Rp10
(I3
S'<'
p11
NNNI-1
I-1
I0
tp12
bI00
S"\xde\xd6\xdf[\xa8\xb7\x1f@|\xba\x97\xd4\x80\xf1!@\xee\xf3\xc9\xb8\xaa\xfa#@hH\xea-?\xf1%@\xb4\x0c.\xf7b\xcf'@\xf4\xad\xf5\xbf\x83\x8f)@\xbac\xa9\xbah,+@\xc0\x84\x844B\xa1,@\xc9\x92\xd7\xef\xb7\xe9-@\r`\xf0\x19\xf6\x01/@\xf4\xb6\xfe\xb5\xb8\xe6/@Y$s\xad\xaaJ0@\x9eNw\x93\xe1\x850@z2\xcchP\xa40@\xc5z\xbed\x9c\xa50@\xc2\x13\xf8\xa8\xc1\x890@nl\nM\x13Q0@\xd3:\x1f\xcdt\xf8/@N\xc1\x8b!h\x18/@\xf5\xfd\x0b\xf3\x9c\x04.@\xba\x14\xc2\xf8I\xc0,@\xb0\\\x06\xaf6O+@\x9cWP\x11\xb0\xb5)@(r\xe4\xc5{\xf8'@(r\xe4\xc5{\xf8'@"
p13
tp14
b.