cnumpy.core.multiarray
_reconstruct
p0
(cnumpy
ndarray
p1
(I0
tp2
S'b'
p3
tp4
Rp5
(I1
(I25
I1
tp6
cnumpy
dtype
p7
(S'f8'
p8
I0
I1
tp9
Rp10
(I3
S'<'
p11
NNNI-1
I-1
I0
tp12
bI00
S'\x84I\xb76\x8c\xd6#@\x13sZ\x86aU&@\xack\x99\xfb<\xc5(@>\x01\xe4\x91\xd9\x1e+@fo\xef\xa04[-@4\xebR\xc6\xa2s/@\xce?f\xe5\xf1\xb00@\xfeJ\xea\xa3\x1a\x901@\xc6\x18\xf0\xea\xb1T2@\x97\xbf\x08Hm\xfc2@8l\x87_X\x853@\xd6r\x1d\xc1\xda\xed3@\xa0[B\xaa\xbc44@|O5\xa8*Y4@B\x9c\xc1\x0e\xb8Z4@\x96\xael<`94@\x9esF\xa8\x86\xf53@\x00\xed2\xb9\xf5\x8f3@\xa0\x15"j\xdc\t3@r8?\xc2\xcad2@+\xe1\x9f+\xad\xa21@\xed)Z\xb6\xc6\xc50@\xde\x92@\xb2T\xa1/@\xf2\xab\x04\x87f\x8c-@\xf2\xab\x04\x87f\x8c-@'
p13
tp14
b.