cnumpy.core.multiarray
_reconstruct
p0
(cnumpy
ndarray
p1
(I0
tp2
S'b'
p3
tp4
Rp5
(I1
(I25
I1
tp6
cnumpy
dtype
p7
(S'f8'
p8
I0
I1
tp9
Rp10
(I3
S'<'
p11
NNNI-1
I-1
I0
tp12
bI00
S'\xc3Pq{\x08U%@\xc3\xc2\xc7\xe9,\xdb&@\xb8\x93\x13\xf8+X(@M60\x1b\x95\xc7)@Qq\xe4N %+@"fd\xdb\xbal,@\xa6"\xd5{\x93\x9a-@\xef\xd2\x92\xc1%\xab.@\xb2\x11A\x92D\x9b/@\xa6K\xac\xd0\x1140@\x82Sw\xe4\xaf\x870@\x16\x05h\x14\x83\xc70@\xea\x8fX\xfb\xcc\xf20@\xe5\xce\rw\x0c\t1@\xa7\xb8n)\xff\t1@\xa9=\x7f>\xa2\xf50@\xf8\xfc\xcft2\xcc0@\xfd\xa4Ih+\x8e0@Z\x8dp!F<0@u\x04\xd9\xda\xed\xae/@:\xa6\x86\n\xd5\xc1.@\xb2B\x88\x19\x05\xb4-@\x8e\xfe.\xe7\xa2\x88,@\x08\xae~\x89+C+@\x08\xae~\x89+C+@'
p13
tp14
b.