cnumpy.core.multiarray
_reconstruct
p0
(cnumpy
ndarray
p1
(I0
tp2
S'b'
p3
tp4
Rp5
(I1
(I25
I1
tp6
cnumpy
dtype
p7
(S'f8'
p8
I0
I1
tp9
Rp10
(I3
S'<'
p11
NNNI-1
I-1
I0
tp12
bI00
S"\xf2\x9a+r\x02\xef&@\x19?$\xe2]B(@\xbe\xb0g\xb9\xc4\x8d)@\x94\x84\xad^Z\xcd*@\x19\xb8\x15ye\xfd+@L\x8c\x12\x0c[\x1a-@ 1\x06\t\xe9 .@%.\r7\x00\x0e/@D\x0fiS\xdd\xde/@\n\xce\xa8\xa7\x88H0@\xb0kKID\x910@(\xa9\xb5\x96\xc8\xc80@\xf0#n\xf3o\xee0@N\xffp\x0c\xca\x011@<{B'\x9d\x021@\xbed$\xce\xe6\xf00@6\xa9l\xd7\xdb\xcc0@\xaa(\xe7\xc7\xe7\x960@\xf1\xf6\x18\x92\xabO0@\x04\xaaCl\xf7\xef/@&=\xa8\x8f\xbb!/@\xf9U\xcc\xc4\n7.@\xb6\xb3\xa9%\xa12-@\x86;Q\x87\x87\x17,@\x86;Q\x87\x87\x17,@"
p13
tp14
b.