cnumpy.core.multiarray
_reconstruct
p0
(cnumpy
ndarray
p1
(I0
tp2
S'b'
p3
tp4
Rp5
(I1
(I25
I1
tp6
cnumpy
dtype
p7
(S'f8'
p8
I0
I1
tp9
Rp10
(I3
S'<'
p11
NNNI-1
I-1
I0
tp12
bI00
S'H\x17jJ\xa2Q"@\x93\xb6\xb3{*\xaa$@bDi\xae\x9e\xf4&@\xa9{\xc5q)*)@\x1df\xc0\xb63D+@\xfc\x1c\xb2xx<-@$\xb79q\x17\r/@\x87\xd7\xceOSX0@\xca\xc4\xad7!\x111@J\x80\xdc&\xce\xae1@\xa0\x93j\xc1\x83/2@\x8e\xfc\xf2\x13\xc2\x912@\x1b\x8a\xf7\x0cd\xd42@\x9c\x1d \xe7\xa2\xf62@\xfd\xdb-z\x18\xf82@\xca}\xb9k\xc0\xd82@\xbd\xaa/<\xf8\x982@\x06\xa4\xe4/~92@NJ\x7f\x17o\xbb1@X\xa4X\xfeB 1@\nh\xb6\xc8\xc8i0@B\xb8\xe5\x9dA4/@Z}R\x0bmg-@pe\xa5\x8brr+@pe\xa5\x8brr+@'
p13
tp14
b.