cnumpy.core.multiarray
_reconstruct
p0
(cnumpy
ndarray
p1
(I0
tp2
S'b'
p3
tp4
Rp5
(I1
(I25
I1
tp6
cnumpy
dtype
p7
(S'f8'
p8
I0
I1
tp9
Rp10
(I3
S'<'
p11
NNNI-1
I-1
I0
tp12
bI00
S"Jmk[B\xe5'@\xdc\x06w\xc8\xb8\xdd)@2\xc5d\xc2[\xca+@X\x92\xcb\xb5m\xa5-@t#Bvei/@*X\xf5`\x7f\x880@\x84\xbf\xb4\xfb\xa4K1@+5\xb4g\xdd\xfb1@\xbbN\xdd\xf6\x1a\x972@\xbd\xed\xd3\x90\x8e\x1b3@\x98\xbfi\x18\xad\x873@\x1b\x9eF\x064\xda3@\xfc\xc7\t+-\x124@|\xd4\xad\x8d\xf1.4@\xd6\xa2\xa0]+04@\xccj\xc1\xf2\xd6\x154@\xceHI\xd8B\xe03@L\xbb}\xe2\x0e\x903@\x18\x03\xe8Q*&3@\xb8\xaf\x9f\t\xd1\xa32@/e\xf9\xe0\x87\n2@\xe2\xdd\x94\x1b\x18\\1@\x06_N\x15\x8a\x9a0@\xafo\xf1c>\x90/@\xafo\xf1c>\x90/@"
p13
tp14
b.