cnumpy.core.multiarray
_reconstruct
p0
(cnumpy
ndarray
p1
(I0
tp2
S'b'
p3
tp4
Rp5
(I1
(I25
I1
tp6
cnumpy
dtype
p7
(S'f8'
p8
I0
I1
tp9
Rp10
(I3
S'<'
p11
NNNI-1
I-1
I0
tp12
bI00
S"\xa7\x84{\xdcM\x7f#@\xde\xc0\xb3\xbf\x8f\x94$@\xf8Z\xc1\xb8Q\xa3%@42S\x16l\xa8&@\xc2\x85\x1a\xf4\xd3\xa0'@a\xa4JN\xa4\x89(@\x9e\x1f\x1b\xa4&`)@aa\x8a\x0f\xdb!*@jh<\xba\x7f\xcc*@\x98Z7\x99\x17^+@N\xe0g[\xf0\xd4+@ol;y\xa7/,@\x12\x8d7V.m,@*c;h\xcd\x8c,@\xe9$\x03[&\x8e,@jc\x8c)5q,@\x8c\xa9\x13*P6,@\x08\xaf\x87\x0c'\xde+@\xc0jr\xce\xc0i+@\\ks\xaax\xda*@y\xc1o\x0c\xfa1*@\xe6e\x89\x96;r)@\x9e\xa3\xb9Ey\x9d(@\xcdX\x87\xc7-\xb6'@\xcdX\x87\xc7-\xb6'@"
p13
tp14
b.