cnumpy.core.multiarray
_reconstruct
p0
(cnumpy
ndarray
p1
(I0
tp2
S'b'
p3
tp4
Rp5
(I1
(I25
I1
tp6
cnumpy
dtype
p7
(S'f8'
p8
I0
I1
tp9
Rp10
(I3
S'<'
p11
NNNI-1
I-1
I0
tp12
bI00
S'\xafiN\xacl\xc1&@\xe6\x05Ty\xd6h)@\xa4\x8e#\xe3R\x00,@R\x0e\xef\xad&\x80.@\xc4\xbf\xa7\x98np0@J\xfb\xf9J\xaf\x8d1@\xd4\xc07\x7f\x82\x942@\x8b|\x03.\xd8\x813@{\x1c+Z\xecR4@J{\xa5PO\x055@([\x1e\xed\xec\x965@\xcc\xc6b\xcd\x12\x066@\x12n.auQ6@0\x82@\xc73x6@I\x8e1l\xday6@8$9cdV6@\xa2\xe1\xdet;\x0e6@\xe4\xf9j\xe36\xa25@\x9f\x9c\xc3\xe8\x98\x135@\xb0\xc32\xf5\nd4@N\xd4G\xba\x98\x953@\x10\xf6\x9e\x10\xaa\xaa2@)\\\xc2\xca\xfb\xa51@\xc1\xc8\x8d\x8a\x97\x8a0@\xc1\xc8\x8d\x8a\x97\x8a0@'
p13
tp14
b.