cnumpy.core.multiarray
_reconstruct
p0
(cnumpy
ndarray
p1
(I0
tp2
S'b'
p3
tp4
Rp5
(I1
(I25
I1
tp6
cnumpy
dtype
p7
(S'f8'
p8
I0
I1
tp9
Rp10
(I3
S'<'
p11
NNNI-1
I-1
I0
tp12
bI00
S"-\\\x7f\xfdL1\x1f@\x86\x9e`t\x8a\xcc @\x95\xf1\xed\xa86\xf9!@\xb3k\xf2-*\x1b#@\xa4\xb1\x98\x10\x04/$@\xc7\xd9\xe1m\x8d1%@\x98\xa3b\t\xc3\x1f&@\xb3\xa4\xecI\xde\xf6&@\xad[T\x81]\xb4'@\xc3\xb2\xa0f\x0bV(@\xec\xc5U\xac\x05\xda(@\xf9\x924\x9f\xc2>)@\x9a\xab\xab\xbc\x15\x83)@\x97uI33\xa6)@\xbc\xcc\xbdB\xb2\xa7)@\xbcJUt\x8e\x87)@\x9c\x0cJ\xa8'F)@\xd6<\xc2\xf7@\xe4(@ \x90\xd1n\xfeb(@\xac\xd7E\xa5\xe1\xc3'@`\x86e@\xc5\x08'@\xbaw\x07k\xd73&@\x18\xbd\x83T\x93G%@\xf4s\xe4\xc9\xb9F$@\xf4s\xe4\xc9\xb9F$@"
p13
tp14
b.