cnumpy.core.multiarray
_reconstruct
p0
(cnumpy
ndarray
p1
(I0
tp2
S'b'
p3
tp4
Rp5
(I1
(I25
I1
tp6
cnumpy
dtype
p7
(S'f8'
p8
I0
I1
tp9
Rp10
(I3
S'<'
p11
NNNI-1
I-1
I0
tp12
bI00
S'mS\xa4\xe8\r4\x1b@H\xe1p*\xd3\xa2\x1e@\xf3\x87\x0cP\x7f\xfe @\x97\x8b\xe7%H\x9c"@\xd8)N\xbc\xf1%$@rS^\xbf\xe5\x96%@\xe2\x15\xed\x90\xd7\xea&@\x92\x89\xc2\x1b\xd1\x1d(@;\xab\xb1\xa4>,)@\x1a\x06Lv\xf9\x12*@bJ\\GQ\xcf*@@\x16\x1d@\x14_+@\x1d\t?\x86\x95\xc0+@\x85i6<\xb2\xf2+@\x13\x19\xe8\xe4\xd4\xf4+@`}\x99!\xf7\xc6+@q\x19\xf1\xc4\xa1i+@\x1f(\xcf:\xeb\xdd*@\x16\xc6\xbfIt%*@\xe9G\xb47cB)@\xca\x87\x80`]7(@\x00\xee<Q\x7f\x07\'@\xff\xde\x18\x80S\xb6%@\x1a\xe5M\xbc\xc7G$@\x1a\xe5M\xbc\xc7G$@'
p13
tp14
b.