cnumpy.core.multiarray
_reconstruct
p0
(cnumpy
ndarray
p1
(I0
tp2
S'b'
p3
tp4
Rp5
(I1
(I25
I1
tp6
cnumpy
dtype
p7
(S'f8'
p8
I0
I1
tp9
Rp10
(I3
S'<'
p11
NNNI-1
I-1
I0
tp12
bI00
S'\x8c$\x88&\x026 @hW\xc6}\x1a\xf0!@\x04\xff\xbe\xab\xd5\x9f#@\x99\xb2\xa7\xcc+@%@0B1\xe9B\xcc&@\\\xeajo}?(@\x04\xfdz\xf7\x87\x95)@5v\x1a+f\xca*@\xf8\xecT\xa9~\xda+@H\x1e\x15\xc3\xa5\xc2,@\x02\xecv\xf0&\x80-@\x16\xd0\xa7\xe2\xcc\x10.@\x98\x15C\x1a\xe8r.@AJ\x83\xeeS\xa5.@\xc4\x1aI\xf6y\xa7.@,J\xcb\xc8Sy.@\xa8K\xb5\x10k\x1b.@\xaau{\xf1\xd7\x8e-@T\xdf\xad\xc3=\xd5,@R\xcc\x062\xc6\xf0+@\\R\xc8\xc5\x1a\xe4*@v.\xa8\xf5\\\xb2)@\x81\xa1\xfa\xce\x1c_(@la\xf8TN\xee&@la\xf8TN\xee&@'
p13
tp14
b.