cnumpy.core.multiarray
_reconstruct
p0
(cnumpy
ndarray
p1
(I0
tp2
S'b'
p3
tp4
Rp5
(I1
(I25
I1
tp6
cnumpy
dtype
p7
(S'f8'
p8
I0
I1
tp9
Rp10
(I3
S'<'
p11
NNNI-1
I-1
I0
tp12
bI00
S"\x14\xba\xfc?\xdb\xb8'@\x0c\xc7(\x8f(\xd9)@\x05~IT\xb3\xec+@\xb67\x12\xedI\xed-@\xcav\xa5A\xf3\xd4/@\xed#\xffJ\x00\xcf0@B\x10\xc4>\x8f\xa11@\xfe\xef)_\xb2_2@7\x90Bz2\x073@N{&\xe5\x1b\x963@w\xb7\x81N\xc4\n4@\x04uQ\xb6\xcfc4@\x15\xf7\x00|4\xa04@\xd2\xef\xccv>\xbf4@\xd6\x8d1\x0f\x91\xc04@\x13\x08 S(\xa44@\xcb\xb3\xc3\x01Yj4@]\x88\xb3\x8e\xcf\x134@k5\x82\x1f\x8e\xa13@;g\xab\x89\xe9\x143@pj\xd7Y\x85o2@\xe60N\xf0N\xb31@e2/\xc1w\xe20@ 7)\x93\xdd\xfe/@ 7)\x93\xdd\xfe/@"
p13
tp14
b.