cnumpy.core.multiarray
_reconstruct
p0
(cnumpy
ndarray
p1
(I0
tp2
S'b'
p3
tp4
Rp5
(I1
(I25
I1
tp6
cnumpy
dtype
p7
(S'f8'
p8
I0
I1
tp9
Rp10
(I3
S'<'
p11
NNNI-1
I-1
I0
tp12
bI00
S'\x1d\x8f\xa2/\xed\x90"@#J\tXK\xdf#@\xf7(\x1d\xd9\xd2%%@\xdcR~\xa2\xb5`&@\x12\x17\x87_H\x8c\'@\x8e\xccei\r\xa5(@i\t\xf30\xbf\xa7)@\xa4\xc83\x01Z\x91*@`<j\xfd$_+@\xe0\x0b\xe2?\xba\x0e,@\x91\xc3>\x01\x0e\x9e,@\xc5\x86\xf5\xb2t\x0b-@\xd4\x04\xbd\xfa\xa7U-@\x82\xf5\x16\x80\xca{-@g\xf8\x9a\x80j}-@:"Q#\x83Z-@;\xe6\'\x87|\x13-@f8Z\x8c*\xa9,@\x0cud\\\xca\x1c,@\xbc}\xe5\xb7\xfeo+@\xc0fr\x15\xcb\xa4*@\'\x18\xeb\x9f\x8d\xbd)@\x1e\xe1:&\xf8\xbc(@\xb9$\x97\x11\x08\xa6\'@\xb9$\x97\x11\x08\xa6\'@'
p13
tp14
b.