cnumpy.core.multiarray
_reconstruct
p0
(cnumpy
ndarray
p1
(I0
tp2
S'b'
p3
tp4
Rp5
(I1
(I25
I1
tp6
cnumpy
dtype
p7
(S'f8'
p8
I0
I1
tp9
Rp10
(I3
S'<'
p11
NNNI-1
I-1
I0
tp12
bI00
S'\x96\xddO\xec1\x02 @\xb75\x18\xc3,\x16!@\x97jpZ\xaf#"@\xc4L\xc5\xb9\x95\'#@\xc7\xf5\x8c\x93\xd8\x1e$@?\xb4\x11N\x96\x06%@\xa1\xc3\xc4\x9b\x1b\xdc%@\xae\x10u\x89\xeb\x9c&@hIb\xea\xc6F\'@)$\x08\x0c\xb3\xd7\'@\xdc\x82\xa3\x9d\xffM(@\x06u\xd4\xb9K\xa8(@\xc2\x03V\x03\x8a\xe5(@no\x87\xc8\x03\x05)@L\xdbi$[\x06)@F\xa6\xb8\x16\x8c\xe9(@\xef\xe4\xd8\x8f\xec\xae(@\xe4a|p+W(@h\xe5\xf4\x7fN\xe3\'@\x06\xf7K_\xafT\'@\x04\x9c8\x82\xf7\xac&@:\xc0\xf69\x1b\xee%@xJ\xca\xe0S\x1a%@\xb1\x13\x927\x194$@\xb1\x13\x927\x194$@'
p13
tp14
b.