cnumpy.core.multiarray
_reconstruct
p0
(cnumpy
ndarray
p1
(I0
tp2
S'b'
p3
tp4
Rp5
(I1
(I25
I1
tp6
cnumpy
dtype
p7
(S'f8'
p8
I0
I1
tp9
Rp10
(I3
S'<'
p11
NNNI-1
I-1
I0
tp12
bI00
S'\xf4\xab^L\xe1\x00(@-\r]\xd2\x16\xbc)@\xbc\xd4\x9b\x7f\xe8l+@)\xe6\x881K\x0e-@\x07!\xad\xcfa\x9b.@i\xbf\xf2\xe6\xc5\x070@\xd0\xb6\xfe|9\xb30@\xea\xaf\xbe5\x0cN1@\n\x16\x8b7p\xd61@?M\r\xa5\xceJ2@\xec\xa7\xf5Z\xcc\xa92@\xe5\xf1\x85\xfbM\xf22@\x1fv\xdf;{#3@\xcc\xe1:i\xc1<3@\x82G\x85\x1e\xd5=3@\x9c\xd2H%\xb3&3@\xcf>B\x7f\xa0\xf72@\x01}\x86\x98)\xb12@\xf9\x98\x9e\xa4 T2@\x16v{+\x9b\xe11@%\xec\x8f\xcd\xeeZ1@\x9e\xf4\xb6H\xad\xc10@!\xf8\xc5\xc9\x9f\x170@h~\x841\x83\xbd.@h~\x841\x83\xbd.@'
p13
tp14
b.