cnumpy.core.multiarray
_reconstruct
p0
(cnumpy
ndarray
p1
(I0
tp2
S'b'
p3
tp4
Rp5
(I1
(I25
I1
tp6
cnumpy
dtype
p7
(S'f8'
p8
I0
I1
tp9
Rp10
(I3
S'<'
p11
NNNI-1
I-1
I0
tp12
bI00
S'\\\x1f\xc3f<\xaa%@;\xbd(\xaa\x03\x04(@\xc2| t\xafO*@\x98\xc3d\xb2f\x86,@/6\x92\xd5\x8e\xa1.@c0\x1e\xc2oM0@\xfcBb\xac:61@k\x1c\x05\xb9q\x082@\x98\xe1G\xd1\xa1\xc12@\xfb\x80\xe5\x86\xa2_3@\x0c\x08\x05\x84\x9c\xe03@\xec\xe9A\t\x0fC4@\x9f\xe7gi\xd4\x854@\xe8\xd0\x82u%\xa84@h\xc0\x0c\xcf\x9b\xa94@\xb0UN\x193\x8a4@\x1e\xf7a\x06IJ4@\x04J\xb3?\x9c\xea3@V\xa8<-Jl3@<<#\xa2\xcb\xd02@\xf5\x85\x9dx\xf0\x192@P\x94=*\xdaI1@Z\xa8\xbet\xf5b0@\xc4\xa8\x98<\xe6\xcf.@\xc4\xa8\x98<\xe6\xcf.@'
p13
tp14
b.