cnumpy.core.multiarray
_reconstruct
p0
(cnumpy
ndarray
p1
(I0
tp2
S'b'
p3
tp4
Rp5
(I1
(I25
I1
tp6
cnumpy
dtype
p7
(S'f8'
p8
I0
I1
tp9
Rp10
(I3
S'<'
p11
NNNI-1
I-1
I0
tp12
bI00
S"F\xf7r<\x04\xc1$@+\xfe\xfc\xc8\x16k&@\x14\xcb|T,\x0b(@\x97\xb5K\xa8k\x9c)@\xc6\xc6(\xd0'\x1a+@u\xb2\xd5\x0c\xee\x7f,@\x12\xde\x10\x19\x93\xc9-@\x95\xfeV\x99?\xf3.@\xfa\xe4R\x91{\xf9/@\x06ef^\x9cl0@\xda\x8d\x9d\xd6\xed\xc70@\xbd\xc9a\xc8\xa1\r1@\xf2\xa0\xbcE\xe8<1@v\xa9\xf3G4U1@\x00\xf49T=V1@]\x8d\xe6S\x00@1@\x1f\x19\xab\x9d\xbf\x121@\x96\t\xaf/\x02\xcf0@y\xca\xdd\x1c\x92u0@\xb5#\x192z\x070@3\x15\xac\xb4\x05\x0c/@:(\xd4\x95\\\xe5-@\xe4\x19\xe8\x06h\x9e,@x\x00\x99]\xf7:+@x\x00\x99]\xf7:+@"
p13
tp14
b.