cnumpy.core.multiarray
_reconstruct
p0
(cnumpy
ndarray
p1
(I0
tp2
S'b'
p3
tp4
Rp5
(I1
(I25
I1
tp6
cnumpy
dtype
p7
(S'f8'
p8
I0
I1
tp9
Rp10
(I3
S'<'
p11
NNNI-1
I-1
I0
tp12
bI00
S'T\x88q^wj(@\x10\xd8\x1b\xee\xa7\x16+@\x7f\xf3]p\xce\xb2-@\xcc\xfa\xa9\xdf\x90\x1b0@M\xad\xc2\xe3\x0fN1@\xb1\xa0\xcd\xf6Qm2@$\x8a\xa1.\xfeu3@\xb6\x9c\xd6\x00\xffd4@\xe7e\nv\x8b75@7;\xb6x/\xeb5@\\\xb0\xcf&\xd3}6@\x16\xe7]\x10\xc1\xed6@\xe0\x03cP\xab97@i\x1e\xe5p\xaf`7@\xb5l{\x0eYb7@\x0eo\x803\xa3>7@\xeee\xddf\xf8\xf56@|\xefBn1\x896@\xae\xc2\x82\xc7\x92\xf95@(\x8a\x93\xe0\xc8H5@Os\x86\x19\xe3x4@\xc1\xf1R\x9fM\x8c3@\xc8\xb6\xcd1\xca\x852@\xa6\xabY\xeagh1@\xa6\xabY\xeagh1@'
p13
tp14
b.