cnumpy.core.multiarray
_reconstruct
p0
(cnumpy
ndarray
p1
(I0
tp2
S'b'
p3
tp4
Rp5
(I1
(I25
I1
tp6
cnumpy
dtype
p7
(S'f8'
p8
I0
I1
tp9
Rp10
(I3
S'<'
p11
NNNI-1
I-1
I0
tp12
bI00
S'\xcb\xf8vYa\xa3\'@7S\x19"D\xde)@4\xa1\xbf\xd6\xc4\x0b,@\xf8\xfc\xbccd%.@M\xa5a\x81o\x120@\xb9=\x8au\x1f\x021@Cr\x86\x0c\xf7\xde1@f\x84\xfe{c\xa62@N\xbaN\xde\x11V3@V\xe6\'!\xf6\xeb3@`\xac\xe8 Qf4@\xb7\xebw\xde\xb5\xc34@\xebN\x15\xc0\r\x035@\x7f\xfbo\xd0\x9b#5@\x8e,T\xf2\xfe$5@\xd08^\x023\x075@\x91\xd1R\xe3\x90\xca4@U\xa7\xf7t\xcdo4@\xdam\x83x\xf7\xf73@\xbe\xce\xeehtd3@\xfa\xad\x8fP\xfc\xb62@\x05\xe4k\xa8\x94\xf11@\x86@\x8fP\x8a\x161@6\xb6a\xb3j(0@6\xb6a\xb3j(0@'
p13
tp14
b.