cnumpy.core.multiarray
_reconstruct
p0
(cnumpy
ndarray
p1
(I0
tp2
S'b'
p3
tp4
Rp5
(I1
(I25
I1
tp6
cnumpy
dtype
p7
(S'f8'
p8
I0
I1
tp9
Rp10
(I3
S'<'
p11
NNNI-1
I-1
I0
tp12
bI00
S'\xd1G\xe6\xda\xee=,@\xf4\xa6T)I\xe0.@\xfe\xd1\x9f9j\xb90@\xc1\xf8h\x1d\xf2\xf61@\xb8G\x85\x07\t%3@\x02\xaa\x81\xcf)@4@d\x0f3\xdd\x07E5@!%5\x00\x9906@}QQ\x81\x1e\x007@\x93\x02\xc1R-\xb17@\x02\x00\xdeF\xb5A8@:\xec\xbb7\x07\xb08@v\xd0N\r\xda\xfa8@\xe4\x01"\x93N!9@\xdc\xd6.\x12\xf2"9@\xb6\xeb\x10\xa7\xbf\xff8@`$\x9bP \xb88@\xf4\xea\xa1\xb6\xe9L8@\x06\x00\xa1\xac[\xbf7@\xfa"\xaaw\x1c\x117@\x96\xa2\xba\xe23D6@\xaf\x85%0\x05[5@\x1d\xd2#\xfaGX4@Vh\xca\x17\x00?3@Vh\xca\x17\x00?3@'
p13
tp14
b.