cnumpy.core.multiarray
_reconstruct
p0
(cnumpy
ndarray
p1
(I0
tp2
S'b'
p3
tp4
Rp5
(I1
(I25
I1
tp6
cnumpy
dtype
p7
(S'f8'
p8
I0
I1
tp9
Rp10
(I3
S'<'
p11
NNNI-1
I-1
I0
tp12
bI00
S'/\x7fm\xee\xfe\x19&@\t\x1cf\xb5\x92\x91(@\xb3\xee\xa9-X\xfa*@2\xaa\xefu\x1fM-@\x1e\xae>H\xfa\x82/@\xceq^S\xa8\xca0@!\xf5\x8cC\xfa\xbe1@vA\xf5 \x9a\x9b2@l\xfez\xc7\xf5]3@>&\xe5m\xc9\x034@\x9b\xbejg&\x8b4@\xfa\xdaZ\xe7x\xf24@Z\xe7\xad\xb5\x8c85@*\xe8v\xc6\x90\\5@\xa9\xe9}\xa9\x19^5@\n\\\xbf\xca"=5@^J\x14\x80\x0e\xfa4@\xba\xae\xda\xe3\xa4\x954@D\xf4\x08\x80\x11\x114@XS\xa1\xd0\xdfm3@\x02\x90\xee\xa7\xf6\xad2@2oI\x82\x92\xd31@\xe9\x00S\xda>\xe10@\nY\x14#\x9d\xb3/@\nY\x14#\x9d\xb3/@'
p13
tp14
b.