cnumpy.core.multiarray
_reconstruct
p0
(cnumpy
ndarray
p1
(I0
tp2
S'b'
p3
tp4
Rp5
(I1
(I25
I1
tp6
cnumpy
dtype
p7
(S'f8'
p8
I0
I1
tp9
Rp10
(I3
S'<'
p11
NNNI-1
I-1
I0
tp12
bI00
S'd\x07\xad\xc1\t\xfb\x1f@,\xf7\xb3\x89Z\x0f!@)\xa4\xf0\xd2\xc4\x1a"@\\\n\xd1\x03\xa6\x1c#@y\xcf\x96\xd5\xfc\x11$@:bQj\xed\xf7$@h7\x16\xd4\xc9\xcb%@H\xe7/\x13\x1a\x8b&@\xc8;ls\xa33\'@"*\x912o\xc3\'@\x10&"\\\xd08(@\xcc\xdd\xfb\xc8h\x92(@x1\xdd3-\xcf(@\xa5v\xb1Vh\xee(@(\xa6Q\x07\xbd\xef(@\x90VoM\'\xd3(@\xf6uln\xfc\x98(@8o\xfc\xee\xe9A(@\x96\x89\x85\x8d\xf3\xce\'@\xd7\x9cJ;pA\'@.\x81d\x1d\x06\x9b&@\x04\x00w\xa1\xa5\xdd%@\x10\xd9\xcd\xb4\x83\x0b%@Ew#/\x13\'$@Ew#/\x13\'$@'
p13
tp14
b.