cnumpy.core.multiarray
_reconstruct
p0
(cnumpy
ndarray
p1
(I0
tp2
S'b'
p3
tp4
Rp5
(I1
(I25
I1
tp6
cnumpy
dtype
p7
(S'f8'
p8
I0
I1
tp9
Rp10
(I3
S'<'
p11
NNNI-1
I-1
I0
tp12
bI00
S'b>~\x82X\x8b$@hL\x10\xddK/&@\xed\x06\xdc\xf3f\xc9\'@}\xc2\xb4e\xe2T)@(\xa4\x07q"\xcd*@\xac\x0b+\xb3\xc4-,@=\xb8\x89<\xadr-@\xc4\xca\xa5\xd2\x12\x98.@\xc4\xb2b;\x8a\x9a/@\xd4\x88\xf27\x88;0@\x14\x10N\xcc\x89\x950@@\xb1\xd3[=\xda0@\x9bV]\xf5\xd5\x081@\xee\xf3\xea\x98\xc8 1@\xeb\x8aH\xd6\xcd!1@Vd)\xa2\xe2\x0b1@)\xc7<_H\xdf0@\xe7\x16!\x1b\x84\x9c0@\x053{\x01]D0@\xcb4\xa4\x13\xb4\xaf/@\x9ce6\xce}\xb0.@p\x946\x84\x10\x8e-@\x1a\xb2\xb9\x93\xceK,@i\xd9\xedNy\xed*@i\xd9\xedNy\xed*@'
p13
tp14
b.