cnumpy.core.multiarray
_reconstruct
p0
(cnumpy
ndarray
p1
(I0
tp2
S'b'
p3
tp4
Rp5
(I1
(I25
I1
tp6
cnumpy
dtype
p7
(S'f8'
p8
I0
I1
tp9
Rp10
(I3
S'<'
p11
NNNI-1
I-1
I0
tp12
bI00
S",2'T\x1ff$@\xe9\x0c\x9e\x18\xa6&&@\x8e\xd7\x0c\x1b\xa9\xdc'@\xea\xfd^\xbb\r\x83)@\x1a\xff\x01\xf1\xe7\x14+@\xfc+\xae\xf9\x88\x8d,@\xc6\xe3eQ\x8d\xe8-@\xb5\xcf\xff\xc9\xe9!/@'\x19\x97\xcd\xfb\x1a0@\xe3\xb8\x83\xa3\xbf\x900@Q\xb8H\x19\xe1\xf00@\xb1\xd0\xd7jA:1@\x00\xc0\x03\xb5\x05l1@\xb8\xdau\x82\x99\x851@\xbc\x1d\x8b\x86\xb0\x861@\x1c\xa7\xef\x80Go1@\x18\x9dQG\xa4?1@\x98\x94\x0e\xf5T\xf80@\xc1\xe8HC.\x9a0@\xb4\x97U\x0eI&0@J=\xcf\x1f\xfe;/@zMx\xaf\xcd\x05.@\x92\x17\x98\x1d\x9e\xad,@JGI&r7+@JGI&r7+@"
p13
tp14
b.