cnumpy.core.multiarray
_reconstruct
p0
(cnumpy
ndarray
p1
(I0
tp2
S'b'
p3
tp4
Rp5
(I1
(I25
I1
tp6
cnumpy
dtype
p7
(S'f8'
p8
I0
I1
tp9
Rp10
(I3
S'<'
p11
NNNI-1
I-1
I0
tp12
bI00
S'\xd40\xed\x89\xad<"@rT\xbb\xa9\x0cQ#@\x1a\xe4@0\xf1^$@\xedJ\xc5\x006c%@\xd8\x16\x04\xb4\xd2Z&@)P@\xa4\xe4B\'@d\xbe\xb6\x88\xb7\x18(@$\n\xc2\x86\xcd\xd9(@z?\xa0\xa0\xe6\x83)@\xc2\x90\xadk\x07\x15*@\xfe\xba\x0e\xfa~\x8b*@\xf2\xa7\'\xe6\xeb\xe5*@:\xc3\xd1p@#+@\xea4\t\xa6\xc5B+@\xe8\x96\xb0~\x1dD+@\x98\x15\x0f\xf9C\'+@ @\xc4$\x8f\xec*@\x9a\xe0\r"\xae\x94*@\xe7\xb2]\x17\xa7 *@lbU#\xd4\x91)@\x0c\xa0ET\xdf\xe9(@\x82[8\xb1\xbd*(@\x1a\x81Uc\xa9V\'@\xcf\xc4\x0c\x11\x1bp&@\xcf\xc4\x0c\x11\x1bp&@'
p13
tp14
b.