cnumpy.core.multiarray
_reconstruct
p0
(cnumpy
ndarray
p1
(I0
tp2
S'b'
p3
tp4
Rp5
(I1
(I25
I1
tp6
cnumpy
dtype
p7
(S'f8'
p8
I0
I1
tp9
Rp10
(I3
S'<'
p11
NNNI-1
I-1
I0
tp12
bI00
S'0\xc697\x16\x18*@\xf3\x03+3:\xd0+@;\xac\xa5\xc0\x0c~-@\x11\xa9|\xad\x8b\x1c/@\xdb&\x02@qS0@\xb33\xcao<\x0c1@\xfe\xd5\xd5$\x80\xb61@\xca<hu@P2@:\xf4m\xba\xb2\xd72@\xdb\xc8\xaf\xe7BK3@\x13\x92!A\x98\xa93@@[A_\x99\xf13@\xca3\x8bvo"4@"~9\xd8\x88;4@\xe1S\xda\xa4\x9a<4@\xc1\x98\xa9\xab\xa1%4@\xbbu\x15t\xe2\xf63@\xe0\xd7Pq\xe8\xb03@>\xc6Ub\x84T3@\x1d~0\xe3\xc9\xe22@\x89\xeb\xd46\x0c]2@\xff\x14\x13S\xda\xc41@\r~u:\xfa\x1b1@\x80\xc3\xe7\xb1cd0@\x80\xc3\xe7\xb1cd0@'
p13
tp14
b.