cnumpy.core.multiarray
_reconstruct
p0
(cnumpy
ndarray
p1
(I0
tp2
S'b'
p3
tp4
Rp5
(I1
(I25
I1
tp6
cnumpy
dtype
p7
(S'f8'
p8
I0
I1
tp9
Rp10
(I3
S'<'
p11
NNNI-1
I-1
I0
tp12
bI00
S'\x8c\xe6\x94\xe5\x97\x94"@en\xdb\xc3\xd6\x08%@q\x19\x05R[n\'@>\xb6oc\xff\xbd)@\x1b\xa30\x0e\xde\xf0+@\xe4\t\xf7;h\x00.@y\x01\xe7:x\xe6/@\xd8\xdf\x07\n\xb2\xce0@\x1erd8\x07\x901@r\xf8G\xee\xfa42@\x1e5\xf1\x1a\xa1\xbb2@\x1e$\xfe\x12h"3@\xb5\x92\xa2>\x1dh3@\xe6\xb7?\xac\xf0\x8b3@\xc6\x7f\xb4|w\x8d3@h\x17,"\xadl3@P\xb2\xb3m\xf3)3@\x07\x03ok\x11\xc62@\xaa\xd9\xd1\x101B2@\x0c0\xca\xc3\xdb\x9f1@\xe6\x1b6\xc5\xf5\xe00@\xeajR\x8c\xb8\x070@>Y\xeeGX-.@\x12o\xdb:?!,@\x12o\xdb:?!,@'
p13
tp14
b.