cnumpy.core.multiarray
_reconstruct
p0
(cnumpy
ndarray
p1
(I0
tp2
S'b'
p3
tp4
Rp5
(I1
(I25
I1
tp6
cnumpy
dtype
p7
(S'f8'
p8
I0
I1
tp9
Rp10
(I3
S'<'
p11
NNNI-1
I-1
I0
tp12
bI00
S'\xe0\x02F$C\xba*@\xd0f\x19Vd\x00-@\xd2\xfa\xa0\xf9\xdf8/@\xa8k\xf8\x1c\x8b\xae0@\t:>\xddQ\xb31@q\xed\xc0R\xba\xa72@Pr\x9cf\xeb\x883@\x9c\xbb\xd8TET4@\x12`X\x80i\x075@\xa2\xd0l\x84A\xa05@B\x08\xfan\x05\x1d6@\x0eB\x96\x10A|6@\x06Y\xccR\xd8\xbc6@\xa6\xd2\x90\x87\n\xde6@F\x8b\t\xa8t\xdf6@\xb4f\xf5{\x12\xc16@%\xcdB\xa6>\x836@\x93g\xaf\x96\xb1&6@r\xa9\x97c\x7f\xac5@Hj_\x92\x14\x165@\x8cf\x0c\xd81e4@\xfdr\xbe\xde\xe6\x9b3@\xe5T\x9e\x1f\x8c\xbc2@\xcd\xd1\x9a\xe3\xbb\xc91@\xcd\xd1\x9a\xe3\xbb\xc91@'
p13
tp14
b.