cnumpy.core.multiarray
_reconstruct
p0
(cnumpy
ndarray
p1
(I0
tp2
S'b'
p3
tp4
Rp5
(I1
(I25
I1
tp6
cnumpy
dtype
p7
(S'f8'
p8
I0
I1
tp9
Rp10
(I3
S'<'
p11
NNNI-1
I-1
I0
tp12
bI00
S'\xbb\xde\xb6_e\xe3\x17@\xd2#\t\xbb\x8d\xb0\x1b@\x94vT\xd7\xe5f\x1f@\xd0\xf1\x03`\xad}!@VF\xb5K\x9f1#@4z\xfa84\xca$@\x14\xbd\x89R\xa9B&@\xba\x7ft\x97\x9b\x96\'@(\xba*\xf1\x14\xc2(@\x92\xc7\x96\x04\x98\xc1)@\xc0\xb1\x11\x9b*\x92*@f$"\x84^1+@\xccB\x87\xd5X\x9d+@\\\xa5\xees\xd7\xd4+@\xc6T\xd3\xd34\xd7+@\xfcfS\xe7i\xa4+@\x04\x18;3\x0e=+@f\x98\x06\x0bV\xa2*@F\xe6\x1e\xf9\x0e\xd6)@jk\t^\x9a\xda(@o\x86\x95V\xe6\xb2\'@\x0c\xb66\xfedb&@\xfa|\x9e\'\x02\xed$@\xbb\xac?\xaa\x17W#@\xbb\xac?\xaa\x17W#@'
p13
tp14
b.