cnumpy.core.multiarray
_reconstruct
p0
(cnumpy
ndarray
p1
(I0
tp2
S'b'
p3
tp4
Rp5
(I1
(I25
I1
tp6
cnumpy
dtype
p7
(S'f8'
p8
I0
I1
tp9
Rp10
(I3
S'<'
p11
NNNI-1
I-1
I0
tp12
bI00
S'0\x9d\x8c\x0f\xc2%\x1e@\xc8G\x8ez\r0 @S\x07\x19\x81\x8aF!@\x8b\xdegZ\x19S"@\xb5\x1f\x02\xe5\x98R#@b\xfb\xcb\xf4\x0eB$@\x02\x00\xa64\xb1\x1e%@\xc1\xd3Vy\xed\xe5%@3x\xealq\x95&@\xe60\xa6{1+\'@\x97/\xe8\xedn\xa5\'@"\xd3\xbf\x1c\xbd\x02(@\xae;\xb7\xb1\x05B(@h>!\xe5\x8bb(@\xba\xda>\xb1\xeec(@\xa1G\xac\xf3)F(@S7\xb6y\x96\t(@\xe4\x86r\xf7\xe8\xae\'@\x94\x94\xb2\xec/7\'@>G\x17~\xd0\xa3&@$\xe4\xadK\x82\xf6%@\xac\xd6\x7fQJ1%@\x0c\x8b]\xe1tV$@V\xe4\xdc\xc7\x8eh#@V\xe4\xdc\xc7\x8eh#@'
p13
tp14
b.