cnumpy.core.multiarray
_reconstruct
p0
(cnumpy
ndarray
p1
(I0
tp2
S'b'
p3
tp4
Rp5
(I1
(I25
I1
tp6
cnumpy
dtype
p7
(S'f8'
p8
I0
I1
tp9
Rp10
(I3
S'<'
p11
NNNI-1
I-1
I0
tp12
bI00
S'\x12\xf1\xe8\x1eU\x87\x19@T\xc8B.\xd9\xd3\x1e@\xff|\x9d*H\x00"@-\xe1\xbak\x05\x7f$@\xdeI\xf9\xf0\xb2\xde&@\x0c\x8f\x86\xf9;\x18)@\xd7j\xd6\x8c\xfd$+@`0\xceF\xda\xfe,@R\xb0u\x95L\xa0.@\x06\x9c\xe1\x98;\x020@\xc2\xce/\xd1\x99\x930@\xe6q\x8cN\x8f\x021@D_\n\x11\xd1M1@\xbe\x90N\x99~t1@\x84\xefA\x86$v1@\xa3\xe9@\xed\xbdR1@\xd0\x11\xc6h\xb4\n1@\x07\td\xdd\xde\x9e0@\xf3o\xba\xf8~\x100@/R\xbc\xe3z\xc2.@/\xee\xc6,J&-@\x94\xd3\x9ae9Q+@R\xd3\x1d\xd1\xbfH)@\x88\xaf\xf8\r\xee\x12\'@\x88\xaf\xf8\r\xee\x12\'@'
p13
tp14
b.