cnumpy.core.multiarray
_reconstruct
p0
(cnumpy
ndarray
p1
(I0
tp2
S'b'
p3
tp4
Rp5
(I1
(I25
I1
tp6
cnumpy
dtype
p7
(S'f8'
p8
I0
I1
tp9
Rp10
(I3
S'<'
p11
NNNI-1
I-1
I0
tp12
bI00
S'\\`\xe9-rQ"@R\xf36\xa7\xe3\'$@\x97.\xc0\xd6M\xf3%@\xd6{\x9aCV\xae\'@P\xea0S\xd3S)@WN\xb8\xaf\xdb\xde*@|Y\xeb\xee\xd4J,@\xd3\xeaYM\x81\x93-@\xa0!UU\x0c\xb5.@L9\xbaK\x16\xac/@h\xa4C \xdf:0@\x10\xdf\x99R\xd5\x870@F^\x97\'\x08\xbc0@u\x1f\xcd\xe8\xdb\xd60@\xf8{&\x8f\x00\xd80@E\xd1\xa3\xb1r\xbf0@\x0e\xbb\x86\x8f{\x8d0@\xa8\x86\xd15\xb0B0@.^K\x85\xdf\xbf/@v\x81_\x97\xc1\xcc.@\xb4<\xc4\xde\xdb\xae-@\x103x6\x83i,@\x9dxp\'\x82\x00+@l\xe8h\x99\rx)@l\xe8h\x99\rx)@'
p13
tp14
b.