cnumpy.core.multiarray
_reconstruct
p0
(cnumpy
ndarray
p1
(I0
tp2
S'b'
p3
tp4
Rp5
(I1
(I25
I1
tp6
cnumpy
dtype
p7
(S'f8'
p8
I0
I1
tp9
Rp10
(I3
S'<'
p11
NNNI-1
I-1
I0
tp12
bI00
S'r\x18\xe6\xba\x01\xb5)@\n\x83s\xc8U\xb8+@\x90\x85h-\x95\xaf-@\x81B\x0f\xaf\xe2\x94/@\x97?RMK\xb10@H\x1b\xf9\xd1\xa7\x891@m\xb4\xf3x\x01Q2@\xebp\xa6\x94\x05\x053@G\xfe[$\x9b\xa33@\xa5\xc81\x16\xe9*4@J\xdbL\xca[\x994@\x93k\xe5\xc6\xa9\xed4@VJ!\x8f\xd7&5@\xd2LI\x91:D5@\x07\xbe\x9b#{E5@\xbd\xfc\xcd\x89\x95*5@\xdf-1\x00\xda\xf34@^\xc5X\xcc\xeb\xa14@n\xe5\x0cV\xbf54@\xa9\x7f5N\x97\xb03@"!=\xec\x00\x143@6\xf8"M\xcfa2@8\xd2\n\x02\x16\x9c1@a\xce\x87\xde"\xc50@a\xce\x87\xde"\xc50@'
p13
tp14
b.