cnumpy.core.multiarray
_reconstruct
p0
(cnumpy
ndarray
p1
(I0
tp2
S'b'
p3
tp4
Rp5
(I1
(I25
I1
tp6
cnumpy
dtype
p7
(S'f8'
p8
I0
I1
tp9
Rp10
(I3
S'<'
p11
NNNI-1
I-1
I0
tp12
bI00
S'\x0f\xe7\xa2\x19\x83{#@\x94\xa8\x92\x06\xf39%@|x>\xbb\xeb\xed&@6\x0b\xa5\xadX\x92(@\xebJ\xb8\xb3S"*@\xd9\xf3\xa3\xa03\x99+@L\xa5$,\x9a\xf2,@\xb2\x98u\xfa\x80*.@\x17\xa5\xf5\x9dE=/@\xa0OY7\xda\x130@]\xb4\xc1\x0b\x89s0@x^\x19\xde\x91\xbc0@Z\xc35\xd0\x1a\xee0@\x19d\xc7\x1d\x90\x071@\x8c\xc8&\xd5\xa5\x081@v\x8f\xe0\xb9X\xf10@\xd3\xc4\\N\xee\xc10@\xf4\xb1\x84\x04\xf4z0@!\xb4\xd1\x97=\x1d0@r\x93_+\xc5S/@\xba\xfd\x1f7vD.@\x7f\xcd\xc4\xa8\xb7\x0f-@\xf6\xab\xdb\x82"\xb9+@\x94\xd5,\xb9\xb4D*@\x94\xd5,\xb9\xb4D*@'
p13
tp14
b.