cnumpy.core.multiarray
_reconstruct
p0
(cnumpy
ndarray
p1
(I0
tp2
S'b'
p3
tp4
Rp5
(I1
(I25
I1
tp6
cnumpy
dtype
p7
(S'f8'
p8
I0
I1
tp9
Rp10
(I3
S'<'
p11
NNNI-1
I-1
I0
tp12
bI00
S's\xe0\x1d2j\xd9)@V\x13\x06s\x01 +@\xe6g\xb1\xb8\xf0^,@\xbc"\x8e\x9a\x80\x92-@\xf8B\xf5\x9c\x1b\xb7.@\x1d\x04\x18\xe2X\xc9/@\x94\x88\xea*\x03c0@\xfc\xfa\x0e\x1b\x19\xd50@\xc9s\xbe\xed\x9991@\xf2\xad\xc3\xd3Y\x8f1@b9\xca\x00Y\xd51@\xba\xa7o\xa6\xc6\n2@\x84f&c\x03/2@\xee\'\xa8\x1d\xa3A2@\xd7\x8dmGnB2@\xc9$i\x82b12@\x98K\x17\xa8\xb2\x0e2@\xa2\xf6\xcd1\xc6\xda1@Y\xce\x10\x048\x961@\x05t\x82\xa0\xd4A1@\xd4G\xd5\xc3\x97\xde0@\xcb\x8b\xd7v\xa9m0@\x15\x16\xb66\xb5\xe0/@\xa4;\x85\xfeA\xd0.@\xa4;\x85\xfeA\xd0.@'
p13
tp14
b.