cnumpy.core.multiarray
_reconstruct
p0
(cnumpy
ndarray
p1
(I0
tp2
S'b'
p3
tp4
Rp5
(I1
(I25
I1
tp6
cnumpy
dtype
p7
(S'f8'
p8
I0
I1
tp9
Rp10
(I3
S'<'
p11
NNNI-1
I-1
I0
tp12
bI00
S'\xd7\xaa\xb7\x89,\x00\'@\x0cc\x9dQn\xdd(@q\x86\x92\xeb\x7f\xaf*@\xd9h>\x05\xf3p,@2\xc4\xcf\xdf\x8a\x1c.@\xfb\xa6\x8a\xefK\xad/@^\xc0k\\E\x8f0@2?>\xdf\xfc51@\x82o\xb9+\xdb\xc81@\xc0+\x07#*F2@q\xa0\xf1\xf6s\xac2@\xb4\x0b\xfb\x84\x87\xfa2@\x12\xbb\x9b\xe4{/3@\xbe\xf3\n\x1e\xb3J3@\x88+z\x01\xdcK3@\xa3\xd9D\x19\xf323@\xb4hB\xb4B\x003@\xfc\x80\x1b\x08b\xb42@\xc2\xea7n3P2@\xdb\x9d\x86\xc0\xe1\xd41@\xd59\xfe\xdd\xdcC1@\x81P9a\xd5\x9e0@\xaa:\xf0+o\xcf/@a\x9f"yKA.@a\x9f"yKA.@'
p13
tp14
b.