cnumpy.core.multiarray
_reconstruct
p0
(cnumpy
ndarray
p1
(I0
tp2
S'b'
p3
tp4
Rp5
(I1
(I25
I1
tp6
cnumpy
dtype
p7
(S'f8'
p8
I0
I1
tp9
Rp10
(I3
S'<'
p11
NNNI-1
I-1
I0
tp12
bI00
S'\xc4\x1bc<`\xb1\x18@RZ\xedk\xfb\xd2\x1a@K\xd8\xb7=\xcc\xe7\x1c@t\x00\xd4B\x9d\xe9\x1e@K\x88\xb8\xdc8i @\x9a\xba\x99\xb4KN!@\xf9I\x99\xd0[!"@+Qv\x92\xf3\xdf"@\xfdRWl\xda\x87#@,y\xd5\x80\x1b\x17$@\xac\xa1\x1by\x0b\x8c$@\xe5#\xb0\x7fM\xe5$@p\x81\x0eQ\xd7!%@\xfc\xcf\xf0U\xf4@%@\xe7o\x07\xbeGB%@\x98\x05\xd8\x94\xcd%%@\xbe\xc7\x89\xcd\xda\xeb$@\x88\xf0{E\x1c\x95$@3E\x9a\xc0\x94"$@\xea\xfcq\xe5\x99\x95#@M\xb9\x05B\xd0\xef"@\xdc\xd6@e&3"@\x19\x82\xa8\x1b\xcfa!@\xd6\x88{\xe0:~ @\xd6\x88{\xe0:~ @'
p13
tp14
b.