cnumpy.core.multiarray
_reconstruct
p0
(cnumpy
ndarray
p1
(I0
tp2
S'b'
p3
tp4
Rp5
(I1
(I25
I1
tp6
cnumpy
dtype
p7
(S'f8'
p8
I0
I1
tp9
Rp10
(I3
S'<'
p11
NNNI-1
I-1
I0
tp12
bI00
S'Q5$\n\xa9\xfe!@\xfd\x9d\xc2\xb1y\xb5$@J\xa4\xc6\x87\x00\\\'@\x92-ArU\xea)@\xfa\x01=\x84\xd8X,@\t>\x80\xbcH\xa0.@\xfe\xd3\x92\xd4\xec\\0@\xd6i\xc0\xd7\xa3O1@\xf1\x9e\xe6]u%2@r\x1fu\x90\xe3\xdb2@:\xda\xe6:\xcep3@\xf4\xb5*"y\xe23@\xc0\xe2\xd01\x91/4@\xa4\xab\x8bo0W4@\xeaa:\xa9\xe0X4@\xcc\xdc\x7f\xd5\x9c44@\xf2\xc0\xc8"\xd1\xea3@\xf2\xbd\x94\xb4Y|3@\x89p\xc5\x12\x80\xea2@\xdb\xe0\x99R\xf762@\xfb\x08\xcb\x04\xd7c1@B\x19\xe9\xf7\x94s0@\x1c\xb7.\xc3\xfb\xd1.@vr\x16\tZ\x8e,@vr\x16\tZ\x8e,@'
p13
tp14
b.