cnumpy.core.multiarray
_reconstruct
p0
(cnumpy
ndarray
p1
(I0
tp2
S'b'
p3
tp4
Rp5
(I1
(I25
I1
tp6
cnumpy
dtype
p7
(S'f8'
p8
I0
I1
tp9
Rp10
(I3
S'<'
p11
NNNI-1
I-1
I0
tp12
bI00
S"\x00\xf9\x992Vl'@k\xc7D\xe1\xbd\xac)@\xba\x07\xac\\\xa2\xdf+@\xe6\x1f&}t\xfe-@Q|\x96}p\x010@]\xe1\xe7\xa6q\xf30@\xe0\x01\x1f\xcfk\xd21@\x9d\x83o\xcd\xc5\x9b2@\xa2\xa5\xe2\xfb&M3@\x8c\xd8\x1f7~\xe43@\xbc.\xe3\x08\x08`4@R\xf5\xbc\xeaS\xbe4@\x90\xffh\x91H\xfe4@\xe47\xee3'\x1f5@\xe4I\xbf\xc4\x8d 5@\x1a\xa4:\x16x\x025@]D!\xe7?\xc54@B \xdf\xd6\x9bi4@\xfe\xc8\xc3D\x9d\xf03@\x8ci\x84 \xad[3@:\xcd\x87\xb5\x87\xac2@\xaeS\x88}7\xe51@t\x80\xfd\t\x0f\x081@\xa4\x8bv\x16\xa2\x170@\xa4\x8bv\x16\xa2\x170@"
p13
tp14
b.