cnumpy.core.multiarray
_reconstruct
p0
(cnumpy
ndarray
p1
(I0
tp2
S'b'
p3
tp4
Rp5
(I1
(I25
I1
tp6
cnumpy
dtype
p7
(S'f8'
p8
I0
I1
tp9
Rp10
(I3
S'<'
p11
NNNI-1
I-1
I0
tp12
bI00
S'\xda+\xd6\x00\x0b`$@\xba\xce\xb0\x1c=\xfd&@\x10\x1f\xfb&\xbf\x8a)@\x192\xcf\xa7\xf3\x00,@\xe6\xdb\xf7\xaa\x82X.@\x82\xc9\xff\xd37E0@N\x01\xc4,\x17H1@IC\xdf"\xdb12@9f\xd4^\xca\xff2@2\xd2\xcc\x8e~\xaf3@\n\x83)\x8f\xeb>4@5\xf2\x0f\x86e\xac4@\xc0\xb4\xba\xdf\xa5\xf64@\x10s\xae\x1c\xcf\x1c5@\x98\x16yfo\x1e5@\x84\x1dH\xe3\x81\xfb4@8\x10a\xc4n\xb44@\xa5\xedP\x0f\nJ4@m\xbeq%\x91\xbd3@\xb6\n%\x11\xa7\x103@"\x7f\xcb\xa3OE2@H\xb4\ns\xe9]1@e?O\xc7&]0@ \xd3A!\x0b\x8c.@ \xd3A!\x0b\x8c.@'
p13
tp14
b.