cnumpy.core.multiarray
_reconstruct
p0
(cnumpy
ndarray
p1
(I0
tp2
S'b'
p3
tp4
Rp5
(I1
(I25
I1
tp6
cnumpy
dtype
p7
(S'f8'
p8
I0
I1
tp9
Rp10
(I3
S'<'
p11
NNNI-1
I-1
I0
tp12
bI00
S"}\x8b \xbb\xf6J)@\x86\x14\x0c\xdd\x953+@\x1d\xb3\x07\x9d\xc0\x10-@$%Y\x8d\xe7\xdc.@\x03x\x02\x01WI0@\xa7\xc4\xcc\x07}\x161@a\xfcl\xe1\x81\xd31@\xc2m\xf1\xb11~2@\xc5\x0e\x1fM\x8f\x143@\xd0\x0bY%\xda\x943@J\x04\xb3\x85\x93\xfd3@\x16a\x96\x07\x83M4@(%\xad6\xba\x834@\xb8;6X\x97\x9f4@\xd3OyM\xc7\xa04@\x1d\xfb\xba\x8bF\x874@(\xa1\xcd&aS4@vr\x1f\xee\xb1\x054@R\x96\xea\x9e \x9f3@\xfa\x1a\xe90\xdf 3@a\xde\x9aEf\x8c2@\x00-\xc0\xc4p\xe31@\r\xa5 \xb3\xf6'1@v\xaf\x03S'\\0@v\xaf\x03S'\\0@"
p13
tp14
b.