cnumpy.core.multiarray
_reconstruct
p0
(cnumpy
ndarray
p1
(I0
tp2
S'b'
p3
tp4
Rp5
(I1
(I25
I1
tp6
cnumpy
dtype
p7
(S'f8'
p8
I0
I1
tp9
Rp10
(I3
S'<'
p11
NNNI-1
I-1
I0
tp12
bI00
S"m:\r\xe5~\xbc$@;\xb6|\xe5^D'@\xa1nK\xc8\x0e\xbd)@s\x01\xde1/\x1f,@5>P\x13\xa4c.@K\xbe\xeb\xef\xd4A0@7\xfb\x0e\xddt<1@\xa0:\xb3.\xc6\x1e2@<g\x07\xc5%\xe62@>\x8e\xbb\xe0@\x903@~\x11/\x11\x1c\x1b4@`\xe8,\x1e\x19\x854@QV\x92\xdb\xfb\xcc4@4\nz\xd8\xed\xf14@\x06\x1a\xee\xde\x80\xf34@\x1a\x97\xac<\xb0\xd14@2\xfd)\xd1\xe0\x8c4@\xa2\xb1\xa7\xe0\xdf%4@\xee7\xe0\xaf\xe0\x9d3@^\xbbk\xefx\xf62@8>\x8b\x01\x9c12@\xf8\x93t(\x95Q1@\xde\x0e{\xae\x00Y0@\xfb\x87\xfd8\x88\x95.@\xfb\x87\xfd8\x88\x95.@"
p13
tp14
b.