cnumpy.core.multiarray
_reconstruct
p0
(cnumpy
ndarray
p1
(I0
tp2
S'b'
p3
tp4
Rp5
(I1
(I25
I1
tp6
cnumpy
dtype
p7
(S'f8'
p8
I0
I1
tp9
Rp10
(I3
S'<'
p11
NNNI-1
I-1
I0
tp12
bI00
S'*\xdd\xec\xd6\xa8\xce*@b=\x91sR\xc7,@a\xab\xe8i\'\xb4.@\x86\xa7\xb6\xc8\xb4G0@e#\xf5\x96\xc7)1@\x8b)Z\xba\xa9\xfd1@\x06=\x1c"\xe3\xc02@\'\x04\x7fo-q3@hZ\x15\xbfz\x0c4@N\x11\x86\xc9\xfb\x904@\x0c\x9c\x8bI%\xfd4@\x16\x08\x14\x97\xb4O5@R\xd5\xc3i\xb3\x875@\xc4m\xa4\xb7z\xa45@(\x9fn\xa7\xb4\xa55@\xfe\xa4\xa2\x90]\x8b5@\x06\xd0q\x06\xc4U5@\x82=Y\xed\x87\x055@\xec\xd6(\x9e\x98\x9b4@|s\x05\x1c2\x194@\xde\x00\xb8e\xd9\x7f3@#\xd3E\xedW\xd12@L\xb1WC\xb6\x0f2@\xa4SV\x066=1@\xa4SV\x066=1@'
p13
tp14
b.