cnumpy.core.multiarray
_reconstruct
p0
(cnumpy
ndarray
p1
(I0
tp2
S'b'
p3
tp4
Rp5
(I1
(I25
I1
tp6
cnumpy
dtype
p7
(S'f8'
p8
I0
I1
tp9
Rp10
(I3
S'<'
p11
NNNI-1
I-1
I0
tp12
bI00
S'\xe21\x1fVuv\'@\x98\xde\x97\x80\x93\xa7(@\xd8\xab\xb2\x8d\x8a\xd1)@|\xc9\xb6\xa2\xe1\xf0*@1\xfc\xcf\x96?\x02,@\x12\xe7\x08\xf0t\x02-@6>\xedc\x85\xee-@\xe2"{\xbf\xb0\xc3.@Zg\xd2\x1b{\x7f/@\x17\x9b\x93#\xda\x0f0@&\xae\xee%?Q0@\xb7\x94)\x81)\x830@lR_N\x04\xa50@\xc0\x97\xc6\x8fj\xb60@\xf5\xbd\xf5](\xb70@\xba:\xb8\x82;\xa70@\xa4\xa9\xa7\x7f\xd3\x860@\xff\xbct\x00QV0@j\xd5\x86\xbaD\x160@\x08\x01\x9dz\xdb\x8e/@X3\xa5pn\xd5.@K\x828{k\x02.@\x80\x0e]\x11H\x18-@\x10\xdfM\xa7\xbe\x19,@\x10\xdfM\xa7\xbe\x19,@'
p13
tp14
b.