cnumpy.core.multiarray
_reconstruct
p0
(cnumpy
ndarray
p1
(I0
tp2
S'b'
p3
tp4
Rp5
(I1
(I25
I1
tp6
cnumpy
dtype
p7
(S'f8'
p8
I0
I1
tp9
Rp10
(I3
S'<'
p11
NNNI-1
I-1
I0
tp12
bI00
S'DK\xd2\xb1O\xe6 @a\xc5r\xd5\x94\x01#@x\xd3\xc5\xa15\x10%@\xe9+!\x1d\x0f\x0c\'@\x94\xd2yR6\xef(@\xc29\xa2\xf8\t\xb4*@Y\xd9\xc3=CU,@\xd8\x8b\xfa\x84\x05\xce-@t\n\x1d\xe7\xec\x19/@)\x7f\xb7\xa5\x8d\x1a0@B\xa4\x95\xf8!\x8e0@\x9c\xec\xbd\xa3Z\xe60@\t\xe8@{0"1@\xfc\xcc\xba\x00\xf1@1@\xec\x9d\xc9w@B1@\xbf\x04\xb5\xf7\x1a&1@\xe8\x8d\x17w\xd4\xec0@\xe2yf\xd1\x17\x970@\xf8PC\xc9\xe4%0@xJ\x0f\x1b\x1a5/@Q\xee\xdd\x93`\xed-@ti7\x9enx,@\x9c\x93\xd4\xc0\x9c\xda*@(; q\xbd\x18)@(; q\xbd\x18)@'
p13
tp14
b.