cnumpy.core.multiarray
_reconstruct
p0
(cnumpy
ndarray
p1
(I0
tp2
S'b'
p3
tp4
Rp5
(I1
(I25
I1
tp6
cnumpy
dtype
p7
(S'f8'
p8
I0
I1
tp9
Rp10
(I3
S'<'
p11
NNNI-1
I-1
I0
tp12
bI00
S'\x85y\xc7\xe35\xad&@h&\xb3>T\xfb(@\xc7\xdb\xa0\x19\x9d;+@\x14\x13\xc8YYg-@\xed\xe311\x0fx/@\xc7\xa1\x0b\xb8\xca\xb30@h\xec\xe0\xf2\x12\x981@\x1c-\x0eM7f2@\xfe.H\xd6\xd0\x1b3@\x10\xdfl\xd4\xc1\xb63@\xb1\x93\x87\x13<54@f3\x9bH\xc6\x954@\xb4/!w@\xd74@w\xe1\x1fL\xe7\xf84@5\x8c\xd5dV\xfa4@\xb8\xe2-z\x89\xdb4@e\xbd\x84m\xdc\x9c4@[\xf1\x8f6\n?4@\xda\xe7\xa1\xb5*\xc33@\xb6\xbe\xc4p\xaf*3@\x9e\x80hE_w2@\xbe\xc4|\x1bQ\xab1@3t\xc5\xa9\xe5\xc80@Vq\x05\xbc\x80\xa5/@Vq\x05\xbc\x80\xa5/@'
p13
tp14
b.