cnumpy.core.multiarray
_reconstruct
p0
(cnumpy
ndarray
p1
(I0
tp2
S'b'
p3
tp4
Rp5
(I1
(I25
I1
tp6
cnumpy
dtype
p7
(S'f8'
p8
I0
I1
tp9
Rp10
(I3
S'<'
p11
NNNI-1
I-1
I0
tp12
bI00
S'\xae\x80\xa6\xf6^7%@@\xb9\xb9d>\xd4\'@\xec\x93k\xb1oa*@\x1eC\xb1UV\xd7,@\xd6\x11\x9aE\x9b./@\xee\xb3\xd4j!\xb00@\x04\x97\xcd\xc7\xe0\xb21@K>7\xdc\x87\x9c2@\x9e\x80\xbc\xa6]j3@6\xe5l!\xfc\x194@n<kiW\xa94@\x9a\\\xb9\xd9\xc3\x165@\xda\x0f\xeb\x06\xfb`5@\xf0\xae\xe2\x8c\x1f\x875@t\xac>\xa3\xbf\x885@\xc6\xf3\xc5p\xd6e5@\xde\x94\xde\x19\xcc\x1e5@N\x97\xe3\x89t\xb44@\xd7\xb1\xf8\xfa\x0c(4@]\xb9\xb9C8{3@\xc8\xb6\xcc\xf5\xf9\xaf2@b\xca\xe5[\xb0\xc81@h\xcc(i\r\xc80@"\xda\xf7]\x1db/@"\xda\xf7]\x1db/@'
p13
tp14
b.