cnumpy.core.multiarray
_reconstruct
p0
(cnumpy
ndarray
p1
(I0
tp2
S'b'
p3
tp4
Rp5
(I1
(I25
I1
tp6
cnumpy
dtype
p7
(S'f8'
p8
I0
I1
tp9
Rp10
(I3
S'<'
p11
NNNI-1
I-1
I0
tp12
bI00
S"\xcd\xa2\x05\x10\xb7\xad#@\xac\x11[]R}%@\x87\xa7Jh\x0fB'@U\x9fm\xa2\xa7\xf6(@\x98#\xe5\xa5\x04\x96*@\xe2x\x83bO\x1b,@\x90_\x06\x8e\xfe\x81-@G\x85P,\xe4\xc5.@\xba\xf4C\x07:\xe3/@\xe8\xf9\x85xVk0@\x9a\x1a\xa0W\xb3\xce0@\x1at\xa58\x8b\x1a1@\x8e\x8di\xdc\xfbM1@\xc4\r\xc8\xcfkh1@4\x98e5\x8ci1@\xaeR\xf2\xb0YQ1@\x1aG0q\x1c 1@b\xb9\x9fXg\xd60@6\xc8SG\x16u0@\xd2\xe1\x14\x16\x97\xfa/@\xd8+Y\xfa\xd8\xe0.@\x88\xc2\x9a\xb1:\xa0-@V\xf8)\xaax<,@hMd%\xb8\xb9*@hMd%\xb8\xb9*@"
p13
tp14
b.