cnumpy.core.multiarray
_reconstruct
p0
(cnumpy
ndarray
p1
(I0
tp2
S'b'
p3
tp4
Rp5
(I1
(I25
I1
tp6
cnumpy
dtype
p7
(S'f8'
p8
I0
I1
tp9
Rp10
(I3
S'<'
p11
NNNI-1
I-1
I0
tp12
bI00
S'\xff0\\\xddS\xf1$@\xde\xa0\xef9\x8d9&@n)\x11\xce\x14z\'@\x80\xf9+o.\xaf(@\xe0\x94\x04\x0b@\xd5)@\xc54Vf\xdc\xe8*@du\xadU\xcd\xe6+@\xc8\x05\x02R\x1d\xcc,@\x88\n{L \x96-@\xed \t\xa7{B.@\xf4\xb9\x0e:-\xcf.@[=$R\x91:/@\xda\x9a\x18\x94g\x83/@\xfcu\x97\xb8\xd6\xa8/@\xd4$R\x14o\xaa/@\x9e\xfd\x1d\xe5+\x88/@\x16;&`sB/@M\x1f\x07\x81\x15\xda.@"\xdb_\x9dIP.@\xba\x05\x16\xc4\xaa\xa6-@P#\x1d\xf32\xdf,@T&\x0c25\xfc+@=\xa1\x17\xa3V\x00+@N\xb3\x1f\x9f\x86\xee)@N\xb3\x1f\x9f\x86\xee)@'
p13
tp14
b.