cnumpy.core.multiarray
_reconstruct
p0
(cnumpy
ndarray
p1
(I0
tp2
S'b'
p3
tp4
Rp5
(I1
(I25
I1
tp6
cnumpy
dtype
p7
(S'f8'
p8
I0
I1
tp9
Rp10
(I3
S'<'
p11
NNNI-1
I-1
I0
tp12
bI00
S'\t\xc4\x9c\xef\xaf\xe4(@?xQ\xde\xb54+@\xd5\xb5\xea\xde\xdav-@\xa2\x0e=Jb\xa4/@\xfeUJ|f\xdb0@l\xcc\x84Q\xf6\xd31@z\xf6\xc7)\xfb\xb82@\x14\xc1a\xd6\xc9\x873@\xc6S\xf1j\xf9=4@Hk\xbcmj\xd94@\x10\xd7\xea,MX5@\xcc\xd4\xc3%\'\xb95@(\xf8\xcem\xd7\xfa5@HV\xb0\x10\x9a\x1c6@\xe8\xf4\xb4X\n\x1e6@\x8a\xbb?\xfb#\xff5@\xdc\xb4\x96%C\xc05@\xffo\xeai#b5@\xd2\xc4\xcb\x8f\xdd\xe54@\x84"\x95N\xe4L4@:\x01\x8a\xfb\xff\x983@\xfbb\x8f8I\xcc2@\xf62Z\xb3"\xe91@@\xe3\xba\x072\xf20@@\xe3\xba\x072\xf20@'
p13
tp14
b.