cnumpy.core.multiarray
_reconstruct
p0
(cnumpy
ndarray
p1
(I0
tp2
S'b'
p3
tp4
Rp5
(I1
(I25
I1
tp6
cnumpy
dtype
p7
(S'f8'
p8
I0
I1
tp9
Rp10
(I3
S'<'
p11
NNNI-1
I-1
I0
tp12
bI00
S'8\x05\xd9xe\x10\x1e@\xbc\x12\xf2X\xd0\x93 @N\x9ax\xbc\'\x16"@<\xdb\x01j\xb8\x8a#@q\x06\x08\xfd*\xed$@\xbc\x10\xde\x1c^9&@\xd6\x8d\xd6\xcerk\'@!\xf9o\x02\xd8\x7f(@\xe0\xe9\x135Us)@R\t\xac\r\x14C*@\xde\xa7c\xd3\xa8\xec*@DTV\xa6\x19n+@\x84\xaf\xa0d\xe4\xc5+@N\xd2=*\x03\xf3+@|(E^\xef\xf4+@>@nD\xa3\xcb+@\x9a\xcc,\x0e\x9aw+@8\xd11k\xce\xf9*@f<\x9a\x9d\xb7S*@\xec\xbc\x81\x1aE\x87)@$+\x05\xc4\xd8\x96(@$}\xed\xcd?\x85\'@\xfa}6b\xaaU&@0\x82_\x1e\xa2\x0b%@0\x82_\x1e\xa2\x0b%@'
p13
tp14
b.