cnumpy.core.multiarray
_reconstruct
p0
(cnumpy
ndarray
p1
(I0
tp2
S'b'
p3
tp4
Rp5
(I1
(I25
I1
tp6
cnumpy
dtype
p7
(S'f8'
p8
I0
I1
tp9
Rp10
(I3
S'<'
p11
NNNI-1
I-1
I0
tp12
bI00
S'LuqAC"$@\xf1\xbf\x95W\x80\x91&@Up\x04*!\xf2(@D\x7f!"\x0e=+@\xc4z\xe2fpk-@\x12\x0c\xbbC\xc6v/@\xf8_\xc6H{\xac0@\xac\xa8\xd9s1\x861@V\x8dt/\xfcE2@\x88\xcb\x01Z\x9f\xe92@\x80\xa5\xb0\xce2o3@\xe4D\xa1\x15(\xd53@\xe9\xa8\x8e\x08O\x1a4@D>\x1c^\xd9=4@>\x914\x11]?4@\rgM\x9d\xd5\x1e4@\xc3\xcb\xe1\x0b\xa4\xdc3@\x04\xe1\xf9\xd2\x8dy3@\x80\xf0\x1f\x88\xba\xf62@\xec\xeb\x9fn\xb0U2@<\xb1W\xebO\x981@z\xf0\xa8\xeb\xcd\xc00@\x83>\x7f\xa0Z\xa3/@&H\xa0\xden\x9b-@&H\xa0\xden\x9b-@'
p13
tp14
b.