cnumpy.core.multiarray
_reconstruct
p0
(cnumpy
ndarray
p1
(I0
tp2
S'b'
p3
tp4
Rp5
(I1
(I25
I1
tp6
cnumpy
dtype
p7
(S'f8'
p8
I0
I1
tp9
Rp10
(I3
S'<'
p11
NNNI-1
I-1
I0
tp12
bI00
S'\xaa\xc8\x82F?""@\xecm\xba\xc6%h#@U\xceuph\xa6$@\x8et\x0b\xdeQ\xd9%@\tS`\x84N\xfd&@}\x08\x0c^\xf7\x0e(@\xb1\xdd\xac\x11\x1c\x0b)@\x80u$u\xcc\xee)@\x8a\xab\\Qa\xb7*@nHoL\x84b+@$[\x94\xe26\xee+@\xe4\x9e\nY\xd8X,@\x8e\xf7:\x99*\xa1,@-\xa2\x9a\xe5U\xc6,@B\x80=]\xeb\xc7,@H\xaa\x98F\xe6\xa5,@\x16\x9a\x9a\x1d\xac`,@\xc7\xe1\xeed\x0b\xf9+@\xc2\x84\xf4=9p+@\x14\xa4\x94\xce\xcd\xc7*@D`\xb8\x7f\xbf\x01*@\x08\xf6\x8d"] )@\xdc\xeb\x13\x0eG&(@\x16\xdesIg\x16\'@\x16\xdesIg\x16\'@'
p13
tp14
b.