cnumpy.core.multiarray
_reconstruct
p0
(cnumpy
ndarray
p1
(I0
tp2
S'b'
p3
tp4
Rp5
(I1
(I25
I1
tp6
cnumpy
dtype
p7
(S'f8'
p8
I0
I1
tp9
Rp10
(I3
S'<'
p11
NNNI-1
I-1
I0
tp12
bI00
S"\xc4\xcf\xbe\x80\x1bE'@\xef\xeb\x1f\xf1\xf3f(@9\x1b\xb9\xeb\x00\x82)@l\xb4q\x13\xf6\x92*@\xae\x9f\xf3&\xa5\x96+@*\xf5\xa8}\x07\x8a,@\x90\xd7\x9a\x0eGj-@\xc6\x05D\xe6\xc64.@\xf2O\x1a\xf2*\xe7.@\xb3\x15\x8e\n_\x7f/@DK\x80&\x9d\xfb/@4\xbf\xd7R9-0@\xec\xbe)QbM0@B\xc2\x82\x9e\xe9]0@b\xbb\x8f\xec\x9d^0@_as!}O0@\xb0\xae\n^\xb400@\x8f\xbbMw\x9f\x020@b\x15\xbd\xc8\x8f\x8b/@\x1c\xf3\xedH\xc6\xf5.@\xe34\xfaB\xa1E.@\xfe$\x1a+.}-@l/y\xf6\xc2\x9e,@\xaa\x04t#\xf7\xac+@\xaa\x04t#\xf7\xac+@"
p13
tp14
b.