cnumpy.core.multiarray
_reconstruct
p0
(cnumpy
ndarray
p1
(I0
tp2
S'b'
p3
tp4
Rp5
(I1
(I25
I1
tp6
cnumpy
dtype
p7
(S'f8'
p8
I0
I1
tp9
Rp10
(I3
S'<'
p11
NNNI-1
I-1
I0
tp12
bI00
S'\x8c\xbb=\xbbZW\x1b@EZ*\xd9\x11\xbc\x1e@\xe10\x9d\xc15\x06!@\xdf\x04>\x83B\x9f"@\x8c\xbb\xb7\xf6j$$@\xef\x06\x0f8&\x91%@F\x90\x15A4\xe1&@\xd6z\x14\x97\xaa\x10(@\xea\xfaF\xf9\xff\x1b)@Z(L\xed\x16\x00*@Tf\x18\nG\xba*@\xe0\xca\xad\xe5dH+@P\xb3\xf4\x8d\xc8\xa8+@\\\x03fyR\xda+@(u\xca\xe0n\xdc+@\x16?\x10x\x17\xaf+@\x8e\x03\x14\x81\xd3R+@N\x01%8\xb6\xc8*@F$\xf8\x9e[\x12*@\t:\x9b\xaf\xe31)@K\xa5\xba\x05\xec)(@\xbdK"\x11\x88\xfd&@\x94p\xc0\xe87\xb0%@8\xb6\x89\xd9\xddE$@8\xb6\x89\xd9\xddE$@'
p13
tp14
b.