cnumpy.core.multiarray
_reconstruct
p0
(cnumpy
ndarray
p1
(I0
tp2
S'b'
p3
tp4
Rp5
(I1
(I25
I1
tp6
cnumpy
dtype
p7
(S'f8'
p8
I0
I1
tp9
Rp10
(I3
S'<'
p11
NNNI-1
I-1
I0
tp12
bI00
S'B\x04\xc2\x1e?|!@T>\xc4\xd2\xfa\xeb"@\x95+\xc4\xa2\x17S$@\x06\xda\x91Kf\xad%@\xd2\xda\xfd\xbc\xdd\xf6&@\xff\xce\x8f#\xa7+(@P``\\)H)@\xc7\xb1\xec\xb0\x13I*@\xb0I\xde\xbag++@H\xf2FR\x82\xec+@|\x8a\xack#\x8a,@\xdd\xb5l\xcet\x02-@\xb7Rr\x8f\x0fT-@\xc4P\xe4?\x00~-@\xf3\xf8S\xc3\xc9\x7f-@Hd\xf4\xc4fY-@\xe8\xcb\x81\xc7I\x0b-@\x1fA\xa9\xcf[\x96,@\xe7\xce\xeb\xac\xf9\xfb+@(\x99\x16\xe9\xef=+@\xe6\xf6oju^*@h\xc2\x9b\xd8$`)@Z\x96\xeb\xd7\xf4E(@\xc4bG2/\x13\'@\xc4bG2/\x13\'@'
p13
tp14
b.