cnumpy.core.multiarray
_reconstruct
p0
(cnumpy
ndarray
p1
(I0
tp2
S'b'
p3
tp4
Rp5
(I1
(I25
I1
tp6
cnumpy
dtype
p7
(S'f8'
p8
I0
I1
tp9
Rp10
(I3
S'<'
p11
NNNI-1
I-1
I0
tp12
bI00
S'Zp@\xd7\x9aU+@>\x1b\x93]<\xd1,@Q\xb5\xe3\x98\xf7C.@\xc2\x03\x12\x9dz\xa9/@\x82d\xb1v\xcd~0@\x0e\x9a\xf5\xf40\x1e1@\x0c=#Q\x0c\xb11@}V(u\xa952@|N\xec\xc7|\xaa2@\xf0\xf2i\xc9)\x0e3@\xfd<J"\x87_3@J\x9b\xe2\x1a\xa2\x9d3@\x95\xc7@o\xc1\xc73@\xdbC\xd4wg\xdd3@\x04\xdcD\xa0S\xde3@\xf9\xff\x17(\x83\xca3@YH\xe6*1\xa23@\xda\xa8\x08\xf0\xd5e3@\x12M\xcb\x83%\x163@1uT\x9e\r\xb42@\x00\x88\x81\xde\xb2@2@\xd8\xc3\xfd`m\xbd1@\xf4\x85\xbe\xbd\xc4+1@\xd1U\xdbwk\x8d0@\xd1U\xdbwk\x8d0@'
p13
tp14
b.