cnumpy.core.multiarray
_reconstruct
p0
(cnumpy
ndarray
p1
(I0
tp2
S'b'
p3
tp4
Rp5
(I1
(I25
I1
tp6
cnumpy
dtype
p7
(S'f8'
p8
I0
I1
tp9
Rp10
(I3
S'<'
p11
NNNI-1
I-1
I0
tp12
bI00
S':s\x19\xa4\xc1="@\x10\xed&G\xba\xe0$@9!\x7f/\xe0s\'@\xdc\x1a\x0f\x12\x85\xef)@`\xa0\n\xc1@L,@\xd7\x97aD\x07\x83.@\x8c\xc7\x91\xef\x9eF0@e#\x8eag21@\xd5\xde\xf1\x9b\x1d\x022@\xc2\x94\x9d\xffU\xb32@Lb\xe8\xe2\xffC3@\x02W\xab\xbak\xb23@6\xfa\x95!P\xfd3@\x02\xaf\xcb\xae\xcd#4@c\xbeV\x90q%4@\x8d\xf4\xac\xe16\x024@\x03\x0fH\xba\x86\xba3@Yq&\xf46O3@\xd8P\xdb\xad\x87\xc12@\xb1[\x9d\x8f\x1f\x132@\x1e\x88t\xde\x06F1@\x9f-8l\xa1\\0@$Y\xe6\xecN\xb3.@\x06/\xe5\x12;\x80,@\x06/\xe5\x12;\x80,@'
p13
tp14
b.