cnumpy.core.multiarray
_reconstruct
p0
(cnumpy
ndarray
p1
(I0
tp2
S'b'
p3
tp4
Rp5
(I1
(I25
I1
tp6
cnumpy
dtype
p7
(S'f8'
p8
I0
I1
tp9
Rp10
(I3
S'<'
p11
NNNI-1
I-1
I0
tp12
bI00
S'\x19\xc13<\x89K"@\x8e\x05\xae\n\xff\x8c$@yx\xc9P\xeb\xc0&@>\xd2\xf2\xd3\xbb\xe0(@"\xa0\xc9U\x1a\xe6*@C\xc2i{\xff\xca,@\x98\x1b`\xc9\xc4\x89.@P<R\xbf\x9a\x0e0@F_(\x0eO\xc00@\xb6\xbf\xe05\xedW1@\xd6&\xa5\xec\xb0\xd31@\x9e\x99Q\xff(22@\x0c\xd5\xce\x9e;r2@\x86\x1d\xbb\xa8)\x932@\x98\x9f\x95\xe1\x90\x942@<\x85\xc7\x19mv2@|\x99 :\x1892@\xa8:\xa27I\xdd1@\xa8\xb0\xb8\xf1\x11d1@\xc6\xff>\x01\xdc\xce0@FZ\xd2\x81d\x1f0@\xd0\xed\r\xc4m\xaf.@\xccn\xee\x93M\xf4,@N\x0e\xbeT\x92\x12+@N\x0e\xbeT\x92\x12+@'
p13
tp14
b.