cnumpy.core.multiarray
_reconstruct
p0
(cnumpy
ndarray
p1
(I0
tp2
S'b'
p3
tp4
Rp5
(I1
(I25
I1
tp6
cnumpy
dtype
p7
(S'f8'
p8
I0
I1
tp9
Rp10
(I3
S'<'
p11
NNNI-1
I-1
I0
tp12
bI00
S'\xea\xdb\x00\x03g\xb6&@\xd3\xb1;\xf0\x00N)@\x9b\xdb\xe7^\x0c\xd6+@\x15,I#\xfcF.@~WG\x00\xc4L0@D\xb8\xff0ac1@\x82\xcd\xdb\x82\x16d2@\x14\x9a\xa7-\xe6K3@\x934Q\xae\x1c\x184@y-\xbf\xd5X\xc64@\xfc\x97\x0f\xe2\x92T5@\xb2\xb6\x12\x8d"\xc15@\xc4\x16\xf0\xfd\xc3\n6@\xb4\x936\x8f\x9b06@hk\x15^826@\x0e\xcd\x1b\x9b\x95\x0f6@^V\x92\x98\x1a\xc95@\x15\xb1C\x96\x99_5@\xde\xbfKNM\xd44@\xf4P<J\xd5(4@X\x06\x88\x0b1_3@\x80:\xa5\x15\xbay2@\x91\xa8\xb0\xeb\x1c{1@&\x95x\x16Qf0@&\x95x\x16Qf0@'
p13
tp14
b.