cnumpy.core.multiarray
_reconstruct
p0
(cnumpy
ndarray
p1
(I0
tp2
S'b'
p3
tp4
Rp5
(I1
(I25
I1
tp6
cnumpy
dtype
p7
(S'f8'
p8
I0
I1
tp9
Rp10
(I3
S'<'
p11
NNNI-1
I-1
I0
tp12
bI00
S"~\xfb3h\x9e\xcf$@\xb3\x94\xbd\xa4B\x10&@*\x81-\x9abI'@\x07p\xb94Xw(@:\xbaL\xaf\x9e\x96)@\x0c\x8f\x9a\x12\xdd\xa3*@\xf5}\x841\xf0\x9b+@li\x0b\x05\xf4{,@F\x98\xdfKLA-@\xe7\x8d\xd6S\xac\xe9-@\x1f\x01\x0c\xd6\x1ds.@<D7\xd1\x06\xdc.@\x1ew\xbfP.#/@\xa1\xf7M\x12\xc0G/@2$\xfe\xfeNI/@|\x97\xc9p\xd6'/@\xcd\x19f@\xba\xe3.@|\xeak\x9b\xc5}.@n\xe4<\xa6(\xf7-@z\x87\xbc\xf0tQ-@Jek\xc8\x98\x8e,@\x87[\xdbu\xd9\xb0+@\xbcL\xabv\xcc\xba*@\x00\x0f?\xc8O\xaf)@\x00\x0f?\xc8O\xaf)@"
p13
tp14
b.