cnumpy.core.multiarray
_reconstruct
p0
(cnumpy
ndarray
p1
(I0
tp2
S'b'
p3
tp4
Rp5
(I1
(I25
I1
tp6
cnumpy
dtype
p7
(S'f8'
p8
I0
I1
tp9
Rp10
(I3
S'<'
p11
NNNI-1
I-1
I0
tp12
bI00
S"n\x90\x90\xf1p\xda\x1d@*E6\x91P;!@\xe3`7O\x93{#@:a?\xaaI\xa7%@\xb83\xed\xe5\xf9\xb7'@\xac\xb74\xe3z\xa7)@\xe5\xa9\r\x81\x06p+@c<\xd5\xd5J\x0c-@\x80\xcd\x00\x0ezw.@,a\xca\xc0X\xad/@\x96s\x0bH%U0@)\xa4\xf6v\xae\xb50@\xc5=\xae\xf3'\xf70@d\x02Km\xce\x181@\x90\xcf\x1b\x82=\x1a1@\xcc\xf5\x17\xebp\xfb0@L\xcc\xa1\x88\xc4\xbc0@UpsP\xf3^0@p\x8e\xce?*\xc6/@\xeb\xf37\xf26\x95.@\xde\xbd\\i\x9a.-@h\xfc\xc2i\x82\x96+@<\x88\x08T\xb0\xd1)@\xcceY\xf5j\xe5'@\xcceY\xf5j\xe5'@"
p13
tp14
b.