cnumpy.core.multiarray
_reconstruct
p0
(cnumpy
ndarray
p1
(I0
tp2
S'b'
p3
tp4
Rp5
(I1
(I25
I1
tp6
cnumpy
dtype
p7
(S'f8'
p8
I0
I1
tp9
Rp10
(I3
S'<'
p11
NNNI-1
I-1
I0
tp12
bI00
S"\xe8\x87z\xcb\x9fm%@t\x99{\xf9\xeb2'@\x0c\x8fY\xc3\x97\xed(@\xbd;\xd7\xa2z\x98*@\xba\x1d\x1a(\x9b.,@\xa0\xe8n\xd0=\xab-@<\xcbR$\xf3\t/@P<RyR#0@fW\xc2@\xd1\xae0@\xa42D\xc8\xd5%1@\x19\xdd\xb2\x05\xfd\x861@|\xcb\x16(%\xd11@\xc1\x9a1\xf8p\x032@\xcc\xbfelJ\x1d2@\x17\x97Ihd\x1e2@\x8c\xad\xae\xa2\xbb\x062@\xde\x10o\xaf\x96\xd61@\xe1i\xe3,\x85\x8e1@\xde\xeeu\x17^/1@u5PH=\xba0@Q\x01\x9d&\x8000@\x08\xeew*\x83'/@\x18\xec\x18R\xaa\xcb-@A\xfa/l\x83Q,@A\xfa/l\x83Q,@"
p13
tp14
b.