cnumpy.core.multiarray
_reconstruct
p0
(cnumpy
ndarray
p1
(I0
tp2
S'b'
p3
tp4
Rp5
(I1
(I25
I1
tp6
cnumpy
dtype
p7
(S'f8'
p8
I0
I1
tp9
Rp10
(I3
S'<'
p11
NNNI-1
I-1
I0
tp12
bI00
S'\xf3\x82\xcc\x03v\x17*@\xcf$\xf5\x8fh:,@\xb6\xdb\xbc\xb1\x88P.@\xf4\xa3\xf8\x88\xce)0@\xb2a\x14\x95\xd2\x1e1@^\x9b+\x96u\x042@]\xb7\xbe\x85\n\xd82@\x05UQ9\x1a\x973@"K<\xbdj?4@PB\xe4\xf8\x05\xcf4@\xa9\n\x85\x88?D5@x\xa1\x1d\xbb\xb9\x9d5@N\xc1\x98\xa5i\xda5@~(\n?\x9a\xf95@\x96V\xb9|\xee\xfa5@^\xc3\xaegb\xde5@\xd4\x99\x87(K\xa45@\x1a\xafl\tVM5@F\x84"q\x86\xda4@\\d8\xdd2M4@\xc2\xf9Z\xe4\x00\xa73@\xc0\x1a\xb2L\xe0\xe92@$m\xf1D\x05\x182@\x08\xaaW\xd1\xe131@\x08\xaaW\xd1\xe131@'
p13
tp14
b.