cnumpy.core.multiarray
_reconstruct
p0
(cnumpy
ndarray
p1
(I0
tp2
S'b'
p3
tp4
Rp5
(I1
(I25
I1
tp6
cnumpy
dtype
p7
(S'f8'
p8
I0
I1
tp9
Rp10
(I3
S'<'
p11
NNNI-1
I-1
I0
tp12
bI00
S"\xa18\x9fF\x83\xb5#@\xb6j\xd4\xa9#\xb6%@\xe8\xde[\x9b\xbf\xaa'@\x8b\xbfl\xbf\x81\x8d)@\xd4\xa1W\xfa\xc9X+@T\xbc|8>\x07-@\xbf9Ye\xda\x93.@*\xa4\x0bb\xff\xf9/@qTVg\xc0\x9a0@\xb6\xef\xad\xbeX!1@\xf4\xab\xee47\x8f1@\xbcK\x88\n\x14\xe31@\x00\x92+\x14\xf5\x1b2@\xfc\xbf\x10\xa5092@\xd2\x17\x1f\x89o:2@,}\x0f\t\xae\x1f2@\xca2\x82\xf5;\xe91@\xa4\xa3\xe6\xb8\xbb\x971@5y\xfbr ,1@WL\x8c#\xab\xa70@\xb2r\xe0\xec\xe6\x0b0@v\xd2\x06\xf2H\xb5.@\x94#F\x1f\xe9+-@\xcakU\xd9C\x80+@\xcakU\xd9C\x80+@"
p13
tp14
b.