cnumpy.core.multiarray
_reconstruct
p0
(cnumpy
ndarray
p1
(I0
tp2
S'b'
p3
tp4
Rp5
(I1
(I25
I1
tp6
cnumpy
dtype
p7
(S'f8'
p8
I0
I1
tp9
Rp10
(I3
S'<'
p11
NNNI-1
I-1
I0
tp12
bI00
S'\x1d\x81@\xe6\xdc\x18$@+\xbe2\xbd\xf7>%@\xa4\xa9\x80\x8e-^&@\xd1\x1a\x91\x94%s\'@\xf0\x1f\xd2\x96\xa5z(@\x14~h\x8a\x9bq)@z\x0e\x04\xbb&U*@\x1c\'\x86`\xa0"+@\x04I\xde\x87\xa3\xd7+@\x98\xbf\x847\x14r,@\xcc\xafD\xba%\xf0,@\x14y\x90\xfd_P-@\xf3\xaa\\\xf3\xa3\x91-@\xc8\xf8n\xea.\xb3-@\x90\xbb&\xd3\x9c\xb4-@B{\xfai\xe9\x95-@\x08\x140DpW-@\xbe\x85\xa9\xbe\xeb\xf9,@bh\xf5\xd1r~,@2l\x1d\xd2u\xe6+@\x0ff\xe5#\xba3+@`\x94H\xf4Th*@G\xc3\xf7\x01\xa5\x86)@\x7f\xed`\x8bK\x91(@\x7f\xed`\x8bK\x91(@'
p13
tp14
b.