cnumpy.core.multiarray
_reconstruct
p0
(cnumpy
ndarray
p1
(I0
tp2
S'b'
p3
tp4
Rp5
(I1
(I25
I1
tp6
cnumpy
dtype
p7
(S'f8'
p8
I0
I1
tp9
Rp10
(I3
S'<'
p11
NNNI-1
I-1
I0
tp12
bI00
S"\x97WC\ny\x1d'@\x1b*H\xa3\x17\x84(@S\xb5\n\nN\xe2)@\x95^\x0b\x88\x074+@\x7f\x97o\xa7Tu,@\x9eMX\xf0v\xa2-@\xaa\x94\x12\x14\xec\xb7.@\xeeW\xd1dx\xb2/@\x9a\x1d[=\x98G0@\xc1*\xb2\xf4\xc0\xa50@\xa5\xe2\x10v\x9d\xf20@\xd8y\xd2xH-1@O<\x03\xfa\x12U1@/wsF\x86i1@\x96\xf6\xce\\ej1@q\xce\x98\xa3\xadW1@)\x8f\xec\xf0\x9611@\x12\xc4\xed\xe3\x92\xf80@\xd6\x9b\xd6\x91K\xad0@\xea\xd2\x98\x8a\xa1P0@\x18\xd0\xf4uR\xc7/@\xe8\xde\xf8gO\xcf.@$\xbaO\xc2\x1d\xbc-@\xe4\xef\x19r\xf2\x90,@\xe4\xef\x19r\xf2\x90,@"
p13
tp14
b.