cnumpy.core.multiarray
_reconstruct
p0
(cnumpy
ndarray
p1
(I0
tp2
S'b'
p3
tp4
Rp5
(I1
(I25
I1
tp6
cnumpy
dtype
p7
(S'f8'
p8
I0
I1
tp9
Rp10
(I3
S'<'
p11
NNNI-1
I-1
I0
tp12
bI00
S'=\xbe\xaf\xfd\x97\xd7"@\x12\xbb\xa0\xad\x0b\x07%@N\x18\x13\xe8a)\'@4\x02m\xe8<8)@\xd4+d\x07y-+@^#]\x0b?\x03-@B\x99\xcc\x94\x15\xb4.@\xaduP\xb9x\x1d0@\n\xb8\xfeV\xa2\xc90@t\xbc2\x10\x86\\1@,\xb1\xe7\xb5m\xd41@\x16\xa7u\x98\xf3/2@\xecv\x93\xb2\x06n2@\xc35\xc8\xd7\xed\x8d2@\xc7\xab\xce\xdcI\x8f2@\n\xfbz\xb3\x16r2@\x01\x93\xd3v\xab62@,Z9g\xb9\xdd1@\x1a0\xa6\xd9Ih1@X\x1a+ \xbb\xd70@\xd9=\xe7t\xbc-0@F$J\xe7\x91\xd8.@\xe1f6bC+-@\x08\xf4\xe2\x02\x8eX+@\x08\xf4\xe2\x02\x8eX+@'
p13
tp14
b.