cnumpy.core.multiarray
_reconstruct
p0
(cnumpy
ndarray
p1
(I0
tp2
S'b'
p3
tp4
Rp5
(I1
(I25
I1
tp6
cnumpy
dtype
p7
(S'f8'
p8
I0
I1
tp9
Rp10
(I3
S'<'
p11
NNNI-1
I-1
I0
tp12
bI00
S"\xeaHNT\x0b\x9c$@\xed\x11\xf1\x8b\x9eT'@\xbb>\xffa\xdd\xfc)@v%\xfb\x9b\xda\x8c,@\x89\xa6.[\xf1\xfc.@\x9a;\x16\xf5\xed\xa20@\xf6\xd88\xb7d\xb01@\xbc]\xb8\x1e\xb9\xa32@\x1c5/L\x15z3@\xfe\x94o\xcb\xf904@\x0e\xac\x0e\x07E\xc64@\xc2\x0f\xea\xa3985@Zb\xb0\xb1\x83\x855@\xbc\x10\xf2\xa0<\xad5@\x92\x1d\xe9\xf2\xed\xae5@\xeaD\xf4\x9a\x92\x8a5@\xe8\x01\xa7\r\x97@5@\x90\x87A\xfd\xd7\xd14@\xb0\xcbU\xc7\x9f?4@\x88\x91E\x9b\xa2\x8b3@\xffM\x15e\xf9\xb72@\xa0i\xbd\x8b\x1b\xc71@\xe8\xd3\xa3\x95\xd7\xbb0@:<a\x92\x952/@:<a\x92\x952/@"
p13
tp14
b.