cnumpy.core.multiarray
_reconstruct
p0
(cnumpy
ndarray
p1
(I0
tp2
S'b'
p3
tp4
Rp5
(I1
(I25
I1
tp6
cnumpy
dtype
p7
(S'f8'
p8
I0
I1
tp9
Rp10
(I3
S'<'
p11
NNNI-1
I-1
I0
tp12
bI00
S'B?\xe8D\xad\xed"@\xeao\xb6\xc74\xff$@H QhR\x04\'@L\xe9^\x8d\xff\xf6(@\x82\x80\x1d\x9fl\xd1*@r\x81\xfe\\\x12\x8e,@\xa6\xe6w[\xc2\'.@\xa0,\xd6x\xb6\x99/@dLz\x8d\xcfo0@&\x14\xb0\x05\xd8\xfa0@\xed7\xc4\xe5Ul1@\xe6t\x99\x9f\xf6\xc21@\x8e\x9a-\xc8\xb7\xfd1@$h{\x1a\xea\x1b2@\xf7\x8cR\x823\x1d2@\xea\x1b\x0e)\x90\x012@\x9a\xda\x07\x81R\xc91@\xb9C\xa6O"u1@\x98\xe9\xe2\xb8\xfa\x051@\x16.\x1eR\'}0@\xd2P\xf6\x89\x80\xb8/@]\xd2\x94\x1bKJ.@\xbe\x86g\xc7\xf2\xb3,@\x94\xc7\x9c\xb63\xfa*@\x94\xc7\x9c\xb63\xfa*@'
p13
tp14
b.