cnumpy.core.multiarray
_reconstruct
p0
(cnumpy
ndarray
p1
(I0
tp2
S'b'
p3
tp4
Rp5
(I1
(I25
I1
tp6
cnumpy
dtype
p7
(S'f8'
p8
I0
I1
tp9
Rp10
(I3
S'<'
p11
NNNI-1
I-1
I0
tp12
bI00
S'=\xe9\xa5R\xc7\x0e*@\xdc\x04\x12M7\xe0+@\xa4mi\x08\xbe\xa6-@\xd3Q\xf2\xa0\x0f]/@]\x13\x15F\x08\x7f0@\x1e<\xa3jrB1@\xf3\xf7\x03N\x7f\xf61@\xaa\xf0P\xd5\x15\x992@\xbe\xbd\x17\xfdP(3@\x8f\xba/\x80\x85\xa23@\xb4\x12O\xd2F\x064@2\xd5\x84_kR4@\x04\x06\xec\x03\x10\x864@F\x99?\xb1\x9a\xa04@x\x12j:\xbc\xa14@E\xdf\xb5?q\x894@\xb2\xdb\xdd8\x02X4@\x9e\xf9\xdf\x9c\x02\x0e4@\x8f\xeb\x16*O\xac3@w\x14\xbbS\x0b43@\x08\x16w\xdc\x9d\xa62@j\x8a1\xa8\xac\x052@lq\x84\xd1\x17S1@T\xa0\x8c\x11\xf4\x900@T\xa0\x8c\x11\xf4\x900@'
p13
tp14
b.