cnumpy.core.multiarray
_reconstruct
p0
(cnumpy
ndarray
p1
(I0
tp2
S'b'
p3
tp4
Rp5
(I1
(I25
I1
tp6
cnumpy
dtype
p7
(S'f8'
p8
I0
I1
tp9
Rp10
(I3
S'<'
p11
NNNI-1
I-1
I0
tp12
bI00
S"@b\t8n\x1e'@\xc6\x00\x8ebi>(@\xf5\x1f\x91G\xa4W)@QRX\xf8\xd7f*@\xd4\xc7Wp\xdbh+@s<\x90\x02\xadZ,@\x08\xa3\x90Q{9-@._Z\xb7\xad\x02.@\xd8\xc8\x14\x04\xec\xb3.@\xd2iu|%K/@O\x06\x00\x03\x97\xc6/@\xa8\xaf\xde,h\x120@B']6\\20@\xe6)AL\xc8B0@\xfe)hq{C0@\xb8\x8aj\x8fs40@}\xcc\xd5|\xdd\x150@\xd0'\xd6\xee(\xd0/@\xf4\x18\xe2'BW/@0-\x8aMo\xc2.@\x83Q\xd6Sl\x13.@V5\xc2MCL-@.Y\xd9WFo,@\xf1h\xee\xab\x08\x7f+@\xf1h\xee\xab\x08\x7f+@"
p13
tp14
b.