cnumpy.core.multiarray
_reconstruct
p0
(cnumpy
ndarray
p1
(I0
tp2
S'b'
p3
tp4
Rp5
(I1
(I25
I1
tp6
cnumpy
dtype
p7
(S'f8'
p8
I0
I1
tp9
Rp10
(I3
S'<'
p11
NNNI-1
I-1
I0
tp12
bI00
S'i\x14\xe7\xc4Ia&@\x8b1fD\x9d\xce(@\x8b\x0c_\xfa_-+@:ct\xe2\x7fv-@\xd2\x13\xff\x82+\xa3/@\xca\xde\xf9!s\xd60@\x8d\x94I\xe4\xcd\xc61@@\x1a\x16\t\xd9\x9f2@j\xc4\xea\x1a\r_3@\xb3$\xa3\xb9/\x024@8F\xe5?Z\x874@\x90(\xd6n\xff\xec4@!\xeb\x1d\x0f\xf015@b\xa8ly^U5@\xbe\xbf\xf5\xfb\xe0V5@ }\xbb\x15s65@\xae\x90\xfe\x83u\xf44@pB\xa9!\xad\x914@\x92>\x13\x9c@\x0f4@\x94\xbf\xf5\x03\xb5n3@\xfaZ\xceD\xe9\xb12@\xa2\xa56\x90\x10\xdb1@\xa0}\xd6\xcd\xab\xec0@rm\tG\x04\xd3/@rm\tG\x04\xd3/@'
p13
tp14
b.