cnumpy.core.multiarray
_reconstruct
p0
(cnumpy
ndarray
p1
(I0
tp2
S'b'
p3
tp4
Rp5
(I1
(I25
I1
tp6
cnumpy
dtype
p7
(S'f8'
p8
I0
I1
tp9
Rp10
(I3
S'<'
p11
NNNI-1
I-1
I0
tp12
bI00
S'\xf1)\x01\x80\xfd\xf8 @T\x94-n\xa2w"@\xbb\xf3\xe0\xfbN\xed#@wd\xc2u\xa8U%@a\xb9\xff\xe7{\xac&@\xab\x86\xf9\xa4\xca\xed\'@P\xf8\xfe/\xd6\x15)@\xac\xdc\x8ch+!*@\x12\x85\xbe\xd4\xac\x0c+@\xff\xba=\xec\x9b\xd5+@\xc38\xf9G\xa1y,@b\xf65\x9e\xd3\xf6,@\x87V%v\xbdK-@F"\xfe\x81aw-@\x97\xe1\x9c\x92=y-@\x13x\xdd\x1bLQ-@\xea\x8a\'E\x04\x00-@\x8dR\xfc\x85X\x86,@H+\xaa\xd2\xb3\xe5+@\x8c\x8d\x93a\xf5\x1f+@\xfaG\xa7\x15k7*@|c\xb2\x9e\xca.)@\xcb\xf6\x0cd)\t(@A\xe1\xbeQ\xf3\xc9&@A\xe1\xbeQ\xf3\xc9&@'
p13
tp14
b.