cnumpy.core.multiarray
_reconstruct
p0
(cnumpy
ndarray
p1
(I0
tp2
S'b'
p3
tp4
Rp5
(I1
(I25
I1
tp6
cnumpy
dtype
p7
(S'f8'
p8
I0
I1
tp9
Rp10
(I3
S'<'
p11
NNNI-1
I-1
I0
tp12
bI00
S'"\xe3p<\x14.%@K\xd3l\xe6\xc8N&@:\x04\xab\xf1\xb8h\'@{\xdd\x0eS\x9bx(@\xcaE\xef\xfcD{)@\xa0\x18\x87R\xb2m*@\x9d\xbf\xbd%\x10M+@\xb0\x86u$\xc4\x16,@\xd6><\x9ct\xc8,@\xe2\xbd4}\x0f`-@:\xdcN\x87\xd0\xdb-@\x82\x08a\x8fF:.@B\xf7j\xccWz.@\xbaG, E\x9b.@k\x92CQ\xac\x9c.@V)10\x89~.@\x8cv\xd3\xa35A.@\x14\xba7\x9dh\xe5-@{+\xdf\xf53l-@4t\xd4>\x01\xd7,@bp\x16\x8a\x8d\',@\xba\xb6\xe9:\xe4_+@\xe0|\x89\xecX\x82*@\xe1[i\x81\x80\x91)@\xe1[i\x81\x80\x91)@'
p13
tp14
b.