cnumpy.core.multiarray
_reconstruct
p0
(cnumpy
ndarray
p1
(I0
tp2
S'b'
p3
tp4
Rp5
(I1
(I25
I1
tp6
cnumpy
dtype
p7
(S'f8'
p8
I0
I1
tp9
Rp10
(I3
S'<'
p11
NNNI-1
I-1
I0
tp12
bI00
S'Q\x13\xae!\x80\xdc!@\x8a\x96\xb4\xaeZ\x8c$@\xe2\xe0!1\x15,\'@j\x93\x90\xd6\xdb\xb3)@\xfeRv@"\x1c,@#\xab\x8e\x08\xba].@I\x0bz\x16\xf480@`\xd4\xff\x91<)1@\xb3V\x05\xae\xe9\xfc1@m\x8b\xf1\xf7\x83\xb12@*\xdb\x0e\xaf\xf0D3@\x96\x01\xb0\x0bx\xb53@\x1ez\x16_\xca\x014@\xec\xf3\xd0\xfc\x03)4@\xb8\xa2\xe6\xe1\xaf*4@\xafg\xe5\x11\xc9\x064@\xcb\x8f\xc1\xa5\xba\xbd3@\xaa\xc8Z\x8c^P3@\x84U_\x00\xfb\xbf2@\x12\xdb \xbb>\x0e2@\\\xcd\xb1\xef;=1@\x9djD\x1dbO0@\x04\xc9r\x96\xed\x8e.@n)\x15\x89\x1aQ,@n)\x15\x89\x1aQ,@'
p13
tp14
b.