cnumpy.core.multiarray
_reconstruct
p0
(cnumpy
ndarray
p1
(I0
tp2
S'b'
p3
tp4
Rp5
(I1
(I25
I1
tp6
cnumpy
dtype
p7
(S'f8'
p8
I0
I1
tp9
Rp10
(I3
S'<'
p11
NNNI-1
I-1
I0
tp12
bI00
S'\xddF\x9bd\x075 @&\x19\xd2]\xe0P!@`8\x19\xe0\x11f"@\xf2\x03c\x07aq#@\x94R\xe4k\xb0o$@Li\xcel\t^%@\x1e\xed[\x07\xa59&@g\xf1\xd1\x1f\xf4\xff&@Z\x01\xbe#\xa7\xae\'@\x1az\xab\xee\xb4C(@\xe2\xef\xbf\xdc`\xbd(@\xd8\x15!\xf9?\x1a)@4g\xaf8=Y)@\xd8\xb2w\xb4\x9cy)@\xe2/:\xda\xfdz)@\x86\x01\x7f\x8c\\])@F\xcc\xdc.\x11!)@\xea\xbdL\x9e\xcf\xc6(@D\x96\x9e\x18\xa5O(@\xe8@M\x19\xf5\xbc\'@\xb4\xeb\x0f5u\x10\'@T\xf6\x82\x00(L&@\xc8\xaa\x1e\x11Wr%@\xc6\xe2^*\x8c\x85$@\xc6\xe2^*\x8c\x85$@'
p13
tp14
b.