cnumpy.core.multiarray
_reconstruct
p0
(cnumpy
ndarray
p1
(I0
tp2
S'b'
p3
tp4
Rp5
(I1
(I25
I1
tp6
cnumpy
dtype
p7
(S'f8'
p8
I0
I1
tp9
Rp10
(I3
S'<'
p11
NNNI-1
I-1
I0
tp12
bI00
S'\n\xf9\xe9v\xee. @`\x07\xfa\xde\xc4\x07"@\xde\x84\xdb\x9e\x85\xd5#@l\x17\x13D\xcf\x92%@\x05\x8c&zq:\'@\xbc\x84!\x85|\xc7(@\xeeUh\xfbO5*@d`\xeb\x92\xa8\x7f+@\xf4\x13\x8f\xd8\xac\xa2,@Du\xd9\xab\xf8\x9a-@4\xd9\xa3\\\xa7e.@S\x90\xa3L\\\x00/@TI\n\xfbIi/@\xb1\xcc9e7\x9f/@[@\x80\xac\x83\xa1/@\xa6\x8a\xfb\xf5\'p/@\x81H\x0c\x7f\xb7\x0b/@\xb0V\x1b\xe6]u.@2/\xd0\xac\xdb\xae-@\xe8X"\xfe\x80\xba,@\xdc\x12\xdd\xc7&\x9b+@\xc0\xcd*<&T*@2\x08\x7f\xd4N\xe9(@\xc2\x8d\xaa\xf3\xda^\'@\xc2\x8d\xaa\xf3\xda^\'@'
p13
tp14
b.