cnumpy.core.multiarray
_reconstruct
p0
(cnumpy
ndarray
p1
(I0
tp2
S'b'
p3
tp4
Rp5
(I1
(I25
I1
tp6
cnumpy
dtype
p7
(S'f8'
p8
I0
I1
tp9
Rp10
(I3
S'<'
p11
NNNI-1
I-1
I0
tp12
bI00
S'\x8f8{\xf9\xefo(@TM\x90\xda\xee&+@\xd5g\xa2\xd4\xa2\xcd-@+\xe1\x8c\xa3\x11.0@\x8a\xda\x92\xe1ge1@\xe8\xc3\x00f3\x892@J(\xff\xbd\r\x963@\x9b?\xe0\xe6\xd4\x884@\x06\x9c\x96\xa6\xb4^5@*\xd4"\xfc.\x156@\x8cm\xcb\x8e#\xaa6@\x1e\x92\xf1\x05\xd6\x1b7@\x1a\x8b\x966\xf3h7@x\xdd\x1f\x17\x95\x907@^\xd9\x8fmE\x927@\xbb\x8e30\xffm7@\xaf\x14\xaa\x94.$7@\xdbN\x18\xcd\xaf\xb56@j\x1fLw\xcc#6@v\x7fv\xc57p5@\x12\xad\xf1k\t\x9d4@,&4c\xb7\xac3@T\x8e\x8f\x90\x0e\xa22@%x\xa1k*\x801@%x\xa1k*\x801@'
p13
tp14
b.