cnumpy.core.multiarray
_reconstruct
p0
(cnumpy
ndarray
p1
(I0
tp2
S'b'
p3
tp4
Rp5
(I1
(I25
I1
tp6
cnumpy
dtype
p7
(S'f8'
p8
I0
I1
tp9
Rp10
(I3
S'<'
p11
NNNI-1
I-1
I0
tp12
bI00
S'\x16\xfblQ\xa1\x0e#@ )+\xfc\x95 %@0\xe0\xa05\x1e&\'@$\xcfw&2\x19)@\xe2\x80G\x04\x01\xf4*@>\xe8\xc4j\x02\xb1,@t\x1f\xf9\xdc\x06K.@\x9e1C=G\xbd/@v\xf3\xff\x86\xb9\x810@\xde\xaa)\xa8\xde\x0c1@\x8c\xccW\xeds~1@f\x19\xa3\x82&\xd51@\xe0T\xc4\xc7\xf3\x0f2@\xe2\n\x95S,.2@8WS\xffu/2@^\xbd\x8f\xf3\xcc\x132@\xf2\xd3\xa2\xb3\x83\xdb1@1\x94\x88\'B\x871@\xc9\x91\xff\xa6\x03\x181@\x00D\xc2\x0b\x14\x8f0@x\n.\xa7\x17\xdc/@Z\xb3\x7f\xbb\x96m.@\xcf \xfa\xa3\xea\xd6,@"\xf2\xaa\x83\xd0\x1c+@"\xf2\xaa\x83\xd0\x1c+@'
p13
tp14
b.