cnumpy.core.multiarray
_reconstruct
p0
(cnumpy
ndarray
p1
(I0
tp2
S'b'
p3
tp4
Rp5
(I1
(I25
I1
tp6
cnumpy
dtype
p7
(S'f8'
p8
I0
I1
tp9
Rp10
(I3
S'<'
p11
NNNI-1
I-1
I0
tp12
bI00
S'1\x0b\x8e\xecw_ @\x83\xae#l\xbf6"@\xb8\x13\x86\x9d\xfa\x02$@\xf2DN\x98\xcc\xbe%@\xe2l\xa6h\te\'@\n\x8d\xbf|\xc5\xf0(@\x12\xf47Rd]*@j\xd1\xa97\xa6\xa6+@\xcd\xcdX\xf9\xb4\xc8,@\xca\x83/S/\xc0-@Sq\xe8\x053\x8a.@\xed\x91Nqe$/@D!\xec\x99\xfa\x8c/@H\xe34\x85\xba\xc2/@\x9b\xa9.\xdc\x04\xc5/@7\xdb\xbf\xc9\xd2\x93/@2*\x11\x0f\xb7//@\xc1\xaa\xc5M\xdc\x99.@B;#\x8d\x01\xd4-@\x04\xb2\x8c\x04u\xe0,@\x00\xd3\xd7:\r\xc2+@\x94B\x03\x8f |*@*\xa9\x8dC{\x12)@\xc4\xe4 *T\x89\'@\xc4\xe4 *T\x89\'@'
p13
tp14
b.