cnumpy.core.multiarray
_reconstruct
p0
(cnumpy
ndarray
p1
(I0
tp2
S'b'
p3
tp4
Rp5
(I1
(I25
I1
tp6
cnumpy
dtype
p7
(S'f8'
p8
I0
I1
tp9
Rp10
(I3
S'<'
p11
NNNI-1
I-1
I0
tp12
bI00
S'\xf9Bn\xaaL\xee\x1d@\xb6\x81j\xf7\xcfr!@\xf5\xf5_\xc6\x92\xdf#@\x0bW\x11\xfa26&@\xf4Bm\xd2\xb6o(@\xb2\x8faf{\x85*@\xdf\xd6\xd8oHq,@\xd0\xdd\x9c\xd9b-.@\xf2\x8d\xc4\xd7\x9d\xb4/@\x86\x1e\xd7+5\x810@\xda\x98\xbcLr\t1@\x98n6\xe5oq1@\x9ej\xd8\xbe\xf7\xb71@p5\x8as7\xdc1@jk*\xe1\xc2\xdd1@\xc3\xb2 l\x95\xbc1@\xf6\x8f\x1c\r\x12y1@\xb8\xf7\xd7)\x02\x141@ XN<\x93\x8e0@\xea\x93\xd0\x9e\xa6\xd4/@\x82`-\xb7XR.@\xe1\xbcf"\xbd\x9a,@\xef\xd1^C\xf3\xb2*@m\x03-7\xaa\xa0(@m\x03-7\xaa\xa0(@'
p13
tp14
b.