cnumpy.core.multiarray
_reconstruct
p0
(cnumpy
ndarray
p1
(I0
tp2
S'b'
p3
tp4
Rp5
(I1
(I25
I1
tp6
cnumpy
dtype
p7
(S'f8'
p8
I0
I1
tp9
Rp10
(I3
S'<'
p11
NNNI-1
I-1
I0
tp12
bI00
S"u$.\xe7T\x18\x1b@l\x1fcO4\x90\x1f@\xbe2\xefy\xa1\xf6!@~\xa6;G>\x11$@\x8a\xaa\xd0\xd5\xa9\x11&@\xe2\xf64\x8e\xeb\xf1'@T\x9b&\xcbj\xac)@B?N\x8b\xff;+@\xb0t\xee\xd2\x01\x9c,@\xf5\xad\xac\x8fW\xc8-@\xb5\xa2\x04\xd5\x80\xbd.@\xf1\xc7\xe5L\xa2x/@p9V\xbd\x8d\xf7/@\xfe\x89\xd7Dd\x1c0@\xa2[\x05\x0e\xc8\x1d0@\xf3\xbf\xbb)\xdc\xff/@\xe7&\t\xcc^\x86/@]\xbc\xe5l\x82\xd0.@\xaf\xdb\xd3\x8de\xe0-@wb\x8eu\xd4\xb8,@l\x8fR\xd7@]+@\xbf\xc5\xb0\x8c\xb7\xd1)@\xb8C\x8a\x80\xd4\x1a(@L\x80F\xef\xb4=&@L\x80F\xef\xb4=&@"
p13
tp14
b.