cnumpy.core.multiarray
_reconstruct
p0
(cnumpy
ndarray
p1
(I0
tp2
S'b'
p3
tp4
Rp5
(I1
(I25
I1
tp6
cnumpy
dtype
p7
(S'f8'
p8
I0
I1
tp9
Rp10
(I3
S'<'
p11
NNNI-1
I-1
I0
tp12
bI00
S"\x82A\xb9N\n\xb0 @\x0bD\x10\x12\xa6\xe8!@\xe9=\xe4\xc3\xed\x19#@6F<\xb7R@$@\xff\x076\xb8fX%@\xc6\x13\xc6G\xe6^&@\x86\xa0\x12X\xc2P'@\xba\xd5]l)+(@\x0edG\x01\x90\xeb(@\xf4\x10Q$\xb8\x8f)@t\x88\x00$\xb8\x15*@\xba\x06\xabD\x00|*@\xc9,\xe5h_\xc1*@$\xdd\xb1\x9f\x06\xe5*@\x8c\xf9\xd4\x8d\x8b\xe6*@>{\x18\xab\xe9\xc5*@bt\xd1O\x82\x83*@&\xa6|\x92\x1b *@K\xec\xd4\xf8\xdd\x9c)@\x94;F\x03Q\xfb(@h\xe3\x0b\x9dV=(@\xec\xf5\x95~%e'@lT\xf6\x92Bu&@X\x7f\x08typ%@X\x7f\x08typ%@"
p13
tp14
b.