cnumpy.core.multiarray
_reconstruct
p0
(cnumpy
ndarray
p1
(I0
tp2
S'b'
p3
tp4
Rp5
(I1
(I25
I1
tp6
cnumpy
dtype
p7
(S'f8'
p8
I0
I1
tp9
Rp10
(I3
S'<'
p11
NNNI-1
I-1
I0
tp12
bI00
S'\x11\xdcu=\x91,)@8d\xdcgN\xc2*@\xa8 z\x98\x88N,@~\xfc\xb9\xd4\xa1\xcc-@\x89\x9f\xb3G&8/@\\\xe00\xc5lF0@\x9an?\xa3a\xe30@\xb8;+\x87\x1dq1@jZ\x1b\xa3\xf9\xed1@\x81\xa3z\x7f\x81X2@C_\x11Rw\xaf2@t\xa2\x03\xb2\xd7\xf12@\x93m\xa8\x9d\xdc\x1e3@H 5\xc9\xff53@\xbd<[/\xfc63@\x91h-\xdf\xce!3@#x\xe5\x04\xb7\xf62@\xfeWq-5\xb62@\x94\xfd\xf8\xc6\ta2@\xb4P\xd5\xe22\xf81@\xddr\xa8?\xe9|1@`Il\xa4\x9c\xf00@/VV\x97\xefT0@\xfcH\xb3\xfadW/@\xfcH\xb3\xfadW/@'
p13
tp14
b.