cnumpy.core.multiarray
_reconstruct
p0
(cnumpy
ndarray
p1
(I0
tp2
S'b'
p3
tp4
Rp5
(I1
(I25
I1
tp6
cnumpy
dtype
p7
(S'f8'
p8
I0
I1
tp9
Rp10
(I3
S'<'
p11
NNNI-1
I-1
I0
tp12
bI00
S'\xb0\xed\xed\xa5\x01b+@)\x91\xe5\xf9\xdf\xe0,@\x07\xc4\xed\x94\xc4V.@ndx\x1cT\xbf/@\x021\xba}-\x8b0@\x8aem\xf5\xec+1@\x9c \x1a\xef\x08\xc01@qtB\x98\xc7E2@\x1a;$\xf8\x99\xbb2@\x85}\xe3\x95  3@*\xde\x02\x91/r3@\xffZ\xf2\x1f\xd2\xb03@|\xdcGjM\xdb3@\x88B\x1f\xb6"\xf13@\xfe<#\xe2\x10\xf23@|:\xd7\'\x15\xde3@\x1a\xd9\xde#k\xb53@\x96&*$\x8cx3@\n)\x19\xbe-(3@n&\xce\xb0?\xc52@)\x8a\xfe\x19\xe9P2@\xaa\xdc\x97\x05\x85\xcc1@x\xf9zb\x9e91@\x8a\xce]h\xeb\x990@\x8a\xce]h\xeb\x990@'
p13
tp14
b.