cnumpy.core.multiarray
_reconstruct
p0
(cnumpy
ndarray
p1
(I0
tp2
S'b'
p3
tp4
Rp5
(I1
(I25
I1
tp6
cnumpy
dtype
p7
(S'f8'
p8
I0
I1
tp9
Rp10
(I3
S'<'
p11
NNNI-1
I-1
I0
tp12
bI00
S'\xa7H\x0f\xde\xd8\xc0"@\x0bN\xdd\xe5\xd3\xd2#@\xfa \xc4\xadb\xde$@\x10P*\x10g\xe0%@:ZU]\xdf\xd5&@\x88\x7fsS\xef\xbb\'@(\xf1\xfd\xa6\xe8\x8f(@A.\xff\x01SO)@\xdc\\bb\xf3\xf7)@#\x9aP\xc1\xd2\x87*@\xfb\xfa\xc2\xefC\xfd*@\x98\xe9\xcc\x96\xe8V+@\xbb\xa9\xb3L\xb5\x93+@\x1bk\xa5\xb2\xf4\xb2+@\x82C\xc4\x91I\xb4+@\xe2\x167\xf1\xaf\x97+@\xde\xee\x02"}]+@\x1ei\x89\xc0^\x06+@\xe0r\xa3\xaeX\x93*@\xad>a\x0c\xc2\x05*@\xe0\x16x8A_)@\x9erK\xe4\xc6\xa1(@H\xe1?J\x88\xcf\'@\xe2\xc2\x9b\x97\xf8\xea&@\xe2\xc2\x9b\x97\xf8\xea&@'
p13
tp14
b.