cnumpy.core.multiarray
_reconstruct
p0
(cnumpy
ndarray
p1
(I0
tp2
S'b'
p3
tp4
Rp5
(I1
(I25
I1
tp6
cnumpy
dtype
p7
(S'f8'
p8
I0
I1
tp9
Rp10
(I3
S'<'
p11
NNNI-1
I-1
I0
tp12
bI00
S'\xf0\x18X\xe6\xc4\xbd)@\x91\xca*E\x14e,@\xbb\xa4e\xdfv\xfc.@\xd5\xd3\x1c\xe3\x18\xbe0@N\xf4\xbfMh\xee1@L\x9eE\xe7\x9d\x0b3@\xa4\xaf\x11\xe2f\x124@\xee\xa1FU\xb3\xff4@P+=_\xbf\xd05@\x1a\x80/e\x1b\x836@\xc9\xec|W\xb3\x147@\x00v\xd8\xe4\xd4\x837@q\xcc\xe3\x894\xcf7@\xe8\xae\x1dn\xf1\xf57@\x16\xaa\x9d\x02\x98\xf77@\xd4[\xccZ#\xd47@\xe6\xe5\x13;\xfd\x8b7@\x84\xbe\\\xdd\xfc\x1f7@\xe0\x11\x04od\x916@\xde\xf4\xc6O\xdd\xe15@.e\xd5\x1cs\x135@Uf\xd6\x96\x8d(4@\x8c\xc2\x10u\xe9#3@K\xe2\x1f;\x90\x082@K\xe2\x1f;\x90\x082@'
p13
tp14
b.