cnumpy.core.multiarray
_reconstruct
p0
(cnumpy
ndarray
p1
(I0
tp2
S'b'
p3
tp4
Rp5
(I1
(I25
I1
tp6
cnumpy
dtype
p7
(S'f8'
p8
I0
I1
tp9
Rp10
(I3
S'<'
p11
NNNI-1
I-1
I0
tp12
bI00
S'\x92\xa4\x9eP\xc9\x98)@&F7\x04]\xd0*@\x17\xa9\x05\xd7\xa2\x00,@b*Q\x1d\x0f&-@c\xa2\t\x896=.@\x8c\xcc\xe2\\\xd8B/@\xa6\xdd:\x10\xf4\x190@\x17\xfd:\\\xcb\x860@\xde\x90\xecc\xad\xe60@_\xd8x |81@\xc7O\xf5\x87C{1@\x92\x8c`e<\xae1@,\x87\xe2\xaa\xce\xd01@a\x9ec7\x93\xe21@\xfe;1\nU\xe31@\x0ca\x1a\xe1\x11\xd31@\xc3p,?\xfa\xb11@\x04!\xfc\xdbp\x801@\xbcB*}\t?1@\xa3\xd8\x92=\x87\xee0@\xcayIG\xda\x8f0@d2+\x07\x1d$0@\xaf\x1c\xbe\xc4!Y/@\x84\x16-\xef4U.@\x84\x16-\xef4U.@'
p13
tp14
b.