cnumpy.core.multiarray
_reconstruct
p0
(cnumpy
ndarray
p1
(I0
tp2
S'b'
p3
tp4
Rp5
(I1
(I25
I1
tp6
cnumpy
dtype
p7
(S'f8'
p8
I0
I1
tp9
Rp10
(I3
S'<'
p11
NNNI-1
I-1
I0
tp12
bI00
S"wA\x05\xf0\xc8u!@\xe2:2\xbf\\\x08#@\xf0\x9c\xce\x8d\x80\x91$@:V\x0c\x97\x9f\x0c&@1#\xb7\xe7Nu'@X;\xec\x8bZ\xc7(@\xf08\xc2\x18\xd2\xfe)@\xdc\x8fzl\x14\x18+@>\xe3.\x82\xda\x0f,@u\x15\xae8A\xe3,@\xb6\xd2^\xef\xd1\x8f-@\x8d;v\xdf\x89\x13.@\x89\xde\x96\x1b\xe0l.@\x91\x1e\xf3#\xca\x9a.@\x08sJ\x01\xbf\x9c.@\xea\xfc}\xdd\xb8r.@\xa9\x9c\xf9\x145\x1d.@\xe6\x98\xbd\xc02\x9d-@\x88ed\xbd/\xf4,@1\x9a\x028$$,@\xd62'\xce|/+@:\xa8\x82R\x13\x19*@\x08\x99\xc7K&\xe4(@\x15\x8d#GO\x94'@\x15\x8d#GO\x94'@"
p13
tp14
b.