cnumpy.core.multiarray
_reconstruct
p0
(cnumpy
ndarray
p1
(I0
tp2
S'b'
p3
tp4
Rp5
(I1
(I25
I1
tp6
cnumpy
dtype
p7
(S'f8'
p8
I0
I1
tp9
Rp10
(I3
S'<'
p11
NNNI-1
I-1
I0
tp12
bI00
S'(\xe7\xf1\x05]\xc4*@\xe6\xab\xdb-\x08\x14,@\xb6\x99\x03\xe0\xd4[-@\x14\xf4\xf6A\xf1\x97.@\tt\x94W\xae\xc4/@\x9cc\x06\x80Eo0@\xf5\xd8\x0b5\x1f\xf10@j=\x17\xf0`f1@\xfd\xaf\xc8\xe7\xac\xcd1@x\x0e\x95\xf7\xce%2@q\x14\xfd6\xc0m2@\xb5=\xd4\t\xaa\xa42@\x15\xdcs\xa0\xe8\xc92@\xde\x9bd\xe0\x0c\xdd2@\xc2\xbe\xcc\xaf\xdd\xdd2@\xd9]\xc6\x9fX\xcc2@\xb1\x91\xa1\xf3\xb1\xa82@Y\xd9\xfc\x04Ts2@\x06\xd4\x84\x06\xde,2@0\xb0\r)"\xd61@$\xfb\x8e(#p1@\x1cBPH\x11\xfc0@\\\xf0D\xc7F{0@\xc8\xf7U\xae\x87\xde/@\xc8\xf7U\xae\x87\xde/@'
p13
tp14
b.