cnumpy.core.multiarray
_reconstruct
p0
(cnumpy
ndarray
p1
(I0
tp2
S'b'
p3
tp4
Rp5
(I1
(I25
I1
tp6
cnumpy
dtype
p7
(S'f8'
p8
I0
I1
tp9
Rp10
(I3
S'<'
p11
NNNI-1
I-1
I0
tp12
bI00
S'\x05\xeb\xa7\x13]\x1a\x1d@\xea\xf3\xd4\xc1\x07\x10 @\xbb\xc11^\xcf\x89!@cn-l\x1e\xf6"@)\x1d_(\xb6P$@x\xad\x99\xa8\x8c\x95%@\x96\x90,\xe8\xd8\xc0&@\x887\x8d\x12\x1e\xcf\'@\xec\x03\xba\xea5\xbd(@t\xa1M0Z\x88)@\xee=<\xe6,.*@0@\x8ab\xbf\xac*@e\xee\xeb\x11\x98\x02+@\xb4\x1b\x1c\xde\xb6.+@\xfa\xe6\xc9)\x980+@\xe2\xad6Y6\x08+@\xdd\xfe\xf0\xe2\t\xb6*@\x91\xa1z\xe8\x07;*@^\xaf\t[\x9f\x98)@\xd0\x19\xea\xb4\xb4\xd0(@\xc8\xf5@T\x9c\xe5\'@\x84\xce\x08\x88\x13\xda&@\xd4\xf2\x01d8\xb1%@b\x87\xf7s\x80n$@b\x87\xf7s\x80n$@'
p13
tp14
b.