cnumpy.core.multiarray
_reconstruct
p0
(cnumpy
ndarray
p1
(I0
tp2
S'b'
p3
tp4
Rp5
(I1
(I25
I1
tp6
cnumpy
dtype
p7
(S'f8'
p8
I0
I1
tp9
Rp10
(I3
S'<'
p11
NNNI-1
I-1
I0
tp12
bI00
S'8\xb9\xc1~\x10A\x18@\xb0M\x9c\xa2\xc2O\x1c@(\xcb(\x9b\r# @\xfd=\x8c,$\x0c"@\x1c\xe2\xea\x07r\xdd#@\x1d\x13\xd8"\x8b\x91%@6\x12\xac\x92Z#\'@\xbe\xf5A\xb51\x8e(@\x9a\x08\x97(\xd6\xcd)@\x948\xa1g\x8e\xde*@\x08\xb0\xbc\xe6,\xbd+@\xa6p\x8b\x8e\x19g,@\xe0^\xffxY\xda,@`#y\xd9\x94\x15-@\xaa\x1a]\xfe\x1a\x18-@\x88\xed*`\xe4\xe1,@\x86v\xf3\xb7\x92s,@\xa4\xf3\xe9\x1co\xce+@\xcc\xa7\xaf.f\xf4*@-m\xcaW\x02\xe8)@\xbe\xf8e9d\xac(@(\xb8\xfbV9E\'@\xf9\xea\xb5\x1d\xb1\xb6%@jJHhp\x05$@jJHhp\x05$@'
p13
tp14
b.