cnumpy.core.multiarray
_reconstruct
p0
(cnumpy
ndarray
p1
(I0
tp2
S'b'
p3
tp4
Rp5
(I1
(I25
I1
tp6
cnumpy
dtype
p7
(S'f8'
p8
I0
I1
tp9
Rp10
(I3
S'<'
p11
NNNI-1
I-1
I0
tp12
bI00
S'\xf3\xb4{\x06\x02\x14%@\xe0\x98:\x18\xe6:&@\xb5\x89\xafl\xe0Z\'@\xaa\xf8\n\xf4\x95p(@#\xc9k@\xcax)@\xd3-%-ip*@\x8ea\xd7\r\x90T+@\xc4\xb7\xf5I\x96",@w\xb9\x0cK\x15\xd8,@,\xd5\x1f\xa6\xefr-@\xa2\x8c\xc1jW\xf1-@\x84*\x14\x85\xd3Q.@\xdcM\xa4"D\x93.@\x12\xc3\x01\r\xe6\xb4.@|f\x15\xf0T\xb6.@\xb4\xe8j\x85\x8c\x97.@\xaa\xa7\xf1\xa0\xe8X.@\x0e\x91\x0e\x1f$\xfb-@ 60\xb7V\x7f-@\x98\xe6c\xb9\xf1\xe6,@\x86\xf5\xa4\xc0\xbb3,@J\x97\xbcf\xcbg+@\xc0\xc7\x7f\t\x81\x85*@~\x84\x00\xb4\x7f\x8f)@~\x84\x00\xb4\x7f\x8f)@'
p13
tp14
b.