cnumpy.core.multiarray
_reconstruct
p0
(cnumpy
ndarray
p1
(I0
tp2
S'b'
p3
tp4
Rp5
(I1
(I25
I1
tp6
cnumpy
dtype
p7
(S'f8'
p8
I0
I1
tp9
Rp10
(I3
S'<'
p11
NNNI-1
I-1
I0
tp12
bI00
S'\x0fO\x0e\x0c\x05)"@T\xe80D\xc8\x99#@\x8eN\xdej\xe6\x01%@\xb8\x03==-]&@\xc0\xa4\xd3\xc6\x90\xa7\'@\x00\xce\xdfs7\xdd(@\x12\x08e\x8d\x85\xfa)@\xf2L\xb1\xfc\'\xfc*@\xad5;6\x1e\xdf+@@)D.\xc3\xa0,@=o\x87<\xd5>-@\xcaCm\xd7|\xb7-@\x9cz\xad\x12R\t.@\xec\x94\xfd\xd0`3.@\x0cjG\x9c+5.@Z\x10\xec\x1b\xad\x0e.@\xc0\x92\xb6$X\xc0-@\xac\xdfNb\x16K-@\'\xcd*\x9eE\xb0,@6\x94\x1c\xac\xb3\xf1+@\rq\xa7\x08\x99\x11+@\xd8\x1b(9\x92\x12*@8\xf0\x93\x01\x98\xf7(@X\xc9\x0b\x87\xf6\xc3\'@X\xc9\x0b\x87\xf6\xc3\'@'
p13
tp14
b.