cnumpy.core.multiarray
_reconstruct
p0
(cnumpy
ndarray
p1
(I0
tp2
S'b'
p3
tp4
Rp5
(I1
(I25
I1
tp6
cnumpy
dtype
p7
(S'f8'
p8
I0
I1
tp9
Rp10
(I3
S'<'
p11
NNNI-1
I-1
I0
tp12
bI00
S'\xde\x94Y\x98\x1di\x1a@\xf6T\xc0\x16ZP\x1f@6\x12h\xbe\x14\r"@\x00e\x8c\x8c!\\$@\xa8<\x1dOp\x8e&@<\x17\x13\x9ds\x9d(@\xa8_\xe9V\x07\x83*@#hd\xf8\x829,@=\xdb\x9cy\xca\xbb-@\xae\x9a\xf6\x8c]\x05/@\x11\x95E\x862\t0@\xba\xc6|7\xdfo0@#d\xb7\x90\x82\xb50@\xc6\xb2\x80\xd5L\xd90@;o\nB\xd3\xda0@\xfa\xd6\xa9I\x11\xba0@\xb2\xf4i\xa4hw0@\x06\xb3\x8a+\xa0\x130@\x14\x94\xa4\x10\xc3\x1f/@\x93\x145xk\xdb-@\xb7\xaf\xe5\x17\x01^,@\xab4\x00\xbb\xf5\xab*@\xb1/\xd7+X\xca(@\x06rN\x1d\xc5\xbe&@\x06rN\x1d\xc5\xbe&@'
p13
tp14
b.