cnumpy.core.multiarray
_reconstruct
p0
(cnumpy
ndarray
p1
(I0
tp2
S'b'
p3
tp4
Rp5
(I1
(I25
I1
tp6
cnumpy
dtype
p7
(S'f8'
p8
I0
I1
tp9
Rp10
(I3
S'<'
p11
NNNI-1
I-1
I0
tp12
bI00
S'\r\xe7\x9f\x9a\xfe\xbd\x1d@\xe2\xfc9\x81\x8a\xc6 @\xd5\x87&\xcb\xa7\xa2"@\xed\x82.\xe1\xcam$@8\xf0\x7f\x1e\x9a"&@|\xae y\xfe\xbb\'@\xf8.\x01\xb125)@\x8e\xa1\x13\x8b\xd1\x89*@\x9e\xf3\xf3\xed\xe2\xb5+@{r\x03\xb9\xe7\xb5,@\xbe\x05\xa62\xe4\x86-@:v\x83\xeeh&.@F\x88@\x11\x9a\x92.@B4\x04\xdc4\xca.@jq>o\x93\xcc.@\x08\x88x\xb9\xae\x99.@2\xd9j\x8c\x1e2.@\xe25\x19\xd8\x17\x97-@"\xc7<\x11i\xca,@J\xb2\xb8\xcdt\xce+@\xd8\xc4,\xa7*\xa6*@\xa4\x9f\xdfx\xfeT)@\xcc\xb4 \x13\xde\xde\'@\xc6W\xdb\x82%H&@\xc6W\xdb\x82%H&@'
p13
tp14
b.