cnumpy.core.multiarray
_reconstruct
p0
(cnumpy
ndarray
p1
(I0
tp2
S'b'
p3
tp4
Rp5
(I1
(I25
I1
tp6
cnumpy
dtype
p7
(S'f8'
p8
I0
I1
tp9
Rp10
(I3
S'<'
p11
NNNI-1
I-1
I0
tp12
bI00
S'\xdf\x12\x9e\x8a\xdc\xb5 @ 5\xe0y18"@\x06\xe0_\xe7w\xb1#@\x96B\xbdaJ\x1d%@@\xd6.\x99kw&@\x8dr\x14\x05\xd3\xbb\'@\x1cw\x19\xec\xb8\xe6(@\xcc\xc0\x01\xab\xa1\xf4)@\x86\xd9}\x18h\xe2*@:\xe5\x07\xe7F\xad+@bW\xcc\xe8\xe0R,@z\x82\xf6\x1cH\xd1,@*\xa6Wq\x03\'-@#u<\'\x13S-@x\x99U\xce\xf3T-@\x04f\xcf\xcc\x9f,-@\xd2\x0f\x07p\x8f\xda,@(\x98\xab\x85\xb7_,@b\xf2x\x81\x86\xbd+@h\xd9\x0f8\xe0\xf5*@\x05O\xa7;\x18\x0b*@\xeeEi\xeb\xea\xff(@3R.Ju\xd7\'@\xcc\xd4\xf0\xb4+\x95&@\xcc\xd4\xf0\xb4+\x95&@'
p13
tp14
b.