cnumpy.core.multiarray
_reconstruct
p0
(cnumpy
ndarray
p1
(I0
tp2
S'b'
p3
tp4
Rp5
(I1
(I25
I1
tp6
cnumpy
dtype
p7
(S'f8'
p8
I0
I1
tp9
Rp10
(I3
S'<'
p11
NNNI-1
I-1
I0
tp12
bI00
S's6\xc6\x17wQ @\x8e\x90\x1a=%$"@\x8c\xf0\xeb\xad\xe2\xeb#@<\xb6\xa1\xe7_\xa3%@Bt\xe7\xe1}E\'@E\x16\x98U]\xcd(@2\x95yEm6*@\x18\xf8m\x9dx|+@0\rw\xbf\xb2\x9b,@\xa8*\x1c\xd9\xc2\x90-@\x8e\xdbb\xdf\xcdX.@%\xcc\x91\x13\x7f\xf1.@W\x91T\xf7\x0eY/@{\xfd\x81\x9bH\x8e/@\xf8\xab\xaf9\x8d\x90/@H\xa0\xd5\r\xd6_/@\xdd\x10}j\xb4\xfc.@\xcb(>\x07Ph.@\x92\xf1\x99\x8ec\xa4-@\xe4\xeawu7\xb3,@\xad\x80\xaa+\x9b\x97+@RS\xcb\xb9\xdcT*@\xc2nq\xe5\xbe\xee(@\xae\x1b*\xf9mi\'@\xae\x1b*\xf9mi\'@'
p13
tp14
b.