cnumpy.core.multiarray
_reconstruct
p0
(cnumpy
ndarray
p1
(I0
tp2
S'b'
p3
tp4
Rp5
(I1
(I25
I1
tp6
cnumpy
dtype
p7
(S'f8'
p8
I0
I1
tp9
Rp10
(I3
S'<'
p11
NNNI-1
I-1
I0
tp12
bI00
S"\x9f\xe7\xbd\x01\x9f3#@\x85\x87\x9f\xaf\xf5\xca%@b\x93\x85r\xbfR(@\xb4\xc7\x9a\xe2o\xc3*@\x12\xd0\xf8\x7f\xbf\x15-@\x0c\x81\xa1i\xc1B/@\xe6\xe7\x11\x03\xfc\xa10@J\x08&0\xb4\x891@\x02\xa3\x0e\xff\xd5U2@\xf0\xebm~\x00\x043@\xce\xaa\r!,\x923@\xdb\xc8\xbc\xcb\xb0\xfe3@@*t\xc6JH4@\xfa\xcb\x04\x82\x1en4@\xeaq\x0e'\xbbo4@\xa2\x15\x9d\xe6\x1bM4@x\xef\x80\x08\xa8\x064@\xcaO6\xb71\x9d3@\xb7Z\xf4\x8c\xf3\x113@\xd4\xde0\xe9\x8cf2@\x0b\xdb\x88\x19\xfd\x9c1@\xb1\x03~d\x9d\xb70@r\x81\x9e\x0f4r/@\x10\x87\xa5~\xd4H-@\x10\x87\xa5~\xd4H-@"
p13
tp14
b.