cnumpy.core.multiarray
_reconstruct
p0
(cnumpy
ndarray
p1
(I0
tp2
S'b'
p3
tp4
Rp5
(I1
(I25
I1
tp6
cnumpy
dtype
p7
(S'f8'
p8
I0
I1
tp9
Rp10
(I3
S'<'
p11
NNNI-1
I-1
I0
tp12
bI00
S"\xce\n\xe4\xc5s2\x1c@(k\x89\xa7\x00\xe5\x1f@T\xf2\r|\xae\xc0!@\x8d\xfd\xf2\xa2a~#@\xbf\x89=9h&%@FI\x8bW\xd1\xb3&@\x9e\x04\x9e{\xfb!(@\xb6\x1c\xd4X\xa2l)@\xd2\xe3\x93\x92\xeb\x8f*@g\xaa\xb1:r\x88+@\xcc\x14\x87\xf1PS,@\xb8M\x87\x89*\xee,@\xbc\xc2\x8a\x141W-@\x11\x12\xc9E+\x8d-@\xa1\x8br\x18x\x8f-@TH\x05\xb0\x10^-@\xb3\xf8\xc4l\x88\xf9,@\xf6[\x184\x0bc,@;\xd7\xeb\xf1Y\x9c+@\xa8\xe2\x85]\xc5\xa7*@}'h\x11'\x88)@\\\xc2\xd7\n\xd9@(@\x18?i\xaa\xab\xd5&@\x9d]cS\xdaJ%@\x9d]cS\xdaJ%@"
p13
tp14
b.