cnumpy.core.multiarray
_reconstruct
p0
(cnumpy
ndarray
p1
(I0
tp2
S'b'
p3
tp4
Rp5
(I1
(I25
I1
tp6
cnumpy
dtype
p7
(S'f8'
p8
I0
I1
tp9
Rp10
(I3
S'<'
p11
NNNI-1
I-1
I0
tp12
bI00
S'\xa6\x15\xb1=\x8d\x87\x1a@Uk\x0b\xe0\xf9I\x1d@\x10X\xf2\x04\xd7\xfb\x1f@}\xbaQ`\x8dJ!@\xe0\x87\x87D\x02\x87"@\x9e\xd6\xf1*\x9a\xaf#@\xb8"[P\xe0\xc0$@\x06\x04\xd3\x81\xa5\xb7%@x\x85|\x9c\t\x91&@\x04\xaa\x82!\x84J\'@\x06h\x9c\xc4\xeb\xe1\'@\x14I\x95\xde|U(@\x96\x00\x9f\xb0\xde\xa3(@j\xcf\xb8h\'\xcc(@*\xe40\xdb\xde\xcd(@\xb2\x00\x1f\xe9\xff\xa8(@\x9e\x05\xab\x8f\xf8](@\x0c\xd2\xf1\x9f\xa8\xed\'@D<[#_Y\'@\xa9\xd5(t\xd6\xa2&@X\xe5\xe2\x15/\xcc%@\xae\xff\x03]\xe9\xd7$@0\xbd\xd0\xf8\xdd\xc8#@J\xb9\x9du5\xa2"@J\xb9\x9du5\xa2"@'
p13
tp14
b.