cnumpy.core.multiarray
_reconstruct
p0
(cnumpy
ndarray
p1
(I0
tp2
S'b'
p3
tp4
Rp5
(I1
(I25
I1
tp6
cnumpy
dtype
p7
(S'f8'
p8
I0
I1
tp9
Rp10
(I3
S'<'
p11
NNNI-1
I-1
I0
tp12
bI00
S"\xf0 \x9cO\xce6+@\xea\xae?'\x93V-@;\xc8\xd3\xa7\x98i/@z!L^\xd7\xb40@M\x8d\x87\xe6n\xa81@\xfb\x16\xf7D\xbc\x8c2@\xad\x8c;n\x16_3@\x90>\xd8\xe2\t\x1d4@\xe8\xe0\x13\xff_\xc44@\x13\xb5M\x95%S5@j\x92\x14\xbf\xb0\xc75@\x07\xbb\xa5\xd3\xa5 6@\x1d~\x05u\xfb\\6@|\xe9\x9b\xa7\xfd{6@\x82\x18\x1c\xebO}6@\xc5\x7ftN\xee`6@\xa2\x0f\x91{-'6@'\x1a\xcc\xba\xb9\xd05@\xf6c\xff\xf0\x94^5@\x0f{2\x9e\x13\xd24@\xd8D\xdd\xe5\xd8,4@\x97\xcc\x94\xac\xd1p3@,%\xb4\xd9.\xa02@\x82\x83#\xce^\xbd1@\x82\x83#\xce^\xbd1@"
p13
tp14
b.