cnumpy.core.multiarray
_reconstruct
p0
(cnumpy
ndarray
p1
(I0
tp2
S'b'
p3
tp4
Rp5
(I1
(I25
I1
tp6
cnumpy
dtype
p7
(S'f8'
p8
I0
I1
tp9
Rp10
(I3
S'<'
p11
NNNI-1
I-1
I0
tp12
bI00
S'\x0f\t\x06\xb5\x1f\r$@.\xbb[\xb0\xd9\x0c&@\xf2\xbc\xc1\xa0\x94\x00(@*)\xa4\xc9}\xe2)@\xcck\x99\x96\xf7\xac+@1\x9a\xcd[\xaaZ-@\x1a\xcd\xe2E\x94\xe6.@V\xf0\xdd$\x0c&0@(u\xd1\xf3\x85\xc30@\x86\xc5^\xcc\xe1I1@\xf4I\xde\xe0\x8e\xb71@\x92+\x0f\x05F\x0b2@\xb6)\x13~\rD2@\xed\xabe\xeb;a2@V\xc5\x1f@zb2@\x9b\xe9\xa5\xc6\xc4G2@\x08\xaf\xb8+k\x112@W\x9b\xc7\x90\x0f\xc01@\x80\xfdJ\xa8\xa4T1@i\x98\xc7\xe1j\xd00@\x02\xd4\xeb\xad\xec40@\xcd\xe2\xd3\xcb\xf3\x07/@R\x97\x8a\xc7D\x7f-@\xdc\xa9d\xb7_\xd4+@\xdc\xa9d\xb7_\xd4+@'
p13
tp14
b.