cnumpy.core.multiarray
_reconstruct
p0
(cnumpy
ndarray
p1
(I0
tp2
S'b'
p3
tp4
Rp5
(I1
(I25
I1
tp6
cnumpy
dtype
p7
(S'f8'
p8
I0
I1
tp9
Rp10
(I3
S'<'
p11
NNNI-1
I-1
I0
tp12
bI00
S'QsF\xca\xa4\xfa&@#3\xfaZ\xf8\x13(@y\x18\x0e\x96\xb3&)@\x1e~\xa0\xef\xa2/*@\xf7\x17\x07\x15\xb0++@\xc23h"\xeb\x17,@\x1e\xfa\xade\x93\xf1,@\xed\xc7\xb0\x94\x1f\xb6-@\x0b\xb1\x19^Ec.@6Ik>\x00\xf7.@n/\xcf\x84\x97o/@3\x04\xb4u\xa3\xcb/@\x03\x17\xf5\xbd\x08\x050@\xb5\x1e\xdf\xad\x13\x150@@\xbeB\xaf\xc2\x150@R\xb5\x11\xb8\x13\x070@\x1bh4+e\xd2/@hF\xb9\xd3\xf0x/@\x00OOC\xd5\x02/@\x13\x19\'\xcdrq.@\x84\xd2\x00#{\xc6-@f?mG\xec\x03-@\x18\xcaf\x9c\n,,@\xd7\x1b\xfd\x1fZA+@\xd7\x1b\xfd\x1fZA+@'
p13
tp14
b.