cnumpy.core.multiarray
_reconstruct
p0
(cnumpy
ndarray
p1
(I0
tp2
S'b'
p3
tp4
Rp5
(I1
(I25
I1
tp6
cnumpy
dtype
p7
(S'f8'
p8
I0
I1
tp9
Rp10
(I3
S'<'
p11
NNNI-1
I-1
I0
tp12
bI00
S"ORQ\xad2\xa8'@\x88k\xcc\xcc\xb6\xef)@\xa6]\xf0\x0b\x8d),@5\x84\xdb\x8b\x11O.@S\x0bu\x85\xee,0@:\xe1_\xff\xeb!1@\x91UB`\xa6\x032@q\xe6\x8fJ|\xcf2@$\xebO\xaf\r\x833@|\x1a\x01\xe4B\x1c4@\xcb/\x89\xe0R\x994@\xca\xe7\x91\x92\xc8\xf84@\x14Op6\x8795@\xfe\x7f\x9e\xa8\xcdZ5@|\xc1\xe1\xa58\\5@\xf3Sf\xf3\xc3=5@\xfa\x9a]k\xca\xff4@\x16\x00\xf9\xed\x04\xa34@0\x08\xea9\x88(4@\xfb\xc6\xd4\xb2\xc1\x913@\xa9aS\x1fs\xe02@\xd9%>k\xad\x162@\xbe\xa9\xda}\xca61@\xf2\xb6T6fC0@\xf2\xb6T6fC0@"
p13
tp14
b.