cnumpy.core.multiarray
_reconstruct
p0
(cnumpy
ndarray
p1
(I0
tp2
S'b'
p3
tp4
Rp5
(I1
(I25
I1
tp6
cnumpy
dtype
p7
(S'f8'
p8
I0
I1
tp9
Rp10
(I3
S'<'
p11
NNNI-1
I-1
I0
tp12
bI00
S'\x0b"{_\xd4\x94\x1b@d\x1b\x92\xbbE2\x1e@\xa8\xda@\xc5\x02` @l\xcb\x10\xce:\x9b!@-\x14F\xa5\x1e\xc7"@v\xc3\x1f\xb2/\xe0#@\xb6\xaf\xb6\x82\'\xe3$@:\x06$\x91\x01\xcd%@\x04X\x01D\x04\x9b&@\xa9\xa0g\x0f\xc9J\'@\x90~-\x9eC\xda\'@^\xe5\x07\xee\xc7G(@V^SL\x0f\x92(@\x99\x14\xa5$<\xb8(@\x9fv\xc8\x95\xdc\xb9(@\xc3\xa2u\xc5\xeb\x96(@\xd8:\xcb\xee\xd1O(@\xeao`+c\xe5\'@\x84\xcd\x8e\xfa\xdcX\'@\xee2S\x8e\xe2\xab&@\xa8Q\xcf\xe8w\xe0%@\xf4\x04\xfe\xd8\xfb\xf8$@\x16[\x8a\xe8 \xf8#@\x9a+\xe1O\xe5\xe0"@\x9a+\xe1O\xe5\xe0"@'
p13
tp14
b.