cnumpy.core.multiarray
_reconstruct
p0
(cnumpy
ndarray
p1
(I0
tp2
S'b'
p3
tp4
Rp5
(I1
(I25
I1
tp6
cnumpy
dtype
p7
(S'f8'
p8
I0
I1
tp9
Rp10
(I3
S'<'
p11
NNNI-1
I-1
I0
tp12
bI00
S'2\xe8\x1e\x1f\x9a\x92 @*\xd2\x13u\xa0["@\x0b\x86\xaf\x08\xf0\x19$@\x9e\x04\x1bxU\xc8%@|\x84\xff\xda\xcca\'@x\x18\x87\xb8\x90\xe1(@ 9\x1dC(C*@\xfb\x93y\xaft\x82+@2\xc6)\x7f\xbd\x9b,@Y\xa0\xef\x99\xbb\x8b-@"\xea\xd7\x14\xa3O.@\x04\xba\xde\x89+\xe5.@\xe6\x94>\xe7\x96J/@j\xe6\x19\xa2\xb6~/@@X\xfd<\xef\x80/@\x16\xc6\xb6\x17:Q/@$"\x19\x83%\xf0.@\x1cTr\x18\xd3^.@\x85\x82\xa5Y\xf4\x9e-@\xfa\xd9\xfa\xa3\xc5\xb2,@\xa3\x82\xb6\x84\x07\x9d+@r\x1c\\\x83\xf6`*@ji\x1czA\x02)@2\r:\x99\xfe\x84\'@2\r:\x99\xfe\x84\'@'
p13
tp14
b.