cnumpy.core.multiarray
_reconstruct
p0
(cnumpy
ndarray
p1
(I0
tp2
S'b'
p3
tp4
Rp5
(I1
(I25
I1
tp6
cnumpy
dtype
p7
(S'f8'
p8
I0
I1
tp9
Rp10
(I3
S'<'
p11
NNNI-1
I-1
I0
tp12
bI00
S'px\xb5\xeb\x8e]&@\xcd\xe1\xde\xde\xef\xc5\'@.\x1b\x0f\x11\xde%)@A\xec\xd4\xab?y*@\xd27,H \xbc+@\xea\x80\x92\xba\xbc\xea,@\x96">L\x8e\x01.@\xe7/\xfd?U\xfd.@\xfe\xedZ\x83"\xdb/@\x848\x9170L0@\xca]\x91>m\x990@\xf4;\x1a\xeea\xd40@\xb1\xdbpg^\xfc0@\xfb\x80Ub\xeb\x101@s\xd3\xd7\x90\xcb\x111@\xd6/7V\xfc\xfe0@\xac\x99\xad\xce\xb5\xd80@\x0f\x0e\x0e(j\x9f0@\xac\x87)M\xc4S0@\xbf\x83\xe5\xcfK\xed/@\xf6^\xa3\x80I\x12/@\x02\x8f\xfd\xfe\x0e\x19.@A"\x1c\xc3\x83\x04-@l\xa3\t\xc1\xe0\xd7+@l\xa3\t\xc1\xe0\xd7+@'
p13
tp14
b.