cnumpy.core.multiarray
_reconstruct
p0
(cnumpy
ndarray
p1
(I0
tp2
S'b'
p3
tp4
Rp5
(I1
(I25
I1
tp6
cnumpy
dtype
p7
(S'f8'
p8
I0
I1
tp9
Rp10
(I3
S'<'
p11
NNNI-1
I-1
I0
tp12
bI00
S"K\xd6aB\x90\xbe#@o\x866\xbbl\xdd$@\x82\xe8\x15\xa7\x8f\xf5%@\x1awtZ\xb5\x03'@[U-\xf6\xb7\x04(@\xb4\xa8}\xcb\x98\xf5(@\xf4\x84\x18K\x89\xd3)@\xeb\xdf\xacd\xf3\x9b*@\xe3=\xe3=\x81L+@I\x87\xcf)$\xe3+@\xc0\xdd\x0e\xcc\x1a^,@\\\xabBU\xf6\xbb,@>(J\xc9\x9e\xfb,@\xcc,zBV\x1c-@\\\xca\x17(\xbb\x1d-@\xb4\xcf{Q\xc9\xff,@\xd4\xbbz\x12\xda\xc2,@\xd4\x1c\xec0\xa3g,@\xafBl\xc64\xef+@\x9f\xd4\xa9\x14\xf6Z+@\xdd\xa4\xb4U\xa1\xac*@\x11\xb5\xca\x94>\xe6)@'\xb3\x02\x9f\x1d\n)@\x8d\xb0\xe7\x1d\xcf\x1a(@\x8d\xb0\xe7\x1d\xcf\x1a(@"
p13
tp14
b.