cnumpy.core.multiarray
_reconstruct
p0
(cnumpy
ndarray
p1
(I0
tp2
S'b'
p3
tp4
Rp5
(I1
(I25
I1
tp6
cnumpy
dtype
p7
(S'f8'
p8
I0
I1
tp9
Rp10
(I3
S'<'
p11
NNNI-1
I-1
I0
tp12
bI00
S'\xe7s\xa3;\x9e\xbb\x1e@\x94\xb4m)\xa8\xf6 @\xf2c\xe9\x92\xeb\x85"@\xc8\x1a+Q\xf2\x06$@Cvr\xd3?u%@\x8ae\x9cc\x8f\xcc&@\x08>\xc9\xe1\xe0\x08(@\x04\x0fi\xb3\x84&)@\x99\xbe\x14\xc2&"*@\x1f\x03gi\xd8\xf8*@~\xae66\x19\xa8+@(~\x1a]\xde-,@d6\xf3\xd1\x98\x88,@\xb4\xccO\xee9\xb7,@"\x98\xcc\x986\xb9,@\x8b\x12\x05\xe4\x88\x8e,@\xa7ZB \xb07,@\xd7\xb7\xb1_\xaf\xb5+@o\x0f\x90q\n\n+@\x15\xb6K]\xc16*@\x9c\xa5\x17kJ>)@\xb2\x86\xbc\xcb\x8a#(@\x8cL\x90\xf5\xcd\xe9&@3\x14X\xd0\xbb\x94%@3\x14X\xd0\xbb\x94%@'
p13
tp14
b.