cnumpy.core.multiarray
_reconstruct
p0
(cnumpy
ndarray
p1
(I0
tp2
S'b'
p3
tp4
Rp5
(I1
(I25
I1
tp6
cnumpy
dtype
p7
(S'f8'
p8
I0
I1
tp9
Rp10
(I3
S'<'
p11
NNNI-1
I-1
I0
tp12
bI00
S'\xc8HG\xf4\x03\xf2\x1c@-\xc4[\x1e\x0f\xc8 @Us\x8c)A\t#@\xdfGNI\xde5%@@l\xd9\x10jG\'@d\xf84\xd2\xb87)@`\x8f\x87\x06\x02\x01+@$\x08\xa0\x8e\xf1\x9d,@[>?\x98\xb7\t.@q\x05\xb8\xf8\x16@/@\xf6\xc3\t\xe9\xb8\x1e0@\xc6\xb4\x80.j\x7f0@\x8dJ\xb2\xdb\xfe\xc00@\xde\x99\x9bN\xb3\xe20@?\x1f\xdc\xfb"\xe40@:p\xa4\x9aI\xc50@\x8a\x1b~1\x83\x860@\x14\x98\xc6\x03\x8b(0@-Z \xc6\xf2X/@\xe6z\xd6\xd5\x80\'.@y\xe9\xacaO\xc0,@\x15\xb0f\xea\x8d\'+@&\xbe*\xca\xffa)@\x98=\x16\xff\xedt\'@\x98=\x16\xff\xedt\'@'
p13
tp14
b.