cnumpy.core.multiarray
_reconstruct
p0
(cnumpy
ndarray
p1
(I0
tp2
S'b'
p3
tp4
Rp5
(I1
(I25
I1
tp6
cnumpy
dtype
p7
(S'f8'
p8
I0
I1
tp9
Rp10
(I3
S'<'
p11
NNNI-1
I-1
I0
tp12
bI00
S"ojW\x89\n4\x1d@^\xc5=,\xf5\x1c @\xec{\x06\xf0\xd2\x96!@x\x962[7\x03#@\r-\x9ej\xe3]$@\x92wz\xf7\xcc\xa2%@\xeb\x81C\xc4*\xce&@\xec\x1d\x13\xc8\x7f\xdc'@U\x04\xa0\x96\xa5\xca(@|8\xde\xc5\xd5\x95)@\xf9\x7f85\xb2;*@\xd8\x1b\xb1\x1dL\xba*@\xbd\xf7\xd7\xd5)\x10+@\xb4dc8K<+@d\xa4J\xa0,>+@W\xe2zq\xc8\x15+@\x1c!\x93)\x97\xc3*@\xea/u\xf8\x8dH*@Z\xe1\xdb\xe4\x1b\xa6)@\xd2`|\x85%\xde(@\x1e\xbdt[\xff\xf2'@\xec\xe7\xdf\xdef\xe7&@\xf6SKRz\xbe%@\x8djpu\xaf{$@\x8djpu\xaf{$@"
p13
tp14
b.