cnumpy.core.multiarray
_reconstruct
p0
(cnumpy
ndarray
p1
(I0
tp2
S'b'
p3
tp4
Rp5
(I1
(I25
I1
tp6
cnumpy
dtype
p7
(S'f8'
p8
I0
I1
tp9
Rp10
(I3
S'<'
p11
NNNI-1
I-1
I0
tp12
bI00
S'\xe2#M\x0c\xec3#@V\xf7(\xebv\xdb%@ bX\xa0\x13s(@|+\xb7\x8f\x06\xf3*@\xe4s\xf7\xb3\xdaS-@\xd4\x00f\xddw\x8e/@\x8c\xe2\xdf\xed\x1b\xce0@Mf\xfb)}\xbb1@\xf3\x91]\x83\x9b\x8c2@E\xa3\xa1(\x07?3@\xd8\x99\x8c\xdb\xab\xd03@$\xdc\xc6$\xd7?4@\x87\xa6\xe8c=\x8b4@\xe2\x0b\xbf\xac\xfd\xb14@.uBf\xa4\xb34@B\x16m\xa3,\x904@\x02\xaa\xec1\x00H4@>\xa0\x83^\xf6\xdb3@\xe2B\xc7rQM3@\x96\xba\xb6\xf3\xba\x9d2@\xf7\xe9^\xac>\xcf1@\x8e\xbaU\x93D\xe40@&\xf5\x83:\x13\xbf/@i<\xb2#/\x88-@i<\xb2#/\x88-@'
p13
tp14
b.