cnumpy.core.multiarray
_reconstruct
p0
(cnumpy
ndarray
p1
(I0
tp2
S'b'
p3
tp4
Rp5
(I1
(I25
I1
tp6
cnumpy
dtype
p7
(S'f8'
p8
I0
I1
tp9
Rp10
(I3
S'<'
p11
NNNI-1
I-1
I0
tp12
bI00
S"\xcf\xd5\xd2\x8emk$@\xb2\xec\xd9\xfa\xc4\x88%@\x10\x9c\xbd\xf8k\x9f&@\xe0\xe9NJ#\xac'@b\xa5[U\xc9\xab(@,f\xedzc\x9b)@\x1f\xaa?\xfa&x*@E\xac\xeaD\x81?+@2\x86j\xab\x1f\xef+@sB\x1eK\xf6\x84,@\xb6\xe5\x12)F\xff,@\xba}dg\xa2\\-@u\xa1\xab\x85\xf4\x9b-@\xc0\x83\xc8\x9f\x7f\xbc-@GE]\xa1\xe2\xbd-@ \x9ffg\x19\xa0-@F\x02\x93\xcc|c-@\xe6[3\xa0\xc1\x08-@|0\xdc\x8a\xf6\x90,@F\n\x00\xe7\x80\xfd+@L\xc3\xeb\x96\x18P+@9\xad\x90\xe4\xc2\x8a*@\xc1\x05gz\xcc\xaf)@-\xf5c\x87\xc2\xc1(@-\xf5c\x87\xc2\xc1(@"
p13
tp14
b.