cnumpy.core.multiarray
_reconstruct
p0
(cnumpy
ndarray
p1
(I0
tp2
S'b'
p3
tp4
Rp5
(I1
(I25
I1
tp6
cnumpy
dtype
p7
(S'f8'
p8
I0
I1
tp9
Rp10
(I3
S'<'
p11
NNNI-1
I-1
I0
tp12
bI00
S'\xdc\x06\x87\xbb\xd4\xc7*@\x9e\x16OG\x16Z-@n?\xa5h\xe9\xdc/@\x7f\x07\rCh$1@>6\x823IK2@rx\xf1\xdf\xa7_3@X\x9e=\xd9K^4@\xb2\xdaG\x82=D5@\xf2_\xed\xe9\xce\x0e6@\x80\x18@\xc9\xa3\xbb6@\xc6m"\x8e\xb8H7@p\xc9D]h\xb47@\x18\xdd\x98\xf9q\xfd7@\xac\x93\x99\x82\xfb"8@\xdc\n=\xfe\x94$8@l\xbd\xfd\xa69\x028@\x98i\x16\xfaO\xbc7@q=\xc6\x85\xa8S7@\x9fP-{{\xc96@\xc8O\x01\x0be\x1f6@Bz\xf4\x97`W5@\xf6\xef"\xcd\xc2s4@\x96l)\xaa2w3@i\x0f\xa3\x99\xa1d2@i\x0f\xa3\x99\xa1d2@'
p13
tp14
b.