cnumpy.core.multiarray
_reconstruct
p0
(cnumpy
ndarray
p1
(I0
tp2
S'b'
p3
tp4
Rp5
(I1
(I25
I1
tp6
cnumpy
dtype
p7
(S'f8'
p8
I0
I1
tp9
Rp10
(I3
S'<'
p11
NNNI-1
I-1
I0
tp12
bI00
S"\x97\xa3\xa6\xee\x12\xac!@\x87Q\xc5\x06g^$@r~/:\x8c\x00'@\xf0D\xe4\x80\xa7\x8a)@\x94\\\x8d\x88%\xf5+@\xa5D\xa7M\xd18.@Q\xb2\xaa\xcdt'0@\x16\xe1\xdf\x98\x9a\x181@\xa3;o\xab\n\xed1@\xecv(MK\xa22@\x12\xfb\x1e\xcd?63@\xf8\x06\x97\xce.\xa73@+n\xa4m\xc7\xf33@\xe7Z#,%\x1b4@>*U\x9b\xd2\x1c4@\xce\x130\xba\xca\xf83@+\x9bL\x04y\xaf3@LCD1\xb8A3@N\xfb=\xa8\xcf\xb02@\x98\x95B\xafo\xfe1@F\xc6\xbaa\xac,1@0^\x1d}\xf7=0@\xe2\xba\x99,2j.@\xa8a\xc9\x9aN*,@\xa8a\xc9\x9aN*,@"
p13
tp14
b.