cnumpy.core.multiarray
_reconstruct
p0
(cnumpy
ndarray
p1
(I0
tp2
S'b'
p3
tp4
Rp5
(I1
(I25
I1
tp6
cnumpy
dtype
p7
(S'f8'
p8
I0
I1
tp9
Rp10
(I3
S'<'
p11
NNNI-1
I-1
I0
tp12
bI00
S"+?\xd2\xd1\xbe\x9b&@\xa5#\x14\x06N\xe0'@&\xf4\x16pA\x1d)@Q~D\x92\xe7N*@\xe0\xcb\xeb\xa5\xb0q+@\x8cy(;9\x82,@v\xae\x85TT}-@\xbb\x915\xe0\x14`.@\xfa\x9e\x9ar\xd6'/@=\x0b\x19(E\xd2/@`tVK\xb2.0@\xde,G\xdd\xcac0@\xe1\xc6\x1b\xe6\xcd\x870@\xb8\xb4\xaf\xf8O\x9a0@\x7f\xf2\xf2\xde\x19\x9b0@(\x1a\x9d>)\x8a0@N\x0c2\xa0\xb0g0@8>C\xd8\x1640@\xae\xb8^\xa9\xeb\xdf/@\x99\xa3\xe6\xa218/@\x90\xfa\xcc\xf4\xf3r.@\xf69\xe5\x01\x7f\x92-@\xbbS\xf3\\p\x99,@\xf6/G\xfb\xae\x8a+@\xf6/G\xfb\xae\x8a+@"
p13
tp14
b.