cnumpy.core.multiarray
_reconstruct
p0
(cnumpy
ndarray
p1
(I0
tp2
S'b'
p3
tp4
Rp5
(I1
(I25
I1
tp6
cnumpy
dtype
p7
(S'f8'
p8
I0
I1
tp9
Rp10
(I3
S'<'
p11
NNNI-1
I-1
I0
tp12
bI00
S']\xe1\x89\xc7\xb8\x08\x1b@\x92\x10@e\x95\xe2\x1d@\xe1#\xcd\xee\xaaU @\x95\xb7\xfd\xfeU\xad!@\x02J^\xb2J\xf4"@9\x05\xd1\xb2\xb9&$@\xc0\x0fp\xe2\x10A%@\x12_p\x02\x06@&@\xdf|\x9e\x83\xa0 \'@\xc4I.cB\xe0\'@\x10\xb0m\xf9\xaf|(@|\xfe\x0f\xa3\x16\xf4(@\x07\xe221\x12E)@\xb4|\xe4\x0f\xb1n)@j\x00\xc9\x16wp)@,\x0ez\xfb^J)@\x8f\xffNa\xda\xfc(@\xea\x05_\x86\xd0\x88(@\xc0\\\xb0\x91\x9b\xef\'@jV\x9e\x8a\x043\'@\xb5\x98~\x05>U&@\x80\x89h\x95\xddX%@\xcc0\xad\x16\xd4@$@\xce\xc5\xfe\xe8d\x10#@\xce\xc5\xfe\xe8d\x10#@'
p13
tp14
b.