cnumpy.core.multiarray
_reconstruct
p0
(cnumpy
ndarray
p1
(I0
tp2
S'b'
p3
tp4
Rp5
(I1
(I25
I1
tp6
cnumpy
dtype
p7
(S'f8'
p8
I0
I1
tp9
Rp10
(I3
S'<'
p11
NNNI-1
I-1
I0
tp12
bI00
S"G`\x9a\xb1\x84\xda$@\xccM\x94\xe3\x0f$&@\x1c]\xa8a\xe1e'@@\xb1\x18)9\x9c(@\x84\xa6\x98ry\xc3)@#X\xf9{1\xd8*@\xde\xc5\x89\xcb'\xd7+@\xb4\xeb\x8c\xcec\xbd,@\xfa\x11\x14\xb66\x88-@\xd0(\xcdwC5.@\xe6l\xe5\xda\x85\xc2.@H6\xf8{X./@\xe81\x18\xb6yw/@6.Mb\x0f\x9d/@\xcc<Xb\xa9\x9e/@\x14\xdf(\xefB|/@\xe8\x86\x1d\xa7B6/@Z\xe7\xe4[y\xcd.@\xfcC\x91\xa3\x1fC.@\xe2\xfa\x1f4\xd2\x98-@\x80\xecR\x14\x8d\xd0,@3a4\xb0\xa5\xec+@y=\xee\xe2\xc3\xef*@(\xd9\xb8\n\xda\xdc)@(\xd9\xb8\n\xda\xdc)@"
p13
tp14
b.