cnumpy.core.multiarray
_reconstruct
p0
(cnumpy
ndarray
p1
(I0
tp2
S'b'
p3
tp4
Rp5
(I1
(I25
I1
tp6
cnumpy
dtype
p7
(S'f8'
p8
I0
I1
tp9
Rp10
(I3
S'<'
p11
NNNI-1
I-1
I0
tp12
bI00
S"\x12\xb2\x8e*\xc1\x13!@D\r\xd4)\xc6\x85#@\x16\x82\xf94\x1e\xe9%@[\xc5{\x9b\xa96(@\x12\xb9\\\xb4\x89g*@\xfc\xf7]\\5u,@\xda\x83\x1cu\x8cY.@gYr\x15u\x070@n\x01^\xe5\x1a\xc80@\x1a\xd03\xfbxl1@\x11\xb1\x8a\x04\xa5\xf21@a\xa2Y\xc2\x0eY2@\xfdj\xef\xb2\x84\x9e2@\xaf\x96L\xa17\xc22@W\x14A\x0f\xbd\xc32@\x9e\x92\x19s\x10\xa32@\xcd\xf2(E\x93`2@\x11p\x05\xdd\x0b\xfd1@\x81\xd8\xdc!\xa3y1@\xc2\xd8\xc4\x14\xe1\xd70@\xb7mY?\xa8\x190@\xfe\xb0\x93(`\x82.@\xc6'4\xa5\xfc\xa1,@\xe1\xc7\xa4\xfe\xbe\x97*@\xe1\xc7\xa4\xfe\xbe\x97*@"
p13
tp14
b.