cnumpy.core.multiarray
_reconstruct
p0
(cnumpy
ndarray
p1
(I0
tp2
S'b'
p3
tp4
Rp5
(I1
(I25
I1
tp6
cnumpy
dtype
p7
(S'f8'
p8
I0
I1
tp9
Rp10
(I3
S'<'
p11
NNNI-1
I-1
I0
tp12
bI00
S'e|\x15\x85L\xc0#@p/\xd9\x9b\xf1\xd3$@10\xcau \xe1%@b\xdb"\x14\xb6\xe4&@Q\x84>\x1a\xac\xdb\'@\x8c\xc4\x95\xd3!\xc3(@P\x89e\xc9d\x98)@*\x17e\xce\xf8X*@\xf9\xb9\x8ah\x9f\x02+@&\xee\xc1\x82^\x93+@`\xde\x9aR\x86\t,@\x8c\xb1[`\xb6c,@N?q\xa2\xe1\xa0,@\xd0\xa2\xfe\x9fQ\xc0,@\x9a\x901\x91\xa8\xc1,@\t\xa8\x03w\xe2\xa4,@\xe97&\'Uj,@\x86\xe6\xf4K\xaf\x12,@`\x10k[\xf6\x9e+@\xd0,.\x8b\x83\x10+@\x98\xe7\xc3\xca\xffh*@;\xe1\xf3\xcf^\xaa)@\x15\x7f\x1aD\xd9\xd6(@\xdc\x9a\xcb#\xe6\xf0\'@\xdc\x9a\xcb#\xe6\xf0\'@'
p13
tp14
b.