cnumpy.core.multiarray
_reconstruct
p0
(cnumpy
ndarray
p1
(I0
tp2
S'b'
p3
tp4
Rp5
(I1
(I25
I1
tp6
cnumpy
dtype
p7
(S'f8'
p8
I0
I1
tp9
Rp10
(I3
S'<'
p11
NNNI-1
I-1
I0
tp12
bI00
S'+(\xa0O\x05z\x1b@\x92\x9e\xa6\x7fg\x02 @\x18\xb4\x8d3+:"@\xb6\xb6K\x13\xb0]$@\xa2\xa3u\xd3\x94f&@\xd0\xd4\xaf\x95\xc7N(@D\x8f\xff\x03\x98\x10*@\x00\xd4)I\xc8\xa6+@\xee\xd5\x7f\xb3\x9c\x0c-@\x96ft\xd3\xe9=.@\xb6\xbf\xdb\xeb 7/@v\xc8\xba\x8eZ\xf5/@Q\xaf~\xa3/;0@\xc2\x02\x9e\x1aW\\0@)\xa6\xeb\xc5\xc0]0@"\x03\x84nh?0@\x9c\x0f\x02\x9a\xa8\x010@\x1e\x0b\xed\xf8rJ/@\x0c\xe2\xd2\xa5]V.@$\x88\x9aY\xe9)-@\x1cZ\xf2[\x96\xc8+@\xc0\xc1\xa4\xab\x826*@l\x7fp\xb6]x(@\xf8\xee\t_Z\x93&@\xf8\xee\t_Z\x93&@'
p13
tp14
b.