cnumpy.core.multiarray
_reconstruct
p0
(cnumpy
ndarray
p1
(I0
tp2
S'b'
p3
tp4
Rp5
(I1
(I25
I1
tp6
cnumpy
dtype
p7
(S'f8'
p8
I0
I1
tp9
Rp10
(I3
S'<'
p11
NNNI-1
I-1
I0
tp12
bI00
S'\xd9K\xfc\x97\xd3~ @\xf4\xc5\xb6\xce\xc1\xa5"@F\x1e\xb4\xb3\xc5\xbf$@\xeb\xcaPU\x9a\xc6&@\xa0\x9d\x9d\xfc3\xb4(@v\xb3U6\xd2\x82*@pZO\xfb\x10-,@\x04\xe98\xc5\xf8\xad-@\xf9\xf5\xa8_\r\x01/@tu\xa7\xa4-\x110@\xce(\xad\xbeA\x870@\x18\xd9\xf7\xc0b\xe10@l\x98\xd5\xce\x83\x1e1@S\xf8\xd9\x8d\xee=1@\x1c\x92\xd7EE?1@]\xadr\xf8\x83"1@z\x07\x0bm\x00\xe80@j2\xd90i\x900@t\xde:\x8e\xc3\x1c0@\xe8\xb5~\x02\xd1\x1c/@\x01\xf2\x12e\x01\xce-@\xaa\x82\t\t\xffP,@P\xdfa\x83:\xaa*@\xac:\xbf\xfa\xa0\xde(@\xac:\xbf\xfa\xa0\xde(@'
p13
tp14
b.