cnumpy.core.multiarray
_reconstruct
p0
(cnumpy
ndarray
p1
(I0
tp2
S'b'
p3
tp4
Rp5
(I1
(I25
I1
tp6
cnumpy
dtype
p7
(S'f8'
p8
I0
I1
tp9
Rp10
(I3
S'<'
p11
NNNI-1
I-1
I0
tp12
bI00
S"\x11\x133d\xe7\x88%@\x1fz\x903\xdc\x89'@3Q\x9a\x96\xca~)@\x8cG\x98;\xdca+@\xe2{\xb0\x19p--@(/\xa1;+\xdc.@\x05\x96\xb7\\\x8440@\xb8\x83\xb0X\xb4\xe70@2\x90\xce\t\x8f\x851@\xfc\xa1\xa1\x8b=\x0c2@\xe8M\xec\x19.z2@8\x95$\xbf\x18\xce2@\x04/\xc8&\x03\x073@\xde\xec\x1d\x88C$3@\xac\x98\xb0\xa0\x82%3@\x90l\x9c\xb8\xbc\n3@\xc2\xa3\xa6\xadA\xd42@\xb6\r\xfe\x04\xb4\x822@\x16Zk\x06\x07\x172@\xedX\x97\xe6{\x921@d\x15\xdc\x08\x9e\xf60@\xf7!\xcbc>E0@R\x1eO,\xdc\x00/@\xe0O\xfax\xf0T-@\xe0O\xfax\xf0T-@"
p13
tp14
b.