cnumpy.core.multiarray
_reconstruct
p0
(cnumpy
ndarray
p1
(I0
tp2
S'b'
p3
tp4
Rp5
(I1
(I25
I1
tp6
cnumpy
dtype
p7
(S'f8'
p8
I0
I1
tp9
Rp10
(I3
S'<'
p11
NNNI-1
I-1
I0
tp12
bI00
S'\x9aT\x97\x80\x8c\xeb!@2\xfe\x19\xb7g-$@\xc3\xf3\xaa\x04\xb7a&@\xa8mM\x07\xe7\x81(@D#\xc0c\xa0\x87*@\xc0\x99\x18\xb0\xdal,@NQ\xe0r\xee+.@\xf8i\x04\x01\xa6\xbf/@\x99~#\x84\xa6\x910@\x0e\x13\xebK_)1@\x11\xdd\x95\xbe8\xa51@\xa8N*h\xc1\x032@eE\x14H\xdfC2@\x16za\x1a\xd3d2@\xc0\x01Q\x92:f2@|\xd8\x8f\x7f\x11H2@{\xb6\xb7\xda\xb1\n2@\xcc\xe8\xea\xb8\xd2\xae1@\x06\xd0\xad)\x8651@\x1a;[\x056\xa00@\t\xd9tk?\xe1/@P\x8a\x95\n\x9eQ.@\xb4n\x81\t0\x96,@\xe18\xd21 \xb4*@\xe18\xd21 \xb4*@'
p13
tp14
b.