cnumpy.core.multiarray
_reconstruct
p0
(cnumpy
ndarray
p1
(I0
tp2
S'b'
p3
tp4
Rp5
(I1
(I25
I1
tp6
cnumpy
dtype
p7
(S'f8'
p8
I0
I1
tp9
Rp10
(I3
S'<'
p11
NNNI-1
I-1
I0
tp12
bI00
S'27\x02&\x02\x7f\x1b@`\x9b\xf5$q\xbb\x1f@\x8d\xf1}\x0b:\xef!@!\x94\xd0\xee\xd9\xed#@\xb9v4\x00\xa5\xd3%@\xcd\xefV\x16\xf2\x9a\'@\x04\xd6\xc8\xfdr>)@\x8a\xaf\x9eLD\xb9*@\x1c\xd0\x82\xf7\xfb\x06,@\xacV\xb9|\xb6#-@\xc8\x05\xce}"\x0c.@\x82*Q\xa5\x8a\xbd.@48\x1d\xbb\xdd5/@\x9eE\x0b\xcf\xb4s/@\xfe\x02\xb1gWv/@n\x0c\xae\xa8\xbd=/@\xda\xff\x1ej\x90\xca.@\xc4b\xf0@\'\x1e.@\xf4\xd9\xef}\x84:-@\x82(\x8d/O",@\xba\xbe+8\xcb\xd8*@l\x9f\x9f\x90\xcfa)@\xd4\xf5\xe3\xd3\xba\xc1\'@l\x9d66f\xfd%@l\x9d66f\xfd%@'
p13
tp14
b.