cnumpy.core.multiarray
_reconstruct
p0
(cnumpy
ndarray
p1
(I0
tp2
S'b'
p3
tp4
Rp5
(I1
(I25
I1
tp6
cnumpy
dtype
p7
(S'f8'
p8
I0
I1
tp9
Rp10
(I3
S'<'
p11
NNNI-1
I-1
I0
tp12
bI00
S'\x17\x9d\xc4\xb6\xb5c)@[1\xf1\xb4a\xa8*@\x82X\x19<q\xe5+@\xae1\xc9z2\x17-@\xbf\xa9oY\x15:.@H\x147\x1b\xb6J/@\xd2\xd4F\xbd\xf3"0@\x80\r\x9a\x11^\x940@\xc4\x8d\xc6\xb6G\xf80@d\xe0\x90\xa0\x86M1@}\xa9j\x83\x1c\x931@e\x03\x08\xcb9\xc81@\x8de\x99\x05@\xec1@f\xe1r\xbc\xc3\xfe1@\x7f\xbe\x9e\xb4\x8d\xff1@|*\x9f\x93\x9b\xee1@B\x81s\xe6\x1f\xcc1@\xf7;\xcc\x8a\x81\x981@\xf0]/|ZT1@V\xc1\xa0\x08v\x001@I\x85(r\xce\x9d0@\xaf\xc7H\x04\x8a-0@\xb3P+L\xefa/@\xf4\xe6T\xe6\x15S.@\xf4\xe6T\xe6\x15S.@'
p13
tp14
b.