cnumpy.core.multiarray
_reconstruct
p0
(cnumpy
ndarray
p1
(I0
tp2
S'b'
p3
tp4
Rp5
(I1
(I25
I1
tp6
cnumpy
dtype
p7
(S'f8'
p8
I0
I1
tp9
Rp10
(I3
S'<'
p11
NNNI-1
I-1
I0
tp12
bI00
S"\x85\x86nd\x0b\x19#@W\xd7\x08\\H[%@\xe9u\t \xf7\x8f'@\xf8\xb9\xad1\x83\xb0)@\xe4\x05\x16#\x94\xb6+@\x1cK\x14\x85 \x9c-@\xa5\x96T\xe9\x7f[/@\xdf\x94\x93\xe1\xbdw0@\x84lIz\xaf)1@\x1e\xea\xa5\xec\x81\xc11@\x9fa\xd5Rp=2@ns^\xfa\x08\x9c2@ha\xf8\xb21\xdc2@\xc6\xcdU\x18+\xfd2@@\xc1\x14\xcd\x92\xfe2@\x08\xd1,\xa0d\xe02@\xef\x10p\x99\xfa\xa22@\x06\x85\xf9\xec\x0bG2@D<\xaa\xd8\xaa\xcd1@\x16^\x13rA81@\x9d\x95Un\x8d\x880@N\xed\x17\xe15\x81/@\xc0:\x81\xdc|\xc5-@ oFx\x1b\xe3+@ oFx\x1b\xe3+@"
p13
tp14
b.