cnumpy.core.multiarray
_reconstruct
p0
(cnumpy
ndarray
p1
(I0
tp2
S'b'
p3
tp4
Rp5
(I1
(I25
I1
tp6
cnumpy
dtype
p7
(S'f8'
p8
I0
I1
tp9
Rp10
(I3
S'<'
p11
NNNI-1
I-1
I0
tp12
bI00
S'd\x85\x9b,`\x8f\x1e@\x92\x16\x9e\xa6\xe4?!@`z\x13OG,#@L\xb4"<\x1b\x07%@\x0c\xe2h\xfa\xd7\xca&@w>\x0f\xf89r(@x\x92\xb48R\xf8)@p\x96\x04\r\x95X+@\xa6:\x16\xa2\xe7\x8e,@\xe4u\x1d@\xac\x97-@h\x8c\xe9\x13\xcdo.@\n\x0c\x02c\xc5\x14/@j\x02\xee\x0e\xa9\x84/@\xf6 <Q*\xbe/@\x04\x8c0\x9f\x9d\xc0/@\xc8#~\xa9\xfb\x8b/@~\xc3\x14r\xe1 /@Lj\xc3w\x8e\x80.@<{#\xfd\xe0\xac-@\xb62\xe8uP\xa8,@}@2+\xe6u+@\x86\xad\xda,4\x19*@\x06\xf3\xb9\xaaJ\x96(@\x97L\xb1\xd5\xab\xf1&@\x97L\xb1\xd5\xab\xf1&@'
p13
tp14
b.