cnumpy.core.multiarray
_reconstruct
p0
(cnumpy
ndarray
p1
(I0
tp2
S'b'
p3
tp4
Rp5
(I1
(I25
I1
tp6
cnumpy
dtype
p7
(S'f8'
p8
I0
I1
tp9
Rp10
(I3
S'<'
p11
NNNI-1
I-1
I0
tp12
bI00
S'\xbds9C\xf3W)@\xc2}\x02\x9f\xaf\x06,@|\xa5\xbb\xa5R\xa5.@>"\\\xe3\x05\x960@{\r\xb6\xe3\xa8\xc91@#\xe9;\x9f\xfc\xe92@Y#l\xfb\xa4\xf33@F\xd5\xb5}\x89\xe34@za\x80\x87\xde\xb65@p\x06\xec\xac-k6@\xb4@k\r]\xfe6@\x12\x01K\x98\xb5n7@\x0cCw*\xe8\xba7@E\xde8v\x11\xe27@\x07CF\xa9\xbc\xe37@Xh@\xc9\xe4\xbf7@\x06Z\x8c\xc2\xf4v7@J\x1a])\xc6\t7@\rT\xa5\xb0\x9ey6@\xc4\r\x81^,\xc85@\xf6\xafi\x89\x80\xf74@\xe9\x0f\'\xad\t\n4@\x9c\xf4\xe3)\x8c\x023@\x96n\t\x03\x1a\xe41@\x96n\t\x03\x1a\xe41@'
p13
tp14
b.