cnumpy.core.multiarray
_reconstruct
p0
(cnumpy
ndarray
p1
(I0
tp2
S'b'
p3
tp4
Rp5
(I1
(I25
I1
tp6
cnumpy
dtype
p7
(S'f8'
p8
I0
I1
tp9
Rp10
(I3
S'<'
p11
NNNI-1
I-1
I0
tp12
bI00
S'\xd0\xe8 \x86\x90\xb3)@\xc4d5\xe4\x0c\x88+@?I\xd4\xb7\x8dQ-@\x0el\xdf;\xbe\n/@\xa3D\xc0*=W0@\xb3\xfb\x1a\xf5\xee\x1b1@\x9b\xc5y\xbb)\xd11@a\xbch\xde\xd0t2@\xe1.?-\xfc\x043@\x06Xo\x96\xfd\x7f3@\xe4{t*f\xe43@\x86Tlb\n14@\xa7\x86\x9a\x9d\x05e4@\x96\xb1l\xcb\xbc\x7f4@\xd6\x97\x0c:\xe0\x804@<}\x1c\x84lh4@\x12\x8b\xd8\x9a\xaa64@\xf7\x01\x7f\xec.\xec3@vR\x88\xa9\xd7\x893@\x8f\xf6\xd7-\xca\x103@\nC\x9f\x95o\x822@9\xba$\x88p\xe01@\xeaP\xfdD\xb0,1@\x97\x8bz\x02Gi0@\x97\x8bz\x02Gi0@'
p13
tp14
b.