cnumpy.core.multiarray
_reconstruct
p0
(cnumpy
ndarray
p1
(I0
tp2
S'b'
p3
tp4
Rp5
(I1
(I25
I1
tp6
cnumpy
dtype
p7
(S'f8'
p8
I0
I1
tp9
Rp10
(I3
S'<'
p11
NNNI-1
I-1
I0
tp12
bI00
S"n`\xb1}\x9c-,@\x06%\xcfx\x91\x85.@B\x1dh\xf4\xbag0@\xc7o\xe4\x04;\x821@\x1c\xf1\x1f5\xfe\x8e2@\xca\xd9\x7f\xc7\xe2\x8a3@Z\xd33Q\xf9r4@q)\xc0{\x8dD5@\xc6\xd9J\x16.\xfd5@\x1c\x8c\x9a^\xb4\x9a6@G\x02\x0clJ\x1b7@g\xebX\xa9p}7@\x88|\xdaL\x02\xc07@\x96b\xf2\xc18\xe27@T\x99l\xf9\xad\xe37@J\x07\xf3\x99]\xc47@n\xaa\x06\r\xa5\x847@#\xa2WhB%7@\xa6W\xbb6R\xa76@\xb3J\\'L\x0c6@\xec\x96\x07\xad\xfeU5@\xefS\xa7\x9a\x89\x864@{\n\xfd\xccW\xa03@\x94\x9d\x83\xf4\x17\xa62@\x94\x9d\x83\xf4\x17\xa62@"
p13
tp14
b.