cnumpy.core.multiarray
_reconstruct
p0
(cnumpy
ndarray
p1
(I0
tp2
S'b'
p3
tp4
Rp5
(I1
(I25
I1
tp6
cnumpy
dtype
p7
(S'f8'
p8
I0
I1
tp9
Rp10
(I3
S'<'
p11
NNNI-1
I-1
I0
tp12
bI00
S"\xe5\xcf;n\x0fv+@\x1a\xcc\xb8>\x06@-@.\x1f\xab\xa9@\xff.@\xe7iWHDW0@\xc7\x90\xed\xb3k$1@\xc2-\xd1\x99\xb2\xe41@\xc6\xe0\x07f\xdb\x952@\xb7\x9fk\x9d\xd553@\x8cg+\x06\xc4\xc23@h\xe8e7\x02;4@\x05rG\x7f)\x9d4@\x13\xfe\r\x11\x15\xe84@`f{n\xe5\x1a5@\xfa6\x88\x02\x0355@\x1dK\x92\xe5\x1f65@lO\xc2\xc58\x1e5@o\xe7\xf2\xf0\x94\xed4@\xb8\xeb\xfb\x7f\xc5\xa44@\xd0E\xdc\xa5\xa3D4@\xce\x99\xcd'N\xce3@\x8d\x8c\xce\x05&C3@\xdc\x8e\x9b]\xca\xa42@\xc8r[\x94\x13\xf51@W\xd2m\xd5\r61@W\xd2m\xd5\r61@"
p13
tp14
b.