cnumpy.core.multiarray
_reconstruct
p0
(cnumpy
ndarray
p1
(I0
tp2
S'b'
p3
tp4
Rp5
(I1
(I25
I1
tp6
cnumpy
dtype
p7
(S'f8'
p8
I0
I1
tp9
Rp10
(I3
S'<'
p11
NNNI-1
I-1
I0
tp12
bI00
S'Z+\x8b\xf7\x08\xac\x1b@\x1b#H\xf4v\xd6\x1d@\x9b\x7fq\x9f\xe5\xf3\x1f@\x95\xd7\xee\xea\x02\xff @\x0b=\x12\x06a\xf7!@\x93\xe5s:(\xe0"@.0\x95"\xa2\xb6#@\xcc\x13\x99\xf1Nx$@\x0c\xdb\xd7\xe7\xec"%@\xe7\xfbW\x0e\x7f\xb4%@\xd2\xc8\x16%S+&@\x9b\xd0o\xb2\x06\x86&@\x1e\xa1\x8a$\x8b\xc3&@\xfe\x86|\xf8(\xe3&@\xbe\x8c\xb6\xdd\x81\xe4&@\xf7\xb1^\xcf\x91\xc7&@\xa1\x11M \xaf\x8c&@\xbe3\x89y\x894&@V\xb7G\xce\'\xc0%@\\~\x83K\xe50%@\xd0JVLm\x88$@">"_\xb6\xc8#@6-gj\xfc\xf3"@q\xec\xbb\x02\xba\x0c"@q\xec\xbb\x02\xba\x0c"@'
p13
tp14
b.