cnumpy.core.multiarray
_reconstruct
p0
(cnumpy
ndarray
p1
(I0
tp2
S'b'
p3
tp4
Rp5
(I1
(I25
I1
tp6
cnumpy
dtype
p7
(S'f8'
p8
I0
I1
tp9
Rp10
(I3
S'<'
p11
NNNI-1
I-1
I0
tp12
bI00
S'+\xc3S\x8ajC\x1e@\xbe\xf9\xfc0\x17\x04!@=\x15G,*\xdb"@\xda\xf48\xf6p\xa1$@\x98\n\xd8i\xa0Q&@\xf2\x87\x80H\xaf\xe6\'@"\xce\xd1?\xe5[)@9\x8b4\xfe\xe8\xac*@\x0f\xec\xf9+\xcd\xd5+@\xd1\xb4`"\x1c\xd3,@\xed\xec\x8d=\xe2\xa1-@X\xe6\xaf\xaa\xb6?.@DY\x07\x98\xc2\xaa.@\xe3\x99e\xb1\xc6\xe1.@\x1a0\xc2\xd8\x1e\xe4.@\xe1-\xce\x0f\xc4\xb1.@\x95\xd2\xd0\x8cLK.@\x94?\x8f\xfa\xe9\xb1-@\x86\xf2w\xe8e\xe7,@\xd4\x15\xb2u\x1c\xee+@\x1eb\xf8F\xf5\xc8*@6\x83?\xdcZ{)@K\x86\x01`0\t(@\x06M\x94\x0e\xc6v&@\x06M\x94\x0e\xc6v&@'
p13
tp14
b.