cnumpy.core.multiarray
_reconstruct
p0
(cnumpy
ndarray
p1
(I0
tp2
S'b'
p3
tp4
Rp5
(I1
(I25
I1
tp6
cnumpy
dtype
p7
(S'f8'
p8
I0
I1
tp9
Rp10
(I3
S'<'
p11
NNNI-1
I-1
I0
tp12
bI00
S' w\xf8\xd96\xaf%@#\x99\x96:\'\xf1&@\xc2\xf5\xd0\x8a\x8b+(@+\x95I\xef\xb9Z)@\xa4\xab\xd8\xfd){*@\x866~G\x7f\x89+@4\x9b _\x93\x82,@Ax/?\x7fc-@\xber"\xf2\xa3).@p\x02\x00d\xb2\xd2.@\xd4\x84\x99E\xb2\\/@\xf8\xb6\xf0\xec\x07\xc6/@{l\x9f\x90\xbc\x060@\x06\x16\'b\x18\x190@$\xcd\x1c\xa7\xe0\x190@\x16\x05\x15\n\x13\t0@h\xadBV\xc3\xcd/@\xd2\xc1\x92\x14eg/@\x84\xe0\x88\xae<\xe0.@j5\xffS\xdd9.@\x91\x11~R7v-@\x9e\xb7\xb8L\x92\x97,@/\xe0\x84m\x86\xa0+@\x9b\x9b\x96\xaa\xf4\x93*@\x9b\x9b\x96\xaa\xf4\x93*@'
p13
tp14
b.