cnumpy.core.multiarray
_reconstruct
p0
(cnumpy
ndarray
p1
(I0
tp2
S'b'
p3
tp4
Rp5
(I1
(I25
I1
tp6
cnumpy
dtype
p7
(S'f8'
p8
I0
I1
tp9
Rp10
(I3
S'<'
p11
NNNI-1
I-1
I0
tp12
bI00
S'S\xc7\xe5\x01\x04\t\'@\xa3\x83\xcbV\x7fp(@\x981\xbcL\x8d\xcf)@N80\xaa\x16"+@\x96\xf12\x8d)d,@^\xea\xf2/\x05\x92-@\x18i\xd2\x1a%\xa8.@\xf6\x84\x92\xa2K\xa3/@\x02\xdf\xa5\xc9E@0@z\x85\xaeu\xa8\x9e0@N/#F\xb4\xeb0@\x1a\xb2>e\x83&1@\xa7\xafTdfN1@(\xd7%G\xe6b1@~U\xd1\xe6\xc5c1@G\xa1@\xa8\x02Q1@su\xed\x83\xd4*1@\x10\xca\xea^\xad\xf10@L\xdd"\xb77\xa60@\x1f\xd3\xbf\xa6TI0@X.X\x892\xb8/@\x0eG\xfb\xd3\x96\xbf.@\x92\xdd\xdb\xcb\xbb\xab-@\xf3OdW\xd8\x7f,@\xf3OdW\xd8\x7f,@'
p13
tp14
b.