cnumpy.core.multiarray
_reconstruct
p0
(cnumpy
ndarray
p1
(I0
tp2
S'b'
p3
tp4
Rp5
(I1
(I25
I1
tp6
cnumpy
dtype
p7
(S'f8'
p8
I0
I1
tp9
Rp10
(I3
S'<'
p11
NNNI-1
I-1
I0
tp12
bI00
S'Q/\xb068\xf3%@\x8b2\xc2\x90bA(@\xb1=\xd7"\xb7\x81*@\xf8\x104\xaf~\xad,@\xcf\x10.F?\xbe.@2\x07\xf7\xcb\xe7V0@\xa2`\xd8\xaa4;1@\x02e\xd85]\t2@X\x8d+p\xfa\xbe2@;x\xac\x94\xeeY3@\x90\x0b\x01fk\xd83@\xe4\xa2\x80\x91\xf784@\xbc\xeb\xc9\x14sz4@\xd9\xb8\xea\x98\x1a\x9c4@\xe3\xdd\x16\xb9\x89\x9d4@\x89\xca#.\xbc~4@9\x83K\xdb\r@4@\xd2\xe5\x10\xbc9\xe23@l\xeav\xb6Wf3@\xba\xca\nX\xd9\xcd2@\x8f\xd1{\x87\x85\x1a2@\xc4d\x997sN1@_Z\x87+\x03l0@\xfe\xf9\x81\xbd\xb1\xeb.@\xfe\xf9\x81\xbd\xb1\xeb.@'
p13
tp14
b.