cnumpy.core.multiarray
_reconstruct
p0
(cnumpy
ndarray
p1
(I0
tp2
S'b'
p3
tp4
Rp5
(I1
(I25
I1
tp6
cnumpy
dtype
p7
(S'f8'
p8
I0
I1
tp9
Rp10
(I3
S'<'
p11
NNNI-1
I-1
I0
tp12
bI00
S'\x82\x86\x02\x17\x8f\x99"@\xae\xd2\xc3\xd8\xcb %@\xd8G\x94P\xdc\x98\'@\xbc\x15g\xfeb\xfa)@\xb0\x80\xf1\x9dE>,@\xdc-\xb5V\xc2].@\xea\xfc"\xf2A)0@\x12\xeaT=Z\x0b1@\xe8\xa8;\x97\x87\xd21@\xc2\xfeb\xd6w|2@\xd6S\x06\n0\x073@\xc1\x89Ob\x12q3@RY\xc6\x02\xe3\xb83@\x96\xcb\x8d\xb0\xcb\xdd3@k\x06uQ^\xdf3@\xda\ti4\x96\xbd3@|\x97s\x1f\xd8x3@\xb8\x83\x1d#\xf1\x113@\x1c4\xb56\x14\x8a2@\xf7\x1d\x9a\xa4\xd6\xe21@\x06\xe58Q+\x1e1@\xd1\xb1\xce\xea\\>0@\xcc\x90\x96&\x0e\x8c.@\xa2;m1\x1dp,@\xa2;m1\x1dp,@'
p13
tp14
b.