cnumpy.core.multiarray
_reconstruct
p0
(cnumpy
ndarray
p1
(I0
tp2
S'b'
p3
tp4
Rp5
(I1
(I25
I1
tp6
cnumpy
dtype
p7
(S'f8'
p8
I0
I1
tp9
Rp10
(I3
S'<'
p11
NNNI-1
I-1
I0
tp12
bI00
S'\x05E2\x8b\x98\x16\x1c@!\xe2\xae\x1c\xce\x1a\x1f@pCN\xb2t\x06!@\xcds\x84i\x10r"@\xd2\xc6\x8c\x87\xfd\xcb#@\xeb\xad1\x1f4\x10%@\x8d\xd2\xc7\x08\xed:&@V\x86H\'\xadH\'@\xb2\x97\x95\xcaO6(@\xf0\xb7\xec\x0f\x10\x01)@t\xb4\x91$\x91\xa6)@\xa2J\x0bR\xe5$*@\xd2e\xec\xbe\x93z*@\xf4U\x00\xd3\x9c\xa6*@\xcc~\xc01}\xa8*@\xd4\x041B/\x80*@\xd8\x82\x93?+.*@d\xf8\xbd\xd2e\xb3)@\x12\xdbC8M\x11)@\x95v\xf2\xfb\xc4I(@\xf5\xaa[V _\'@\xc8\x01>=\x1bT&@H\xd8z;\xd2+%@\xfeh\xef(\xb9\xe9#@\xfeh\xef(\xb9\xe9#@'
p13
tp14
b.