cnumpy.core.multiarray
_reconstruct
p0
(cnumpy
ndarray
p1
(I0
tp2
S'b'
p3
tp4
Rp5
(I1
(I25
I1
tp6
cnumpy
dtype
p7
(S'f8'
p8
I0
I1
tp9
Rp10
(I3
S'<'
p11
NNNI-1
I-1
I0
tp12
bI00
S"\x01j`6\xca\x12\x1a@\xe4\x94\xcc\xaa@6\x1d@\xdc\xa7\xd3\xa2p# @\x15\xcc\x99\xb5\xc3\x9d!@\x18\x87\xf4\xfa\xb0\x05#@\xfc\xa1\xda\xc1\x06W$@\xdd\x04\xe7\xbd\xd6\x8d%@\\\xce7\xc1\x81\xa6&@\t\x88H\x8a\xc2\x9d'@\x8e\xb3\x8c\x85\xb7p(@\x80!\xb0e\xeb\x1c)@\xcc\x89\xd9x\\\xa0)@\xff_\x0f\xa5\x82\xf9)@f\xa1\xe3\xf9S'*@Sc\xc5\xc9G)*@\x80\x98\xb9AX\xff)@\x0e\xc9\xbaz\x02\xaa)@2\xe9\x8b\x04E*)@\xe7\x85W\xee\x9c\x81(@b\x91\xf4U\x01\xb2'@\xec\xc5\x0f\x8b\xdd\xbd&@\x1c\xbf\xb6\xd7\t\xa8%@*\xe7\xcb\x03\xc3s$@\xa6\x1b\xb4\xac\xa0$#@\xa6\x1b\xb4\xac\xa0$#@"
p13
tp14
b.