cnumpy.core.multiarray
_reconstruct
p0
(cnumpy
ndarray
p1
(I0
tp2
S'b'
p3
tp4
Rp5
(I1
(I25
I1
tp6
cnumpy
dtype
p7
(S'f8'
p8
I0
I1
tp9
Rp10
(I3
S'<'
p11
NNNI-1
I-1
I0
tp12
bI00
S"\x98 5\x8a\x85\xfe @\xae\x0c\tN\xf9,#@\x93\x92>\x9cUN%@t6\xc6\x99?\\'@\xfe[Jn\x96P)@B\xe6-\x8c\x85%+@ \x16\xf5\x14\x96\xd5,@\x08\xbf6&\xbf[.@\xd6\x96u\xdet\xb3/@\x06\x10\x8a\xf6Zl0@\x9a\x07w\xc2\x0b\xe40@\xa8\x8e\xf9\xc6g?1@TN\xad{^}1@h\x9f\xce\x087\x9d1@\x14P\xa1n\x92\x9e1@Dl\xd4\xa0l\x811@\\\xa8\x95\x92\x1cF1@\x84h03S\xed0@\x0c$>^\x19x0@\xd4K\x1d\x8b\x99\xcf/@\x91'\xfa\xbb7|.@\xb8-\xb3\xb6\x01\xfa,@\x9c`\xbc\x94wM+@2\x9e\x8e\xb4\x97{)@2\x9e\x8e\xb4\x97{)@"
p13
tp14
b.