cnumpy.core.multiarray
_reconstruct
p0
(cnumpy
ndarray
p1
(I0
tp2
S'b'
p3
tp4
Rp5
(I1
(I25
I1
tp6
cnumpy
dtype
p7
(S'f8'
p8
I0
I1
tp9
Rp10
(I3
S'<'
p11
NNNI-1
I-1
I0
tp12
bI00
S'p\xa7\xca\xd2\xc6\x17\x1b@@1b\xc4\\\x89\x1e@\xd6\t`\x02$\xf3 @\xd01O1@\x92"@\xae\xa95\xa0,\x1d$@\n\x12\x1e8O\x8f%@F\\=\xd4W\xe4&@\xf2S\xb3\x1fM\x18(@\\_Sp\x98\')@\rt\x18{\x10\x0f*@\xce?U\xc2\x02\xcc*@\x12\xcd~\xa1;\\+@q\x1b\x91\xde\x0c\xbe+@?\xf0u\xadR\xf0+@\xee`y\x16w\xf2+@is\xa7\xb5s\xc4+@\x06M\xdc\xcd\xd1f+@\xfa\x11N\xaf\xa8\xda*@~\xeaUv\x9a!*@\x06\xba-,\xcf=)@\xbc5+X\xee1(@0\xcd\xa8\x14\x17\x01\'@{_;\xbf\xd6\xae%@\n\xc8\xfb_\x1e?$@\n\xc8\xfb_\x1e?$@'
p13
tp14
b.