cnumpy.core.multiarray
_reconstruct
p0
(cnumpy
ndarray
p1
(I0
tp2
S'b'
p3
tp4
Rp5
(I1
(I25
I1
tp6
cnumpy
dtype
p7
(S'f8'
p8
I0
I1
tp9
Rp10
(I3
S'<'
p11
NNNI-1
I-1
I0
tp12
bI00
S'\xb0\xe6KTH=)@)\xf8\xf5\xfb\xdfZ+@\x90\x06o\\\xc5k-@\\\xb7"\xb8\xcei/@\x01\xdf\xeeI\x85\xa70@X\x1a\xc1\xb8\xe8\x8a1@\x8e\x91\x02Wk\\2@\xae#2(\x9c\x193@\xf7\xda5\xcdF\xc03@n\n\xec\x17zN4@\xc1\x80L\xd6\x8d\xc24@)\x84\xd1\xc3\'\x1b5@~\xc4i\x92?W5@:\xe7\xe9\xfe!v5@\\\xaf\xcd\xe7rw5@\x92\x89\r`.[5@b\xa2\xd4\xba\xa8!5@\xaa\x96\xf4\x8f\x8d\xcb4@\x12"\x05\xbc\xddY4@\x88\xc3&b\xec\xcd3@f\x19V\xf8Z)3@\xc0\xdd\x19j\x14n2@\xc7g\x0e`G\x9e1@LI_\xbd_\xbc0@LI_\xbd_\xbc0@'
p13
tp14
b.