cnumpy.core.multiarray
_reconstruct
p0
(cnumpy
ndarray
p1
(I0
tp2
S'b'
p3
tp4
Rp5
(I1
(I25
I1
tp6
cnumpy
dtype
p7
(S'f8'
p8
I0
I1
tp9
Rp10
(I3
S'<'
p11
NNNI-1
I-1
I0
tp12
bI00
S'+\xbc\x934\x9c\x16*@Fje\xb1\x15\x15,@\xaa!\xac\xa6\x97\x07.@\x8e\xe4y\xfdR\xe8/@\xe1\x1d\xe0\xd2\xd6\xd80@h\xdc\x1e\xa6)\xaf1@"\x8b1\xa0\xa2t2@D\x90a\xad\xf4&3@\xb1O\xcd\xdb\x0b\xc43@\x86\x0e>\x8e\x13J4@\x0f\x1c\x12\xf2{\xb74@\xda\'\xf1\xa7\xfe\n5@*\xd5d\x91\xa2C5@\xa2:\xfd\xb7\xbe`5@\x03sXE\xfca5@*\xaf-\x86WG5@\x02\nW\xf5\x1f\x115@\x9c0\xb9N\xf7\xbf4@\xd4$\xcc\xac\xcfT4@\x97Vd\xb6\xe8\xd03@\xd0\x80&\xe5\xcb53@\xb8\xcc\xc2\xefG\x852@\xbf\xae\xa4ek\xc11@\xa0\x13-\x8c~\xec0@\xa0\x13-\x8c~\xec0@'
p13
tp14
b.