cnumpy.core.multiarray
_reconstruct
p0
(cnumpy
ndarray
p1
(I0
tp2
S'b'
p3
tp4
Rp5
(I1
(I25
I1
tp6
cnumpy
dtype
p7
(S'f8'
p8
I0
I1
tp9
Rp10
(I3
S'<'
p11
NNNI-1
I-1
I0
tp12
bI00
S'#,Q\xbe\xf5_"@\x8ck\x03\xed\xd9\x1e$@\xd4e\xbf)D\xd3%@\x02N\xd7\x97\x1ex\'@\x05!\xa4\xc6\x81\x08)@b\x86\x9aR\xc3\x7f*@\xc6\xc4@\xd0\x83\xd9+@\xf8.\x81\xd7\xbb\x11-@\xfe\x8fo\x08\xc8$.@\x08S\xa7\xe5s\x0f/@ZM\xe2c\x03\xcf/@\xe8f!\x89\x9d00@\xec\xb3}a3b0@\x89\xac;P\xaf{0@\xb2\t\xedO\xc5|0@t\xadF#re0@\xd2|\xca^\xfb50@yan2\xdd\xdd/@\xc8\x97R\x8a?"/@pZ\xb2qM;.@n\xa5\xa8\xd6\xb7+-@\xf7\x02\xd8\xe1\xa8\xf6+@\xc0I\xa5\x85\xba\x9f*@\x9e6\xf9\xbf\xeb*)@\x9e6\xf9\xbf\xeb*)@'
p13
tp14
b.