cnumpy.core.multiarray
_reconstruct
p0
(cnumpy
ndarray
p1
(I0
tp2
S'b'
p3
tp4
Rp5
(I1
(I25
I1
tp6
cnumpy
dtype
p7
(S'f8'
p8
I0
I1
tp9
Rp10
(I3
S'<'
p11
NNNI-1
I-1
I0
tp12
bI00
S'\xab\xd8\xf4a\xba\x1e\x19@X\x93\xa6\t\x1bU\x1b@\xe8\xaf\xac\xab4~\x1d@:\x04\x81V\x95\x93\x1f@\x02l\x0c\xf7\x82\xc7 @\xd2\x1b\'[N\xb5!@\x8eX<{g\x90"@t\x8a\xcb\xc0@V#@<\xab\xdc\xf8\x8b\x04$@\x06#\x9d4A\x99$@b\x84`\xd8\xa4\x12%@@b\xf2\xc6Lo%@n\xad\xcd\x99$\xae%@\x9e9\xa3\xd9p\xce%@z\xc9\x93-\xd1\xcf%@Ji\x99zA\xb2%@\x10\xb9\xc6\xef\x19v%@\x1e\x9d7\xff\r\x1c%@\xe0\x0f\xc4F*\xa5$@!\xee\xb1n\xd1\x12$@\x0b\x1a\xbc\x07\xb8f#@\x97\xf9\xc2t\xdf\xa2"@\xee6S\xef\x8f\xc9!@\xe8E\xdb\xb8Q\xdd @\xe8E\xdb\xb8Q\xdd @'
p13
tp14
b.