cnumpy.core.multiarray
_reconstruct
p0
(cnumpy
ndarray
p1
(I0
tp2
S'b'
p3
tp4
Rp5
(I1
(I25
I1
tp6
cnumpy
dtype
p7
(S'f8'
p8
I0
I1
tp9
Rp10
(I3
S'<'
p11
NNNI-1
I-1
I0
tp12
bI00
S"\x88F\x98\x97\x0ex'@\x02\xca(k\n\xf2)@\xb88\xe6~)],@$L\xe2\xee4\xb2.@(\xe6>\xd9\x1bu0@\xbc\x8c\xb0\xaeI\x7f1@p{\x0b\xef\x89t2@\x94\xa4\xb1\xff\x00R3@0\xf4\x90:\x1a\x154@v`\xe8\xa0\x8f\xbb4@W\xa9k\xa3pC5@\x19\xbb\x8a\xeb'\xab5@\xae\xec\x99\x14\x80\xf15@\xe4\x15\xc4F\xa7\x156@*D\x05\xa91\x176@\xdc\xb4\xe2\xa2\x1a\xf65@l^ \xea\xc4\xb25@4#K\\\xf9M5@\t\x14\x86\xa7\xe4\xc84@\xd67\x96\xc9\x13%4@R\x88\xa0ood3@\n\xe1fD6\x892@\xb2\x80\x00>\xf6\x951@\xf5\xf2\x07\xff\x84\x8d0@\xf5\xf2\x07\xff\x84\x8d0@"
p13
tp14
b.