cnumpy.core.multiarray
_reconstruct
p0
(cnumpy
ndarray
p1
(I0
tp2
S'b'
p3
tp4
Rp5
(I1
(I25
I1
tp6
cnumpy
dtype
p7
(S'f8'
p8
I0
I1
tp9
Rp10
(I3
S'<'
p11
NNNI-1
I-1
I0
tp12
bI00
S'\x1e\xd7\x07!\xa0\xfc\'@\xe5\x82\xce68y)@\xa6\x0e\xe29\xe4\xec*@(\xbd\xddoOS,@<\x80^\xa7L\xa8-@\xb0\xa7\x80\xad\xe2\xe7.@\xc2\x9f!\x14,\x070@H\xa4:Y\x1f\x8c0@A\x90\x04\x8c>\x011@\x95\xb9"J,e1@\xd6\x94 {\xbe\xb61@\xbe\x13\xb0\xc9\x01\xf51@\x84\xba\x8by<\x1f2@\x87\r\x87\x91\xf042@\x89\x85XS\xdd52@\x12\x08\xbc\xfc\xff!2@\x0f\xc1\xad\xcf\x93\xf91@\xb4\xd0\xa4a\x11\xbd1@\x12 \xdd3-m1@\x04i\xe1\x98\xd5\n1@q\xb7\x9b\xed/\x970@S+5.\x95\x130@\xba\x1c\xef\xe1\x1b\x03/@\xfe^]\xa6\x9b\xc5-@\xfe^]\xa6\x9b\xc5-@'
p13
tp14
b.