cnumpy.core.multiarray
_reconstruct
p0
(cnumpy
ndarray
p1
(I0
tp2
S'b'
p3
tp4
Rp5
(I1
(I25
I1
tp6
cnumpy
dtype
p7
(S'f8'
p8
I0
I1
tp9
Rp10
(I3
S'<'
p11
NNNI-1
I-1
I0
tp12
bI00
S'\xeb\xaf\xa1\xeb\xeee+@T\xe1\xe1\x14\xee\xb0-@7\x81_z*\xee/@\xb5)\xbf\x0c{\x0b1@\xb1\x84\xb7\xf4o\x122@\x0f\x032\x89\xe3\x083@94\xc7\x9a\xf6\xeb3@BH\xad\xc7\x03\xb94@\x8b\xcfg`\xa7m5@5\x17}\x88\xc6\x076@\xd8\xe0\xed}\x95\x856@\xea?\xb4\xf4\x9c\xe56@\xfdSNv\xbe&7@(0I\xb87H7@\xbe\xc3\xd6\xdf\xa4I7@\xb9\xd0\xad\xab\x01+7@\xf0Y\xbb\x80\xa9\xec6@\xda\xab\x7fYV\x8f6@\xeeKD\x9b\x1e\x146@<\xca\xa1\xd7q|5@\x0e\xd7\x02\x84\x14\xca4@\xae\x86\xeb\xb3\x1a\xff3@\x1f\x18\xbf\xe5\xe1\x1d3@p\x13\x83\xf4\t)2@p\x13\x83\xf4\t)2@'
p13
tp14
b.