cnumpy.core.multiarray
_reconstruct
p0
(cnumpy
ndarray
p1
(I0
tp2
S'b'
p3
tp4
Rp5
(I1
(I25
I1
tp6
cnumpy
dtype
p7
(S'f8'
p8
I0
I1
tp9
Rp10
(I3
S'<'
p11
NNNI-1
I-1
I0
tp12
bI00
S'y\xcb\xad\x0ex\xbf!@\xa4\xb3%!92$@|0\xca\xd6H\x96&@(\xe63[\x85\xe4(@\xc0\x0f\n\xf5\r\x16+@\x94*e\x8aW$-@\xe6\x1e\xc6%@\t/@\x9e\xc4\xb3\xa0\x90_0@\x9d5+Qp 1@\xe7\xfc\x84\xc8\xff\xc41@LV\t!TK2@\xe3Ip\xa3\xdc\xb12@\xad\x16@rg\xf72@\x99\xfa8\x1a%\x1b3@\x1a\x84,\xfd\xaa\x1c3@b_\n\x90\xf4\xfb2@f\xdamhc\xb92@\xa4\xb1\x83\x19\xbeU2@\xb7\x87\xac\xe3-\xd21@\xd1\x1a\xc3=;01@8e[B\xc9q0@J:>\x1d 2/@F:%G,Q-@tu\x03\xbbQF+@tu\x03\xbbQF+@'
p13
tp14
b.