cnumpy.core.multiarray
_reconstruct
p0
(cnumpy
ndarray
p1
(I0
tp2
S'b'
p3
tp4
Rp5
(I1
(I25
I1
tp6
cnumpy
dtype
p7
(S'f8'
p8
I0
I1
tp9
Rp10
(I3
S'<'
p11
NNNI-1
I-1
I0
tp12
bI00
S"\x12oj\xc59\xc0*@\x1a\xf9\xa0\x08\xa6\x1b-@\x85\xbc\xda\xf3\xech/@\x07p1U\x98\xd00@\x15#\x11\xff\xe8\xde1@\xa1'>\x18B\xdc2@\xe6\x17\xa1\xde\xaf\xc53@\xb4\xb1\xd6\xfby\x984@\xbaJk\xa2+R5@*\xf1\x9f\xe1\x9a\xf05@\x0c\xa5\xdd\x19\xefq6@\xfeD\x95~\xa6\xd46@|h\x1e\x95\x9a\x177@f\x03,\xa3\x03:7@CQ\x9a\x02{;7@\xbc\xb2\xa4S\xfc\x1b7@\x06\n\xf2\x89\xe5\xdb6@p\xa9P\xd4\xf5{6@\xc0\xe2ebK\xfd5@\x88\x82\xf6\x0e`a5@\xe4\xec\xba\xf8\x04\xaa4@\xa0M\xe1\x16]\xd93@E\xdch\xd9\xd6\xf12@\xe8\x87Y\xe8$\xf61@\xe8\x87Y\xe8$\xf61@"
p13
tp14
b.