cnumpy.core.multiarray
_reconstruct
p0
(cnumpy
ndarray
p1
(I0
tp2
S'b'
p3
tp4
Rp5
(I1
(I25
I1
tp6
cnumpy
dtype
p7
(S'f8'
p8
I0
I1
tp9
Rp10
(I3
S'<'
p11
NNNI-1
I-1
I0
tp12
bI00
S'\xc2\x96\x04\xd4\xa6E(@\xc1\xaag\xbc\x1f\x00+@\x11}k\xe08\xaa-@\x81QW\xbf\xff\x1d0@(\x84\x05\xb2\xe4V1@8\xba~\xe4%|2@z\xb33\x89X\x8a3@H\x9dc\x9aV~4@\xf0\x98\x8a>HU5@\x90\x18\x9eC\xac\x0c6@\x85\x18\xca\x97_\xa26@zYe\xa9\xa3\x147@"Z\x18\x9b#b7@\xf4$\xb1<\xf8\x897@8\xaa\xca\xbc\xaa\x8b7@\x12[>\x0b6g7@\xce\xaf>\xe8\x06\x1d7@:\x8b\xed\x9f\xfa\xad6@\xec:6v\\\x1b6@x[\x9c\xca\xe1f5@H|\x83\xff\xa4\x924@\x91\x99#4\x1f\xa13@\x96c\xe1\xe3 \x952@\xe8V\x0c\x81\xc9q1@\xe8V\x0c\x81\xc9q1@'
p13
tp14
b.