cnumpy.core.multiarray
_reconstruct
p0
(cnumpy
ndarray
p1
(I0
tp2
S'b'
p3
tp4
Rp5
(I1
(I25
I1
tp6
cnumpy
dtype
p7
(S'f8'
p8
I0
I1
tp9
Rp10
(I3
S'<'
p11
NNNI-1
I-1
I0
tp12
bI00
S'm\x16\x17\x9fk\xff"@`\xf9+\xa1\x8c\xaf%@J3\xd1\xf1\x8bO(@[\xb9`\xf1\x94\xd7*@\xbe)a{\x1a@-@W"?m\xed\x81/@C\x03L\n)\xcb0@\xd4\x11\x94"\x8a\xbb1@X\xb38\xedL\x8f2@R\xea\xf2\xb6\xf9C3@@\xd3\xdd\x87u\xd73@\x16\'@k\x08H4@\xe2\x08\xf9\x8fb\x944@\xf2\x0bE2\xa0\xbb4@\xeb\x15/CL\xbd4@\xbaH\xc2\xc5a\x994@\xefF\xeb\xddKP4@\x1eo\xdc\x90\xe4\xe23@dy\xae:rR3@\xb1\x94\xd1\xc0\xa3\xa02@\x038\xa7\x8c\x8b\xcf1@z\x1b?]\x99\xe10@q\xbbN\x05&\xb3/@\xe7\xd5\xfc0\x18u-@\xe7\xd5\xfc0\x18u-@'
p13
tp14
b.