cnumpy.core.multiarray
_reconstruct
p0
(cnumpy
ndarray
p1
(I0
tp2
S'b'
p3
tp4
Rp5
(I1
(I25
I1
tp6
cnumpy
dtype
p7
(S'f8'
p8
I0
I1
tp9
Rp10
(I3
S'<'
p11
NNNI-1
I-1
I0
tp12
bI00
S'\x02OY\x1e\x0e\xd0!@\xb3\xbf\x91\xfd@u$@\xac\xd9\xe8\xc3\x93\n\'@\xc8[\x1d\xa9Q\x88)@\'\xd0p=\x0c\xe7+@\x91\xad\xc7\x94\xb1\x1f.@\xc6\x9c\xe7\xae\xd0\x150@\x12\x88\x1fS`\x021@\xfc\x93\x9f\x08\xc6\xd21@-\x00\xcf$\x94\x842@Z\xc8c?\xb8\x153@\x9fi\xa2`\x81\x843@\x93\xfa\xf1\x0c\xa5\xcf3@t\xb3\xb7\x1eC\xf63@Z\x01\xfdb\xe8\xf73@\xfe\x81\x15\xf1\x8f\xd43@}\xc6C9\xa3\x8c3@\x1e.1\xca\xf8 3@v\x1f\xe3\xd0\xd1\x922@F\xec\xa2Z\xd6\xe31@\x1as\x02d\x10\x161@b\n\xbb\xc3\xe5+0@\x1c\x81\x17\x07"P.@z\xb8\xdax2\x1b,@z\xb8\xdax2\x1b,@'
p13
tp14
b.