cnumpy.core.multiarray
_reconstruct
p0
(cnumpy
ndarray
p1
(I0
tp2
S'b'
p3
tp4
Rp5
(I1
(I25
I1
tp6
cnumpy
dtype
p7
(S'f8'
p8
I0
I1
tp9
Rp10
(I3
S'<'
p11
NNNI-1
I-1
I0
tp12
bI00
S"]_\xfft\x88\x02\x1e@\xa3\xd9\xac\xc1Oo @\x8c\x8ax\x86\xc6\xd4!@\xf2\xa1\xb00~-#@\x91\xd3>nru$@\xacr\xb9\xee\xd0\xa8%@5\xc9\xc7\xc9\x04\xc4&@\xc1,X.\xc1\xc3'@\xc2t\xc8:\x0b\xa5(@\xfc\xfa\xa2\xe0Be)@\xf4nk\xb9*\x02*@j\x00\x1f\xb5\xeey*@\x0ePy\x8e)\xcb*@\xc3\xf6\xb8\xf4\xe8\xf4*@g]x^\xb0\xf6*@#\x95.}z\xd0*@\xac\xf6\x03M\xb9\x82*@\x15O\xcb\xc0T\x0e*@(\xee\x15\x0e\xa8t)@r\xa5r\xa1}\xb7(@mu\xe9\xc6\t\xd9'@<S\xa3\x16\xe4\xdb&@n\x95[\xb9\xff\xc2%@k6\xac\x9b\xa2\x91$@k6\xac\x9b\xa2\x91$@"
p13
tp14
b.