cnumpy.core.multiarray
_reconstruct
p0
(cnumpy
ndarray
p1
(I0
tp2
S'b'
p3
tp4
Rp5
(I1
(I25
I1
tp6
cnumpy
dtype
p7
(S'f8'
p8
I0
I1
tp9
Rp10
(I3
S'<'
p11
NNNI-1
I-1
I0
tp12
bI00
S'\xe0\x19\xeb\x07s\xfc#@\xf0&ew:y&@j\xdco`\x14\xe7(@\x80\x90o\xba\xc1>+@_\x99m\xa2Ey-@\xbd\xda}3\xfa\x8f/@\x90y\xd1-R\xbe0@\xbe\x1f\x049\xc3\x9c1@\x12\xc3\x8f\xab\xb8`2@d\r\xc6\xf5\xe9\x073@\xb8\xd9\xdcWd\x903@\x18\x95\xbd\xb1\x90\xf83@\xf5R\x82A8?4@\xb2\xa9yB\x88c4@b\xfa\xe3a\x14e4@\xe2\x8e\x16\x02\xd8C4@h\x9c@H6\x004@\x1e\x17\xa9\xf4\xf8\x9a3@n\x9c\xd7\x08N\x153@\xce\xca\xabB\xc4p2@T\x83\xe2vF\xaf1@\xe8e\xe5\xd8\x15\xd30@\xf2\xa8\xe8\x81\x86\xbd/@y\xbfr\tO\xaa-@y\xbfr\tO\xaa-@'
p13
tp14
b.