cnumpy.core.multiarray
_reconstruct
p0
(cnumpy
ndarray
p1
(I0
tp2
S'b'
p3
tp4
Rp5
(I1
(I25
I1
tp6
cnumpy
dtype
p7
(S'f8'
p8
I0
I1
tp9
Rp10
(I3
S'<'
p11
NNNI-1
I-1
I0
tp12
bI00
S'\xad\xd6\x07O\xff\xa8#@\xf5@\xc0\xc7\x11\xdc%@\xf4X\x08\x11\xf1\x01(@Tmi\xda4\x14*@\xe3\xfa\x01Q\xaf\x0c,@\xd6\xba;\x8e\x7f\xe5-@\x16\xf3\t!#\x99/@\xd4\x1f\xb0>C\x910@FOm\x10\x8a>1@\x9c-\xb5\x1fa\xd21@\xad\x85\x9eg\x0fK2@\x12\n\xf7\xe7,\xa72@6\xd3,\xd7\xa6\xe52@d\x07\x05\xd6\xc2\x053@\xc6f\x92\x1b!\x073@\x86?\xf1\x92\xbd\xe92@\xb0kt\xe7\xef\xad2@\x88\x06\x1f\x7fjT2@\x9a\xffvf8\xde1@\x13\x13\xe43\xbaL1@`\x90\xe3\xeb\xa1\xa10@>\x11\xa5\xe4\xdb\xbd/@[>\xc9/\xc6\r.@6\xac\n\xab\x0b8,@6\xac\n\xab\x0b8,@'
p13
tp14
b.