cnumpy.core.multiarray
_reconstruct
p0
(cnumpy
ndarray
p1
(I0
tp2
S'b'
p3
tp4
Rp5
(I1
(I25
I1
tp6
cnumpy
dtype
p7
(S'f8'
p8
I0
I1
tp9
Rp10
(I3
S'<'
p11
NNNI-1
I-1
I0
tp12
bI00
S"\xd9h\xc3@\x95\xff#@r\xac\x1av\x12\xcc%@\xca\x0c\xad\x1e\xc4\x8d'@\xe8}\x0b\xc1l?)@Tug\xb9\xfe\xdb*@\xb3\xd1\x9bL\xab^,@w8\x8c\xff\xf0\xc2-@\x9a\xe7\x12\x08\xa9\x04/@\xfb3\xb2\xd7\t\x100@\xb8\xcb{\xc0\xf1\x880@\xda\xe0J\x92\xa3\xeb0@\xd1\xa0\x17\xe3\xf861@l\xca0\xf9\x10j1@#\x83\x9biS\x841@\xa3/\xc0\xdeq\x851@8\xfa\x17\x02im1@\x80\xf2!\x86\x80<1@1\x12\x82PJ\xf30@\x8e+\xc8\xc6\xa0\x920@\xf4\x0f\xf1B\xa4\x1b0@\xf2\xcarno\x1f/@\xd0K\x90\x16\xf9\xe0-@\xd8\xbb\x0e~\x9b\x7f,@z#[\xc3t\xff*@z#[\xc3t\xff*@"
p13
tp14
b.