cnumpy.core.multiarray
_reconstruct
p0
(cnumpy
ndarray
p1
(I0
tp2
S'b'
p3
tp4
Rp5
(I1
(I25
I1
tp6
cnumpy
dtype
p7
(S'f8'
p8
I0
I1
tp9
Rp10
(I3
S'<'
p11
NNNI-1
I-1
I0
tp12
bI00
S"B\x11\x83\xa9A\xde'@f(\r3\x8e=)@X\xe72y\x9e\x94*@\x1e\x98\xe0\x18s\xdf+@eS\xfb,1\x1a-@\xdbA^\xce-A.@\x99\xd3\xad\x04\xf9P/@\xe4\xea\xae\x034#0@h\xde)XO\x8f0@Z\x13\xfb\x01\x8c\xeb0@\x0c-\x9b\xda\xd661@\xe9\x18\x94GOp1@u\xb9\x83\xd8I\x971@(\x94\x86FR\xab1@\xf1\xe8\x14\xcf,\xac1@`zG\xe6\xd6\x991@\x15<p>\x87t1@\\>\xf0$\xad<1@\x90\x9216\xef\xf20@\xa2\x9c\xa3l)\x980@\\t\x84\x90j-0@\x96\xc09 \xe2g/@\x1e\x18\xb1\x93NZ.@:?\x98\xa6>5-@:?\x98\xa6>5-@"
p13
tp14
b.