cnumpy.core.multiarray
_reconstruct
p0
(cnumpy
ndarray
p1
(I0
tp2
S'b'
p3
tp4
Rp5
(I1
(I25
I1
tp6
cnumpy
dtype
p7
(S'f8'
p8
I0
I1
tp9
Rp10
(I3
S'<'
p11
NNNI-1
I-1
I0
tp12
bI00
S'\x08\xdaT\xe8\xf9^+@\x83\xa2]L\xc7\x00-@(o#Q\xc9\x98.@/\xd9\xcck\x1f\x110@\x8fZ\x96\x13I\xcc0@b\x13\x88M\xb3{1@\xd3\xc3\xa4\xd2R\x1d2@\x96\xd4R\x80E\xaf2@\xe0\x19\x9c\xf6\xd7/3@\xae.\xf0\xaa\x8a\x9d3@\x0f\x1aG`\x16\xf73@\x861O\xf7o;4@z2F\x8b\xcbi4@{\x824\xd2\x9e\x814@\xa8.t\xb9\xa2\x824@\xe1\x0f\xb59\xd4l4@}\x9d\x05`t@4@5{\xc5\x8b\x07\xfe3@3\xa2\xc4\xe3S\xa63@\x99\x19)\x07_:3@v\x8d\xfe\x00k\xbb2@Y\xe1\x87\x87\xf2*2@b\x89\x84\x92\xa4\x8a1@\xff\xbc\x93U_\xdc0@\xff\xbc\x93U_\xdc0@'
p13
tp14
b.