cnumpy.core.multiarray
_reconstruct
p0
(cnumpy
ndarray
p1
(I0
tp2
S'b'
p3
tp4
Rp5
(I1
(I25
I1
tp6
cnumpy
dtype
p7
(S'f8'
p8
I0
I1
tp9
Rp10
(I3
S'<'
p11
NNNI-1
I-1
I0
tp12
bI00
S'"\xeb\x02@\x8f\xe5 @\xbaz\xd1G\x85\xa3#@X\xc1R\x9b\x06Q&@;"XO\x16\xe6(@\xea\xd7\xb4c\x00[+@~\x1b\xe2\xbdp\xa8-@\xf7\xa9\x91\x05\x89\xc7/@\xd4\xce\xfb\x90\xfa\xd80@\\=V\r\xff\xb01@hE\xeb\x91Mi2@\x1a\xf0_Q\xc0\xff2@N$\x06\x7f\x96r3@\xde\x05\xab\x89y\xc03@\xda\xf5~\x19\x81\xe83@D\xc5.\xc55\xea3@\x88\x88\x1av\x92\xc53@\xcem\x83w\x04{3@sN\x830j\x0b3@\xdf\x90\x9a\x8c\x10x2@\xf2w\x8f\x1a\xaf\xc21@\xe8t1\xedb\xed0@N\x06\x90\x9aP\xf5/@\x00\xe6\xf7\x9e\xa6\xda-@\xea\x96\xb2\xc8\x0e\x91+@\xea\x96\xb2\xc8\x0e\x91+@'
p13
tp14
b.