cnumpy.core.multiarray
_reconstruct
p0
(cnumpy
ndarray
p1
(I0
tp2
S'b'
p3
tp4
Rp5
(I1
(I25
I1
tp6
cnumpy
dtype
p7
(S'f8'
p8
I0
I1
tp9
Rp10
(I3
S'<'
p11
NNNI-1
I-1
I0
tp12
bI00
S'P!\xcf\xfak\xb3%@J\xb8+#\xc7&(@\xa4\xd2\xfcQm\x8b*@\xc6:\xfb\xf1:\xda,@\x01\xdd\xef\x98M\x0c/@\x8e\xdd\x90H\x8c\x8d0@\xfb\xc8\x8c1<\x801@\xe6A\xb9\x92b[2@\xb4\xd1\x0b\xaeq\x1c3@\xa5\xdcL\x9a)\xc13@\x92\x1e\x15\xf9\x9eG4@\xb8\xd9\x98\xb0@\xae4@\xfe!,\x98\xdc\xf34@\xd6\xf5\x8e\t\xa3\x175@\xad\xb3\\L)\x195@9\x18g\xd4j\xf84@k\x17GO\xc9\xb54@4\x18\xfb\x80\x0bR4@\x7f\xca\xf7\xf2Z\xce3@\x02]\x94|@,3@J\xca)\xaf\x9fm2@\xf1\x0b\x8d3\xb1\x941@\x1c^\xb3)\xfc\xa30@\xa6\xe7\x89<\x9d</@\xa6\xe7\x89<\x9d</@'
p13
tp14
b.