cnumpy.core.multiarray
_reconstruct
p0
(cnumpy
ndarray
p1
(I0
tp2
S'b'
p3
tp4
Rp5
(I1
(I25
I1
tp6
cnumpy
dtype
p7
(S'f8'
p8
I0
I1
tp9
Rp10
(I3
S'<'
p11
NNNI-1
I-1
I0
tp12
bI00
S">\x90\xf4\xb5\x9e$,@\x92\x0f\x0b\xd4`}.@\xd9o\xf6\xcb\x06d0@\n\x19\x0bt\xe7~1@\x0ctb\x89\x06\x8c2@\xc2`@<A\x883@\x9c\x0e\xe8 \xa7p4@t\x9a$\xf4\x82B5@\xd2HX\xafb\xfb5@X+\xf9\xd3\x1e\x996@\xf2R\xb8\xd8\xe0\x197@P\xee'\xa5(|7@\x06!\x85\x0b\xd1\xbe7@)\x98K3\x13\xe17@2\xeda\xea\x88\xe27@\xf4Z\xf5\xd5-\xc37@\xddYw\x7f_\x837@\xd0b\x96=\xdc#7@\x026r\xfc\xc0\xa56@\xf5m\xa9\xeb\x85\n6@\xde\xd4'\x1c\xfaS5@t\x15\xc9\x1a>\x844@\xac\x80\xe8\x97\xbd\x9d3@\xe4\xbd\xcb.(\xa32@\xe4\xbd\xcb.(\xa32@"
p13
tp14
b.