cnumpy.core.multiarray
_reconstruct
p0
(cnumpy
ndarray
p1
(I0
tp2
S'b'
p3
tp4
Rp5
(I1
(I25
I1
tp6
cnumpy
dtype
p7
(S'f8'
p8
I0
I1
tp9
Rp10
(I3
S'<'
p11
NNNI-1
I-1
I0
tp12
bI00
S'B\xca0D\xec\xd7\x1a@\xc6V\xc4\xf8t\x11\x1d@\xa0\x91J\xb6\xa3=\x1f@o%\xa2\xac\xfe\xaa @\x16\xfc\xce\xf3 \xaa!@\x84]\xc6\x9a?\x99"@\xb2\xc1(Q\x91u#@>k\xfc\xdb\x84<$@\xae\xfc?\xbe\xc8\xeb$@\xbc2W#R\x81%@\xcap\xb0\xf6b\xfb%@r\x91v\x16\x8fX&@\xb8h\xcd\x91\xc0\x97&@\xa6\xa2\xf0\xe5:\xb8&@w\xa8\x8b0\x9d\xb9&@\x08\x08\xbdP\xe3\x9b&@\x067g\xf3e_&@\xea\xf4\xa9\x8a\xd9\x04&@\xefe\x993L\x8d%@\x90\xa6x\x90"\xfa$@$\x86\xdb\xa0\x13M$@\xf8\x03\x15\xa4#\x88#@\xf7\x1b5\x15\x9e\xad"@\x04\xdc\x87\xd2\x0e\xc0!@\x04\xdc\x87\xd2\x0e\xc0!@'
p13
tp14
b.