cnumpy.core.multiarray
_reconstruct
p0
(cnumpy
ndarray
p1
(I0
tp2
S'b'
p3
tp4
Rp5
(I1
(I25
I1
tp6
cnumpy
dtype
p7
(S'f8'
p8
I0
I1
tp9
Rp10
(I3
S'<'
p11
NNNI-1
I-1
I0
tp12
bI00
S'\xe7\x04\xc0[\xb0\xec%@\x82=\xda\xb5y\x0b\'@.\x11\xbe\xf5\x89#(@\xf4\x0f\x93\xa7\x9d1)@\x98\xfe\xea!\x8f2*@\x15\xf5\x1c\xe9_#+@&\xda\xc0\x9dA\x01,@\xdbw\xa6[\x9e\xc9,@\xb2\x84Op z-@<\x9a\xeaQ\xb9\x10.@\'R\x08\xc2\xa7\x8b.@\xc4\xfc\xbc\t}\xe9.@\xd37\x91?!)/@^\x15\x82\x8a\xd6I/@\x85\xf2UX;K/@J\x94\xac\x80K-/@\xacFfQ`\xf0.@N\xfe<\x84/\x95.@\x9e/\xaa \xc9\x1c.@6~jP\x94\x88-@\xf1\xfe\x130K\xda,@\xee);\xa8\xf5\x13,@\xe0\xbd\x84^\xe37+@K"\xb7\xd0\xa4H*@K"\xb7\xd0\xa4H*@'
p13
tp14
b.