cnumpy.core.multiarray
_reconstruct
p0
(cnumpy
ndarray
p1
(I0
tp2
S'b'
p3
tp4
Rp5
(I1
(I25
I1
tp6
cnumpy
dtype
p7
(S'f8'
p8
I0
I1
tp9
Rp10
(I3
S'<'
p11
NNNI-1
I-1
I0
tp12
bI00
S"(\xa7\xf7,cs!@\xffO\xf1\xa9\xbdy#@T\x1e\xadV\xf1s%@\xd2/i(\x18\\'@\xc0\x8e\xc8\xec\x81,)@\xe1\xc3\xc7A\xc5\xdf*@v\ns\xba\xcfp,@\x9c\xed5\x00\xf5\xda-@\xf1\xe6\xa1\xc3\xfc\x19/@#\x05\x8b\xa9\x17\x150@\t&\xddX0\x840@\xfd\xbb\xdc\x06\xfd\xd80@\xd5\x11\xc0\xbc\x80\x121@6*{\xe8\x0f01@:\xd9\x8e\\R11@S`\x13WD\x161@\xaf\xdf\xed\x8c6\xdf0@^-\x0f9\xcd\x8c0@\nC\x8a2\xfe\x1f0@rjo\x1e\x1c4/@f\xc3\xe3\xb6\x18\xf9-@!~d\xe4\x9d\x92,@k\x97\xe6\x06\xd9\x04+@\x96\x80X\xb2lT)@\x96\x80X\xb2lT)@"
p13
tp14
b.