cnumpy.core.multiarray
_reconstruct
p0
(cnumpy
ndarray
p1
(I0
tp2
S'b'
p3
tp4
Rp5
(I1
(I25
I1
tp6
cnumpy
dtype
p7
(S'f8'
p8
I0
I1
tp9
Rp10
(I3
S'<'
p11
NNNI-1
I-1
I0
tp12
bI00
S"\xd9_{\xf4\xe2=#@\x89\xe3\x08\x80\x9c>%@a\xfc\xed\x02Q3'@\xde!\x18\xd8*\x16)@88+\x9d\x89\xe1*@\xe0\x9aJ\xfb\x12\x90,@\xa8\x02\xef\x9e\xc2\x1c.@f\xed&/\xf9\x82/@?K\xce\x0bE_0@\x13\x93\x1f\xfe\xe3\xe50@\x88\x04\xb5\xd8\xc7S1@\x05\xbe\xe8\xcb\xa8\xa71@ \x87$\xa0\x8c\xe01@Z\xeeL\xa0\xc9\xfd1@\xb0\xa2\x01\x94\x08\xff1@\x82\xd8\xcc\xc3E\xe41@R\x929\x04\xd1\xad1@\xae\xba\xaf\xc7L\\1@ss\xdc9\xac\xf00@\xf8.Lj0l0@?\xfeT\x1d\xc9\xa0/@PN\xa1\xcf2>.@P\xa5\xbf\xae\xbf\xb4,@\xc4]\x1dl\x05\t+@\xc4]\x1dl\x05\t+@"
p13
tp14
b.