cnumpy.core.multiarray
_reconstruct
p0
(cnumpy
ndarray
p1
(I0
tp2
S'b'
p3
tp4
Rp5
(I1
(I25
I1
tp6
cnumpy
dtype
p7
(S'f8'
p8
I0
I1
tp9
Rp10
(I3
S'<'
p11
NNNI-1
I-1
I0
tp12
bI00
S'\xf5+U\xc0>\xe6#@\x98!\xe6\x8a\x0c\x07&@\xaap[\xc8\x14\x1b(@T\xd7\x1e`$\x1c*@&\xeba\xd1@\x04,@\xac0\xbc\x08\xba\xcd-@\xfaU\xc3W;s/@`!\x00\xae\xedw0@\xac~\xe8R\x95\x1f1@\xc1\x19\xc1y\xa0\xae1@|3\x94ld#2@\x8a\xd69\xd9\x84|2@\xc0\xcbi\xe0\xf7\xb82@@\x01\xda.\t\xd82@\xffs+\x17\\\xd92@\x91\xee`\xa6\xec\xbc2@l\xe6\xa6\xaf\x0f\x832@\xe7RI\xcfq,2@\xbaT\xcag\x15\xba1@\xe9\xb3\x19\x9fO-1@\x99\x83\xe8d\xc4\x870@\x03s\xe9\x1b\xc3\x96/@\xe4I\xcb%\xb2\xf4-@a\x88\xc7\x075.,@a\x88\xc7\x075.,@'
p13
tp14
b.