cnumpy.core.multiarray
_reconstruct
p0
(cnumpy
ndarray
p1
(I0
tp2
S'b'
p3
tp4
Rp5
(I1
(I25
I1
tp6
cnumpy
dtype
p7
(S'f8'
p8
I0
I1
tp9
Rp10
(I3
S'<'
p11
NNNI-1
I-1
I0
tp12
bI00
S'9\n\xbb\xceH\xec @\x1d\x0eG\xff"\xb7"@\x89G\xbau;w$@4\xe1O}Y\'&@t\xb5\\\x0bt\xc2\'@\xa2\xb5\xa0\xc4\xc0C)@\xa8\x8a\x99G\xc2\xa6*@PZ5\x91U\xe7+@\x1c\x9a\xf1S\xbe\x01-@\xbe\x04\x96\x1c\xb2\xf2-@\xf7\xc3M#b\xb7.@\x1c\x07\xd6\xab\x83M/@\x94\xc0\xc5\xdbV\xb3/@BO\x89\xf2\xab\xe7/@\xaa\xba\x80\xd3\xe6\xe9/@h{\xb1\xd7\x00\xba/@\x90\x9b\x9e\xe1\x88X/@K\xfc\x0b\xb3\xa1\xc6.@\x1dA\xa4\x89\xfe\x05.@\xb1\xc2\x9c\x0c\xde\x18-@J\xa6x\x9a\x03\x02,@\xa1\xd0\xe4\n\xaf\xc4*@\x9emC\xfd\x92d)@\xb5o\xd1\xd0\xc9\xe5\'@\xb5o\xd1\xd0\xc9\xe5\'@'
p13
tp14
b.