cnumpy.core.multiarray
_reconstruct
p0
(cnumpy
ndarray
p1
(I0
tp2
S'b'
p3
tp4
Rp5
(I1
(I25
I1
tp6
cnumpy
dtype
p7
(S'f8'
p8
I0
I1
tp9
Rp10
(I3
S'<'
p11
NNNI-1
I-1
I0
tp12
bI00
S'\x1e\x80\xe9\x18<K&@ZL2\xbds$(@r\xf0\xc1q\x93\xf2)@AD\xda\xa88\xb0+@\xf3\x04\xd8\xfc1X-@0_\xe6\xad\x8e\xe5.@\x1f\x84l\xaf\xd6)0@\x8c\x15\x9b\xf2$\xcf0@\xf2\xee\x9d\x01\xc5`1@\x83\x16\xf5r\x04\xdd1@\xb0\xb1d\xa2pB2@\x97\x8a\x9c\x02\xdb\x8f2@\xa2\xb4\xc1\xa3\\\xc42@\x1c\xf8U\xe4X\xdf2@\x05\xf6uD\x7f\xe02@,1\xfcU\xcc\xc72@\x9f\xa3\xbc\xc6\x89\x952@\xc9Y\xba\x84MJ2@\xbf\xba\xe6\xfe\xf7\xe61@\xc9\xae\xa0\x87\xb1l1@H\xd3\xc0\xe0\xe6\xdc0@\x18\xa3\x7f\xfbD90@0\xf1\xc6\xf1g\x07/@\x88\xf3>\xf3\xa2|-@\x88\xf3>\xf3\xa2|-@'
p13
tp14
b.