cnumpy.core.multiarray
_reconstruct
p0
(cnumpy
ndarray
p1
(I0
tp2
S'b'
p3
tp4
Rp5
(I1
(I25
I1
tp6
cnumpy
dtype
p7
(S'f8'
p8
I0
I1
tp9
Rp10
(I3
S'<'
p11
NNNI-1
I-1
I0
tp12
bI00
S"\x86\xff\r\xb4\xb1\x17'@6\x9f+\xfcM\x1c)@\xb8.\xe1\xe9\xcd\x14+@\x8d\xbbJ\x86P\xfb,@Po\x8f\x84*\xca.@\x01e\x9d\x95\xfb=0@\xed\xaa\x865\xd4\x051@+\x08\xa3\xf9J\xba1@=}4\x8bEY2@0T\x08\xab\xe9\xe02@\x8e\xd8.\xb8\xa2O3@:\xc7\x05g&\xa43@_\xc2\x84\x9ax\xdd3@;\x8fPT\xee\xfa3@'\x9d\xd1\xb2/\xfc3@X3\\\xf78\xe13@=<\\\x91Z\xaa3@`[c.8X3@v\x14\xe5\xd1\xc6\xeb2@\x83\x8cQ\xfaIf2@~7\x13\xdcO\xc91@\x16&\xae\xbd\xac\x161@<}\xd8\x82uP0@\xa2X\xa6\xed\xf2\xf1.@\xa2X\xa6\xed\xf2\xf1.@"
p13
tp14
b.