cnumpy.core.multiarray
_reconstruct
p0
(cnumpy
ndarray
p1
(I0
tp2
S'b'
p3
tp4
Rp5
(I1
(I25
I1
tp6
cnumpy
dtype
p7
(S'f8'
p8
I0
I1
tp9
Rp10
(I3
S'<'
p11
NNNI-1
I-1
I0
tp12
bI00
S'\x93n\xd88,\xfe\'@\x0e\xe6\xb2\x97\x00\n*@\xeb\xb3$I\x8d\t,@.\xcb\x86N\xdc\xf6-@\xec\xd06\x13.\xcc/@7\xef7I\x05\xc20@~\xcb\xd4\xd3\xa8\x8c1@\x81\x8di,\xa5C2@\xda\xaffv\xd8\xe42@w?\x0f\xd2an3@\xe6~\xf5\xf6\xa6\xde3@tS\xe3\xfbX44@uw\xeb=xn4@\xd3$\xffZW\x8c4@\x8e]%7\x9d\x8d4@C\xecL\x06Fr4@\xf6%\xa0W\xa3:4@\xe0\xa28"[\xe73@t\xb5\x08\xd6ey3@\n\x83\xbfv\x0b\xf22@Q\x88J\xc9\xdfR2@Dw[\x9f\xbd\x9d1@\xb9|\xfbN\xc1\xd40@\xc9zZ\xcd\x84\xf4/@\xc9zZ\xcd\x84\xf4/@'
p13
tp14
b.