cnumpy.core.multiarray
_reconstruct
p0
(cnumpy
ndarray
p1
(I0
tp2
S'b'
p3
tp4
Rp5
(I1
(I25
I1
tp6
cnumpy
dtype
p7
(S'f8'
p8
I0
I1
tp9
Rp10
(I3
S'<'
p11
NNNI-1
I-1
I0
tp12
bI00
S'\xb0\xd4]_</\x1f@\xc3\x9b\xa3\xc9\xf9\xf6 @6N\xcc\xc5\x18N"@\xc3\xf82\x95\xfb\x98#@{\xf9j(\xc7\xd3$@\xb3\x94\x0cp\xd0\xfa%@\xbaF\x00N\xa7\n\'@\xf5i\xf5\xd6 \x00(@\xc67l\xc5`\xd8(@\xb6\xf2"\x02\xe2\x90)@\xb2\xe6q(~\'*@f\xb9)\xf0s\x9a*@j6\xd2il\xe8*@9\x87\xab\xfd~\x10+@\xb2!\x86!4\x12+@I\xa2[\xbd\x86\xed*@\xbc\xcf\x80:\xe4\xa2*@\xf4sC=+3*@*\xab\xc1\x0c\xa9\x9f)@\xea\xe6\xb7\xb0\x15\xea(@Ni\xdb\xd0\x8e\x14(@1\xf4\x0ce\x91!\'@t\xbe7I\xf2\x13&@z\xed\x00\xcb\xd5\xee$@z\xed\x00\xcb\xd5\xee$@'
p13
tp14
b.