cnumpy.core.multiarray
_reconstruct
p0
(cnumpy
ndarray
p1
(I0
tp2
S'b'
p3
tp4
Rp5
(I1
(I25
I1
tp6
cnumpy
dtype
p7
(S'f8'
p8
I0
I1
tp9
Rp10
(I3
S'<'
p11
NNNI-1
I-1
I0
tp12
bI00
S'L\xebg\xe0)\x0c+@Ch\xd14\xd9\xc7-@\xc8\xa6\xf4\xbe\x9090@\xc8\xe8\xff8\x06\x831@[\xb9\xef:v\xbc2@2\xf5.\xc29\xe23@\xb4zd|\xe4\xf04@\\\x05\x97\xfdN\xe55@\x10N\xc8(\xa0\xbc6@N^\xf6\xaeUt7@\xa9\xdd*\x8bK\n8@\xe8\x95De\xc2|8@\x14yn\xc8d\xca8@\xd0W\xb7\x1dK\xf28@\x0b\xbc\xeb^\xfe\xf38@\x9c\n\xa5yy\xcf8@\xea\xbfj^)\x858@\x90\xa5\xb8\xbb\xeb\x158@\xd6n\xb3h\x0c\x837@bn@\x87A\xce6@\xaf^\ti\xa6\xf95@\xce\x15\xa7F\xb5\x075@\xael\xb2\xdb?\xfb3@\xa4%\xc7\xfdf\xd72@\xa4%\xc7\xfdf\xd72@'
p13
tp14
b.