cnumpy.core.multiarray
_reconstruct
p0
(cnumpy
ndarray
p1
(I0
tp2
S'b'
p3
tp4
Rp5
(I1
(I25
I1
tp6
cnumpy
dtype
p7
(S'f8'
p8
I0
I1
tp9
Rp10
(I3
S'<'
p11
NNNI-1
I-1
I0
tp12
bI00
S'\x98\xace%\xe6\x86\x1f@9\xe7/\xa4\x0cC"@\x98\x89z\xc1\xa7\xb3$@\xb2oH*\xfd\r\'@\x9f\xb9\xf7\x0e\x08K)@\xa02\x98\x00\x1bd+@.\xe4L\xdc\xf3R-@p\x1e\x9av\xce\x11/@*sw\xe7\xbaM0@\xf6\xd5\x0c\xcc\xa9\xf50@\x16\x18\xa9\xf3\xbe~1@\xaf_\x83pa\xe71@NtL Y.2@\x15\xe1MO\xd2R2@u@\xf0/`T2@\x9a\xcdL\x1f\xfe22@\x7f\x04\x02\xb3\x0f\xef1@\x9a\x0e"\x90_\x891@m*\xb1\x0e\x1d\x031@\xacX\xbf\xb0\xd8]0@\x06fQ\xef\xfe6/@\x7f\xea\xd0J\xaa|-@\x02\xbdC\xf6\xda\x91+@\xb6\x1b\x0c\x12I|)@\xb6\x1b\x0c\x12I|)@'
p13
tp14
b.