cnumpy.core.multiarray
_reconstruct
p0
(cnumpy
ndarray
p1
(I0
tp2
S'b'
p3
tp4
Rp5
(I1
(I25
I1
tp6
cnumpy
dtype
p7
(S'f8'
p8
I0
I1
tp9
Rp10
(I3
S'<'
p11
NNNI-1
I-1
I0
tp12
bI00
S'2\ta\xee\xee\x8f$@\xa3\xcf\x16yt\x18\'@\xa4\x8c\xb5\x04\xc6\x91)@\xf8\x8bcS\x82\xf4+@\xdaq0\x85\x8b9.@\xf6kq)\x0e-0@\xaf\xbb= \xee\'1@\x8c\xe7\x96Ey\n2@\x9e++\xcd\x0b\xd22@\x10t\xb3_R|3@\x96\xe2\xe6\nQ\x074@\x86\xd6\xb9,iq4@\xca\\@H^\xb94@\x08M\xca\xb5Y\xde4@\x88\xb88#\xed\xdf4@\x84\x7f\x16\xdd\x13\xbe4@\xa4T\x9e\xdc2y4@\x1eY\x84\x9a\x17\x124@<\xdc\x05\xaa\xf5\x893@\xa0\xb0c#c\xe22@i"x\xe8S\x1d2@,N\x86\xd1\x13=1@\x810\xa3\xd3?D0@,\x11Oj|k.@,\x11Oj|k.@'
p13
tp14
b.