cnumpy.core.multiarray
_reconstruct
p0
(cnumpy
ndarray
p1
(I0
tp2
S'b'
p3
tp4
Rp5
(I1
(I25
I1
tp6
cnumpy
dtype
p7
(S'f8'
p8
I0
I1
tp9
Rp10
(I3
S'<'
p11
NNNI-1
I-1
I0
tp12
bI00
S'\xdd\x1ev\x94v\xbc)@\xa8\xcb\xabj\xd6k,@\x9f\x1e\xbb\x16\x19\x0b/@0j\xdd\x156\xc90@\x01\xb1\xeeQ"\xfd1@E\xbbk\xb0\xba\x1d3@/R\x13J\xa2\'4@j\n\xae\xe7\xbf\x175@\x02\xa5H@G\xeb5@\x0b\xd0\xf0Q\xc1\x9f6@\x866\x0e\xbc\x1337@{\xach\x05\x87\xa37@$\x90$\xbb\xcb\xef7@\xa6\x98nY\xfe\x168@\xa6\xfc-\xf2\xa9\x188@\x98U\xd4\x89\xc9\xf47@\xc3\xb6:&\xc8\xab7@\x0c\xa1_\x8f\x7f>7@\r3\xbe\xc55\xae6@X\x92\xd05\x99\xfc5@\x02\x93\x12\xb4\xbb+5@\xbe\xdczP\x0c>4@ e\xd5\x13P63@3\xbe\xa7\xbc\x99\x172@3\xbe\xa7\xbc\x99\x172@'
p13
tp14
b.