cnumpy.core.multiarray
_reconstruct
p0
(cnumpy
ndarray
p1
(I0
tp2
S'b'
p3
tp4
Rp5
(I1
(I25
I1
tp6
cnumpy
dtype
p7
(S'f8'
p8
I0
I1
tp9
Rp10
(I3
S'<'
p11
NNNI-1
I-1
I0
tp12
bI00
S'`\x9c2\xba\x05\x02+@\xa3\xd2\xed\x16ki,@\x8a}\x8c\x98c\xc8-@\xfe\x0f\x87E\xd8\x1a/@\x10[\xd0\xbck.0@\xc1\xbc\xdfTP\xc50@\xae\xcf\xa6\xcaWP1@\x17K\xe0a\xe3\xcd1@-&}\x97|<2@\x02\xd4\xd7~\xd9\x9a2@\xae\\\xe5\x99\xe0\xe72@\xd2f\xec \xac"3@\xec@\xf9\xaf\x8cJ3@\x07\'\x12R\x0b_3@\xcd\x01\x13\xe4\xea_3@\x95\x0c\x0e\xcb(M3@^V\x11\xfc\xfc&3@\xcd\xee9U\xd9\xed2@\xbd\xb2\x06Jh\xa22@\xf4\x00\xe0\xe6\x8aE2@\xc1%\xc11V\xd81@\xc0%\xd6\xef\x0f\\1@\x9a\x13\xaf\xd9*\xd20@\xf0\xe5[IB<0@\xf0\xe5[IB<0@'
p13
tp14
b.