cnumpy.core.multiarray
_reconstruct
p0
(cnumpy
ndarray
p1
(I0
tp2
S'b'
p3
tp4
Rp5
(I1
(I25
I1
tp6
cnumpy
dtype
p7
(S'f8'
p8
I0
I1
tp9
Rp10
(I3
S'<'
p11
NNNI-1
I-1
I0
tp12
bI00
S'h!\x1c4sm*@Qei\xd8\x92\xa0+@Z)\xceU\x7f\xcc,@\xd8b\xbc\xf9\xb9\xed-@\xc4K\xe1\xf8\xe3\x00/@b`w>d\x010@T\xa3\x9d\x1a3x0@\xf0!\xd8&|\xe30@\x0c;\xa4X\xffA1@\x11w\xbd\xbf\xa2\x921@KO)\xcfu\xd41@\xa0U\xcc*\xb4\x062@\xf0 ,\xf1\xc7(2@7\xa1\x8azK:2@\xac\x19%\x88\n;2@]%\x0e\xe0\x02+2@ \xdb\xd1Sd\n2@.A\xd01\x90\xd91@J\x97\xf7"\x18\x991@\x84_@x\xbcI1@\x9aW\xfb\xeci\xec0@\x85\xc4\xa0\xe46\x820@\xee\xaf[,`\x0c0@\x91\xd2\xfc\x93\x8a\x18/@\x91\xd2\xfc\x93\x8a\x18/@'
p13
tp14
b.