cnumpy.core.multiarray
_reconstruct
p0
(cnumpy
ndarray
p1
(I0
tp2
S'b'
p3
tp4
Rp5
(I1
(I25
I1
tp6
cnumpy
dtype
p7
(S'f8'
p8
I0
I1
tp9
Rp10
(I3
S'<'
p11
NNNI-1
I-1
I0
tp12
bI00
S"\xc8?t\x14\x9f9#@\x14\x9b\x9b8\x16\xd9$@\x91\xe7\xcb\x03\xd0n&@\x84,\xc3%\x12\xf6'@\xde<\x93vMj)@\xfe\xc4Z\x90+\xc7*@\xf3\x00\xae\xbf\x9b\x08,@^\xea\x15$\xdf*-@\x90\xe5x\xdc\x93*.@\xba\x17\x18\x1e\xbf\x04/@\x8a \x08\x18\xd6\xb6/@\xec\xa5P\xc4b\x1f0@T\xe1#\xf7{M0@3\x19\x8a -e0@\xa33\xa2\x93/f0@{4rM\x80P0@V \xe3\xfd_$0@\xd4\xce\x92\x8d\xa4\xc4/@\xa2\xf6rf8\x16/@\xc2\xdaw\xd7\x83?.@(\x0fu\\\x07C-@x\xefb%\xb4#,@L\xa0\x8cO\xe3\xe4*@\xf6.\xb8\xe8K\x8a)@\xf6.\xb8\xe8K\x8a)@"
p13
tp14
b.