cnumpy.core.multiarray
_reconstruct
p0
(cnumpy
ndarray
p1
(I0
tp2
S'b'
p3
tp4
Rp5
(I1
(I25
I1
tp6
cnumpy
dtype
p7
(S'f8'
p8
I0
I1
tp9
Rp10
(I3
S'<'
p11
NNNI-1
I-1
I0
tp12
bI00
S'N\x8a<x\x07\xa3\x19@\xf5{B$\x8d\xb2\x1c@\xa4\x92;\xa2\xb4\xaf\x1f@(\xeb\xb5\xb6\xc9H!@V\x1c\x832\xc8\xa7"@"\')\xb9\xbe\xf0#@\x88\xad\xc1\xf7\xd7\x1f%@\x9a\xed:\xc3\x8b1&@\x96-\x8d\xa1\xa9"\'@\x8e\xd0XMb\xf0\'@\x8cm\x8b\x17P\x98(@eF\x0b\x0e~\x18)@\x0f\x14\x14\xd2mo)@\xeeY\xdb\x0c\x1c\x9c)@\x06\x9f1u\x03\x9e)@\xd2\xbf\x1c]\x1eu)@\xd0C\xc9\xc2\xe6!)@\xfe+\xa0\xe4T\xa5(@\xfa\xd0\xbe\\\xdc\x00(@\xf4\xe1q\xccg6\'@\xa8R\x9e$SH&@%;&\x9cd9%@8\x00Hi\xc4\x0c$@\xb7\xcf\xa7V\xf3\xc5"@\xb7\xcf\xa7V\xf3\xc5"@'
p13
tp14
b.