cnumpy.core.multiarray
_reconstruct
p0
(cnumpy
ndarray
p1
(I0
tp2
S'b'
p3
tp4
Rp5
(I1
(I25
I1
tp6
cnumpy
dtype
p7
(S'f8'
p8
I0
I1
tp9
Rp10
(I3
S'<'
p11
NNNI-1
I-1
I0
tp12
bI00
S'B\xdb,\xb5\x16\t+@|-\xd3q\xbb\xce,@R9\xe0\xb6\xbd\x89.@\xa4\xe6\r\xfey\x1a0@\xd3\xadq\xec\xb1\xe50@\xbaS\xean(\xa41@\x06\x8b\xccZ\xa5S2@i9V1\x1d\xf22@\xba\x94O9\xb7}3@\x15\x837\x01\xd3\xf43@\x0c\x94\x8c9\rV4@"\xbc\xb8\xd8C\xa04@\xae\xfdE|\x99\xd24@(\x04G\xfdw\xec4@L\xa4A0\x92\xed4@<\x15c\xcb\xe4\xd54@\x1a+Op\xb6\xa54@\xc9Om\xd9\x96]4@r\xc2\'-]\xfe3@E\x1f\x1c|%\x893@,\xc2\xb7qM\xff2@\x8c\xd9\x1fApb2@Q\xcb\x8c\xdaa\xb41@\xb9\x19dw)\xf70@\xb9\x19dw)\xf70@'
p13
tp14
b.