cnumpy.core.multiarray
_reconstruct
p0
(cnumpy
ndarray
p1
(I0
tp2
S'b'
p3
tp4
Rp5
(I1
(I25
I1
tp6
cnumpy
dtype
p7
(S'f8'
p8
I0
I1
tp9
Rp10
(I3
S'<'
p11
NNNI-1
I-1
I0
tp12
bI00
S'\xf2\xb6\x98o\xfdO\x1a@\x88\x97\xf04\xf5\xd1\x1c@\xca\x8b\x0fP\xe0D\x1f@\xb3\xcbZM\xb8\xd0 @Z\xda!OM\xf0!@\x18\x9d\xceK\xd5\xfd"@\x1bE\xb5:,\xf6#@\x98m\x8cJm\xd6$@\xe3\x9fX\x83\xfb\x9b%@\xc5\x17\x03\x92\x89D&@<\xc6Z\xa6 \xce&@@M\x03O&7\'@\x88\x87\xd7Aa~\'@F+{\x02\xfd\xa2\'@f\xa27\\\x8c\xa4\'@\xf8:\xc1\xa7\n\x83\'@\xfa\xe2\x18\xd9\xdb>\'@z\x06aU\xcb\xd8&@&\x06\x1f\x94\tR&@*>\xfb\x92(\xac%@\xde\xff\x94&\x17\xe9$@\xe6\xb8c6\x1b\x0b$@\x83\xab\xd8\xf4\xca\x14#@Eu\xfb\'\x05\t"@Eu\xfb\'\x05\t"@'
p13
tp14
b.