cnumpy.core.multiarray
_reconstruct
p0
(cnumpy
ndarray
p1
(I0
tp2
S'b'
p3
tp4
Rp5
(I1
(I25
I1
tp6
cnumpy
dtype
p7
(S'f8'
p8
I0
I1
tp9
Rp10
(I3
S'<'
p11
NNNI-1
I-1
I0
tp12
bI00
S'\xc2T\x94[Tr\x19@\xd0/\xd6\xc8\x1d\xb0\x1b@w8B\xb9s\xe0\x1d@\xfa\x11\xbd\xa5\xce\xfc\x1f@|\x81\xd7Pq\xff @)e\xc2\x11Y\xf0!@\xa2p\xad\xf1O\xce"@iFB\xcd\xbf\x96#@\xf8X\xfc\xb8RG$@>\xfd\xcd\xf8\xf9\xdd$@\xe6bk#\xf4X%@~&\xec^\xd2\xb6%@\xd1F$\xa7|\xf6%@\x04\xf6\xf3\x105\x17&@\x84x\xd2\x00\x9a\x18&@\xd0\x06\xfaM\xa7\xfa%@\x82\x1b\xd0N\xb6\xbd%@P*e\xce|b%@\xcd\xbe&\xee\n\xea$@\xe8\xbf\x15\xfa\xc7U$@\xa2y\xf68n\xa7#@\x16\xbb\xf7\xc4\x05\xe1"@\x97\xc10|\xde\x04"@\xe87\n\x1b\x89\x15!@\xe87\n\x1b\x89\x15!@'
p13
tp14
b.