cnumpy.core.multiarray
_reconstruct
p0
(cnumpy
ndarray
p1
(I0
tp2
S'b'
p3
tp4
Rp5
(I1
(I25
I1
tp6
cnumpy
dtype
p7
(S'f8'
p8
I0
I1
tp9
Rp10
(I3
S'<'
p11
NNNI-1
I-1
I0
tp12
bI00
S'zD6\xd5\x07j\x1f@3e\xb3\x81q\xe4 @\xa8\x03v\x1f\xc2\x0c"@!\xb9R\xd5\x81*#@\x17\x80\xae9\\:$@\xd6\xbe\xb4V&9%@\xbc\xa6\x80\x1d\xe8#&@\xab6nA\xe5\xf7&@\xfbH\'a\xa5\xb2\'@\x12\xdd\x14e\xfbQ(@\x9029\xfd\x0b\xd4(@\x02E\x15+S7)@%\xf4\x13\xc7\xa8z)@\x06,\xfe\xf3C\x9d)@k\xa2,v\xbd\x9e)@f\xb7{\xe7\x10\x7f)@\x1e\xd3j\xc4\x9c>)@\x82\x1b@R!\xde(@\x16Rya\xbe^(@U\xd38\xf3\xef\xc1\'@6\xea\xaf\xcb\x89\t\'@\xaa\x0b\xbc\xfe\xb17&@\x15\x87\xf9\x86\xdaN%@6\xb1j\xfa\xb9Q$@6\xb1j\xfa\xb9Q$@'
p13
tp14
b.