cnumpy.core.multiarray
_reconstruct
p0
(cnumpy
ndarray
p1
(I0
tp2
S'b'
p3
tp4
Rp5
(I1
(I25
I1
tp6
cnumpy
dtype
p7
(S'f8'
p8
I0
I1
tp9
Rp10
(I3
S'<'
p11
NNNI-1
I-1
I0
tp12
bI00
S"\x82\xe3+)!-%@L\x9f\x11|\xd6\xb6'@\xd4G\xc7\xb0P1*@I\xac|\x14+\x95,@\xc6R\xd9qD\xdb.@\xd7\xee\xdd*j~0@\xbe\x98\x99\xa5\xbfy1@v\x88*\xe9\xb4\\2@\xa8\xe6\xaf\xec\xa4$3@\x02\xa9\x03B;\xcf3@\xd3\xfc\xed\x08{Z4@\x8e\x15*\xdd\xc4\xc44@\x17\xff\x8b\xad\xdb\x0c5@\xea\xf8\xd6m\xe815@H\xd7>\x98|35@\x81\xc0\x1aw\x93\x115@\x04\xc2\xf12\x92\xcc4@NT\xb7\xa4Fe4@D\xfd\xbb\xef\xe4\xdc3@\xb8\xdby\xea\x0353@\x90)\xf3`\x98o2@\x02\x11\xc7>\xef\x8e1@\x80Pe\xb2\xa6\x950@:\xb4\xb2\xbbL\r/@:\xb4\xb2\xbbL\r/@"
p13
tp14
b.