cnumpy.core.multiarray
_reconstruct
p0
(cnumpy
ndarray
p1
(I0
tp2
S'b'
p3
tp4
Rp5
(I1
(I25
I1
tp6
cnumpy
dtype
p7
(S'f8'
p8
I0
I1
tp9
Rp10
(I3
S'<'
p11
NNNI-1
I-1
I0
tp12
bI00
S"\xcc\xa4j\x8az\x0f\x1f@2\x93w\xff\x03\xc6 @\x7f\xf3|\xa4\xd4\xfc!@\xbc\x82k\x04\x90(#@\x86\xe38\xff\xb7E$@2 \xea\xef\xf9P%@\xbe\x9f\x1e\x968G&@\xd4\x87T`\x95%'@\x9a\xfa/\xfbx\xe9'@\xacl<\x0c\x9b\x90(@\xb1H\x19\x01\t\x19)@5\xd8\xc1\xde+\x81)@\x02\xc3\x9b\xff\xcc\xc7)@t\x83&\xb2\x19\xec)@\xafn\x7f\xad\xa5\xed)@\x88fgTl\xcc)@.\x9b\x06\xc3\xd0\x88)@\xacLE\xa7\x9c#)@\xcc\x81+\xe7\xfd\x9d(@\x8egJ\x1c\x83\xf9'@\xd3\xe0\xad\xee\x168'@\xfdS1]\xfa[&@6\xf5E\x04\xbeg%@1\x1c9w:^$@1\x1c9w:^$@"
p13
tp14
b.