cnumpy.core.multiarray
_reconstruct
p0
(cnumpy
ndarray
p1
(I0
tp2
S'b'
p3
tp4
Rp5
(I1
(I25
I1
tp6
cnumpy
dtype
p7
(S'f8'
p8
I0
I1
tp9
Rp10
(I3
S'<'
p11
NNNI-1
I-1
I0
tp12
bI00
S'h\t\xeb\x00\x8fB%@\x8a\xa2\xf8\xa4\xf9\\\'@\xbd\xfe\x00\x11\xc5j)@\xb8\x9c\xde\xc7\xd0e+@c\xd5X:4H-@\x0c\xe8:gP\x0c/@,\xc4\xffOpV0@\xe6\xc4\x05 \x85\x121@\x85\x04\xcb\x935\xb81@\xfc\x07\x86g\x93E2@\x81\x15\xf7\xe5\xf8\xb82@\xc8\x9ce\xd2\r\x113@\xcb\x8c\x83k\xcbL3@`L?{\x7fk3@<"bj\xcel3@\x92/\xc9Q\xb4P3@\x9c\xf1\t\x06\x85\x173@\xfc\x8e_\x1d\xeb\xc12@\xf4\xed\xca\xf2\xe5P2@\x86\x97S\xac\xc6\xc51@\x98\xc1IM,"1@\x95\xb6A\xe0\xfeg0@\xe2lk\x8e\xd32/@\x16\x95\x8a\x85\xaaq-@\x16\x95\x8a\x85\xaaq-@'
p13
tp14
b.