cnumpy.core.multiarray
_reconstruct
p0
(cnumpy
ndarray
p1
(I0
tp2
S'b'
p3
tp4
Rp5
(I1
(I25
I1
tp6
cnumpy
dtype
p7
(S'f8'
p8
I0
I1
tp9
Rp10
(I3
S'<'
p11
NNNI-1
I-1
I0
tp12
bI00
S']\x88Q\x1a\xd8E"@\xbc\xcaS\xea\x0c\xd9#@\x0cc\x89\xf3\xcdb%@*b\x1d\x9c\x84\xde&@\xcc\'\x8e,\xc4G(@\xe8P\xaa\x02W\x9a)@\xa7C< K\xd2*@F\xb8\xee\xef\xfd\xeb+@\x9f\x89N\x1d\'\xe4,@K\xbe\x90_\xe2\xb7-@\x9a\xe0\xe6\x19\xb8d.@<\x04\xa6\xb7\xa4\xe8.@n\xe4K\xae\x1eB/@I\x10v\x13\x1bp/@\xba\x1b\x1d\xb9\x10r/@\x1c\x9c\xcc\xc6\xf9G/@\x984\x13\xcbS\xf2.@\xb4\xad\xf6D\x1er.@\xbee\xc9\xa9\xd7\xc8-@\xe2\xb4B\xf0x\xf8,@\xcc\xae%\xaeo\x03,@\xb6\xd1\x03\xda\x96\xec*@\x96\xfc\xb6F.\xb7)@\x10[\xfb\xf1\xd0f(@\x10[\xfb\xf1\xd0f(@'
p13
tp14
b.