cnumpy.core.multiarray
_reconstruct
p0
(cnumpy
ndarray
p1
(I0
tp2
S'b'
p3
tp4
Rp5
(I1
(I25
I1
tp6
cnumpy
dtype
p7
(S'f8'
p8
I0
I1
tp9
Rp10
(I3
S'<'
p11
NNNI-1
I-1
I0
tp12
bI00
S"\xff\xd9\xb6\x9e\xa2\x87#@\xe3\x91\xb0\xbfS\x1e%@0\x97\xc6.|\xab&@\xa26\xb0*{*(@\x87\x1a)1\xda\x96)@\xfc\x18$OZ\xec*@\xd4\xfa@\xcb\x00',@1\xb4\xbc\x04#C-@`\xa7rcq=.@dLN8\x01\x13/@y\xae\xb6pU\xc1/@\xd5\x95\x7f\x013#0@S%\xdc\xfeRP0@fy\xe6\x13\x84g0@{\xdb\xcf\x11\x81h0@\xa38\xe6\x05GS0@Zs_B\x15(0@\x9b\xfa\xe9B\xd9\xce/@\x8eh\x06\n\x1c$/@\xfaFN.\xf0Q.@?(\x1e\xa5\xc8Z-@\xbfB\xb0\xb6\x86A,@\xae\xca\xbcfq\t+@rg\xa0\xad+\xb6)@rg\xa0\xad+\xb6)@"
p13
tp14
b.