cnumpy.core.multiarray
_reconstruct
p0
(cnumpy
ndarray
p1
(I0
tp2
S'b'
p3
tp4
Rp5
(I1
(I25
I1
tp6
cnumpy
dtype
p7
(S'f8'
p8
I0
I1
tp9
Rp10
(I3
S'<'
p11
NNNI-1
I-1
I0
tp12
bI00
S'\xba\xef\xb5\xfc\x8bG+@a\xcd\x0e3\x9dJ-@y[\xf1Q\x9bA/@\xcf\xa1\xaf\xf0T\x930@\xf4\xac-\xf5\x10z1@b\x05\xaaiQR2@o!S5\x91\x193@m`\xaf\xf7}\xcd3@\x99T\xb0\xf5\xfek4@\x17s\xcfZ;\xf34@\x10\xea\x8b\xbb\x9fa5@\x05\x00\xda\xc8\xe2\xb55@\x00\n~&\t\xef5@L\x86\xe0Xh\x0c6@\x99\x8e\x9e\xc1\xa8\r6@\xd4\x8a\xe9\xa4\xc6\xf25@\x88q\xaa4\x12\xbc5@2\\G\xa1.j5@\xdb\x12\xd52\x10\xfe4@\xfb\xbd`p\xf9x4@\xaa\x8d\xcf]w\xdc3@ap\x8a\xdb\\*3@\x07\xcd\xc25\xbdd2@w\xe2\x8a\xf3\xe5\x8d1@w\xe2\x8a\xf3\xe5\x8d1@'
p13
tp14
b.