cnumpy.core.multiarray
_reconstruct
p0
(cnumpy
ndarray
p1
(I0
tp2
S'b'
p3
tp4
Rp5
(I1
(I25
I1
tp6
cnumpy
dtype
p7
(S'f8'
p8
I0
I1
tp9
Rp10
(I3
S'<'
p11
NNNI-1
I-1
I0
tp12
bI00
S"&49\x8eiC\x1b@cB\xce9\x1f^ @&\xa08>\x1e\n#@\xedR\x91i\xb9\x9d%@(;\xf8\x12A\x11(@L\x88(Ae]*@\x0b[\xb9zK{,@\x03\xb2\xdb7\xa3d.@\xc2xL\\\xdc\t0@\x90o\xb0\x03\xc3\xc10@\xe0\x88\x94\xfa\xe0W1@\xca.5qv\xca1@\x1dQl\x97-\x182@=\x83Y\x98\x1e@2@`\x98\xf4M\xd2A2@e\xb9{\xa4C\x1d2@Z\xad\x98\xa9\xdf\xd21@b&\x10G\x84c1@I\x84\xc5\xac}\xd00@k\xce\xc9q\x82\x1b0@'\xe9\x03\xf0\\\x8d.@u\x83FC\xf9\xa8,@\xf6\x98\x94\xd6~\x8f*@\x9c,|\x011G(@\x9c,|\x011G(@"
p13
tp14
b.