cnumpy.core.multiarray
_reconstruct
p0
(cnumpy
ndarray
p1
(I0
tp2
S'b'
p3
tp4
Rp5
(I1
(I25
I1
tp6
cnumpy
dtype
p7
(S'f8'
p8
I0
I1
tp9
Rp10
(I3
S'<'
p11
NNNI-1
I-1
I0
tp12
bI00
S'\xbf\x89\xb0\x17\x0c\x16)@\x86\x1b\xf5\xe78\x93+@\xfa\xe8b\xd1u\x01.@n\xf0\x04R\xc1,0@\xc6m\x13\xb00J1@E^\xed\x88\xb5U2@\xb2q\x9b\xd41L3@\xa4[\xb6I\xc6*4@=\xa5\xd2\xee\xda\xee4@\xb8b1\xd7&\x965@\x9f<\xa1\xf3\xb6\x1e6@Q\xae:\xe3\xf3\x866@\x8et\x9e\xb2\xa6\xcd6@\xbc\xff\x8c{\xfc\xf16@\xc4\xd4\x07\xda\x88\xf36@\x15\x1d\xa8/G\xd26@f\xdae\xb1\x9a\x8e6@?\xa4\xa6?M)6@\x81\xc1\x06\x0c\x8d\xa35@g\x12\xe1\x13\xe9\xfe4@H\xf3\x16zL=4@\xbf\x9d\xf6\xcd\xf8`3@\x0f\x8cRP\x7fl2@\xf7r\xddJ\xb9b1@\xf7r\xddJ\xb9b1@'
p13
tp14
b.