cnumpy.core.multiarray
_reconstruct
p0
(cnumpy
ndarray
p1
(I0
tp2
S'b'
p3
tp4
Rp5
(I1
(I25
I1
tp6
cnumpy
dtype
p7
(S'f8'
p8
I0
I1
tp9
Rp10
(I3
S'<'
p11
NNNI-1
I-1
I0
tp12
bI00
S'\x8c\xde-]\xf8\x15+@\xbeyF\xd2\xdf|-@\xd2\x99I\x08]\xd5/@\x10_\x18X8\x0c1@\xa4\x0fr\xad\xad\x1f2@\xf4a\'\xcd\xd8!3@\x8f\xad\xed\x93\xb7\x0f4@\x08\xab\x9ck\x84\xe64@(\xd6\xef\x8f\xbe\xa35@\xa60\xfc\x851E6@XZ\x14\xb0\xfb\xc86@"\xcf{\xea\x93-7@\x10\x7f+ \xceq7@\xd4I\xfd\xc9\xde\x947@\xfe\xff\xcfM]\x967@p\xc3\x906Ev7@/\xf2\x86A\xf647@l\xf1\xba@3\xd36@\x9a\xcf\xcb\xd5\x1fR6@\xa2g\xf9\x0b=\xb35@8/\x86\xdbd\xf84@p\x1c\xd3\xa3\xc4#4@\x93c\xaf\xac\xd673@4\xfd;\xc2Z72@4\xfd;\xc2Z72@'
p13
tp14
b.