cnumpy.core.multiarray
_reconstruct
p0
(cnumpy
ndarray
p1
(I0
tp2
S'b'
p3
tp4
Rp5
(I1
(I25
I1
tp6
cnumpy
dtype
p7
(S'f8'
p8
I0
I1
tp9
Rp10
(I3
S'<'
p11
NNNI-1
I-1
I0
tp12
bI00
S'0\xdc\xa8.JX+@\x8f+*\xf3\x06\xf9,@n\xed\x82\xbc\xfe\x8f.@`\xed\xeb\xc29\x0c0@\x8c^:J\xe9\xc60@e*\x17\x0e\xe1u1@\xf3\x99\xf7\x1c\x17\x172@O\x0e\xdc\x8e\xaa\xa82@$H\xe5\x1f\xe9(3@\x8fL\xc7?T\x963@\x06y\x01\x87\xa5\xef3@tl\x8f\x84\xd234@\xb2+\xba\xd8\x0fb4@\x1c\x80\xc6\x93\xd3y4@\xa4\xc8n\xd1\xd6z4@\xd9\xc5\\\x8c\x16e4@\x83\x87,\xa7\xd384@\xe6\x99\xdd*\x92\xf63@\t\xd9\xf3\xbc\x17\x9f3@\x9d\xdd\xdeQi33@\xe6\xd3\x86"\xc8\xb42@\xc6\xea\x10\xee\xad$2@\xa6\xd7\x05\x93\xc8\x841@\x9a\xeb\xfb\x0c\xf5\xd60@\x9a\xeb\xfb\x0c\xf5\xd60@'
p13
tp14
b.