cnumpy.core.multiarray
_reconstruct
p0
(cnumpy
ndarray
p1
(I0
tp2
S'b'
p3
tp4
Rp5
(I1
(I25
I1
tp6
cnumpy
dtype
p7
(S'f8'
p8
I0
I1
tp9
Rp10
(I3
S'<'
p11
NNNI-1
I-1
I0
tp12
bI00
S'\x80\x89%q\xb4\x8a&@d\xc1\x7fAW9(@\xac=\xa9\xad\xe1\xdd)@\x0eG\xa63ms+@:\x1b<\r@\xf5,@\xdfM\xccH\xdb^.@x\x1d\xb12\x08\xac/@\x02^\x8csrl0@\xe94p\xf3\xf7\xf00@\xae|qF\tb1@\xb5\rD"U\xbe1@ V\x0c3\xc8\x042@\xeb\x87\xb2P\x9042@\x13\xba\xcc\xf1\x1eM2@d\xd9\xd1\xd4*N2@\x94\x01\xa1\xda\xb072@\x16[\xd1\x0f\xf4\t2@I\xb6\xae\xe4|\xc51@\t\x8c7\x96\x17k1@\xf1\x86\xda\xcc\xd1\xfb0@\x14\x0e\rx\xf7x0@\xaa\xe34\xe0\x1d\xc8/@\xe4\x19k\xd3\xa8}.@\x0e\xe4\xbc\x91i\x16-@\x0e\xe4\xbc\x91i\x16-@'
p13
tp14
b.