cnumpy.core.multiarray
_reconstruct
p0
(cnumpy
ndarray
p1
(I0
tp2
S'b'
p3
tp4
Rp5
(I1
(I25
I1
tp6
cnumpy
dtype
p7
(S'f8'
p8
I0
I1
tp9
Rp10
(I3
S'<'
p11
NNNI-1
I-1
I0
tp12
bI00
S'\xefZ-no\xc8\'@\x00P!\xe7"\x9d)@>\x97\xeb\x8a\xd9f+@V\x92\xe6\xf3= -@t\xecml+\xc4.@\x10\x8d\\\xa3\xde&0@\xf4\xc9\xd9\xba.\xdc0@\\\xbd\xa3\x1d\xe9\x7f1@\xd0\x82\xa5a%\x102@\x0fD\xbbB5\x8b2@J=7\xa6\xa9\xef2@\x1e\xea\xfb\xe1V<3@n\x93h:Xp3@\xee\x97\xad\x8c\x12\x8b3@\x82\xfd\x94\x1d6\x8c3@\xf2\xc5Z\x87\xbfs3@&\x84\xcf\xc3\xf7A3@\xe4\xf5\xa6Rs\xf72@\x99\x07|~\x10\x952@\x92\xb7\xb3\xc5\xf4\x1b2@8\xf8\xf8n\x89\x8d1@\xf0M\x85Sw\xeb0@P\x13\xc5\xeb\xa170@\xa2\x0c8ZC\xe8.@\xa2\x0c8ZC\xe8.@'
p13
tp14
b.