cnumpy.core.multiarray
_reconstruct
p0
(cnumpy
ndarray
p1
(I0
tp2
S'b'
p3
tp4
Rp5
(I1
(I25
I1
tp6
cnumpy
dtype
p7
(S'f8'
p8
I0
I1
tp9
Rp10
(I3
S'<'
p11
NNNI-1
I-1
I0
tp12
bI00
S'\xc6\xd5\xdal\xce\x83%@\xaf\xbe\x1b\n0\xd0&@G\xa3\xfa\xeb\xc6\x14(@\x9d\x82\x8e\xcb\xcaM)@\x06\xfe\xd4\xe8\x95w*@\nz&\xec\xaf\x8e+@\xf4\xd55@\xd8\x8f,@\x89\x8f\xba\xc5\x0fx-@\xccX\xd4\xc3\xa1D.@\x99\xab}\xfa+\xf3.@\xc9\xf8\xf8\xbe\xa5\x81/@G\xf7\x01\rf\xee/@\xd9\xe2T=\x14\x1c0@\x8a\xde\x0b\x80\x08/0@\xa8\x08\xf4C\xd7/0@\x08\x1fA ~\x1e0@\xd8\xf1x\xaaa\xf6/@\xbe\x95\xc8c\xb1\x8c/@\x0e}\x8d\xb3&\x01/@;\xf9\x83\xddaU.@\xcb\xe8GHc\x8b-@\xca\x00\xcc\x84\x85\xa5,@\x06\x8f\xd8Hv\xa6+@H\xd0\x83q.\x91*@H\xd0\x83q.\x91*@'
p13
tp14
b.