cnumpy.core.multiarray
_reconstruct
p0
(cnumpy
ndarray
p1
(I0
tp2
S'b'
p3
tp4
Rp5
(I1
(I25
I1
tp6
cnumpy
dtype
p7
(S'f8'
p8
I0
I1
tp9
Rp10
(I3
S'<'
p11
NNNI-1
I-1
I0
tp12
bI00
S'\xb5e$5}\xa1!@\x91$\r\xe5/\x12$@c\xe2%\x8f=t&@\x88\xaaw\\\x8a\xc0(@\xf8%lZ;\xf0*@\x92\x03\xf5\xed\xca\xfc,@\xf6a\x1eH\x1c\xe0.@\xd2b\x01\xd1FJ0@\xc3\xdb\xdd\x84\x84\n1@J~\x18\xc7\x89\xae1@\x87VBNm42@G\xe4\x9e\xb3\x9f\x9a2@\xb9\x94\x96\x1a\xf0\xdf2@t<$\xbe\x8f\x033@\xd2\xab\xa4Y\x14\x053@6^\xd8ey\xe42@ \x9ce& \xa22@\x1e\xc4\xb2\x87\xce>2@-Cz\xd0\xac\xbb1@\xa6\x83\xf9-B\x1a1@5R\x07%p\\0@2pU\xeb\xd9\x08/@<r\xde\x03z)-@\xa0\xcaJ\x97V +@\xa0\xcaJ\x97V +@'
p13
tp14
b.