cnumpy.core.multiarray
_reconstruct
p0
(cnumpy
ndarray
p1
(I0
tp2
S'b'
p3
tp4
Rp5
(I1
(I25
I1
tp6
cnumpy
dtype
p7
(S'f8'
p8
I0
I1
tp9
Rp10
(I3
S'<'
p11
NNNI-1
I-1
I0
tp12
bI00
S"v\xeb\xd7\xb6\xf5\x8a)@\xd0R\xcf\xbe:\xe2+@\x1a!\x99[s+.@%\x8b\xed\xe4\xe6/0@rD3C[<1@P{#\xf6\xf572@k:Lo\xc8\x1f3@\x9c\xa8<#\x1f\xf13@\xa0gt\x98\x89\xa94@8\x99?\xae\xe1F5@Dz\xca\x05R\xc75@_\x1cMz[)6@\x8bj\xfe\x97\xd9k6@\xe2\xf5|\x04\x06\x8e6@\x14\x12\x83\xcez\x8f6@\xf5'\x01\x9e3p6@\x1e\x14\x13\xc1\x8d06@\xae\xe9\xa9\x15G\xd15@pf(\xd3{S5@\x1a\xae\x8b:\xa3\xb84@\xa2z\x017\x8b\x024@\x1d\x0f\xf7\xfbR33@\xabp\xaf\xb0dM2@!\xb9B<nS1@!\xb9B<nS1@"
p13
tp14
b.