cnumpy.core.multiarray
_reconstruct
p0
(cnumpy
ndarray
p1
(I0
tp2
S'b'
p3
tp4
Rp5
(I1
(I25
I1
tp6
cnumpy
dtype
p7
(S'f8'
p8
I0
I1
tp9
Rp10
(I3
S'<'
p11
NNNI-1
I-1
I0
tp12
bI00
S'\xfa{d"\xbb)"@\x99 w\xa2\x0f\x8e$@}\xd6\x13V\t\xe4&@\x9bd\xd8m\xb0$)@\x14\xe0\xdd\xb5LI+@x\x7f:\xa1yK-@\x08\xbf\xf8[9%/@\xb2CPU\x83h0@\x84\x91\x00\xb1\xf2$1@<\xfb\r\xa3\xb8\xc51@\x0b\xd1\xe9\x91\xf5H2@*\x9e%\xff!\xad2@Y\xf7N\x17\x13\xf12@\'\xa9[-\xfe\x133@\xff\x15C\x17{\x153@V2\xb9d\x85\xf52@\xb5/ll|\xb42@\xfaV\x9d/"S2@\x8bwe\x17\x99\xd21@\xd2Sc\x92`41@\xd1W\xec\x9cPz0@?\\\'\x82(M/@\x92\x98\xdf=Fw-@\xc8F\xd3 tx+@\xc8F\xd3 tx+@'
p13
tp14
b.