cnumpy.core.multiarray
_reconstruct
p0
(cnumpy
ndarray
p1
(I0
tp2
S'b'
p3
tp4
Rp5
(I1
(I25
I1
tp6
cnumpy
dtype
p7
(S'f8'
p8
I0
I1
tp9
Rp10
(I3
S'<'
p11
NNNI-1
I-1
I0
tp12
bI00
S"%\x84\xe28H\xe9\x1a@w\xb9G\x94\xde\xf6\x1d@a\xa3\x16/\x11y @\x04MbZ\x17\xe9!@\xf1&]\xf37G#@\xe6\x7f\x92\x84^\x8f$@n\xaaw'\xb8\xbd%@\xce,\x90\xec\xbe\xce&@\xb7\x18\xfa]D\xbf'@\xdci\x08\xfdz\x8c(@\x86\xb6\x9b\x9e\xfe3)@\x8c]H\x8d\xdb\xb3)@\xca\xa3\x02\\\x94\n*@\xa8\xf4\xf1W&7*@\x95\x0b)\x8c\x0c9*@.\xecDNA\x10*@\xd7\x81SO>\xbd)@\x1e|\xcf0\xfb@)@\x1cP\xec\xa1\xea\x9c(@\xbd\xfb\xcd\r\xf6\xd2'@\x90.\x8f\xe7w\xe5&@\xde\x12\x19\xa54\xd7%@z\xc8\xbd}R\xab$@$\x016\x05Pe#@$\x016\x05Pe#@"
p13
tp14
b.