cnumpy.core.multiarray
_reconstruct
p0
(cnumpy
ndarray
p1
(I0
tp2
S'b'
p3
tp4
Rp5
(I1
(I25
I1
tp6
cnumpy
dtype
p7
(S'f8'
p8
I0
I1
tp9
Rp10
(I3
S'<'
p11
NNNI-1
I-1
I0
tp12
bI00
S'\xdf2%J\x06\x16"@\xac\x10\x05\x85\xd3\x8c#@KtNp\xd7\xfa$@\x9a\x92d1\xce[&@NB\xa3\xdc\x9a\xab\'@L\xe7Q\xbaS\xe6(@f[\xd8\xf2M\x08*@\xfa\xc2c\x7f(\x0e+@8\xc0X>\xd6\xf4+@\xb5U\x81\r\xa7\xb9,@bZ\xcf\xceOZ-@\x86\xf1\xc7?\xf1\xd4-@\x82e/\x8f\x1d(.@_\x91L\xa0\xdcR.@\r\x85\x0c\xef\xaeT.@\xb4~f\x0c\x8f-.@\xb4|\x91\xae\xf1\xdd-@\xaa\r\xdbT\xc4f-@Z\xf6-\x83j\xc9,@2\x1d\x8a\x9d\xb9\x07,@\xb7b\xc9o\xf3#+@(h\x02r\xbf *@[\xf3\x9e\xdd"\x01)@\x7fb\xc4\xaaw\xc8\'@\x7fb\xc4\xaaw\xc8\'@'
p13
tp14
b.