cnumpy.core.multiarray
_reconstruct
p0
(cnumpy
ndarray
p1
(I0
tp2
S'b'
p3
tp4
Rp5
(I1
(I25
I1
tp6
cnumpy
dtype
p7
(S'f8'
p8
I0
I1
tp9
Rp10
(I3
S'<'
p11
NNNI-1
I-1
I0
tp12
bI00
S'\xd8A8\xcd\xd25*@\xf7tn\xb7\xde\xa7+@\xb1\x8f\x92\xdb=\x11-@\x03\xd6@9\xbam.@P\x8a\x9a@D\xb9/@p\xb1\xafw\xffw0@\xe6\x89\x9c\xab%\x071@\xef\xf9k\xb5i\x881@\xd8\x16\xd4\xf8I\xfa1@\x8c\xbb7\xc2r[2@\xa60\x02<\xc2\xaa2@\x8a\xb2@\xcfK\xe72@j\xa9f\xe5Z\x103@\x147\x03\x03u%3@\xe8\x16!5[&3@\xbc\xde\x0e\xcd\n\x133@.u_h\xbd\xeb2@\x9d\xde\nE\xe8\xb02@\x10\x16\xb0\xe3:c2@\xd9A\x0b\xfc\x9c\x032@\xf8\x05\xba\xc9+\x931@\xaa\xf5[\xb96\x131@\xdb]\xf9\x7f;\x850@^\x8d\xb2P\xc3\xd5/@^\x8d\xb2P\xc3\xd5/@'
p13
tp14
b.