cnumpy.core.multiarray
_reconstruct
p0
(cnumpy
ndarray
p1
(I0
tp2
S'b'
p3
tp4
Rp5
(I1
(I25
I1
tp6
cnumpy
dtype
p7
(S'f8'
p8
I0
I1
tp9
Rp10
(I3
S'<'
p11
NNNI-1
I-1
I0
tp12
bI00
S'\xbcz+.dg(@\xf9\xe2\x8ajg\x05+@\xe1RO\xae\xb5\x93-@as-\x90W\x050@\xea\xdb|\xc0|11@\xe0\xa5d\x0c\xcbJ2@x\xbcIK\xfbM3@\xcc\xc6\xeeN\x0884@._\xea\xe57\x065@\xa0\x90k\xfe"\xb65@\xe8\x88\x07\xd1\xbcE6@} /\xfeX\xb36@VS\x0e\x8c\xb0\xfd6@u\xaa\xf1\xb5\xe5#7@4\xe6\xd3\x81\x86%7@dq^\x14\x8e\x027@`\\f\xbfd\xbb6@\xe8\xa7\xba\xca\xdeP6@\x1e1\xe4\xfa9\xc45@nH8\xdd\x19\x175@R\xb2I\xe4\x82K4@\x9a\x92Mc\xd4c3@t\x03hz\xc1b2@E\xcc\xfc\x08IK1@E\xcc\xfc\x08IK1@'
p13
tp14
b.