cnumpy.core.multiarray
_reconstruct
p0
(cnumpy
ndarray
p1
(I0
tp2
S'b'
p3
tp4
Rp5
(I1
(I25
I1
tp6
cnumpy
dtype
p7
(S'f8'
p8
I0
I1
tp9
Rp10
(I3
S'<'
p11
NNNI-1
I-1
I0
tp12
bI00
S'\x82,\xfa8\xc5\xdd\x1e@~[?\xb1C\x8e @\xa6d7\x1d\xe8\xa6!@\xf59\x8a\xb2\x8a\xb5"@\xb7\xf9\x89\x1d\x04\xb7#@\xa8\x7f\x08MT\xa8$@\x03\x94\x8ce\xab\x86%@l\xc5\xb6$rO&@\'\x13\xd0\x9bQ\x00\'@b4t*:\x97\'@r\xb7\x85\xa4i\x12(@*\xbd\x14\x91pp(@\xe6S\x92r6\xb0(@\xccc\x8a\x0b\xfd\xd0(@\x06&$\x96b\xd2(@p?\xcc\xe7b\xb4(@\x8eo\xa2}Ww(@v\xc0\x85q\xf6\x1b(@\x1d\x8f\xdbZP\xa3\'@@\xe6e!\xcd\x0e\'@B\xe7\xa2\xcb\'`&@\x03\xf97Ui\x99%@\xae\x1f\xcf\x9c\xe2\xbc$@\xbe\x9a\x82{%\xcd#@\xbe\x9a\x82{%\xcd#@'
p13
tp14
b.