cnumpy.core.multiarray
_reconstruct
p0
(cnumpy
ndarray
p1
(I0
tp2
S'b'
p3
tp4
Rp5
(I1
(I25
I1
tp6
cnumpy
dtype
p7
(S'f8'
p8
I0
I1
tp9
Rp10
(I3
S'<'
p11
NNNI-1
I-1
I0
tp12
bI00
S'\xe3k\x0f5\xe3\x1f\x1f@\n\xb8\x14#\x11\n!@`T\x16mS{"@\x10\xc5\xdf\xf0j\xdf#@\x13\xb9\x10n12%@\xea\n^L\xb4o&@\xd6\xeeAb@\x94\'@"\x88r\xfel\x9c(@JN2\x13&\x85)@R[$e\xb5K*@`\xeb?\xa2\xca\xed*@\xfc;\xc1H\x82i+@\xae\xdc\x80Ik\xbd+@\x82\xd1\xe2T\x8b\xe8+@\x0bZ\x89\xc5a\xea+@E\xe6\x17 \xe9\xc2+@\x9cn\x8d#\x97r+@\xbef\x05j[\xfa*@E\x17\xf7\x9d\x9c[*@\xbc\x88GL4\x98)@|\xb0\xa5_i\xb2(@\x08\xe5\xa6U\xe9\xac\'@\xbd\xd9\xe6A\xc0\x8a&@\xe6)\xff\xb6OO%@\xe6)\xff\xb6OO%@'
p13
tp14
b.