cnumpy.core.multiarray
_reconstruct
p0
(cnumpy
ndarray
p1
(I0
tp2
S'b'
p3
tp4
Rp5
(I1
(I25
I1
tp6
cnumpy
dtype
p7
(S'f8'
p8
I0
I1
tp9
Rp10
(I3
S'<'
p11
NNNI-1
I-1
I0
tp12
bI00
S'\xf5^\xc5\xab9\xd8$@\xb7\xa2\x13\xe5\xe1\x9c\'@\x10@\xa1:\xedP*@\x1cG\x8b?K\xec,@y\x92\x01$5g/@\x820\x04t"\xdd0@V\xdc\xb6\xb6E\xef1@~#\x8e\x93\xd2\xe62@\xfa\xad\x0b\x94\xe6\xc03@\x86\xca\xa2,\xf7z4@\xa4\xb0YQ\xd9\x125@\xce\x9f\x89\xed\xc7\x865@A\x9er+i\xd55@\x9a\xf9\xe2{\xd2\xfd5@\x92\x06\xedQ\x8b\xff5@\n\xd5\x83\x8a\x8e\xda5@\x9b\x17\xce{J\x8f5@[\x88\x01\xac\x9f\x1e5@8\xa7\x9c3\xde\x894@\xf9\xcf\xcc\xd2\xc1\xd23@\x98\x7f\xaf\xc5l\xfb2@1\xa0\xdbfa\x062@\xce\xae/\xb3z\xf60@\xc3\xcbq\x8a\xc7\x9d/@\xc3\xcbq\x8a\xc7\x9d/@'
p13
tp14
b.