cnumpy.core.multiarray
_reconstruct
p0
(cnumpy
ndarray
p1
(I0
tp2
S'b'
p3
tp4
Rp5
(I1
(I25
I1
tp6
cnumpy
dtype
p7
(S'f8'
p8
I0
I1
tp9
Rp10
(I3
S'<'
p11
NNNI-1
I-1
I0
tp12
bI00
S"\x82\x9f\xad\xean\xc2%@]@{\xf0d\xa1'@n\xa3O\x8e u)@\xfc|\xfbz.8+@B\xbb'.M\xe5,@\xc9J+\x8e|w.@\xdf0\xb0\xda\x0c\xea/@XS\xd4SV\x9c0@\xc8\xf0o\xdf\xba/1@\x95\xcf\xdc`|\xad1@\x92\xcb6\xb4#\x142@>\xc0\x16\xa0~b2@\xd0\x8a\x10g\xa3\x972@\xd0\x05\xf7\x80\xf3\xb22@\xec\xfd\xc5s\x1d\xb42@\\b\xaf\xc6\x1d\x9b2@\xd4\xa5v\x0c?h2@\xbej\xfb\x04\x19\x1c2@P\x17\x8b\xd8\x8e\xb71@8\xb4?r\xcc;1@\xa8\x82Q\x01C\xaa0@<2\xc8\xab\xa4\x040@\x0c\x03\xc2\xfe\xbe\x99.@:\\\x82_/\n-@:\\\x82_/\n-@"
p13
tp14
b.