cnumpy.core.multiarray
_reconstruct
p0
(cnumpy
ndarray
p1
(I0
tp2
S'b'
p3
tp4
Rp5
(I1
(I25
I1
tp6
cnumpy
dtype
p7
(S'f8'
p8
I0
I1
tp9
Rp10
(I3
S'<'
p11
NNNI-1
I-1
I0
tp12
bI00
S'Q\xd4\xf4W\x1b-$@\x03\xe8\xec\xf8\x8d\xec%@\xa1Y\x10Q\x83\xa1\'@:\x98\xb9\xe4\xe3F)@\xb7\xe3\x15\xb3\xc6\xd7*@\xb4\xeb\xe3\xdb\x7fO,@/u\xd9\x8e\xae\xa9-@\xb3/\x1e\x1bJ\xe2.@\x95\xd9\xe5\xf7\xad\xf5/@,\x01"QRp0@\xbf\x7f\xe7\x978\xd00@\x18\xd0\xc1\xbck\x191@\xee)Fc\x11K1@\x12\'\x84q\x95d1@Z.\xd2\xc9\xabe1@\x96\xcb\xdc-QN1@\xfd\x9dSH\xcb\x1e1@\xfe\xff\x16\xdd\xa7\xd70@\xa4[R"\xbby0@\xf7\xb4pG\x1d\x060@I\xae\x97bN\xfc.@Z\xe6\xa6\xea\xdc\xc6-@\xe5\xa5R?\x81o,@\x8c\xa8\x97\xa4;\xfa*@\x8c\xa8\x97\xa4;\xfa*@'
p13
tp14
b.