cnumpy.core.multiarray
_reconstruct
p0
(cnumpy
ndarray
p1
(I0
tp2
S'b'
p3
tp4
Rp5
(I1
(I25
I1
tp6
cnumpy
dtype
p7
(S'f8'
p8
I0
I1
tp9
Rp10
(I3
S'<'
p11
NNNI-1
I-1
I0
tp12
bI00
S'\x84/`\x9b(]*@8\x08\xad\x0f\xbfB,@\x01\\%W\xf3\x1c.@\x9d\xa6\xa3\xda>\xe6/@\x11\x9e\t\xba\xa6\xcc0@GS\xe7\xa9\x86\x981@\xc8\x00\r\x10_T2@\x022\xce\x90\xff\xfd2@\x9a&H)n\x933@\xa7\t\xdb\x14\xed\x124@&G\xed\xfe\xffz4@\x964zqp\xca4@Q\x923sQ\x005@\x0f,kJ\x02\x1c5@(\xd1\x87\\0\x1d5@ bo$\xd8\x035@\x84\xe0\x06=E\xd04@c.\xa9\x7f\x11\x834@VH59#\x1d4@\xe9\x0b\r{\xaa\x9f3@\xa4\xee\x05\x90\x1d\x0c3@e{\xdd\x9f4d2@\xe5T4\x8e\xe4\xa91@\x06\x96\\$Y\xdf0@\x06\x96\\$Y\xdf0@'
p13
tp14
b.