cnumpy.core.multiarray
_reconstruct
p0
(cnumpy
ndarray
p1
(I0
tp2
S'b'
p3
tp4
Rp5
(I1
(I25
I1
tp6
cnumpy
dtype
p7
(S'f8'
p8
I0
I1
tp9
Rp10
(I3
S'<'
p11
NNNI-1
I-1
I0
tp12
bI00
S'V\xbfEX\xbb\x1e @k:^_\xd3\x8c"@%\xa1\x7f\x01V\xec$@\x01f\xc7\xfd.6\'@\xd4Zs\xb2\x8ac)@|K6z\xeam+@\xd8H\x07\x0c8O-@*\x1e\xa0\xa3\xd7\x01/@\xa4\x0c@^\\@0@\x19I\xc5\x96\xb2\xe30@0\xe2\x17<\x07i1@\x91\x11\xb6\x91\xcc\xce1@E,_\x00\xd3\x132@\xfe\x98\xb6\x9fL72@Z&\x81\x9c\xcf82@ZmTtW\x182@\x07\x89\n\x03E\xd61@e\x02\xd2a]s1@\x91\xdd7\x9b\xc7\xf00@\xa0\xb7\x05;\tP0@.\xeej\x88\x03&/@\xbe\x16\n5\xcaw-@$\x9a\xaa\xe0i\x9a+@\xed\xda\xdb\x98r\x93)@\xed\xda\xdb\x98r\x93)@'
p13
tp14
b.