cnumpy.core.multiarray
_reconstruct
p0
(cnumpy
ndarray
p1
(I0
tp2
S'b'
p3
tp4
Rp5
(I1
(I25
I1
tp6
cnumpy
dtype
p7
(S'f8'
p8
I0
I1
tp9
Rp10
(I3
S'<'
p11
NNNI-1
I-1
I0
tp12
bI00
S"py\xae\xe9\xcf\x90!@B\x868\x1e/B$@\xaaR\xb7+e\xe3&@\x8a\x06\x90\xd3\x99l)@D'bs<\xd6+@v\x84+\x96\x1a\x19.@\x8c\xf3=\xb6:\x170@pq\xd6\xf5\n\x081@\xcd\xa3\x0b\xac/\xdc1@s\xee{\x010\x912@\xdd\x1d\t\x05\xf0$3@N^\x89\xf6\xb6\x953@\x04\xea\x92i4\xe23@\x92I\x101\x84\t4@\x02d\xeb\x071\x0b4@O\xe1\xe0\xee5\xe73@4Ph;\xfe\x9d3@T\x97\x84Wd03@\xc6\xd576\xaf\x9f2@\xb8Q2\x84\x8e\xed1@X\xe8\x19\xa0\x15\x1c1@\xe0_ki\xb5-0@\xdfM\xdc\xf0iJ.@N:\xe6\xa9R\x0b,@N:\xe6\xa9R\x0b,@"
p13
tp14
b.