cnumpy.core.multiarray
_reconstruct
p0
(cnumpy
ndarray
p1
(I0
tp2
S'b'
p3
tp4
Rp5
(I1
(I25
I1
tp6
cnumpy
dtype
p7
(S'f8'
p8
I0
I1
tp9
Rp10
(I3
S'<'
p11
NNNI-1
I-1
I0
tp12
bI00
S'\x17\xefw\xd4b["@\xc1qw\'\xe9\x00$@98T\xc4\x8d\x9c%@6\xab\xf7\xb3\x84)\'@x\x11\xc1\xc8-\xa3(@\xd0\xfc\x05k"\x05*@\x069\xca\xb9BK+@r\xef\x85\xd8\xc1q,@\xe5\xf5EE1u-@\xa2\x00U\x15\x8bR.@Z\x11\xe4\xf9:\x07/@@8\xcb\xf1%\x91/@\x94\xb7n\x91\xb0\xee/@\xe0\x06\x06\xe7a\x0f0@\x0c\xe1\x10\x1fh\x100@\xd3\xd1>\xc5\xcf\xf4/@\xcf\x8b=\xa6E\x9b/@[y\xb3\xfb<\x15/@\xabd&\x9bEd.@\x04cOlo\x8a-@\x06\xecQBD\x8a,@\xb4\xb4@I\xc0f+@d\xf4\x86\x1eI#*@tG\xc6\xae\xa3\xc3(@tG\xc6\xae\xa3\xc3(@'
p13
tp14
b.