cnumpy.core.multiarray
_reconstruct
p0
(cnumpy
ndarray
p1
(I0
tp2
S'b'
p3
tp4
Rp5
(I1
(I25
I1
tp6
cnumpy
dtype
p7
(S'f8'
p8
I0
I1
tp9
Rp10
(I3
S'<'
p11
NNNI-1
I-1
I0
tp12
bI00
S'\x1a& 7n\xcb\x1b@\xba\x7f\x7f#0\x10 @Q[\x94\x97\xa9-"@\xab\x06y4\xd47$@Q\xeb\xbeO\x9a(&@\xab\xd0\x83\xfe1\xfa\'@b\x99 Z.\xa7)@\xc0%^\xaf\x8f*+@\xf8\xd3\xe8g\xd2\x7f,@v\xd8\x86\x81\xfc\xa2-@r\x1c\xe6j\xa9\x90.@\xfc\x98\x9e"\x14F/@\xa0\xfc7z\x1f\xc1/@>\xa9F2.\x000@\xb0g_\x1e\x87\x010@\xb7u\xef\xf8,\xc9/@5\xdc?BeS/@\r\x8f\xbeq\x16\xa3.@\xbb\x83NxN\xba-@\xfd0\xba\xbd\xc3\x9b,@\xf0\x86;\t\xcdJ+@L$\x9c\x8bW\xcb)@\x05E\xa4(\xdb!(@^c\xc9"MS&@^c\xc9"MS&@'
p13
tp14
b.