cnumpy.core.multiarray
_reconstruct
p0
(cnumpy
ndarray
p1
(I0
tp2
S'b'
p3
tp4
Rp5
(I1
(I25
I1
tp6
cnumpy
dtype
p7
(S'f8'
p8
I0
I1
tp9
Rp10
(I3
S'<'
p11
NNNI-1
I-1
I0
tp12
bI00
S'\xc4\x1c\xb6:h\xf1(@6C\x04\x1a\xef\x92+@\x13\x1c\xb2\xe9\xab$.@\rm\xedIzO0@\xb8\xb2\xbb|2}1@\xaa\x81\\\x7f\xfa\x972@\x0eit\xc2\x86\x9c3@h\xa9\x9c\t\xce\x874@\x16X\xf2y\x12W5@=m\xc7\xc7\xe9\x076@{\x14\x10kD\x986@5,\x0e\xc5s\x067@P\x90\xe4$/Q7@\xbc1\x1a\x9c\x97w7@\xf6\x07\xa0\x97:y7@\xac\n\x9a5\x13V7@\xff\xa0\xefS\x8a\x0e7@\xe4\x13xWu\xa36@\xc63h\xaf\x13\x166@d#l\x1c\x0bh5@\xd2\xdb\x87\xc6b\x9b4@R\x7fg0}\xb23@\x04W+\x1a\x11\xb02@\x1fH\xe8h!\x971@\x1fH\xe8h!\x971@'
p13
tp14
b.