cnumpy.core.multiarray
_reconstruct
p0
(cnumpy
ndarray
p1
(I0
tp2
S'b'
p3
tp4
Rp5
(I1
(I25
I1
tp6
cnumpy
dtype
p7
(S'f8'
p8
I0
I1
tp9
Rp10
(I3
S'<'
p11
NNNI-1
I-1
I0
tp12
bI00
S'\x04\xa5\xc2\xe8\x03\xbf @\x94\xe9\x8fs\xda "@6\xea\x12~ez#@H\xe8\xa7?\x9e\xc7$@\xe9N)\xb1\xa2\x04&@&04"\xc1-\'@\xf5\xd29>\x83?(@\xe7\xd6~`\xb86)@\xd6\xaa8\x18\x7f\x10*@x4f\xc0M\xca*@\x15V\xc1\x11\xfaa+@\x96F4\x98\xbf\xd5+@\xd5T\x8e\xf8D$,@\x1c\xcd\xbd\xf6\x9fL,@\xf2\xc0\x8d0XN,@\xebI\xc3\x84h),@\x02\x03k"?\xde+@N\x12)@\xbcm+@~C`\x7f/\xd9*@ m\xfb\x02T"*@~\xd4\x83EKK)@\xd6\xef\xeb\xbd\x96V(@\xa1\x9f\x04f\x10G\'@\xfb\x1f\xe98\xe2\x1f&@\xfb\x1f\xe98\xe2\x1f&@'
p13
tp14
b.