cnumpy.core.multiarray
_reconstruct
p0
(cnumpy
ndarray
p1
(I0
tp2
S'b'
p3
tp4
Rp5
(I1
(I25
I1
tp6
cnumpy
dtype
p7
(S'f8'
p8
I0
I1
tp9
Rp10
(I3
S'<'
p11
NNNI-1
I-1
I0
tp12
bI00
S"#\x95&)\xdc\x8c\x1f@)\xcfG\x80\xe3v!@\xc6\xdd\x87\x975\x1d#@\xc0\xe5\x0b\x89x\xb4$@\xda\x9b\xc5o\xed7&@\xee\xa8\x01{\x10\xa3'@\x9c$Lf\xa6\xf1(@\x90\x82\xea\x18\xc9\x1f*@\xac/CG\xf3)+@\xc3\x06\x81\xf3\n\r,@\x84.\x1e\xaej\xc6,@\xc0\xd1\xbcz\xe9S-@\xbaW\xc1A\xe1\xb3-@\r6u\xbb3\xe5-@\xbe@\x06\xc6M\xe7-@\xff\xecn\x1c)\xba-@\xc8:*iL^-@qz{\xb4\xc9\xd4,@FK\xf82;\x1f,@\xc9`\xdb}\xbe?+@\xdabbC\xee8*@\x0fz\n\x82\xda\r)@\xae-\xd8e\xff\xc1'@$+\xeb\xe2:Y&@$+\xeb\xe2:Y&@"
p13
tp14
b.