cnumpy.core.multiarray
_reconstruct
p0
(cnumpy
ndarray
p1
(I0
tp2
S'b'
p3
tp4
Rp5
(I1
(I25
I1
tp6
cnumpy
dtype
p7
(S'f8'
p8
I0
I1
tp9
Rp10
(I3
S'<'
p11
NNNI-1
I-1
I0
tp12
bI00
S"\xb6%\xe5=O\xe2)@+\xae&\x9bi\x12+@\xbe\x802\xf2b;,@~3']\xc5Y-@\xc8 \x0b\x8d:j.@\x00zE\xbe\x95i/@\xca\x91\x94\x98n*0@\x03_(\x85\xa9\x940@\x8a\x9c(\xc0>\xf20@K\xa2.\x1f\x17B1@g\xd8\xe8rD\x831@'#\xa1M\x04\xb51@\x86\xfc;G\xc2\xd61@\xf4\r\xee\xb7\x19\xe81@\xcd\xa6\x7f\xe4\xd6\xe81@zY\x9e\x98\xf7\xd81@\xbefp-\xab\xb81@pYV\xfcQ\x881@\x06*\x80?|H1@\xe1M\xafc\xe8\xf90@\xc8$)\xd0\x80\x9d0@4Qx+Y40@3\xc6EJV\x7f/@\xe6\x92\xd4\x9b\xa5\x81.@\xe6\x92\xd4\x9b\xa5\x81.@"
p13
tp14
b.