cnumpy.core.multiarray
_reconstruct
p0
(cnumpy
ndarray
p1
(I0
tp2
S'b'
p3
tp4
Rp5
(I1
(I25
I1
tp6
cnumpy
dtype
p7
(S'f8'
p8
I0
I1
tp9
Rp10
(I3
S'<'
p11
NNNI-1
I-1
I0
tp12
bI00
S"V4\x17P\x0cb%@\x1bm\x12d\x90\xa5&@\x0c\x9a\xeb\xf0~\xe1'@\xd1D:\x83)\x12)@\xce\x9b\xbbB\x034*@\x900{\x89\xabC+@Q3$\xf7\xf7=,@@\xdal\xe2\xfd\x1f-@\xe8\x97p\x0c\x1b\xe7-@?\xc0\x04|\xfd\x90.@\x15\xa5\x97i\xaa\x1b/@V\x86\xf4&\x84\x85/@Z\x9dN\xf1N\xcd/@\x9e\x022\x9f4\xf2/@\x8e\x8a`\x1f\xc7\xf3/@\x98\xd1(\xc1\x01\xd2/@Z\x00dBI\x8d/@@\x8b\xf0\xa2j&/@\xbeg*\xc1\x98\x9e.@D\xf6\x80\xc6h\xf7-@rb\xd5n\xcd2-@T\xec\xb68\x11S,@N:\xd3\x8f\xcfZ+@\xf7\xc9\xfd\x05\xedL*@\xf7\xc9\xfd\x05\xedL*@"
p13
tp14
b.