cnumpy.core.multiarray
_reconstruct
p0
(cnumpy
ndarray
p1
(I0
tp2
S'b'
p3
tp4
Rp5
(I1
(I25
I1
tp6
cnumpy
dtype
p7
(S'f8'
p8
I0
I1
tp9
Rp10
(I3
S'<'
p11
NNNI-1
I-1
I0
tp12
bI00
S'`\xdb\xf6`\xc2\xda$@\x9d\xfanl\n\xd5&@oms\x1at\xc3(@g\x160\x8b<\xa0*@\x95\xad.v\xd5e,@\x1f~ \xbd\xf5\x0e.@27U0\xa9\x96/@\x86\xda\xea\xaa/|0@\xd9\xb8\x86\x83\xfc\x171@bL2^\xea\x9c1@\xf0\x97\x0e\xb1l\t2@m\xd2\x11\xcb?\\2@\x08\xab\xa0\x99l\x942@r\x14\x98\x89K\xb12@\xc8\xf10{\x86\xb22@\x05o\xea\xc2\x19\x982@\xba\x9e|4Tb2@r\xb4\xb27\xd6\x112@\xd0R\xea\xe9\x8f\xa71@$W\xcbQ\xbe$1@\x02\xdd\x90\xad\xe7\x8a0@\x17>\xd1\xcd\xad\xb7/@u\xca\xf2s,3.@:\x89\x08?\xd2\x8c,@:\x89\x08?\xd2\x8c,@'
p13
tp14
b.