cnumpy.core.multiarray
_reconstruct
p0
(cnumpy
ndarray
p1
(I0
tp2
S'b'
p3
tp4
Rp5
(I1
(I25
I1
tp6
cnumpy
dtype
p7
(S'f8'
p8
I0
I1
tp9
Rp10
(I3
S'<'
p11
NNNI-1
I-1
I0
tp12
bI00
S'\x97\xc2\x19!a\x9b @l\xc63\xfb\xec\xe2"@\xd4D\x94\xc6\xca\x1c%@\xde\x93\xd5\x8dVB\'@Fn\x9d\xf9(M)@\x07S\xe7j*7+@k$\x7f\'\xa5\xfa,@\xa3KubV\x92.@\xea\xc8\xbc\xed}\xf9/@\xc4&\x113\xf6\x950@6\xed\xaa\xd7\x07\x131@\x04ld\xcd~r1@N\x17\xcdL>\xb31@c!\xd0/\x85\xd41@T;\xe21\xf0\xd51@\xd1M!\x18{\xb71@\xae\xcd\xf2\xbd\x80y1@\xac\x07\xfb\x05\xba\x1c1@\xd5\xe7\x95\xb2;\xa20@\x98}>,s\x0b0@\xea\x1c\x08\x7fD\xb4.@\xc0\xce\x80\xbe\xb3 -@~-d\xf5\xe7`+@\xb0\x1d\xbb\xf3\x18z)@\xb0\x1d\xbb\xf3\x18z)@'
p13
tp14
b.