cnumpy.core.multiarray
_reconstruct
p0
(cnumpy
ndarray
p1
(I0
tp2
S'b'
p3
tp4
Rp5
(I1
(I25
I1
tp6
cnumpy
dtype
p7
(S'f8'
p8
I0
I1
tp9
Rp10
(I3
S'<'
p11
NNNI-1
I-1
I0
tp12
bI00
S"Ri\xc6\x00\xd7\x92(@\x9b\x0601\x86$+@\n\x04~e\xca\xa6-@\xbe\x85N\xd7\x13\t0@\xc1\r\x867\xb3/1@\x0e\xae9q\xd4C2@\xe1J\x9a\xcc?B3@\x18\xa7mU\xfe'4@ /\x14\xb3b\xf24@\x10\xbc\xfa$\x11\x9f5@\xc6\x8f\xa5\x8b\x06,6@\x10\xe1Wi\x9e\x976@-\x00p\xc8\x97\xe06@\xb47\xda\xf8\x18\x067@\xa7Cr\x19\xb2\x077@\xc06\xc2e^\xe56@\xa46;D\x84\x9f6@X\xa2\xbd\x14\xf466@\xa7\xdf\xff\xc2\xe5\xac5@\xf4\x16\x12$\xf5\x025@\x9a\x94\xd6)\x1d;4@\x17\x9e\xbf\xfa\xb1W3@>\xecq\xffY[2@C\xcd\x04\xfb\x05I1@C\xcd\x04\xfb\x05I1@"
p13
tp14
b.