cnumpy.core.multiarray
_reconstruct
p0
(cnumpy
ndarray
p1
(I0
tp2
S'b'
p3
tp4
Rp5
(I1
(I25
I1
tp6
cnumpy
dtype
p7
(S'f8'
p8
I0
I1
tp9
Rp10
(I3
S'<'
p11
NNNI-1
I-1
I0
tp12
bI00
S'P|\x95\xf5\x98\xe0\x1e@0\xe6U\xf3l\xe2!@/\x1f\xe0\xd2\xdfE$@i!\xdd\x18\x85\x93&@\xb2k \xcf}\xc4(@\xe9\x0b\xfe\x88@\xd2*@\xdfWA\xe3\xac\xb6,@\xa8%\xce\xca\x1dl.@\x0e\xc6gSz\xed/@\xaf,1v"\x9b0@\x86"\xf1bT!1@\xac\x07Z\x9f\xc2\x871@CLR\x9c;\xcd1@V\x88\xc2\x1b\xf0\xf01@\x8f:\xce\x9au\xf21@\xfc\x15\x8f\x8f\xc7\xd11@\xff\x0c\x9fvG\x8f1@\xe7\xb5H\xb0\xbb+1@\x8f\x8c\xc10M\xa80@q_S\n\x84\x060@\xd8\xde\x8e\xb7\x85\x90.@Uoha\x82\xdf,@\x882\xe9\xc8\t\xff*@\xb6\xc1\x057\xb5\xf4(@\xb6\xc1\x057\xb5\xf4(@'
p13
tp14
b.