cnumpy.core.multiarray
_reconstruct
p0
(cnumpy
ndarray
p1
(I0
tp2
S'b'
p3
tp4
Rp5
(I1
(I25
I1
tp6
cnumpy
dtype
p7
(S'f8'
p8
I0
I1
tp9
Rp10
(I3
S'<'
p11
NNNI-1
I-1
I0
tp12
bI00
S'>\xde\xdf\x97\xd8\xb9+@\x8d\t\xf1\xb5\xca\x17.@\x9b\xb0\x03,\xc430@\x0c|\xfa#\x16Q1@\xd4M\xa0 \x88`2@T\x85\x93c\xf0^3@\xc2\xc5\xd5\x01XI4@g5\xb6\xbb\x03\x1d5@\xe8>\xbc"|\xd75@\xf8]D\xf5\x94v6@\xa6\xfe\xdb\x99s\xf86@\x16n\x06\xa7\x94[7@.\x81\xebf\xd0\x9e7@]rxI^\xc17@<\x80\xab:\xd7\xc27@0\x89\x11\xd66\xa37@\x14_\xe0s\xdbb7@|\xbc\x86\x0f\x85\x027@\x00i\xf9\nS\x836@\xd2\xf4i\xd5\xc0\xe65@\xa4fd\x7f\xa1.5@\xeb\\\x84I\x1a]4@\xee\xf0\xfd=\x9ct3@0\t\x12\xe8\xdcw2@0\t\x12\xe8\xdcw2@'
p13
tp14
b.