cnumpy.core.multiarray
_reconstruct
p0
(cnumpy
ndarray
p1
(I0
tp2
S'b'
p3
tp4
Rp5
(I1
(I25
I1
tp6
cnumpy
dtype
p7
(S'f8'
p8
I0
I1
tp9
Rp10
(I3
S'<'
p11
NNNI-1
I-1
I0
tp12
bI00
S"\xb7\xfc\xe1\xaa/\xba%@mE\xd4S\x89d'@t\x8f\xf9P\xe4\x04)@\xa0\x01\x83\x9cf\x96*@\xbe{jzb\x14,@0~cmdz-@B$\x0c~@\xc4.@\x8a\x1f\xc2\xac\x1e\xee/@T\r~4Cz0@\xd7\x8f\xf9u4\xea0@\xc0n\xdc+\x95E1@ \x85\xc2\xbfT\x8b1@eW\x01!\xa3\xba1@b\xfbT1\xf3\xd21@\xd9\xbb\xd7i\xfc\xd31@\xcc\xaf\\\xb3\xbb\xbd1@\xca\xde\xa7os\x901@\xb4qh\xb3\xaaL1@\xd4\xa7C\xb3+\xf30@B\x9e\xa2h\x01\x850@\xeaKJut\x030@N\xe2\n\x9e\x0e\xe0.@\x12\xcf\x99}\xe3\x98-@\x08\xb0\xba\x8175,@\x08\xb0\xba\x8175,@"
p13
tp14
b.