cnumpy.core.multiarray
_reconstruct
p0
(cnumpy
ndarray
p1
(I0
tp2
S'b'
p3
tp4
Rp5
(I1
(I25
I1
tp6
cnumpy
dtype
p7
(S'f8'
p8
I0
I1
tp9
Rp10
(I3
S'<'
p11
NNNI-1
I-1
I0
tp12
bI00
S'"2#Wm\xf6\'@~\x0b!\xb2\xb59*@Tf\xd5\x94io,@\xe6[\x8cu\xf1\x90.@\x18\xd0\x9d\xfb\xf8K0@\x96\xe8\x08p/?1@.k\xf9\x91F\x1f2@\x9e\xfe\x87\xe6\xa1\xe92@C\xa2\x15\xc8\xe5\x9b3@\x88B\x06o\xfe34@\xe6\x82\x18$&\xb04@N\x8c\xde\x89\xea\x0e5@8[\x92\xed0O5@5\xc1e\x929p5@<nz\xed\xa1q5@\xaf\xc6\xd7\xcbeS5@\xb1\x9d\xf1^\xdf\x155@\xd2u\x9a/\xc6\xb94@#\xe4\x83\xfa,@4@bQ\xae|~\xaa3@\x9c\xecT9y\xfa2@2\xbd\xf1E*22@R?\xdf+\xe7S1@\xa0&\xd8\xf1Fb0@\xa0&\xd8\xf1Fb0@'
p13
tp14
b.