cnumpy.core.multiarray
_reconstruct
p0
(cnumpy
ndarray
p1
(I0
tp2
S'b'
p3
tp4
Rp5
(I1
(I25
I1
tp6
cnumpy
dtype
p7
(S'f8'
p8
I0
I1
tp9
Rp10
(I3
S'<'
p11
NNNI-1
I-1
I0
tp12
bI00
S"\xc2d\xbe\x9a<\xf2#@l\x9a\xae\xb6{,%@A\xbex\xec\\_&@\x14\x8e\x85\xc9L\x87'@\x1e\xe2\xe3\x7f\xd8\xa0(@\x0c=\xc3/\xb8\xa8)@K\xe6\xdd\xb0\xd8\x9b*@\xb4\xb2\xa0\xbedw+@\xb4\xbd\xb3k\xcd8,@\xa0\x12\xae\xc3\xd1\xdd,@T80\x84\x85d-@RmW\xd9V\xcb-@&\x12m\x0c\x13\x11.@<{\xda\x16\xea4.@\x11\xc9\xb7\x0eq6.@\xd0\x99\xbae\xa3\x15.@z-\xcd\xf6\xe2\xd2-@\nr%\xe2\xf6n-@<\xc2B;\t\xeb,@.Q\xbe\x8f\xa3H,@\xba\xc6JQ\xaa\x89+@<1\x910W\xb0*@iC\xc2y2\xbf)@\x8aj\xa9\x86\x0b\xb9(@\x8aj\xa9\x86\x0b\xb9(@"
p13
tp14
b.