cnumpy.core.multiarray
_reconstruct
p0
(cnumpy
ndarray
p1
(I0
tp2
S'b'
p3
tp4
Rp5
(I1
(I25
I1
tp6
cnumpy
dtype
p7
(S'f8'
p8
I0
I1
tp9
Rp10
(I3
S'<'
p11
NNNI-1
I-1
I0
tp12
bI00
S',\x0eY\xa5\xd5-#@\\\x84\x17j\x14\xf2$@v\x96\x86\x1b\xb9\xab&@:\xf9>D\x9eU(@\xec\xb0?i\xcd\xea)@\xc6\xdc\xe0\xd7\x8df+@\xe4\x08y\xbbr\xc4,@\xe2\x15\xb1Ph\x00.@\xd9\xe5%\x0f\xc0\x16/@ \xcb\x87\xd2\x1d\x020@\xd5p\x15R\x0bc0@=\xea\x83a\x07\xad0@@\xd4\x0eM5\xdf0@\x9a\xddDd\xff\xf80@\x0b\xd4\x90\xb8\x18\xfa0@M6\xb8\x02~\xe20@\x12\xb1\xa2\xacu\xb20@\xdaZM\xff\x8ej0@JG\\w\xa0\x0b0@?\x04\x8b\x8a\x8a-/@\xbd;\x14\x01\xb4\x1a.@\xda\xc0\xaa/\xf1\xe1,@.1@\x14\xe7\x86+@\t\x050\xee\xa0\r*@\t\x050\xee\xa0\r*@'
p13
tp14
b.