cnumpy.core.multiarray
_reconstruct
p0
(cnumpy
ndarray
p1
(I0
tp2
S'b'
p3
tp4
Rp5
(I1
(I25
I1
tp6
cnumpy
dtype
p7
(S'f8'
p8
I0
I1
tp9
Rp10
(I3
S'<'
p11
NNNI-1
I-1
I0
tp12
bI00
S'\xed\xc1)\x94\x0e\xb5"@\xe4\xb3\xe5nX\x96$@l\x01\xdf\xe9Yl&@\xf6\xe1&\xf4\x981(@N\x86\x8b{\xcd\xe0)@\xfe\x1b\xef-\xf1t+@fU{vN\xe9,@\r\xc6\xfa\x89\x8e9.@M\xdeoX\xc6a/@\xf6g\xa6\x1eA/0@S)\xb7%h\x960@6\xf8\x10\x8b$\xe50@.i\x81n\x8b\x1a1@\x8cC\xa4\x82\xfd51@R\xc5\x19\xe8(71@V/\xc2!\n\x1e1@\x80\x08&\x1f\xec\xea0@\x95\x0c\xec\\g\x9e0@\x8c\x9c\xf7\x1d`90@@F\xf9\x84\x07z/@\x12Z\xf0\x89\x8aU.@\x04+\x0f\xcf\xb1\x08-@\xa8\x11\x07=^\x97+@\xba\x0f\x12\x8f\xdd\x05*@\xba\x0f\x12\x8f\xdd\x05*@'
p13
tp14
b.