cnumpy.core.multiarray
_reconstruct
p0
(cnumpy
ndarray
p1
(I0
tp2
S'b'
p3
tp4
Rp5
(I1
(I25
I1
tp6
cnumpy
dtype
p7
(S'f8'
p8
I0
I1
tp9
Rp10
(I3
S'<'
p11
NNNI-1
I-1
I0
tp12
bI00
S'/\xc7\xe8%\x16\xfe&@\xe4\xba|\x14\xbcX)@<\x8fSQA\xa5+@\x94\xc7|A\xca\xdc-@\xec\x7f\x0b\xe4\xb9\xf8/@\xb5\x8e:\xc6b\xf90@\x06\xb3\xab\xd3\x83\xe21@\xcfz\xd4\xa8\x08\xb52@\xa4V\xedF}n3@0uHs\xb8\x0c4@\x9c\xdd\xa5)\xe2\x8d4@\x04\xf8C\x1cy\xf04@D$D1W35@V\xa3\xfe\xef\xb4U5@\xf5\xae\x0c\xd4+W5@B\xb2\x19\x7f\xb775@<\\\xeb\xc5\xb5\xf74@>\xacy\x98\xe5\x974@ \xf4Y\xc8d\x194@:\xec\x1f\xb4\xac}3@|I\xa4\xe1\x8d\xc62@\x98\xf6N\x94*\xf61@:\xa0\x8ao\xf0\x0e1@|\xa8^8\x91\x130@|\xa8^8\x91\x130@'
p13
tp14
b.