cnumpy.core.multiarray
_reconstruct
p0
(cnumpy
ndarray
p1
(I0
tp2
S'b'
p3
tp4
Rp5
(I1
(I25
I1
tp6
cnumpy
dtype
p7
(S'f8'
p8
I0
I1
tp9
Rp10
(I3
S'<'
p11
NNNI-1
I-1
I0
tp12
bI00
S'\xeay$\xf1g3+@\xddC\x87IL\xdb,@\xef\xb0\xd7\xb6@y.@\\lH.9\x040@\x04\xb3K3\x1d\xc20@QS\xc8\xf4\x15t1@/\x12=\x8b\x10\x182@\x9c\x16\x10\xcd#\xac2@8>\xc5\x01\x96.3@\xf5\x8e\xae\x07\xe2\x9d3@7\xff\xbb\xdc\xbb\xf83@V\xc8\xe3|\x14>4@\xce\xcb\x98\n\x1dm4@4U\xe37I\x854@>_\xeb\xe8P\x864@\xa6\xd1\x13\x0b1p4@\xc0\t%\x9e+C4@\xf0Uk\xef\xc6\xff3@\xc3\xb3\x14\t\xcc\xa63@\x88\xf0xZD93@\x9f.I\xa0v\xb82@\xcc\xdb\xe0\x15\xe3%2@~\xa8\x13\xfb>\x831@-\xb2\xd3{o\xd20@-\xb2\xd3{o\xd20@'
p13
tp14
b.