cnumpy.core.multiarray
_reconstruct
p0
(cnumpy
ndarray
p1
(I0
tp2
S'b'
p3
tp4
Rp5
(I1
(I25
I1
tp6
cnumpy
dtype
p7
(S'f8'
p8
I0
I1
tp9
Rp10
(I3
S'<'
p11
NNNI-1
I-1
I0
tp12
bI00
S'\x9f\xb63\xa7\xb6.(@\xc7/\xc5\xc6W\\)@\x10\xb0k\xb8\xe6\x82*@\xb3\xd4\xff\xca\xf4\x9e+@zpz\xa22\xad,@K\xdf\xb2\x17z\xaa-@[31\x9d\xd7\x93.@Bt\x0e\r\x93f/@,\xb8\xcf\xe2\x1b\x100@\xcd\xa0[\xfeM_0@\xec\xbb\xd3\x99\xf3\x9f0@(\xed^\xdcK\xd10@\xcb\x8f\xe9\x92\xc3\xf20@C3A\xe7\xf6\x031@\x9f\xd2\xe6\x89\xb2\x041@3\x1a\x1fK\xf4\xf40@{!x!\xeb\xd40@N$\xb1\x9d\xf6\xa40@v%\xa6\xcd\xa5e0@0\xe5\x91\x91\xb5\x170@\xfdZ>\xd1\x1cx/@\xadp\xb4v\x83\xa7.@\x7f?.X\r\xc0-@\xd4\xb0\x9c\xedl\xc4,@\xd4\xb0\x9c\xedl\xc4,@'
p13
tp14
b.