cnumpy.core.multiarray
_reconstruct
p0
(cnumpy
ndarray
p1
(I0
tp2
S'b'
p3
tp4
Rp5
(I1
(I25
I1
tp6
cnumpy
dtype
p7
(S'f8'
p8
I0
I1
tp9
Rp10
(I3
S'<'
p11
NNNI-1
I-1
I0
tp12
bI00
S'\x18*\x8d\x12*\xd1(@\xd7\x1e2\xd5\x91\x8d*@l\xd1B\x91\x8e?,@\xbf\xd9\x0f\xa8\x11\xe2-@\xbbr\xd4\xa4:p/@\xa6\xf9z\xe4\xb2r0@\xa8\xdb\x93\xf1\x9c\x1e1@\xb3\xfe\x14\xa4\xda\xb91@D\xd58\xe3\x9cB2@~\xdf\x88\xb8K\xb72@\xf6>\xda\x10\x8b\x163@\x92\xc4\xa3\xca>_3@D\x07\x94\x05\x8e\x903@\xff\x17\x87\xa9\xe5\xa93@\xb8\xe3Q\x1d\xfa\xaa3@\x9eMF(\xc8\x933@\xedE\xcf\xfb\x94d3@\x9f2\x08e\xed\x1d3@\xf8e\xb7(\xa4\xc02@`\x98\x90\x8e\xcfM2@D\xfb\x12#\xc6\xc61@~?\xaf\xb9\x1a-1@\xe5\xd3\x1d\xbb\x97\x820@\xf3\t\xcc\x9bs\x92/@\xf3\t\xcc\x9bs\x92/@'
p13
tp14
b.