cnumpy.core.multiarray
_reconstruct
p0
(cnumpy
ndarray
p1
(I0
tp2
S'b'
p3
tp4
Rp5
(I1
(I25
I1
tp6
cnumpy
dtype
p7
(S'f8'
p8
I0
I1
tp9
Rp10
(I3
S'<'
p11
NNNI-1
I-1
I0
tp12
bI00
S',7^\xc4&\xf1\x1c@\x05\xda\xcc\xf8\xd1\xdc\x1f@0\xec\x1f\x15{[!@\xc43\x1f\xa3\x88\xbb"@8mgrw\n$@\x00\x0b\x13a`D%@Mj\xd2\x03\x9be&@\x89LV\x8f\xc8j\'@\xd2*\x19\xe6\xddP(@,\x92\x89\xac,\x15)@\xc0Z\x80Hk\xb5)@\xd2\xfa&\xb4\xbb/*@\xd2\xcf\xf2\x0f\xb1\x82*@o\x8b\x17\xe3S\xad*@@\xd7\xc1\xfd$\xaf*@"\xfc\x7f\xf4\x1e\x88*@\xa5\xbel0\xb68*@\xd05\xec\x93\xd7\xc1)@\xdc\x85\x06\xb8\xe5$)@`z\x9c\xca\xb4c(@\xf8|\xc9\x19\x85\x80\'@\x08"\xb9\\\xfc}&@\x8e\xb5\xf8\xcd\x1d_%@\xed\x9f\xd3.A\'$@\xed\x9f\xd3.A\'$@'
p13
tp14
b.