cnumpy.core.multiarray
_reconstruct
p0
(cnumpy
ndarray
p1
(I0
tp2
S'b'
p3
tp4
Rp5
(I1
(I25
I1
tp6
cnumpy
dtype
p7
(S'f8'
p8
I0
I1
tp9
Rp10
(I3
S'<'
p11
NNNI-1
I-1
I0
tp12
bI00
S'r\x94\xff%\xd4u(@\xa0\xb6\xb5\xc7N\x89)@\xe0\xfde+T\x96*@\xb9\xf8\xf9\xcd\xc1\x99+@P\x1f\x13\xca\x91\x90,@5U\xa3\xdc\xe3w-@`vA\xf9\x05M.@\x9e\x19\xa2T|\r/@\xfa\xf07\xcd\x08\xb7/@\x80\xfe\xf0\xcd\xd8#0@\xbe@Y\x9c\xe3^0@\x96\xf6\x1c\xb1\xf4\x8b0@I\xcd*\x9c\x85\xaa0@R\xe2!/;\xba0@\x82\x02R\x8d\xe6\xba0@+\xc7\x86\xb7\x85\xac0@a\x8d\xfc\x91C\x8f0@F\x82mdwc0@\x11s\xb4\xd5\xa3)0@\xa0!\x1c\xcc\xea\xc4/@T\x98\x06\xd9\x80\x1d/@\x08\xab\xf7:\xfd^.@{\xa5\xb4C\x98\x8b-@\xd6\xb7\xa0\x8e\xc8\xa5,@\xd6\xb7\xa0\x8e\xc8\xa5,@'
p13
tp14
b.