cnumpy.core.multiarray
_reconstruct
p0
(cnumpy
ndarray
p1
(I0
tp2
S'b'
p3
tp4
Rp5
(I1
(I25
I1
tp6
cnumpy
dtype
p7
(S'f8'
p8
I0
I1
tp9
Rp10
(I3
S'<'
p11
NNNI-1
I-1
I0
tp12
bI00
S'\xd0\xaa\xe1/\x90\xa0(@\xc0\x13Vgg&+@\xaa\xc0\x91\xb6\x1a\x9d-@~{\x19\xafP\xfd/@\x9c\x18\x88|\xf9\x1f1@\x8cy\xc6\xbb!/2@\xb8\x1b\xdf2\xf8(3@\t\x06m\x98\x93\n4@\x16\x87O\xebR\xd14@\xca\xeeJJ\xe5z5@>\x9a\xa4\xdcP\x056@0i\x1e\xb7\xf8n6@\xd61\xbc\xab\xa1\xb66@6\xb9\xf8\xf5u\xdb6@\x0eyu\xb8\x07\xdd6@\x9c\xed\xb6DR\xbb6@\xc0\xc1\x1b)\xbav6@t0\xe5\x04\x0c\x106@Lo\xcf%z\x885@F\x05W\xf6\x98\xe14@\xa6\xc8PGZ\x1d4@.S\xe3\x82\x07>3@\xf4\xe0/\xda:F2@6\x14\x04\x82\xd781@6\x14\x04\x82\xd781@'
p13
tp14
b.