cnumpy.core.multiarray
_reconstruct
p0
(cnumpy
ndarray
p1
(I0
tp2
S'b'
p3
tp4
Rp5
(I1
(I25
I1
tp6
cnumpy
dtype
p7
(S'f8'
p8
I0
I1
tp9
Rp10
(I3
S'<'
p11
NNNI-1
I-1
I0
tp12
bI00
S'\xaf\x906\xe9\x1ay(@4J\xbf\xbei\x0f*@\xba\x96J02\x9c+@\xab\xab\xe8\x9a\xd4\x1a-@W1x\x90\xdb\x86.@\x1eT\xa1$\t\xdc/@\x84\xee\x1d\xca1\x8b0@`v\xb0\x90 \x191@,\xc0c\x80)\x961@\xa3~\xe9\x9b\xd7\x002@S*\xf2\xa6\xecW2@\x00\xb8\x7f\xdbd\x9a2@\xe3\x8a\xd2\xf0y\xc72@\x14\xf8\xe8j\xa5\xde2@1\xde\xac+\xa2\xdf2@\xf0\x91"Am\xca2@\xc0\x0f2\xeeE\x9f2@\x03=\xf0\xed\xac^2@\xb4+\x9b\xf3b\t2@\xbe\xec\xc2kf\xa01@\xe1\xbcQ\x85\xf0$1@\xc4\x9cK\x8bq\x980@\x91\x8eP4\x19\xf9/@\x82\xc4){%\xa6.@\x82\xc4){%\xa6.@'
p13
tp14
b.