cnumpy.core.multiarray
_reconstruct
p0
(cnumpy
ndarray
p1
(I0
tp2
S'b'
p3
tp4
Rp5
(I1
(I25
I1
tp6
cnumpy
dtype
p7
(S'f8'
p8
I0
I1
tp9
Rp10
(I3
S'<'
p11
NNNI-1
I-1
I0
tp12
bI00
S'&"\xe3\x04\xce{*@\x04\x0f(%\xe0\xa3+@\x96\x91ds\x01\xc5,@\xa2@\xd9o\xd3\xdb-@\x8a\xa2\x15\\\x16\xe5.@\x95]!\xec\xb2\xdd/@\x94\x95~\xbfaa0@\xfd\xfc|a\xce\xc80@\x86S\x0f\xd6\xea#1@$\xccmR\xa7q1@\xc7\xa0\xcc\xf1\x1b\xb11@\xb4+\x1ei\x8b\xe11@8E\xc0;e\x022@4k\x80jG\x132@\x96\xf0\xf0\x97\xff\x132@T\'\xa7\x9e\x8b\x042@\nU\xa2\x97\x19\xe51@\x1bY\xc8P\x07\xb61@\xd4:\x125\xe1w1@\x0c^\xab\xa9`+1@\x8c\xea\xe4\xe4i\xd10@\xdf0oE\tk0@\x15\xb8\x8fc\xe0\xf2/@\x015b\x12\xe3\xfb.@\x015b\x12\xe3\xfb.@'
p13
tp14
b.