cnumpy.core.multiarray
_reconstruct
p0
(cnumpy
ndarray
p1
(I0
tp2
S'b'
p3
tp4
Rp5
(I1
(I25
I1
tp6
cnumpy
dtype
p7
(S'f8'
p8
I0
I1
tp9
Rp10
(I3
S'<'
p11
NNNI-1
I-1
I0
tp12
bI00
S'\xcc\xb1\x97\x85\x97Y(@\x9a\xa4Nnp\xad)@\x8e\x03Q\xcdQ\xf9*@~\xce\xd1\x9b]9,@\xda\ru \xd9i-@\xb3*U\x0f8\x87.@g\xf5\x88\x1f\'\x8e/@\xa1\xcfK\xfb\xca=0@\x90\xa0!&`\xa60@G\x12\xb3\x15\x9b\xff0@\x1a\xfb\xa1\x9bqH1@Y5\xcfo\n\x801@\xf4\xfa\x85\xb8\xbf\xa51@P\xbf:\xf9 \xb91@g\xa9\x19b\xf4\xb91@\xfb\xaf{|7\xa81@{\xe3?2\x1f\x841@y\xf9\xf2/\x17N1@\x86\xf7\x9b\xa3\xc0\x061@\\(\xec[\xf0\xae0@(\xa9lM\xacG0@\x07\x92\x1e\nQ\xa4/@v\x9f{"\x87\x9f.@\x98\xe49\xd8\x04\x84-@\x98\xe49\xd8\x04\x84-@'
p13
tp14
b.