cnumpy.core.multiarray
_reconstruct
p0
(cnumpy
ndarray
p1
(I0
tp2
S'b'
p3
tp4
Rp5
(I1
(I25
I1
tp6
cnumpy
dtype
p7
(S'f8'
p8
I0
I1
tp9
Rp10
(I3
S'<'
p11
NNNI-1
I-1
I0
tp12
bI00
S'\x7f\xa9\xca\xa5K.(@\x06BQ:\x01\xd3)@y[s\xfd\xd9m+@\xd2\xb74X\x0c\xfa,@K\xe8_g\xfar.@4d1\xc1?\xd4/@\xab\x99\xc7G\xdf\x8c0@\xac\xa1\xdb\xeb\xd5\x1f1@\xe8EaeM\xa11@\xff;\x9e~\xc3\x0f2@\xb3\x07\xaa\xb3\xeei2@z\xa2f\t\xc2\xae2@u\xed\xe4/p\xdd2@eS\xdb\xe6m\xf52@F\x93\x0b\x9ds\xf62@$\x89\xc0E~\xe02@n\x18\xe7a\xcf\xb32@j\x14\xa7<\xecp2@\xd4\r\xc3]\x9c\x182@0,a6\xe7\xab1@\x81\xa6,\x0f\x11,1@\x86+\xf8@\x97\x9a0@\x88\xe9M\x86W\xf2/@\x02\x15<:`\x93.@\x02\x15<:`\x93.@'
p13
tp14
b.