cnumpy.core.multiarray
_reconstruct
p0
(cnumpy
ndarray
p1
(I0
tp2
S'b'
p3
tp4
Rp5
(I1
(I25
I1
tp6
cnumpy
dtype
p7
(S'f8'
p8
I0
I1
tp9
Rp10
(I3
S'<'
p11
NNNI-1
I-1
I0
tp12
bI00
S'/\xb1\x84\xee\xe9\xd9&@:\xc9\xd2\xa8E\xcf(@xNC\x91\xe0\xb8*@c\xa0\x80\x1f\x06\x91,@B\xc7\xa7\xdf5R.@^]\xd0\xdb3\xf7/@|\x94\xa1\x1c\x8c\xbd0@%\xb1e\xed\xael1@?\x89=\xee\xf7\x062@\xad\xd1T\xe0\x9a\x8a2@\x90/\xed\x14\x0f\xf62@\x91\xd0\xc5\x00\x14H3@\xd7\xf5P\xf8\xb4\x7f3@@\xfe\x92\tL\x9c3@\xa0\xab)\xeb\x83\x9d3@ \xed\xb6\xfaX\x833@2<\xb8G\x19N3@\xf14\xaa\xaac\xfe2@\xb6\x0e/\xeb%\x952@=}\xbd\xfa\x99\x132@\xe4\xed\x1bLB{1@K\xd7\x91R\xe5\xcd0@\xea\x06>6\x88\r0@\n\xf5\xbb\x9a\xd1x.@\n\xf5\xbb\x9a\xd1x.@'
p13
tp14
b.