cnumpy.core.multiarray
_reconstruct
p0
(cnumpy
ndarray
p1
(I0
tp2
S'b'
p3
tp4
Rp5
(I1
(I25
I1
tp6
cnumpy
dtype
p7
(S'f8'
p8
I0
I1
tp9
Rp10
(I3
S'<'
p11
NNNI-1
I-1
I0
tp12
bI00
S"\n\x19\x87\xc6$\xaa\x1f@{f=\x0ckw!@p\xfa&\x12\xf5\x0f#@\x12R=\xc0\xed\x99$@\xf3\xd7\xad\xd6\xbd\x10&@\x8f\x05t<\x07p'@|*\xba\x06\xb2\xb3(@I\x97\xdf\xae\xf8\xd7)@\xd6\xfb\xb6Rs\xd9*@\xd0\xf7l\xdd!\xb5+@\xa2)\xc8\xfath,@\xb5\xbe\x0f\xbaU\xf1,@\x8c\xe3\xd0\xc9+N-@\x84\xc2\xea9\xe2}-@B\x88\xaf\xb5\xea\x7f-@\xa3\x04z,?T-@\x18V\xc5\xe3a\xfb,@\xb8\xa6\x90\xf2[v,@\xeb<\x96*\xba\xc6+@\x97\xd9\x8cx\x88\xee*@L\x99>\xc9K\xf0)@\xfa\xa2\xab\x85\xfa\xce(@T\xb0\xa3\xbc\xf3\x8d'@4]3\x14\xf50&@4]3\x14\xf50&@"
p13
tp14
b.