cnumpy.core.multiarray
_reconstruct
p0
(cnumpy
ndarray
p1
(I0
tp2
S'b'
p3
tp4
Rp5
(I1
(I25
I1
tp6
cnumpy
dtype
p7
(S'f8'
p8
I0
I1
tp9
Rp10
(I3
S'<'
p11
NNNI-1
I-1
I0
tp12
bI00
S'g?\x9b\x81\xdc.)@\x8c\xca\xe5F\x1bT+@\xceh\xaf\xd7yl-@\xd4x0+\xb8q/@\xa2>B\xa3\xe7\xae0@\xc76\xc0\x9b\x81\x951@\xe6\xe7\xd9\x17\xfai2@\x86\xd6FF\xd7)3@\xc4/i\xce\xdc\xd23@\xfd\xe8\xa8{\x12c4@\x0c\xe9\x89\x1d\xca\xd84@jj\xf6\x8a\xa425@\xcal\xc9\xb9\x95o5@\x9cOd\xde\xe7\x8e5@d[\xfe\x89=\x905@\x08x\\\xc1\x92s5@\x08\xa0\xb1\x08=95@\x99\xa2\x84d\xea\xe14@\xb02\x94R\x9fn4@\x8e\xce\xc5\xc0\xb3\xe03@\xd6\x8d-\x0b\xcf93@_c#\r\xe3{2@\xa05\x1dT&\xa91@\x81\x1f\x9c\x85\r\xc40@\x81\x1f\x9c\x85\r\xc40@'
p13
tp14
b.