cnumpy.core.multiarray
_reconstruct
p0
(cnumpy
ndarray
p1
(I0
tp2
S'b'
p3
tp4
Rp5
(I1
(I25
I1
tp6
cnumpy
dtype
p7
(S'f8'
p8
I0
I1
tp9
Rp10
(I3
S'<'
p11
NNNI-1
I-1
I0
tp12
bI00
S'\xe9\xbe\x16\xbc\xb6\x97,@\xe8:\xc8\x1c\xc1D/@\xbbjp*\xde\xf00@\xca-\xfaan32@\x9f&Q\xf9Nf3@T\xbe\xb6\x7f\xec\x854@j\xa83\xfa\xec\x8e5@z\x07\x05\xe39~6@h\x1a\xce_\tQ7@\xd0\xc1\x13\x93\xe6\x048@\xb0q1\xf0\xb8\x978@\xc0l\xeb{\xca\x079@\x9e\xa6\xf7\xe6\xccS9@\x80\xccCs\xddz9@^\x81Y\x98\x87|9@ \x12\xff^\xc6X9@I\xa1\x07p\x04\x109@\xb5\x99&\xd6\x1a\xa38@,\x8c{vN\x138@\x1e\xe0aGLb7@.\x83\xcfP$\x926@\x8a\xd5+\x85C\xa55@\xa7\xa8\xf9\x84l\x9e4@6\xfc\xe9b\xaf\x803@6\xfc\xe9b\xaf\x803@'
p13
tp14
b.