cnumpy.core.multiarray
_reconstruct
p0
(cnumpy
ndarray
p1
(I0
tp2
S'b'
p3
tp4
Rp5
(I1
(I25
I1
tp6
cnumpy
dtype
p7
(S'f8'
p8
I0
I1
tp9
Rp10
(I3
S'<'
p11
NNNI-1
I-1
I0
tp12
bI00
S'\xcdiR\x8c=\xed(@\x08b\x13\x00k\xf9*@\xc7\xd0\xcf\xafN\xf9,@\xb4\x89^\x99\xf1\xe6.@\xac\xfe\xed\x96I^0@\x88\xc16=]:1@\x82T\xb3=#\x052@\x96\xe6\x8e\xb4>\xbc2@d\xe2eh\x8d]3@V\x80\xb4\'.\xe73@4\\Gd\x86W4@\x13\x05\xf4\xfbF\xad4@\xf6\x15T p\xe74@t\x8f\xdcQT\x055@1\x15me\x9a\x065@\xe2"O\x8e>\xeb4@6\xbb\x8bi\x92\xb34@\xac\xc0u\n<`4@\xf2:?\x0b4\xf23@tg_\xa7\xc2j3@\t\xd7m\xe8{\xcb2@\x1bw\xdb\xf0:\x162@/\xf7\x94r\x1cM1@T\xa9\x12bxr0@T\xa9\x12bxr0@'
p13
tp14
b.