cnumpy.core.multiarray
_reconstruct
p0
(cnumpy
ndarray
p1
(I0
tp2
S'b'
p3
tp4
Rp5
(I1
(I25
I1
tp6
cnumpy
dtype
p7
(S'f8'
p8
I0
I1
tp9
Rp10
(I3
S'<'
p11
NNNI-1
I-1
I0
tp12
bI00
S'\xfb\x9d\xb9^=\x8a\x1c@\x00\xc8\x15Kf\xb7\x1f@\x9c\xda\xdf\x95\xbfh!@\xd6\x04\x96\x92\xa3\xe7"@8\xbc\xf1\xe9\xe8S$@\xcb\xf2\x83\xf5P\xa9%@uk\xbbC\xe1\xe3&@\xaa\xbc\xfeu\xef\xff\'@\xe44\xe8/,\xfa(@(H\x05\xf7\xac\xcf)@\x8f\x0b\xa5\xe5\xf4}*@0\xff\xc2\x16\xfc\x02+@T\x8a\xea\xb45]+@\x0e\xbc\x00\x9a\x94\x8b+@\xbe\xf9(r\x8e\x8d+@\xa3\x82iX\x1dc+@\x06\xd6@\xe8\xbf\x0c+@\xf1\x87\xf7\xc3w\x8b*@D+\x15\x94\xc6\xe0)@\x10\xf2\xec\x88\xa9\x0e)@\xdc\xe7\xa9k\x93\x17(@\xef\xee\x8dPe\xfe&@\xfa!-\x00f\xc6%@\xb3\xb5D18s$@\xb3\xb5D18s$@'
p13
tp14
b.