cnumpy.core.multiarray
_reconstruct
p0
(cnumpy
ndarray
p1
(I0
tp2
S'b'
p3
tp4
Rp5
(I1
(I25
I1
tp6
cnumpy
dtype
p7
(S'f8'
p8
I0
I1
tp9
Rp10
(I3
S'<'
p11
NNNI-1
I-1
I0
tp12
bI00
S"\xa2\x8a\x83\xb5+\xae'@9\xc3\xdf\xa4V<*@6\x9f\xda\xb2+\xbb,@lR\xf4.9#/@\x10\xa0]\xae\xa8\xb60@55\xf5\xeeO\xc91@~2\xf8\x08_\xc62@\xde8\x0c\x17\xe3\xaa3@\xe5\xfe\xafj2t4@\xcc\x97\xbe}\xf4\x1f5@\xfc\x1f\xd9\xf1(\xac5@i\xe0\xd6\x88-\x176@\x90sl\x04\xc3_6@*\x12\x80\xde\x10\x856@\xfc&\x12\xcf\xa7\x866@H]3\x18\x83d6@\x82\xe5)\x94\x08\x1f6@\x93\xbd\x9b\x85\x07\xb75@$ZH-\xb6-5@$\x0e\x86,\xae\x844@D\x10L\xbf\xe7\xbd3@*T\x06\xdc\xb3\xdb2@\x8bI\xbaJ\xb5\xe01@]&\x19\xc8\xd8\xcf0@]&\x19\xc8\xd8\xcf0@"
p13
tp14
b.