cnumpy.core.multiarray
_reconstruct
p0
(cnumpy
ndarray
p1
(I0
tp2
S'b'
p3
tp4
Rp5
(I1
(I25
I1
tp6
cnumpy
dtype
p7
(S'f8'
p8
I0
I1
tp9
Rp10
(I3
S'<'
p11
NNNI-1
I-1
I0
tp12
bI00
S'\xb5\xb1^\xd9P\x8a\x1c@\xc9QA\x9bZ; @\xfc\xc4\xf2\xf0\xc6%"@@L\xb1t\xb6\xfe#@\xea\x11$X\xa6\xc0%@\x81\xea8hXf\'@\xc0\xb9\x08\xb1\xe2\xea(@\xd11k&\xbeI*@>\xad\x7f%\xd4~+@\x0e\x07\xe1\xa6\x8a\x86,@\x1a\xa7"\xfd\xce]-@c\xd3\x89\xff\x1e\x02.@\xa9\xcd\xaa\x85\x90q.@\x1cN\x97\x1d\xd7\xaa.@\x14\x8c\x94\xebG\xad.@\xbcy\xca\xa7\xdbx.@I\xc4\xfb\xb3.\x0e.@\xc0\xce\x05I\x7fn-@\x1bC\x98\xc1\xa9\x9b,@\xef\x034\r#\x98+@\x85w\x00\\\xf1f*@Z\xefS\x19\xa3\x0b)@\xc6\x80\xd8OD\x8a\'@\x8d\xee\xf2\x96R\xe7%@\x8d\xee\xf2\x96R\xe7%@'
p13
tp14
b.