cnumpy.core.multiarray
_reconstruct
p0
(cnumpy
ndarray
p1
(I0
tp2
S'b'
p3
tp4
Rp5
(I1
(I25
I1
tp6
cnumpy
dtype
p7
(S'f8'
p8
I0
I1
tp9
Rp10
(I3
S'<'
p11
NNNI-1
I-1
I0
tp12
bI00
S"\x997\xc8_cC+@\x8dE\xc6\xc0^\x80-@q\x93~y\xeb\xaf/@\x04\xb8\x8a-\xc2\xe50@\x90\xb8\xe5\xddo\xe61@3\xc5_\x1c\x01\xd72@\xe7\xc4\x17G\xa8\xb43@+\xc0}(\xd0|4@\xa2\xfd\xc3\xab#-5@\xf8\x91\x03\xd2\x94\xc35@\x17\x17S\xd3b>6@\x01\xd2\x86Y\x1f\x9c6@\xb2\xac\x00\xc5\xb2\xdb6@\xfa\x10\xd4n_\xfc6@\x1aU\x85\xde\xc3\xfd6@5\x0e\xcd\xec\xdb\xdf6@\xaa\xe9\xfb\xcf\x00\xa36@\x96\x17\xda\x11\xe8G6@\xa3'\x1cr\xa1\xcf5@F\xd0\xbc\xbb\x93;5@7\xdc\xad\x96x\x8d4@3\x10YbW\xc73@T<K(\x7f\xeb2@\x18B\x17\xb9\x7f\xfc1@\x18B\x17\xb9\x7f\xfc1@"
p13
tp14
b.