cnumpy.core.multiarray
_reconstruct
p0
(cnumpy
ndarray
p1
(I0
tp2
S'b'
p3
tp4
Rp5
(I1
(I25
I1
tp6
cnumpy
dtype
p7
(S'f8'
p8
I0
I1
tp9
Rp10
(I3
S'<'
p11
NNNI-1
I-1
I0
tp12
bI00
S"\xac\x87#\xc9'\x08$@\xfd\x81\xfe\xcc\xf2&&@`0\x16U\x049(@\xa4Fs$/8*@\x07\x0cm`~\x1e,@\xb4xmUG\xe6-@b?\x81^:\x8a/@b$\xa3^\xb9\x820@\x82\xb9z\x99\xc2)1@\x17\xd8}\x97F\xb81@\xa4\xe7\xe75\x9c,2@\x9c\\\xb0kh\x852@\xea\xdf\xc6T\xa2\xc12@hNDH\x96\xe02@\x82[[\xf0\xe7\xe12@(\x16\xca]\x93\xc52@^\xa4\x96\x13\xed\x8b2@\x1a2\xf4\n\xa152@\xc2 @\xb2\xb0\xc31@\x08\xd2\x11\xedo71@\xeb\xe0O\x1e\x81\x920@<\xc46\x90\xa0\xad/@\xcb\x998\xa0\x1a\r.@\xaa\xa5\x92\xf2JH,@\xaa\xa5\x92\xf2JH,@"
p13
tp14
b.