cnumpy.core.multiarray
_reconstruct
p0
(cnumpy
ndarray
p1
(I0
tp2
S'b'
p3
tp4
Rp5
(I1
(I25
I1
tp6
cnumpy
dtype
p7
(S'f8'
p8
I0
I1
tp9
Rp10
(I3
S'<'
p11
NNNI-1
I-1
I0
tp12
bI00
S'|\x83\xde\xcal\xac @8w\x13\x7f\xc9\xf9"@\xbc\xf9t=U9%@B\']\x1f[d\'@\x02\x07\xdavct)@\xdb\xef\xb4\x19Gc+@\xaclK\xbcA+-@\x7f\x93x%\x03\xc7.@\x06\xca\x1e\x84\xdf\x180@p\x94\xf0\xa9\x9d\xb30@\xc6\xc4\xe9g\xee11@\x9b\xe6\xdc\xeeX\x921@x\x99\xc4\xa0\xbd\xd31@\xec\x02\xc0jY\xf51@\x0f\x9d\xfe\n\xc8\xf61@(v\xd3;\x05\xd81@\x01\xb7s\xc0l\x991@\x82k:S\xb9;1@\xc0 \xa2x\x02\xc00@:\xffq=\xb9\'0@\xc9}\xab\xd3G\xe9.@\x80\x1ail\xb1Q-@\xd0\xe7"#o\x8d+@XQ\x0e\x18\xc6\xa1)@XQ\x0e\x18\xc6\xa1)@'
p13
tp14
b.