cnumpy.core.multiarray
_reconstruct
p0
(cnumpy
ndarray
p1
(I0
tp2
S'b'
p3
tp4
Rp5
(I1
(I25
I1
tp6
cnumpy
dtype
p7
(S'f8'
p8
I0
I1
tp9
Rp10
(I3
S'<'
p11
NNNI-1
I-1
I0
tp12
bI00
S'\x98\x10\xbe\x8d\xdb%#@L\x93s\xd2\xf5\xce%@ \xf4\x90\x90\x18h(@\xb8[p\xa0\x83\xe9*@tX\xbf\x9a\xbdK-@\xa2<V$\xaa\x87/@\x9b\xfa>\x92O\xcb0@q\xb2.S<\xb91@~\n \x95\xd5\x8a2@6\xde\x08\x18\xaa=3@pf\xdbd\xa4\xcf3@\x02\x0c\xe5\x04\x11?4@\xda\x95\xd4\x94\xa3\x8a4@\xdf\x99D\xa4z\xb14@jW<V"\xb34@\\\xd9\xd0\xba\x95\x8f4@0U\xdf\xdd>G4@\xbf\xd7\xb4\x8a\xf5\xda3@\xa2\xeeR\xc8\xfcK3@b\x9c\xd1\x15\xff\x9b2@B$\x19r\t\xcd1@T\xfa\xc6=\x85\xe10@\x14U\xfb\x12b\xb8/@\xe9=+\xcc0\x80-@\xe9=+\xcc0\x80-@'
p13
tp14
b.