cnumpy.core.multiarray
_reconstruct
p0
(cnumpy
ndarray
p1
(I0
tp2
S'b'
p3
tp4
Rp5
(I1
(I25
I1
tp6
cnumpy
dtype
p7
(S'f8'
p8
I0
I1
tp9
Rp10
(I3
S'<'
p11
NNNI-1
I-1
I0
tp12
bI00
S'\x07\xcaYS\x08\x95(@6\xdd\x8f\xba\x93\x0b+@\x92$\xaa\x05Ws-@r\xb2\x88U%\xc5/@\xb0\xeer\xa5\t\xfd0@NJ>\xd5\xc5\x052@\t\xe1\x1b\x80\xb1\xf92@\x9f\x1bk\x03\xf5\xd53@T\xf7\x8dN\xff\x974@v?\xfd\x8a\x8d=5@\xd0K\x01\xdb\xb1\xc45@\xd4O\xf0\x1a\xd9+6@\xf8k\xc7\x93\xcfq6@N\x0e\x1b\x91\xc4\x956@\x94X\xac\xcfL\x976@\xe4Sb\xbdcv6@\x1ep\xec\x86k36@\x9d\xa2\xe5\xf2+\xcf5@\x88\xc6\xe1\r\xd0J5@\xad\x01W\xae\xe2\xa74@<Z\xc8\xdaI\xe83@\xa3\x10\xeb\x1fA\x0e3@~\xc6\xab\xe7R\x1c2@$\x8b\xf1\xe4P\x151@$\x8b\xf1\xe4P\x151@'
p13
tp14
b.