cnumpy.core.multiarray
_reconstruct
p0
(cnumpy
ndarray
p1
(I0
tp2
S'b'
p3
tp4
Rp5
(I1
(I25
I1
tp6
cnumpy
dtype
p7
(S'f8'
p8
I0
I1
tp9
Rp10
(I3
S'<'
p11
NNNI-1
I-1
I0
tp12
bI00
S'\xe5I\xec\xb3<\xe9&@\xeb\x80\xc6\x1c/\xa7(@\xf46\xa0>\xadZ*@\xdb\xbe\x1d\xfd\xa3\xfe+@\xd1\xd3\xcc\x8e.\x8e-@`YO\x16\xa5\x04/@\\\xdb\xe4B\xd5.0@\x0cT\x93\xd1\x9c\xca0@%\r.\x83\xd8S1@4\x19\xf5\xf6\xee\xc81@\x02\xf6\xa2\xe4\x82(2@\xb4\xaf\\.wq2@\x13\xa883\xf2\xa22@\n\xd1rX`\xbc2@N\xb9\xbd\xc1u\xbd2@\xf1\xea\x8e3/\xa62@\xd9\x8a\xc3\x1c\xd2v2@\xf7t\x80\xc7\xeb/2@\xed\xb3\xb7\xb3O\xd21@`\xa2< \x15_1@)\xcd\xc0\xc9\x93\xd70@\x1f\x88n\xe9_=0@\xe8\x19(\xfe\x8a$/@\x16y\xd8\xe9\x85\xb0-@\x16y\xd8\xe9\x85\xb0-@'
p13
tp14
b.