cnumpy.core.multiarray
_reconstruct
p0
(cnumpy
ndarray
p1
(I0
tp2
S'b'
p3
tp4
Rp5
(I1
(I25
I1
tp6
cnumpy
dtype
p7
(S'f8'
p8
I0
I1
tp9
Rp10
(I3
S'<'
p11
NNNI-1
I-1
I0
tp12
bI00
S'\xa16\x88u[2#@fg[X\xb7\x8b%@\\\xe3(F\xfa\xd6\'@\xd4myeL\r*@\xd9\x96\x90T\x14(,@\xd2\x89\xfd\xd8\n!.@\x16\xc4\x19\x9aM\xf2/@\x98\xa9KW8\xcb0@}\xfa`dG\x841@m0\x9a\xe8+"2@\xebl8\xe2\x0e\xa32@\xf0\xfb}\xd6o\x053@\xf2p\x9dL)H3@6\x16-9tj3@h#\xebO\xeak3@{z\xe74\x87L3@\x11\x97\x84\x89\xa8\x0c3@\x06\xe6(\xd5\x0c\xad2@l\xb7\xe1L\xd1.2@\xaaD\x97\x80n\x931@\x0b\xca\xbb\xf7\xb3\xdc0@\x83\xa5\x8c\xca\xc2\x0c0@\xe7\xa5\x04\x90\x0eL.@\x90\xe7\xc3vcV,@\x90\xe7\xc3vcV,@'
p13
tp14
b.