cnumpy.core.multiarray
_reconstruct
p0
(cnumpy
ndarray
p1
(I0
tp2
S'b'
p3
tp4
Rp5
(I1
(I25
I1
tp6
cnumpy
dtype
p7
(S'f8'
p8
I0
I1
tp9
Rp10
(I3
S'<'
p11
NNNI-1
I-1
I0
tp12
bI00
S"\xf6\xff\x94\x17\xd0\xf5%@\xae\x9ez\xeb\x1b\x93'@\x97\xad\x08k\xb7&)@\xce\x85\xb3\x97\xee\xab*@\xa6\t\x94a8\x1e,@r\x01\xf3.Dy-@\x0eof\xbb\x06\xb9.@\xa8>\x1b(\xc6\xd9/@J[\xa7\x8c\x12l0@\x83\xae\xe7_\x96\xd80@\x8c$J\xd8*11@,2\x05\xb8\xc7t1@\x910KM\xa3\xa21@\xd4E\xf6\xcb4\xba1@\xb2d\x9c\xe55\xbb1@\xe7\x0eJ\x9b\xa3\xa51@#6rF\xbey1@\xac\x92\xf8\xd8\x0881@S\x11\x93VG\xe10@\xc4\x98\x0f\x8c|v0@\xf0\xe0\x9c\x16\xce\xf1/@b\x95\xe0\xe9\xfa\xd3.@<\xa7\x955\xd4\x96-@b\x00S\x10\x0c>,@b\x00S\x10\x0c>,@"
p13
tp14
b.