cnumpy.core.multiarray
_reconstruct
p0
(cnumpy
ndarray
p1
(I0
tp2
S'b'
p3
tp4
Rp5
(I1
(I25
I1
tp6
cnumpy
dtype
p7
(S'f8'
p8
I0
I1
tp9
Rp10
(I3
S'<'
p11
NNNI-1
I-1
I0
tp12
bI00
S"\xeb\xb4\\@{\xb1!@\xb5\xc2\x84\xf0`%#@\xd8\xfcT\xbf\x8e\x90$@T\\=H\xc9\xee%@\xa4\xbbi\xc8\xfb;'@`\xa8]KDt(@\xc25\x01@\xff\x93)@\xd4\xd2\x91S\xd2\x97*@\xb7T\x15r\xb6|+@\xd4,y\xce\x00@,@\xaa\x8al\xd7j\xdf,@\x04P9\x01\x19Y-@\x1f\xb3[P\xa0\xab-@e\xc7P\x94\n\xd6-@\xb2\xd2\xfdE\xd9\xd7-@\x96\xa5!\x01\x07\xb1-@F\x05j\x94\x07b-@\x97,\xfd\xa7\xc6\xeb,@f\xef}\xfe\xa4O,@|\x8f\xbbXt\x8f+@\x18fP\x08r\xad*@\xf6\x04`A@\xac)@\xa9\xa5b?\xde\x8e(@\xc0~mT\x9fX'@\xc0~mT\x9fX'@"
p13
tp14
b.