cnumpy.core.multiarray
_reconstruct
p0
(cnumpy
ndarray
p1
(I0
tp2
S'b'
p3
tp4
Rp5
(I1
(I25
I1
tp6
cnumpy
dtype
p7
(S'f8'
p8
I0
I1
tp9
Rp10
(I3
S'<'
p11
NNNI-1
I-1
I0
tp12
bI00
S'\xb0\x8bW\xe3y\x8c(@H\x14"\x9a\xa1Q*@jA\xa1\xc7)\x0c,@,\xc9\xd2O\xea\xb6-@\xb2TM)\xeaL/@O\xb9i\x19\xb7d0@\xaa\x10\x1d\xa8\x03\x141@\x1f\xaeD\xd2O\xb21@\x8b\xc9\xf0`\xc3=2@E\x91eU\xbe\xb42@\x8a\xc4\r\xc2\xdd\x153@zRB\xed\xff_3@5\x90\x90\xb1G\x923@x\xd2l\x11\x1f\xac3@\xec{\xa1\xf68\xad3@\xc6\xc4C\x18\x92\x953@EA\x80\x04qe3@\xe4\xeb!Ne\x1d3@\xa6\x8eG\xe0E\xbe2@d,E}.I2@H\xed)p|\xbf1@\xc8\xaa\xc7z\xca"1@\xe6c`\x0c\xect0@h\xad\x81\x9e\xcfo/@h\xad\x81\x9e\xcfo/@'
p13
tp14
b.