cnumpy.core.multiarray
_reconstruct
p0
(cnumpy
ndarray
p1
(I0
tp2
S'b'
p3
tp4
Rp5
(I1
(I25
I1
tp6
cnumpy
dtype
p7
(S'f8'
p8
I0
I1
tp9
Rp10
(I3
S'<'
p11
NNNI-1
I-1
I0
tp12
bI00
S"b\x8e;>\x12\x96#@\xef \x97d\xf9A&@8t\x1b6\xd8\xdd(@7b\xc0b\xe6a+@@\xf2H\xa5\xa2\xc6-@s2I\x93t\x020@\x10\xc9\x16e\x04\x0b1@\xde\x85\\\x92\xeb\xf91@\xd8\xb47pa\xcc2@\xb1\xde\x85,\xf2\x7f3@N6\xbc\x1e\x86\x124@\xbfb\xd1\x05h\x824@\xa3\xf0\x9a J\xce4@\x94ck\x11J\xf54@>\xe5V\x81\xf3\xf64@\x8a0@{A\xd34@'q\xa2z\x9e\x8a4@\xc6\xf9\xeb-\xe3\x1d4@\\a\x1d\xf0S\x8e3@\xa8:5\x01\x9d\xdd2@f\xc4\xae\x88\xcd\r2@\x8fy\xf6pQ!1@\x81\x89'.\xea\x1a0@\xc4m=\x0bM\xfb-@\xc4m=\x0bM\xfb-@"
p13
tp14
b.