cnumpy.core.multiarray
_reconstruct
p0
(cnumpy
ndarray
p1
(I0
tp2
S'b'
p3
tp4
Rp5
(I1
(I25
I1
tp6
cnumpy
dtype
p7
(S'f8'
p8
I0
I1
tp9
Rp10
(I3
S'<'
p11
NNNI-1
I-1
I0
tp12
bI00
S'\xf1\x8d\xe1\x1b\xbbm!@\xdb\r\xd3\xb7\x83Y#@\xff\x99\xe3\xf7\xc49%@L488\xe6\x08\'@\x15\xc8\xca\xea\x81\xc1(@\xfa\xf9\xb4\xb0u^*@\xfa\x8e\x10\xab\xf1\xda+@\xe2\x1d\xbd\xd5\x862-@\xea\xe48A4a.@c\x80\x18\x04sc/@]j>` \x1b0@r-\x12O\x94k0@\xe5=(O%\xa20@{\x83\xd1\x990\xbe0@{2\xa2\x86b\xbf0@\x87\xc0\x00\x85\xb7\xa50@\xea@\xc8&|q0@go\xde;L#0@C\x94\xcd\x02"x/@\xda\x88\xfa\xd3\xfcy.@,:(\x0e\x1fO-@~hR<\x04\xfb+@#?\x00\xee\xa2\x81*@\xff\x9e\xbf\xe4`\xe7(@\xff\x9e\xbf\xe4`\xe7(@'
p13
tp14
b.