cnumpy.core.multiarray
_reconstruct
p0
(cnumpy
ndarray
p1
(I0
tp2
S'b'
p3
tp4
Rp5
(I1
(I25
I1
tp6
cnumpy
dtype
p7
(S'f8'
p8
I0
I1
tp9
Rp10
(I3
S'<'
p11
NNNI-1
I-1
I0
tp12
bI00
S'73\xbc\xb7B\xc3 @R#\x00R\xa0R#@\xc4ax\xda\xa0\xd2%@\xa8\xa6F#\xcf;(@t\xf4u\x12\xfa\x86*@v\xfe"\x16J\xad,@\xe8\x18\x90\x8dU\xa8.@\xbd\xed \xf5\x1990@\x88\xfc\t\xa8\xc7\x021@\x8a1\xd9?\xda\xae1@b\x1d\xfemP;2@R\x90>0\x87\xa62@\x89\xa2\xa6\xb2>\xef2@=r\x9b\t\x9e\x143@&\x83\xf2\xb85\x163@\xc5k\x83\x00\x01\xf42@\xa9\xbbS\xeae\xae2@l\xd42\x1a4F2@\x8c\xbbQb\xa2\xbc1@2\xa3\x0e$K\x131@\xb0\x17\xc2\x87\'L0@\xceh\xa33\x13\xd3.@\x9cS/\xbd*\xdc,@\xac\xc6\x8a\xe3q\xb9*@\xac\xc6\x8a\xe3q\xb9*@'
p13
tp14
b.