cnumpy.core.multiarray
_reconstruct
p0
(cnumpy
ndarray
p1
(I0
tp2
S'b'
p3
tp4
Rp5
(I1
(I25
I1
tp6
cnumpy
dtype
p7
(S'f8'
p8
I0
I1
tp9
Rp10
(I3
S'<'
p11
NNNI-1
I-1
I0
tp12
bI00
S'B\xae\x1c\xd51l\x19@9\x0ed>\xba\xd5\x1b@*\xa8\xf6\xa1\xc80\x1e@l\xb51\x04+; @\x92\xcf\x07\xd0\xcdO!@\x10E)z\x13S"@\xc3\xcas\x94\xf6A#@X\xf9+\x80\xae\x19$@\xa6E\xcb\xbb\xb7\xd7$@{\xac\xa1b\xdby%@e\xa6\xec\xc75\xfe%@h\xba\xae\x19<c&@\x9c\x91w\xfa\xc0\xa7&@/ c\x04\xf8\xca&@\xca\x1b\xd6*x\xcc&@y\xda\xdc\xf3<\xac&@\xcd\xca\x85\x85\xa6j&@w\xaf\x0f\x87x\x08&@\xa29C\xd9\xd7\x86%@\x82\x15\xc5,G\xe7$@+\xab\x8e\x80\xa2+$@\xc6\xa5\xfe\x95\x19V#@\t\n\rk)i"@\x1e\x00\x18\xce\x94g!@\x1e\x00\x18\xce\x94g!@'
p13
tp14
b.