cnumpy.core.multiarray
_reconstruct
p0
(cnumpy
ndarray
p1
(I0
tp2
S'b'
p3
tp4
Rp5
(I1
(I25
I1
tp6
cnumpy
dtype
p7
(S'f8'
p8
I0
I1
tp9
Rp10
(I3
S'<'
p11
NNNI-1
I-1
I0
tp12
bI00
S'rW\x84\n"Y\x1e@4\xe355Ai @\xf8\xa1\xb5\xd7\x84\x9e!@\xfb\xa77]\xc1\xc8"@d\xcc\xc6\x1b}\xe4#@\xa0d\xf3\xaci\xee$@\x0e\xf9\xb4\xcam\xe3%@\xe0\xd8\xd0\x8d\xae\xc0&@\xfca2\xf2\x97\x83\'@\x98\xd6\xcc\x87\xe4)(@\xffi\x159\xa4\xb1(@\x13n\xdf\x12B\x19)@\xe2\x15\\\xfc\x88_)@\xcf=*Q\xa7\x83)@!\xa3\xb7R1\x85)@\xc0\xfb\xa9i"d)@\xdf"\x913\xdd )@A\x7f\xb9\\*\xbc(@\xfc1\x8cI67(@\x96\xccv\x96\x8d\x93\'@\x83\xae\xcbx\x18\xd3&@\x1aed\x0e\x15\xf8%@\x88\x83\xfe\xac\x10\x05%@8\xe3GE\xe0\xfc#@8\xe3GE\xe0\xfc#@'
p13
tp14
b.