cnumpy.core.multiarray
_reconstruct
p0
(cnumpy
ndarray
p1
(I0
tp2
S'b'
p3
tp4
Rp5
(I1
(I25
I1
tp6
cnumpy
dtype
p7
(S'f8'
p8
I0
I1
tp9
Rp10
(I3
S'<'
p11
NNNI-1
I-1
I0
tp12
bI00
S'\xc2\xc6\xa6\xb5=\xb0!@\x9b\xc4\xd0m/\x19$@\xc18\xa0\xa8\xaas&@\x9e\t\xa1%\xaa\xb8(@\xe5+\x8e\xbah\xe1*@\xfcl~\x85u\xe7,@\x19-\xa5#\xc7\xc4.@\x8a\xfe\xaa\xd9\xe690@\x1a\x89\xc9\xb5\xc1\xf70@\x08\xe0\xd3\xcb\xbd\x991@\x1c\x86\x0e\xe5\xf7\x1d2@\xe2S\xd4\x8f\xe5\x822@\x8a#?\xb8Y\xc72@\xe2\x99K*\x88\xea2@\x9b\xd2\x00\xf3\x07\xec2@\x13\xc7\x82\x99\xd4\xcb2@<\x84i,N\x8a2@\xc6c5#8(2@\xf0\x127\x17\xb7\xa61@\x95\xd1\xb6ZM\x071@\xab\xaf\x86x\xd6K0@\xde&\xdbR\x03\xed.@;\x8f\xe5\x9f\x96\x13-@\xb8\xec\xf4\x1b\xeb\x10+@\xb8\xec\xf4\x1b\xeb\x10+@'
p13
tp14
b.