cnumpy.core.multiarray
_reconstruct
p0
(cnumpy
ndarray
p1
(I0
tp2
S'b'
p3
tp4
Rp5
(I1
(I25
I1
tp6
cnumpy
dtype
p7
(S'f8'
p8
I0
I1
tp9
Rp10
(I3
S'<'
p11
NNNI-1
I-1
I0
tp12
bI00
S'\xb4\xa3\x03d\xeb\x13\x1f@\x92\x83G+\'M"@\x04\xf3\xcc\x89\xc4\xff$@\x96[c\xa4\xc1\x99\'@y)\x01\xc8[\x13*@\x18\x0f?\xde0e,@3\x9c\xa1sU\x88.@\x1c\xee\xfd\xad4;0@\xdb\x9c\xab[\xd5\x141@\xce&R\x8f\x83\xce1@\x86t|b\x15f2@\x00\x93\x1c\xb0\xc6\xd92@\xac\xb5TY>(3@\x86(\xfdJ\x92P3@\x12\x0b\xe87JR3@\x12\xd9\xbf\xff`-3@\xa07R\xbeD\xe22@eh\x19\x83\xd5q2@&8\xd8\xb4b\xdd1@,F\x12)\xa7&1@\x7fN\t\xfb\xc3O0@LLHct\xb6.@\x12dd\x8e\xc6\x97,@4i\xa7R\xd1I*@4i\xa7R\xd1I*@'
p13
tp14
b.