cnumpy.core.multiarray
_reconstruct
p0
(cnumpy
ndarray
p1
(I0
tp2
S'b'
p3
tp4
Rp5
(I1
(I25
I1
tp6
cnumpy
dtype
p7
(S'f8'
p8
I0
I1
tp9
Rp10
(I3
S'<'
p11
NNNI-1
I-1
I0
tp12
bI00
S'V\xae\x9b\xa4C\xe4\x1f@\xa4\x82\xb9\n\xdc%"@\x9bF\xfd$_L$@\x0c\xf4\xf4\xe7@_&@\x08m~\xa9QX(@\xe3{\xad\xc2\xae1*@\xa1\x8fC\x1e\xd4\xe5+@\x17\xff\x0b\xad\xaco-@\xf2\x00\x07\x8f\xa1\xca.@X\x80)\xc4\xa7\xf2/@\x89l\xed\x1d&r0@\xb9\x1e\x9b\x0f_\xce0@\x08\xc9\xae\x9b\xeb\x0c1@\xdf\x93g+\x11-1@F\x0bO\xd9o.1@\x103J\x8f\x03\x111@O%\xca\x12$\xd50@\r\xde\xf7\xfe\x83{0@\xe5B\xe8\xaf.\x050@\x0e\x8e\x1bJ\n\xe7.@>\xb1e\xc8s\x90-@\xbf\xaf\x84\xd2\x97\n,@Y\xa1\xf1c\x01Z*@g3\x83\xee\xba\x83(@g3\x83\xee\xba\x83(@'
p13
tp14
b.