cnumpy.core.multiarray
_reconstruct
p0
(cnumpy
ndarray
p1
(I0
tp2
S'b'
p3
tp4
Rp5
(I1
(I25
I1
tp6
cnumpy
dtype
p7
(S'f8'
p8
I0
I1
tp9
Rp10
(I3
S'<'
p11
NNNI-1
I-1
I0
tp12
bI00
S'\x0f"w\xad\xd8\xc4\x1f@\x88|\xdd3\xd1\x00!@\x9e4\xd9Q\x7f\x18"@L\x03\x93a4&#@\x1b(\xe9\xd3\xcb&$@\xb8\xd7\xc49H\x17%@J\x8ct/\xdc\xf4%@n8\xb4\xb8\xf2\xbc&@>xs\xf46m\'@D\xc9_\x11\x9b\x03(@\xdeIsn^~(@\xf0\xdc@\xd5\x12\xdc(@rqe\xbe\xa0\x1b)@ \x95c\x93J<)@\xe0\xda1\xe4\xae=)@\r\xfb\xe4\x89\xc9\x1f)@\xf5\x99\x12\xb3\xf3\xe2(@\x00\xc2\xc7\xd9\xe2\x87(@\xcd\xad,\xa6\xa6\x0f(@p\xce$\xc4\xa5{\'@\x1cx\\\xb5\x99\xcd&@\x80\xf2;\xac\x89\x07&@\xb7\xcb\x18\x7f\xc4+%@?\xa6\xb1\xc5\xd9<$@?\xa6\xb1\xc5\xd9<$@'
p13
tp14
b.