cnumpy.core.multiarray
_reconstruct
p0
(cnumpy
ndarray
p1
(I0
tp2
S'b'
p3
tp4
Rp5
(I1
(I25
I1
tp6
cnumpy
dtype
p7
(S'f8'
p8
I0
I1
tp9
Rp10
(I3
S'<'
p11
NNNI-1
I-1
I0
tp12
bI00
S'\xae\x8d\x13\x9a\xdeD\x1a@\x02\x93\xa9I\x05Q\x1e@\xb6_Y\xd7p"!@\xf8g\x17\xa9T\n#@\x8e\xbc\x8f\xaf~\xda$@\x85\x8d\xe4F\x86\x8d&@@[X\xb4Y\x1e(@\xcf\xf4\x89EM\x88)@\xeeCQ?)\xc7*@\x85\xa7\xacr6\xd7+@\xf5\x916RI\xb5,@\xc6\n\x13g\xcb^-@\xd9?\x1f\t\xc3\xd1-@\xdb\x05\\C\xd9\x0c.@1\x8d\xff\xd2]\x0f.@\xe9dB5I\xd9-@\xdfI\xc7\xbd<k-@\x9e\xebZ\xb5\x80\xc6,@\x83C\xa7\x86\x00\xed+@\xf8\xd2C\x04E\xe1*@H\xcb7\xd9l\xa6)@h\xda{:#@(@\x10\xc9>\xf5\x94\xb2&@\xa4\xb6\x92\xfac\x02%@\xa4\xb6\x92\xfac\x02%@'
p13
tp14
b.