cnumpy.core.multiarray
_reconstruct
p0
(cnumpy
ndarray
p1
(I0
tp2
S'b'
p3
tp4
Rp5
(I1
(I25
I1
tp6
cnumpy
dtype
p7
(S'f8'
p8
I0
I1
tp9
Rp10
(I3
S'<'
p11
NNNI-1
I-1
I0
tp12
bI00
S"\xf9>\xc2\x07\x12\xf1*@\x85\x89\xdaxOL-@\x02\xc7\xf2\xaah\x99/@\xfe\xbe\xdd$\xc0\xe80@\x04\xedR\xd5\xfb\xf61@b\x07\x1cFA\xf42@\xb6\xb1\xc5\xef\x9c\xdd3@\xd9d\xf4\xb1V\xb04@\xee\xb5\xfe\xef\xf9i5@\x9c\xeb \xe4\\\x086@\xdc\xffo\x13\xa7\x896@\x96'L\xcfV\xec6@\x92`\xe6\xb3E/7@\xc0\xebp\x16\xacQ7@\xa9\xfd\xbeX#S7@\x89\xd9b\x1b\xa737@~*\xb9J\x95\xf36@6\xb1\xba\x06\xad\x936@\xb4\x13\xd8h\x0c\x156@\x86\x96\x84.-y5@#\xafaR\xe0\xc14@\x8a\xdc,\xa1H\xf13@\x8f\x85\x99Z\xd4\t3@\xee\xb6\x18\xf15\x0e2@\xee\xb6\x18\xf15\x0e2@"
p13
tp14
b.