cnumpy.core.multiarray
_reconstruct
p0
(cnumpy
ndarray
p1
(I0
tp2
S'b'
p3
tp4
Rp5
(I1
(I25
I1
tp6
cnumpy
dtype
p7
(S'f8'
p8
I0
I1
tp9
Rp10
(I3
S'<'
p11
NNNI-1
I-1
I0
tp12
bI00
S'{\xeb\x0e\xbe\x97\xdc!@\xd2\xed\x9a\x15N.#@\x98T\x94\xb3\x19x$@p\xa3i\xc9"\xb6%@o\xbb3\x9d\xb4\xe4&@e\xce\xd6\x97H\x00(@\x98\xbe\x82\xc9\x90\x05)@|\xf62\xc5\x81\xf1)@\xc9\xe9\xc5\xb5[\xc1*@\xd9N\x94\x91\xb2r+@\xb0\xcf\x10Tu\x03,@\xea\x9d\xe2\'\xf4q,@OL\x17o\xe5\xbc,@v#i\x9ai\xe3,@\xd8\xc0$\xc4\r\xe5,@\xa0\x97\xe8\x06\xcd\xc1,@2\xe1?\x8c\x10z,@\xb8k\xedR\xae\x0e,@\xbb\x17\x8e\xb0\xe6\x80+@\xbaP\x03\x96`\xd2*@\xbf\x16\xc8\xa1$\x05*@\xe9A\xe4\x0e\x97\x1b)@\r\xe0\x96\x92p\x18(@\xe7\xc7\xff=\xb6\xfe&@\xe7\xc7\xff=\xb6\xfe&@'
p13
tp14
b.