cnumpy.core.multiarray
_reconstruct
p0
(cnumpy
ndarray
p1
(I0
tp2
S'b'
p3
tp4
Rp5
(I1
(I25
I1
tp6
cnumpy
dtype
p7
(S'f8'
p8
I0
I1
tp9
Rp10
(I3
S'<'
p11
NNNI-1
I-1
I0
tp12
bI00
S'\x04=W\x11\x1cG(@\x1e\xa8\x81\x12*\xa2*@v\xd3[\xf1\x14\xef,@\x9c_\xc7\xe3\xff&/@m\x8b<b\xa6\xa10@C\xe3_\xe8\xd7\x9e1@\xe8\nD8!\x882@\x8eRKh\xcaZ3@\x9d\x01;\r_\x144@\xeeu\xdb\x8c\xb5\xb24@\xe8=i\x91\xf535@I\xca\x98\x8a\x9d\x965@\xc2\x82\xc1+\x87\xd95@=1\xc9\xd9\xea\xfb5@\xb4\xdb\x94\xfea\xfd5@\xce\xcc\x0e;\xe8\xdd5@p\xe60t\xdb\x9d5@\xccW\xec\xba\xfa=5@\xc3B2\x12d\xbf4@<\x92\xc1\x19\x91#4@\xde(\xab\xa7Rl3@\x1f\xcd\xac]\xcb\x9b2@nL\x8bJi\xb41@91l\xaa\xde\xb80@91l\xaa\xde\xb80@'
p13
tp14
b.