cnumpy.core.multiarray
_reconstruct
p0
(cnumpy
ndarray
p1
(I0
tp2
S'b'
p3
tp4
Rp5
(I1
(I25
I1
tp6
cnumpy
dtype
p7
(S'f8'
p8
I0
I1
tp9
Rp10
(I3
S'<'
p11
NNNI-1
I-1
I0
tp12
bI00
S'\x96\x9e`\x91\xeb\x90 @\xdb\xbfdp>\xba!@\x15Dz\xf8\x98\xdc"@#\xbd\x80\x03\x99\xf4#@$#\xf8M\xfb\xfe$@\x1a\xf5\xa92\xa5\xf8%@\x08f\'\xed\xad\xde&@*6}Gg\xae\'@\x96\xb29\x99ee(@lj\xea\xff\x86\x01)@"f\x87\xbb\xf9\x80)@p+\xd2\x9bA\xe2)@\x1a\xf2wn<$*@\x92\xd2\xbf`%F*@\x1b\x89\xaeJ\x97G*@\xd8P\xc8\xdc\x8d(*@"\xac\xec\xace\xe9)@n\xbe%"\xdb\x8a)@\xa2\x1d\xa3B\x08\x0e)@\\\xa8ljat(@\x1a\r\x9b\xf4\xb0\xbf\'@3\x8e\x07\xe4\x11\xf2&@\x9e\xd1a\x9b\xe9\r&@\xa9Gh\xb7\xe0\x15%@\xa9Gh\xb7\xe0\x15%@'
p13
tp14
b.