cnumpy.core.multiarray
_reconstruct
p0
(cnumpy
ndarray
p1
(I0
tp2
S'b'
p3
tp4
Rp5
(I1
(I25
I1
tp6
cnumpy
dtype
p7
(S'f8'
p8
I0
I1
tp9
Rp10
(I3
S'<'
p11
NNNI-1
I-1
I0
tp12
bI00
S"\x8c\xe2_ \x90\xe3\x18@\xb2\xd7\xf5\x15\xf6\xae\x1c@\xc0\xaa\xc0-\xcb1 @\xd6eB\x8e1\xfb!@\xf0\xbdH\xb6Y\xae#@\x86'\xf1\x891F%@\x84\xb3\x0bh\xf8\xbd&@|\x9fiWM\x11(@Q'\xd2\x16<<)@\xfdK\xa6\xe8H;*@\xaa\xb9\x03\xf7z\x0b+@\xe8dg1e\xaa+@\x8b\\]\x89-\x16,@t\x18\xa7x\x92M,@\xa9\xbe]\xc0\xeeO,@\xd01\xe3U;\x1d,@\xbdl\xe3w\x0f\xb6+@\xed\x81'\xeb\x9e\x1b+@\x00$|d\xb6O*@~{^*\xb6T)@g\x03s\xfe\x8a-(@\x9aU\xebc\xa5\xdd&@T\xec\xe1\\\xefh%@\x06VG\xbd\xc0\xd3#@\x06VG\xbd\xc0\xd3#@"
p13
tp14
b.