cnumpy.core.multiarray
_reconstruct
p0
(cnumpy
ndarray
p1
(I0
tp2
S'b'
p3
tp4
Rp5
(I1
(I25
I1
tp6
cnumpy
dtype
p7
(S'f8'
p8
I0
I1
tp9
Rp10
(I3
S'<'
p11
NNNI-1
I-1
I0
tp12
bI00
S'\x16\xc7\xf8\xff\xd5\x00!@AF\x8c\xde~\xbe#@\xccC\xe4\xd7\xb4k&@\xaeH\x9a\xe1{\x00)@V\xcaE\xd4 u+@\n\xb0\x99cP\xc2-@K\xa8\x8f\xf8,\xe1/@\xc4\xb78\x96\xb1\xe50@x\xcf\xd3S\x9e\xbd1@(\xa8\x01\x96\xd8u2@.\xc3\xd6\xcb:\x0c3@\x08G\xfaY\x04\x7f3@\x8f4\xe1\xd4\xde\xcc3@\xa4\x12F\xfe\xe1\xf43@"\xf1\xf5y\x96\xf63@d\x14\xe01\xf7\xd13@\x80 Beq\x873@K\x81\xc3b\xe3\x173@\xa29L\xf1\x99\x842@~]QoL\xcf1@&\x86(\xb4\x17\xfa0@\xf1\x19\xa8\xc2w\x070@\xc0v\xc2\xbf\x80\xf4-@j2\x1eH)\xab+@j2\x1eH)\xab+@'
p13
tp14
b.