cnumpy.core.multiarray
_reconstruct
p0
(cnumpy
ndarray
p1
(I0
tp2
S'b'
p3
tp4
Rp5
(I1
(I25
I1
tp6
cnumpy
dtype
p7
(S'f8'
p8
I0
I1
tp9
Rp10
(I3
S'<'
p11
NNNI-1
I-1
I0
tp12
bI00
S'\x93\xe9(\xcc1\x82\x1c@D<\xecO\xaf8 @\x1f\x00\x06\x87w$"@h\xbc\x8d\x84\xb6\xfe#@\x04"j\x91\xe5\xc1%@\xaa\x03s\xc2\xc2h\'@\xa6\xe1m\xa7`\xee(@\xb2\x8a\x07\xfe4N*@\xf8\x8d\xf1<&\x84+@0\xcd\xbc\xce\x97\x8c,@h\x96\xf5\xd7td-@\xe8\x99]h9\t.@\xd0\xdd\xd7\xfb\xf9x.@\xa6j\xa44i\xb2.@\xe8\xcb\xd5\xbd\xdb\xb4.@\xc6\xd6iJJ\x80.@V\x12\x11\xabQ\x15.@:\xc9c\xfa0u-@\xa4;\xf8\xe4\xc5\xa1,@\x9e\x94q\x18\x87\x9d+@fZ"\xea|k*@\xe8\x9e.K8\x0f)@\x05\\*%\xc8\x8c\'@2\x0e\xf0>\xad\xe8%@2\x0e\xf0>\xad\xe8%@'
p13
tp14
b.