cnumpy.core.multiarray
_reconstruct
p0
(cnumpy
ndarray
p1
(I0
tp2
S'b'
p3
tp4
Rp5
(I1
(I25
I1
tp6
cnumpy
dtype
p7
(S'f8'
p8
I0
I1
tp9
Rp10
(I3
S'<'
p11
NNNI-1
I-1
I0
tp12
bI00
S'g\xa5\xe4\xfe\xf2<(@\xb1\xaf\xf6\xa2\xc9b)@\xb9\xfd\xac\xda\xbc\x81*@\xfd\xbe\x1a\xa7t\x96+@\x19\xc4D\x8f\xb7\x9d,@!x\x95>t\x94-@_\x82\x91\xab\xcaw.@X\x94\x80\xab\x14E/@\xbc\x8et\xd9\xed\xf9/@\x8b\x10\x8e\\\x1dJ0@\x11\xaa\x0b\x80\x17\x890@\\\x9d\x86y)\xb90@yaA\xe3\xc3\xd90@\x90\x8c1{\x85\xea0@R\xbe E<\xeb0@\x10\xc9\xc8\x1f\xe6\xdb0@\xc9J.\xcb\xb0\xbc0@\xe5\xc1&`\xf9\x8d0@X<\xa1:KP0@Z\x14\xeeY^\x040@<\xb6\xbbw*V/@N\x979r\xf4\x8a.@\xad\x8aT\xd5x\xa9-@\x88\xed\\CX\xb4,@\x88\xed\\CX\xb4,@'
p13
tp14
b.