cnumpy.core.multiarray
_reconstruct
p0
(cnumpy
ndarray
p1
(I0
tp2
S'b'
p3
tp4
Rp5
(I1
(I25
I1
tp6
cnumpy
dtype
p7
(S'f8'
p8
I0
I1
tp9
Rp10
(I3
S'<'
p11
NNNI-1
I-1
I0
tp12
bI00
S'\x8fnsX\x1c\xc7+@r\x95\x1e\td\x8a.@\xeb\xbf\xda\x8c\x8b\x9e0@*\x95(\x90\x94\xeb1@\xa3F\xbf\x95k(3@$\xf0\xbat_Q4@\xce\xa8\x8aW\xfab5@P\xd3t\x0e\x0cZ6@\x05\x8aW\x92\xb337@\x1e\x16F\x9bg\xed7@I\xcbd1\xfe\x848@Zxq!\xb3\xf88@\x97\xc8\xb6A-G9@i\x8d\xb2w\x82o9@\xf8hor:q9@\xf5\x9cn\x11PL9@\xb1R\xf3s1\x019@\xc4\xbc\x81\xb0\xbe\x908@D\x06f8G\xfc7@\xb0+\r\xef\x85E7@V\xc5\xd8\x00\x9cn6@%\xee\xd2\x88\nz5@\xfa\xa75\x18\xabj4@\xaa\xcc\x0e6\xa7C3@\xaa\xcc\x0e6\xa7C3@'
p13
tp14
b.