cnumpy.core.multiarray
_reconstruct
p0
(cnumpy
ndarray
p1
(I0
tp2
S'b'
p3
tp4
Rp5
(I1
(I25
I1
tp6
cnumpy
dtype
p7
(S'f8'
p8
I0
I1
tp9
Rp10
(I3
S'<'
p11
NNNI-1
I-1
I0
tp12
bI00
S'\x83\x84\x83\xb1\x9a\xe3)@\xb2\x9f7\x97\x9fV,@\xf0\xb2\r\x89\xf1\xba.@\xe4S\x84\xf6\xb6\x840@\x98\xd2\xa2\xa5\x99\x9d1@\xf5\x8fK\xea\xda\xa42@\x1bb\xccti\x973@\x8c\xc7\xfd\xb3qr4@\x14\xbb\xb8Cf35@Rq\xf5\x89\x07\xd85@\xfb\x9c\xdckj^6@R\x12\xc9\x06\xfe\xc46@\x98\x8d\'\\\x90\n7@D8E\xe2Q.7@\x94\xf2i\xef\xd7/7@\xe2\x8b\x07\xf8\x1d\x0f7@\x1a\xbeH\x9c\x85\xcc6@\xfay\xd7\x84\xd5h6@\x1aD?\x127\xe55@\x0cu\xd3\xe52C5@\x00\xa8oN\xac\x844@"F\xb8\xa6\xdb\xab3@*\t\xa8\xb5G\xbb2@\xe1\x1d,%\xbe\xb51@\xe1\x1d,%\xbe\xb51@'
p13
tp14
b.