cnumpy.core.multiarray
_reconstruct
p0
(cnumpy
ndarray
p1
(I0
tp2
S'b'
p3
tp4
Rp5
(I1
(I25
I1
tp6
cnumpy
dtype
p7
(S'f8'
p8
I0
I1
tp9
Rp10
(I3
S'<'
p11
NNNI-1
I-1
I0
tp12
bI00
S'\x07w\xfb\xa6<\xb8\x1b@0\x08;\xbb\xc2\x07\x1f@e\xe6\x8bD\xb5!!@\x1cD\xca\x8c\xc7\xb0"@7\xe2\xcd\xbfq,$@"\xdc?KG\x90%@\xf02\x8b\xb3"\xd8&@WvZ\xf21\x00(@\xee\x1f\x1f\xdc\x01\x05)@\xf2e\xa3j\x88\xe3)@\xdaa\xf3\xcd-\x99*@\xca\x12\x92(\xd4#+@\xb8\x1c\xe7\xdf\xdd\x81+@\x84S\x0fn2\xb2+@\xcc\x7f\xaf\xa6A\xb4+@@\r\te\x05\x88+@*\xabM\x9e\x01.+@p3\xfb\xd7B\xa7*@\xc8\x1b\xd6\x06[\xf5)@\x90\xf4\xd7\xdf\\\x1a)@\xf6\xe0\n\xa9\xd5\x18(@\xa3\xad\xc4\x9c\xc5\xf3&@\xf4\xdc\xf6\xf5\x96\xae%@\xba\xf3G\xc0\x13M$@\xba\xf3G\xc0\x13M$@'
p13
tp14
b.