cnumpy.core.multiarray
_reconstruct
p0
(cnumpy
ndarray
p1
(I0
tp2
S'b'
p3
tp4
Rp5
(I1
(I25
I1
tp6
cnumpy
dtype
p7
(S'f8'
p8
I0
I1
tp9
Rp10
(I3
S'<'
p11
NNNI-1
I-1
I0
tp12
bI00
S'\x80\x98[\xa4~\xf9(@\xa2Nt\xc8\xd8a+@h\xbc\xde\xfc\xbf\xbb-@\xd6r\\]\x18\x000@\xb9~\xc8\xc03\x141@b\xf5M\x82\xfa\x162@}\xc1^\xaeh\x053@H\xc1\x0f\x03\xb7\xdc3@\xc04\xd69c\x9a4@4\xca}\x837<5@\xaa\xd0\x03 Q\xc05@n\x8c\xac\xfe%%6@h\xca\x8aU\x89i6@\x8c\xfe\xc6"\xaf\x8c6@\x0cF1\x8d.\x8e6@\xba\xe2\x06\x1d\x03n6@\xe2)F\xc9\x8c,6@_$i\xd9\x8e\xca5@d\xd8\xdc\x9e-I5@,\xfc\xfe\x0c\xeb\xa94@\xfeW\xcb9\xa2\xee3@3U\xa3\xd4\x81\x193@\xddi\xb3\xa3\x05-2@\x08\xffa\x1b\xef+1@\x08\xffa\x1b\xef+1@'
p13
tp14
b.