cnumpy.core.multiarray
_reconstruct
p0
(cnumpy
ndarray
p1
(I0
tp2
S'b'
p3
tp4
Rp5
(I1
(I25
I1
tp6
cnumpy
dtype
p7
(S'f8'
p8
I0
I1
tp9
Rp10
(I3
S'<'
p11
NNNI-1
I-1
I0
tp12
bI00
S'\r"!a\xb5\xde$@\xda\x97\xc1\xf2\xa3U&@p\xa8\xb7l\xc8\xc3\'@\x97\x82G\x93\xde$)@\xa2\x88$\x1d\xc9t*@\x8d\x9f{\xf9\x9d\xaf+@L\xe51\xfd\xb1\xd1,@\xf8\xa3\x82\xd4\xa3\xd7-@d\rW\x18f\xbe.@\x1acCiH\x83/@>\x01\x80\xba\xff\x110@\x81S8\xe7UO0@F\xb8\xe7\xc1\xefx0@H\xaf(1Q\x8e0@\'\xe5Em:\x8f0@\x14\x1b}\xbe\xa8{0@_\xa8\x1a\x85\xd6S0@lfU\x8b:\x180@`\x02\xe5E\r\x93/@&\x84\xa4%K\xd1.@\x10k(\xb5p\xed-@\xb4\xcb\xf7\xa8%\xea,@\x8e\xceC\x7fo\xca+@\x8d\xf7\x82|\xa8\x91*@\x8d\xf7\x82|\xa8\x91*@'
p13
tp14
b.