cnumpy.core.multiarray
_reconstruct
p0
(cnumpy
ndarray
p1
(I0
tp2
S'b'
p3
tp4
Rp5
(I1
(I25
I1
tp6
cnumpy
dtype
p7
(S'f8'
p8
I0
I1
tp9
Rp10
(I3
S'<'
p11
NNNI-1
I-1
I0
tp12
bI00
S'\x04C\xd0!W\xb9\x1f@\x1f\x07\xdd\xdf.f"@T\x9a\xca<x\xe0$@\xfcz\x94\x86#D\'@\x1d\xf5c\x14\x10\x8a)@tA\xc4\xf8u\xab+@h\xe8\x0c<\xfa\xa1-@\xe7\xa2\xc2\xd1\xc1g/@\xd8X0\x88\xc1{0@\xc4z\xb7\xbbJ&1@\x0ekk\xca\x7f\xb11@\xaa\x93\x01p\xc1\x1b2@\xc0\x82\xb6\xb3\xd2c2@\x0ev\xdb\x99\xdc\x882@\xc6Y&\xa5p\x8a2@f$K \x8ah2@\xf2V\x07,\x8e#2@\xca\xbbu\x91J\xbc1@jN.\\\xf331@\xda\x89YC\x1f\x8c0@4\xb0\xd8\xd8\x85\x8d/@\xaa\xd0_+V\xcc-@\xdb \xf9s\xeb\xd9+@J\xa6=\x84\x14\xbc)@J\xa6=\x84\x14\xbc)@'
p13
tp14
b.