cnumpy.core.multiarray
_reconstruct
p0
(cnumpy
ndarray
p1
(I0
tp2
S'b'
p3
tp4
Rp5
(I1
(I25
I1
tp6
cnumpy
dtype
p7
(S'f8'
p8
I0
I1
tp9
Rp10
(I3
S'<'
p11
NNNI-1
I-1
I0
tp12
bI00
S'3\x03\xddR\x07l(@\xe6\x08\xef\xce\\s*@A\xc6r\x98\x85n,@\x88\x8au\xc9\x98W.@\x8a\x1d>\xb7q\x140@\xf9\xa8W\xc3|\xee0@`\x1a1\x18c\xb71@\xde,\xdbh\xcdl2@\xee\xfb\x10\x88\x9e\x0c3@a\x15\x98\xb6\xf9\x943@\xaftm1H\x044@\xd0\xef,\xef=Y4@^f\x8f~\xdd\x924@%\xfat\xfaz\xb04@\xa0\xfc\xab\n\xbe\xb14@|\xe9z\xeb\xa2\x964@iE\xdbxz_4@T\xe1C=\xe9\x0c4@\x94\x0e\xd2\x86\xe5\x9f3@\xb2\xfa\x89\x88\xb4\x193@\xae\x03>\x90\xe6{2@l\xe5j\\R\xc81@7\xf8\xf2\x9f\x0f\x011@\xeb\x8c\x15\xc4p(0@\xeb\x8c\x15\xc4p(0@'
p13
tp14
b.