cnumpy.core.multiarray
_reconstruct
p0
(cnumpy
ndarray
p1
(I0
tp2
S'b'
p3
tp4
Rp5
(I1
(I25
I1
tp6
cnumpy
dtype
p7
(S'f8'
p8
I0
I1
tp9
Rp10
(I3
S'<'
p11
NNNI-1
I-1
I0
tp12
bI00
S'\x06\xa4g\x97A\x11\x17@\x8cR\xaf\x83~\xcb\x19@\x9c\xe8\x94\x13]u\x1c@\xce\xa4u4\xeb\x06\x1f@Cz\xd7\xad?\xbc @B\xa4\x07\xb1g\xe1!@R\xd9\\!\x83\xef"@l\xe7N>l\xe3#@\xeb\xe9\xdblK\xba$@ /\n\xb2\x9fq%@\xb3-\x01+F\x07&@\xb6\x97ql\x80y&@\xa7\xecI\xb6\xf9\xc6&@\xeb\xf32\xec\xca\xee&@\xa4\xdc\xfbF}\xf0&@2h\xed\xb6\x0b\xcc&@n$\xe3\xf2\xe2\x81&@Q\xab\xfd3\xe0\x12&@\xc4T\xb5\xa1N\x80%@\x8a\xf8\xfdu\xe3\xcb$@\xad\x9e\xfe\xe4\xb8\xf7#@\xd9\xe6\x8f\xd7G\x06#@0\x826\x8b`\xfa!@\x96\xdf\x99-"\xd7 @\x96\xdf\x99-"\xd7 @'
p13
tp14
b.