cnumpy.core.multiarray
_reconstruct
p0
(cnumpy
ndarray
p1
(I0
tp2
S'b'
p3
tp4
Rp5
(I1
(I25
I1
tp6
cnumpy
dtype
p7
(S'f8'
p8
I0
I1
tp9
Rp10
(I3
S'<'
p11
NNNI-1
I-1
I0
tp12
bI00
S'\xfc\xa48`\xafN)@\xb4Q\xf3\xecrM+@\'<\xaa5=@-@\xe4P\xaeK>!/@\xb3\xc2p\xa7mu0@\xf0\x81\x08\x93\xdfK1@6c\x943u\x112@fu\xe6\x1f\xe1\xc32@\xcc\xc1\xef\x18\x0fa3@\x81i|=*\xe73@^\x9f\xe8\x80\xa2T4@&\t\x82T1\xa84@\x03\x94\xadu\xdd\xe04@\xd1\xc5w\xd5\xfd\xfd4@`n\xe5\x90;\xff4@\xc6N$\xf4\x92\xe44@E\x87\x96\x85S\xae4@Q\xd9\x97\x18\x1f]4@\x8bj\xc0\xea\xe7\xf13@\xc2\x15E\xd1\xedm3@t\xef\xe0~\xba\xd22@R\x1df\xed\x1c"2@\xf0o\xa5\xf8#^1@\x9b\xaa\xc4:\x18\x890@\x9b\xaa\xc4:\x18\x890@'
p13
tp14
b.