cnumpy.core.multiarray
_reconstruct
p0
(cnumpy
ndarray
p1
(I0
tp2
S'b'
p3
tp4
Rp5
(I1
(I25
I1
tp6
cnumpy
dtype
p7
(S'f8'
p8
I0
I1
tp9
Rp10
(I3
S'<'
p11
NNNI-1
I-1
I0
tp12
bI00
S"\xd8\xc5\xa6\xc0\xbf\\&@f\xcf\xc0]\x80-(@#\x0f2\xd8[\xf3)@\xf0\xba\x1dK\x08\xa9+@8\xe7\xa6\x18lI-@,\xbb\xb3 \xad\xcf.@\xe6)%\x9d\x9f\x1b0@0\xf7,\xe2\xf8\xbd0@l_\xbc\x12\xfeL1@\x00\xad\xa6\x8a\x04\xc71@{,\xfcF\xa0*2@8\x84\xea#\xa8v2@\xbeO!S9\xaa2@\xba\xcff\x00\xba\xc42@\xc4bz\x1c\xdb\xc52@\xcc\xe2\xebH\x99\xad2@v^(\xe2<|2@\xd43\x9e'Y22@?y|\x84\xca\xd01@\xcc\x07,\xfe\xb3X1@\xa2\x9c+\xd0{\xcb0@\xfc\xccl?\xc7*0@\xf8CKc\xeb\xf0.@\xf6Iw.6m-@\xf6Iw.6m-@"
p13
tp14
b.