cnumpy.core.multiarray
_reconstruct
p0
(cnumpy
ndarray
p1
(I0
tp2
S'b'
p3
tp4
Rp5
(I1
(I25
I1
tp6
cnumpy
dtype
p7
(S'f8'
p8
I0
I1
tp9
Rp10
(I3
S'<'
p11
NNNI-1
I-1
I0
tp12
bI00
S'\xb3A\xe4\xf2\xd1\xe2&@\x811\x1a\xe6\xb7\xe9(@\x84(\x1d\xc4s\xe4*@\x04B\xe5\xeb\x1d\xcd,@\x12/L\xa3\x04\x9e.@\xdbA\xc9\x89\xde(0@E\xe86\xb9\x99\xf10@\x98-\xb5\x13\xdd\xa61@i\xf48\xe0\x8bF2@\x16;\xeb\xc5\xc9\xce2@(\xa8$Y\x00>3@\x88^\xd0\xd7\xe3\x923@\x8fs\x15\x07w\xcc3@\xa4\xc8\xbe&\x0e\xea3@i\xd8\x93\xf1P\xeb3@\xe7\x17\xaa\xa4;\xd03@\xf6k\x9d\n\x1f\x993@!:\x8e\x8a\x9fF3@\x06\x07\xb4=\xb3\xd92@t\x9e;\x11\x9fS2@Z\xbf\xfe\xfc\xf2\xb51@\xbe\xbe`Z\x85\x021@\x9c\\7im;0@1\xa72&\xfa\xc5.@1\xa72&\xfa\xc5.@'
p13
tp14
b.