cnumpy.core.multiarray
_reconstruct
p0
(cnumpy
ndarray
p1
(I0
tp2
S'b'
p3
tp4
Rp5
(I1
(I25
I1
tp6
cnumpy
dtype
p7
(S'f8'
p8
I0
I1
tp9
Rp10
(I3
S'<'
p11
NNNI-1
I-1
I0
tp12
bI00
S'\xb3\x81hf\xc2q#@B\xa3\x82\xe4\x04\x1b&@\xcc\x84\x9e\xeaN\xb4(@\x1cr\xe8\xdb\xdf5+@\xba\xc7\r\xe0=\x98-@Ohe0L\xd4/@\x0c#\xbb\'\xb0\xf10@\xc8\xa7\xc8\xf5\xaa\xdf1@\x11\x88\x96\x98P\xb12@\x86\xa5-\xab/d3@C\xeb\xfe\x962\xf63@\xfe\x1b\xa0\xcb\xa5e4@\xac\xb7\x1e\xd2<\xb14@2\xfb\xc4,\x16\xd84@Hr\xc2\xf7\xbd\xd94@\xff\x82\xe1B/\xb64@\x85\xabB \xd4m4@\'\x80\xf1g\x84\x014@XP\x034\x83r3@.2\xc0\x1c{\xc22@\x10\xab\x11@y\xf31@M"\x0b#\xe7\x071@.\x04\xcd\x7f\x83\x020@\xa9\x84s*\xb4\xcc-@\xa9\x84s*\xb4\xcc-@'
p13
tp14
b.