cnumpy.core.multiarray
_reconstruct
p0
(cnumpy
ndarray
p1
(I0
tp2
S'b'
p3
tp4
Rp5
(I1
(I25
I1
tp6
cnumpy
dtype
p7
(S'f8'
p8
I0
I1
tp9
Rp10
(I3
S'<'
p11
NNNI-1
I-1
I0
tp12
bI00
S'T\xa5\xbdI"\xfa\x1f@\nT\xd4#\xec["@\xae\xfe91\x8d\xac$@\x91\xe0xp\x0c\xe8&@\xa3\x9d\xdf\x0e\xc1\x07)@\xa9=C!U\x05+@8rP\x8a\xd8\xda,@\xa4:,\xb1\xd2\x82.@\xba\xba\x8c\xd3R\xf8/@\'TMa\x7f\x9b0@v?R\xef\x8f\x1d1@;Mt\x15\xd7\x801@\xcei5\xac,\xc41@@#n\xd6\xc7\xe61@(8\x7fXA\xe81@<`E\xcc\x94\xc81@\x1a\xa98\xae \x881@\xe0A\x90C\xa5\'1@\xaa\x85\xb3\\B\xa80@\xb6=\xa7\xfas\x0b0@i\x9a\xf0\xc2\x1b\xa6.@\xa6\xb2\xb2Il\x02-@\xdf\xf2k~\xbd0+@\xb0\xe6\xb4\x8c|6)@\xb0\xe6\xb4\x8c|6)@'
p13
tp14
b.