cnumpy.core.multiarray
_reconstruct
p0
(cnumpy
ndarray
p1
(I0
tp2
S'b'
p3
tp4
Rp5
(I1
(I25
I1
tp6
cnumpy
dtype
p7
(S'f8'
p8
I0
I1
tp9
Rp10
(I3
S'<'
p11
NNNI-1
I-1
I0
tp12
bI00
S"\xc1\xc5i\x98e\xe1%@1U\xc4\x91\xe3\xdf'@\xc3/\xa7\xe8i\xd2)@\xbe|\x12y)\xb3+@\x9a8]&\x88|-@4PH\x911)/@\x02\xc3\x03\x7f\x13Z0@\xa8pi\x1dg\x0c1@\x83\xbdF\xad\x7f\xa91@\xbb\x94F\x8d\x88/2@T\xb2C\xe7\xf1\x9c2@\xbet\x07Yu\xf02@\xd3\xfe\xea\xc1\x19)3@\x87?\x02*6F3@\xb1\xf0'\xbasG3@\xda\xef\n\xbf\xce,3@\x03+8\xb4\x96\xf62@U3\x00Wm\xa52@4\xc2\xfb\xc3D:2@\x9fy\xce\xa4\\\xb61@\xac_\x92v>\x1b1@\xf2\xb0\x08\xf4\xb8j0@\xb27{b\xb5M/@\n?i\xf1\xd7\xa3-@\n?i\xf1\xd7\xa3-@"
p13
tp14
b.