cnumpy.core.multiarray
_reconstruct
p0
(cnumpy
ndarray
p1
(I0
tp2
S'b'
p3
tp4
Rp5
(I1
(I25
I1
tp6
cnumpy
dtype
p7
(S'f8'
p8
I0
I1
tp9
Rp10
(I3
S'<'
p11
NNNI-1
I-1
I0
tp12
bI00
S'\x87\x8d\xbbzO\xe8!@#fy.\x02\xd8#@\x05\xb8p\x08\x16\xbc%@\xf2\xf4\x86\xfd\xe6\x8e\'@\xaa\xc7\x8e\x80\x04K)@\xb2\xb9`\xbcA\xeb*@\xb0\x0e\xf1\x03\xc5j,@XoUJ\x16\xc5-@\xa0\xfc\x90w,\xf6.@\xe6"bry\xfa/@Fs\x94]zg0@Xr!<\x92\xb80@\xe2\x91ol\x92\xef0@\xc3\x9a \xdc\xd6\x0b1@\x9c%Q8\x0b\r1@0\x14$\xe9+\xf30@\x06\x99z\x1c\x86\xbe0@\x81\xd3\xb8\xdf\xb6o0@\xac\xcdEK\xa9\x070@D\xddx\x8a\'\x0f/@0\xe3\xf2\xc6\xe8\xe1-@\xe1\x1a\xa1\xef\x18\x8b,@z\xcaa\xa7\xb6\x0e+@\xf6N\xae\xa50q)@\xf6N\xae\xa50q)@'
p13
tp14
b.