cnumpy.core.multiarray
_reconstruct
p0
(cnumpy
ndarray
p1
(I0
tp2
S'b'
p3
tp4
Rp5
(I1
(I25
I1
tp6
cnumpy
dtype
p7
(S'f8'
p8
I0
I1
tp9
Rp10
(I3
S'<'
p11
NNNI-1
I-1
I0
tp12
bI00
S'\xac/-\xac\xb1\xb5*@\x90\xd6_\xe6\xe4\xa2,@p\xf8\x7fD\x88\x84.@@\x03+\x81\x7f*0@\x10+\x95\xcbo\x071@\xe4dw\xed\x81\xd61@\x10%51L\x952@ \tJr\x95A3@\xed\x8a\x16\xbf[\xd93@n\x13\x03V\xdaZ4@\xbd\xf3\x1b\xec\x8e\xc44@\xabIi->\x155@\xc8F\x95i\xf7K5@\xd8\xd0\xeaa\x17h5@@\xa5N0Ji5@\x1dQ\x86A\x8cO5@\xedd\xe2_*\x1b5@d\x13,\xce\xc0\xcc4@\x82\x92\x81u9e4@\x0e\xc7\x8f+\xc9\xe53@b\xbfJ\x19\xecO3@h>\xe1La\xa52@\x92L"\x84%\xe81@\xb9\x0e\xdf>m\x1a1@\xb9\x0e\xdf>m\x1a1@'
p13
tp14
b.