cnumpy.core.multiarray
_reconstruct
p0
(cnumpy
ndarray
p1
(I0
tp2
S'b'
p3
tp4
Rp5
(I1
(I25
I1
tp6
cnumpy
dtype
p7
(S'f8'
p8
I0
I1
tp9
Rp10
(I3
S'<'
p11
NNNI-1
I-1
I0
tp12
bI00
S"`\x83\xfa\x8a\x1d\xb5\x1b@\xf8\\o&\x11Z\x1f@Q\xa4\x8e\xe6\x92t!@r\x93d\xd5\xde+#@\x004p\xea\xcd\xcd$@\x90\x07qj\x81U&@~\xbdI\xdbh\xbe'@\x80\x15\xaa\xa1O\x04)@\xa7:\xaa\x8ci#*@\x90\x19\xeb)^\x18+@\xb5`p\xc0R\xe0+@o\xd5n\xd4\xf2x,@\xffr\xa8\x1aw\xe0,@^Y\x9a\xc6\xaa\x15-@\x04\xfc\xa8#\xef\x17-@\x88\xa1\x8en=\xe7,@\x04\xeb\x87\xe9&\x84,@\xe04\x02+\xd3\xef+@qq\xd8\xab\xfc++@\xf6\xdbd\x9f\xeb:*@\x8c\xfa\xc8$o\x1f)@\xa8\x9b\xba\xe5\xd4\xdc'@\xad\x1d\xd5;\xdfv&@\x82_\xd4\xf9\xb9\xf1$@\x82_\xd4\xf9\xb9\xf1$@"
p13
tp14
b.