cnumpy.core.multiarray
_reconstruct
p0
(cnumpy
ndarray
p1
(I0
tp2
S'b'
p3
tp4
Rp5
(I1
(I25
I1
tp6
cnumpy
dtype
p7
(S'f8'
p8
I0
I1
tp9
Rp10
(I3
S'<'
p11
NNNI-1
I-1
I0
tp12
bI00
S"\xb3\xfb\xf4\xfcEo&@\xfd\xe1\xdf\x05\x8c\xe5'@\xe1J\x8e\xea\x0bS)@\xa7t;Z\x83\xb3*@\xd7\x0c\x10\xe5\xd6\x02,@\xe3!\xa8<\x1e=-@\xc0*\x12\xdc\xaf^.@V\xa2\x81\xf4+d/@\x857\x0f?C%0@\xea\x1fu'\x88\x870@\x10FO\x8e\xbf\xd70@\x12%\xd0(\xfa\x141@c\x0bTP\x81>1@\xe0\xfe=#\xd9S1@\xed\x11\x84\xf6\xc1T1@\x17\xc5\x9c\x139A1@\xb2\xe3\x96\xc0x\x191@\xcb\xb6C\x92\xf7\xdd0@\x17\x1fz\ng\x8f0@\x89\xd0\x91\x86\xb1.0@J\x91\x84\x08\xefy/@\xb1\x1d\x16\x8a\x18w.@\x18\xeeX\xb4\xe3W-@~\xba\xf7I\xa9\x1f,@~\xba\xf7I\xa9\x1f,@"
p13
tp14
b.