cnumpy.core.multiarray
_reconstruct
p0
(cnumpy
ndarray
p1
(I0
tp2
S'b'
p3
tp4
Rp5
(I1
(I25
I1
tp6
cnumpy
dtype
p7
(S'f8'
p8
I0
I1
tp9
Rp10
(I3
S'<'
p11
NNNI-1
I-1
I0
tp12
bI00
S"j2\tu\x19\xfb'@?F\xe3\xea\x12z*@\x0b\x82g\xad\x11\xea,@\xb6\xc6\xb6N\xd0C/@zX|\xe0%\xc00@\t\x8b\x93 l\xcc1@\x16\x8b\xb9\x9e\x9a\xc32@\x9ca\xf3\xfd\xcf\xa23@\x1d\x1f\xd0drg4@\xb0\x82\xb1?7\x0f5@\xd8y\x9a\x16*\x985@\xb2\xa7\x1fb\xb2\x006@\x89c\x14N\x98G6@\xb9\xc5\xc0[\x08l6@F\xdd\xc9\xd8\x95m6@\xdc\x01r#<L6@\x91\xfdi\xb8^\x086@\xbb\xd6\t\n\xc8\xa25@0\x8af$\xa7\x1c5@Y=N%\x8cw4@W\xa8\xb3\x92c\xb53@\xd9Dq\x9dp\xd82@\r\x1d\x83aF\xe31@\xa0R\xd97\xc0\xd80@\xa0R\xd97\xc0\xd80@"
p13
tp14
b.