cnumpy.core.multiarray
_reconstruct
p0
(cnumpy
ndarray
p1
(I0
tp2
S'b'
p3
tp4
Rp5
(I1
(I25
I1
tp6
cnumpy
dtype
p7
(S'f8'
p8
I0
I1
tp9
Rp10
(I3
S'<'
p11
NNNI-1
I-1
I0
tp12
bI00
S"\x19* \x15\xb1\xcc(@\x1b\xf7o\xbe\xeb\xdf*@6`\x10R\xb2\xe6,@\xbaM\xffB\xf9\xda.@7\xc9\x82\x19v[0@\xb62I\xab\x7f:1@\xc0\x9a\x0c\x00\x00\x082@\x93\xb1\xcb\x10\x92\xc12@\xa7;\x00K\x0ce3@\xe98\xf9\x03\x87\xf03@\x10\xf9\x9a'bb4@\x10y\x91\x11J\xb94@\xf4q~\x82;\xf44@\xe7\xb2T\xa5\x86\x125@\x82\xc9\xdd\x1b\xd1\x135@'GM\x0c\x17\xf84@\x00y\xbd,\xab\xbf4@4Ns\xcc5k4@\x1et\xc9\xdd\xb2\xfb3@\xc5h\x9c\x06or3@W\x88\xf9\xbf\x03\xd12@\x11?\xa1\x90R\x192@\xdb.\x98p\x7fM1@GH\x84f\xeao0@GH\x84f\xeao0@"
p13
tp14
b.