cnumpy.core.multiarray
_reconstruct
p0
(cnumpy
ndarray
p1
(I0
tp2
S'b'
p3
tp4
Rp5
(I1
(I25
I1
tp6
cnumpy
dtype
p7
(S'f8'
p8
I0
I1
tp9
Rp10
(I3
S'<'
p11
NNNI-1
I-1
I0
tp12
bI00
S'R\xeb[\x81\x1a\xa2&@\xf8\x90\xfbe:\xfa\'@E\x9f\x88\x15IJ)@ w[\x13\\\x8e*@\xe3\t\xfc\xa1\xac\xc2+@\x99{\xff\x06\xa3\xe3,@B7\xa8B\xe1\xed-@\xf2\xfeO\x1bM\xde.@\xfd9\xa5^\x19\xb2/@\xff\xee\x8f\x1eg30@\xc5\xe2_S(}0@\x0c\x0e\x8fIt\xb50@\x83o\n\x11\xa3\xdb0@\x16Y\xd8\xc2B\xef0@\xd1\x12\xe0\xd4\x18\xf00@\x02\x9f\x8a\xc8"\xde0@\x98\xb132\x96\xb90@\x07\xa8T\x19\xe0\x820@\xa6LF\xb3\xa3:0@7?\xc7\xf8p\xc3/@\x0e\x01tjO\xf2.@\xea\x90\x88\x96R\x04.@\n\x80\xd2l@\xfc,@\x0cq*\xac,\xdd+@\x0cq*\xac,\xdd+@'
p13
tp14
b.