cnumpy.core.multiarray
_reconstruct
p0
(cnumpy
ndarray
p1
(I0
tp2
S'b'
p3
tp4
Rp5
(I1
(I25
I1
tp6
cnumpy
dtype
p7
(S'f8'
p8
I0
I1
tp9
Rp10
(I3
S'<'
p11
NNNI-1
I-1
I0
tp12
bI00
S"\xe4\xcfW<\x9f\x05$@\xf4\x14\xb7\x19M\xc8%@\x0fT\xbcIj\x80'@\xa8\xf5\xe4\xe6\xd5()@0\x99o\xdc\x9d\xbc*@N//\xa7\r7,@\xb2\xfb\xb3^\xbc\x93-@\xae\xcc\xeb\xdc\x99\xce.@\x9a\x80\xfb\xdc\xfa\xe3/@\x1e\xe5\x94\xf6Qh0@Hm\x9a\x89\xe9\xc80@f\xd8'\x03\xa4\x121@\xae\\\x1es\xa5D1@\x8d\xc0\xbe\xadX^1@:\x90\xa6\x08q_1@\xd2>\x83?\xebG1@\x0e\xf8\xd0}\r\x181@D\x10\x88\x8df\xd00@\xed\x7f)-\xccq0@\xf6 B$\xb1\xfa/@(\x95\xd6=\xce\xe8.@\x02\xec\x9c\xad \xb1-@\xc4\xf0s6JW,@\xd0\xad\xfe\x81R\xdf*@\xd0\xad\xfe\x81R\xdf*@"
p13
tp14
b.