cnumpy.core.multiarray
_reconstruct
p0
(cnumpy
ndarray
p1
(I0
tp2
S'b'
p3
tp4
Rp5
(I1
(I25
I1
tp6
cnumpy
dtype
p7
(S'f8'
p8
I0
I1
tp9
Rp10
(I3
S'<'
p11
NNNI-1
I-1
I0
tp12
bI00
S'\xb6\xd6|\xe5\xbba\x1b@\xd1\xdd8\xbee\xd5\x1d@s \x96b,\x1d @\xf5\x17\xea?\xb8D!@\x83Du\xd3\xe4]"@\x00\x9e3Yke#@\x1d\xa7\xdb\xb29X$@@\xc1\xec\x90{3%@f\xd3\\\xe3\xa2\xf4%@\x82\xc8\xb7xo\x99&@\xce\x88\xf4\xb4\xf5\x1f\'@&\x03\xf8K\xa4\x86\'@f\x8c\xaf\xeeH\xcc\'@:\x86\xcf\xdc\x13\xf0\'@\x95\x86\x90P\x9a\xf1\'@fD2\xbd\xd7\xd0\'@\x1c$\x8e\xdc-\x8e\'@.\xe7\x90\x8bc*\'@\xfa"\x01y\xa2\xa6&@\x8a"|\xads\x04&@\xab6\x02\xf7\xbaE%@\xd8\xf9\xbbE\xb1l$@\xaf\xcd\xc9\n\xde{#@jm\xe4\xac\x0fv"@jm\xe4\xac\x0fv"@'
p13
tp14
b.