cnumpy.core.multiarray
_reconstruct
p0
(cnumpy
ndarray
p1
(I0
tp2
S'b'
p3
tp4
Rp5
(I1
(I25
I1
tp6
cnumpy
dtype
p7
(S'f8'
p8
I0
I1
tp9
Rp10
(I3
S'<'
p11
NNNI-1
I-1
I0
tp12
bI00
S"D\xb1=N\xabj&@\xaa\x15\x1c\xe7\x13\x03(@^\x17\xb1\x80\xe9\x91)@\xae)wY\x86\x12+@\x88\xbe\x93\x1co\x80,@\xa0\xf4l@`\xd7-@\xb2%\xcf\xbeZ\x13/@\xfd|X\x00X\x180@\xa4*\x03m\x06\x960@6\x1bo\xbaA\x011@\xe5\x91\x1a\x07\xcaX1@\x8a\xc255\x9a\x9b1@(h\x91\xf5\xea\xc81@\xba&-\x1a5\xe01@\x14\x1cx)3\xe11@\x80\xb0\x90-\xe2\xcb1@Ti\x19\xbd\x81\xa01@\x1ce\x88=\x93_1@\x82]'a\xd8\t1@7\xa7C\xe5P\xa00@k\xd9I\x977$0@\xec\xc3aS\xfd-/@\xe8\xc3K\xc7\x96\xf4-@=A\xaep\xe2\x9f,@=A\xaep\xe2\x9f,@"
p13
tp14
b.