cnumpy.core.multiarray
_reconstruct
p0
(cnumpy
ndarray
p1
(I0
tp2
S'b'
p3
tp4
Rp5
(I1
(I25
I1
tp6
cnumpy
dtype
p7
(S'f8'
p8
I0
I1
tp9
Rp10
(I3
S'<'
p11
NNNI-1
I-1
I0
tp12
bI00
S'V7\x06(N\x12\x19@\xdc\x9c\x12\x10\x16\x8b\x1d@\x8c\\\x8b\xe0\x83\xf4 @D\xcb\xcd\'\x8e\x0f#@}\x97v\xdda\x10%@\xbbNZ3\x05\xf1&@tC\x05a\xde\xab(@\xf0t\xd3X\xc4;*@T>\xc0,\x0e\x9c+@\xc3\x08\x02\xf5\xa0\xc8,@\x0ca\xfa\x0e\xfc\xbd-@\x9f\xa9\xf2\x8fCy.@crz\xccH\xf8.@7K\xf6\xda\x909/@3\x96\xf3\xfdX</@d}\x15\xe9\x98\x00/@"\x19\xd6\xd9\x02\x87.@\x92\xee\xd1\x83\x01\xd1-@V\xe5\xcf\xd6\xb3\xe0,@\x8dN!\xab\xe6\xb8+@\xe5v9g\x0c]*@\xe7\xcfg\xb72\xd1(@\x1f\xfa`v\xf6\x19\'@2\xb7\xa8\xeau<%@2\xb7\xa8\xeau<%@'
p13
tp14
b.