cnumpy.core.multiarray
_reconstruct
p0
(cnumpy
ndarray
p1
(I0
tp2
S'b'
p3
tp4
Rp5
(I1
(I25
I1
tp6
cnumpy
dtype
p7
(S'f8'
p8
I0
I1
tp9
Rp10
(I3
S'<'
p11
NNNI-1
I-1
I0
tp12
bI00
S'E\x8f\xd7\x9c\xb9:+@\xde<\x90\xda\xb5\xa4,@G\xae\x03\xb35\x06.@\xc6Y\x99\xa1\x1a[/@\x0f\x92\xef\xdd\xb5O0@\xdeQ\x8a\xc5\xb0\xe70@\xcb\xbc\x18\xa9\xb8s1@\xd0\xbfb\xcf+\xf21@:\xf7\x96\x02\x91a2@\x18\x82\x8a\xf5\x9b\xc02@\x00`\x01#1\x0e3@\x1eEr\x1biI3@\xee\xe7j7\x93q3@\xb6I\x89\xa67\x863@\x13\xf8\xe5\xd4\x18\x873@\xba\x14\xc5"4t3@\xf5+j\xec\xc1M3@\x1c\x80\xf7\xe14\x143@$TN\xb18\xc82@\xab\xca\xec\x05\xb0j2@\xec\x15\xc1\xe4\xb1\xfc1@\xaf\x0e\xd3k\x86\x7f1@\xb5 w\xff\xa2\xf40@\xe9dr\xf0\xa5]0@\xe9dr\xf0\xa5]0@'
p13
tp14
b.