cnumpy.core.multiarray
_reconstruct
p0
(cnumpy
ndarray
p1
(I0
tp2
S'b'
p3
tp4
Rp5
(I1
(I25
I1
tp6
cnumpy
dtype
p7
(S'f8'
p8
I0
I1
tp9
Rp10
(I3
S'<'
p11
NNNI-1
I-1
I0
tp12
bI00
S"\n\x83g\xf5\xc2\xd3$@\xbe\xcd\x83h\xf2\xd9&@\x02'\xac\r\xfc\xd3(@$a\x7fW\xfa\xbb*@\xc9\xb8\x88\x8c=\x8c,@\xde\xb9\xcb\xbd\\?.@\xaeP#\xeaE\xd0/@\x0e\xe7'\x8f&\x9d0@\x11\x9bJ2\x9d<1@/\xac+-\xab\xc41@@\xaf\x14\xa3\xba32@\x9aR\x9fF\x80\x882@\xd2\xc1\x026\xff\xc12@\xd2\xd0q\xed\x8b\xdf2@\xc8\x96\xbfF\xce\xe02@\xee2T\x80\xc2\xc52@\xb1OaH\xb9\x8e2@1\xf74\xccV<2@P\xaex\xce\x90\xcf1@\xef\xcf\x11\xca\xabI1@D .*7\xac0@\x1a%\x88E\x11\xf2/@>0\xd2nmd.@\x8a\x83\xa3\x01%\xb4,@\x8a\x83\xa3\x01%\xb4,@"
p13
tp14
b.