cnumpy.core.multiarray
_reconstruct
p0
(cnumpy
ndarray
p1
(I0
tp2
S'b'
p3
tp4
Rp5
(I1
(I25
I1
tp6
cnumpy
dtype
p7
(S'f8'
p8
I0
I1
tp9
Rp10
(I3
S'<'
p11
NNNI-1
I-1
I0
tp12
bI00
S"t2\xcb\x95\xd8\xaa\x1e@\x98\x92W\xfc\x80d!@&\x9fT}:g#@J2\x87V\x99W%@L\x1c\x14\xd1\xd4/'@\x8ah\xb27l\xea(@t]\xf6@7\x82*@\x8b\xd4\xd7qu\xf2+@v\xf8\x8eJ\xdc6-@\xce6~\x13\xa4K.@\x9c\x17\xfa#\x93-/@\x02yK\x81\x07\xda/@\xa4i\x9c\\\x7f'0@`vT\xf0\x8dE0@\xc8\x85>\xd2\xd5F0@J\xd9@0S+0@\xfb#:6\xb0\xe6/@~\xa9B#\x17?/@F3\xfe\x1c\xcfa.@\x87i+=lQ-@\x9c6\xc2\x10\x1b\x11,@\x17\xe1\x0b \x97\xa4*@\xebk4\xcc\x1f\x10)@\xf5O\x8c\xa3kX'@\xf5O\x8c\xa3kX'@"
p13
tp14
b.