cnumpy.core.multiarray
_reconstruct
p0
(cnumpy
ndarray
p1
(I0
tp2
S'b'
p3
tp4
Rp5
(I1
(I25
I1
tp6
cnumpy
dtype
p7
(S'f8'
p8
I0
I1
tp9
Rp10
(I3
S'<'
p11
NNNI-1
I-1
I0
tp12
bI00
S'\x1aV-\xc88@$@2"\xf1h!\xe4%@\x96\x1bM\x062~\'@E\x89S^\xa3\t)@\x84H\x93\xcd\xd9\x81*@VT\r\x0es\xe2+@\x9cf\nKS\'-@\xc2\xd4\xcdb\xb1L.@5\xa4\x951"O/@c\xdf\x1bb\xd1\x150@\xbdL\xf8\xa9\xd0o0@\xe9dKx\x82\xb40@b\x10+\xe1\x19\xe30@j\x19$\xe8\x0b\xfb0@T\x99\xd5\x1e\x11\xfc0@B\xc0\x06z&\xe60@\xf0P\xbbZ\x8d\xb90@V\xba+\xcb\xcav0@8\x9a\xe6\xf1\xa5\x1e0@\xba\x1aw\x7fKd/@(\x00\xb7\xbe\x1be.@N\xb2\xa4\xdf\xb5B-@\\y4*|\x00,@e\xef\x06\xd8/\xa2*@e\xef\x06\xd8/\xa2*@'
p13
tp14
b.