cnumpy.core.multiarray
_reconstruct
p0
(cnumpy
ndarray
p1
(I0
tp2
S'b'
p3
tp4
Rp5
(I1
(I25
I1
tp6
cnumpy
dtype
p7
(S'f8'
p8
I0
I1
tp9
Rp10
(I3
S'<'
p11
NNNI-1
I-1
I0
tp12
bI00
S'\x98\xe8\xa3I\x91\x96(@\x1f7>\xb3\xec.*@\n>\xafl\xb5\xbd+@\x9e\x19\xda\xdaE>-@xG\xee\xcd"\xac.@|k\xc7o\x84\x010@\xa8lG\x95|\x9f0@\xf0w)\x9b".1@\x8e\xb9$\xf9\xcc\xab1@\xd6,[\xd0\x04\x172@n\xb7\x9eI\x8an2@\x04\x88\x8dOX\xb12@^\x87g\x99\xa7\xde2@\x7f\x88\x89\xfd\xf0\xf52@\xdf\xd4\xa0\x04\xef\xf62@AL\xe4\xb8\x9e\xe12@B\xee\xe8\xae?\xb62@:v\xf7GSu2@2\xd3\x180\x9b\x1f2@\x1d\xcfX\x1c\x17\xb61@$W\xfa\xcf\x01:1@\xd6\xe0\x80q\xcd\xac0@d\xed\x7f:\x1f\x100@\xe7\x1c\x1d\x1e\x95\xcb.@\xe7\x1c\x1d\x1e\x95\xcb.@'
p13
tp14
b.