cnumpy.core.multiarray
_reconstruct
p0
(cnumpy
ndarray
p1
(I0
tp2
S'b'
p3
tp4
Rp5
(I1
(I25
I1
tp6
cnumpy
dtype
p7
(S'f8'
p8
I0
I1
tp9
Rp10
(I3
S'<'
p11
NNNI-1
I-1
I0
tp12
bI00
S'QD\xe1R\xaac"@\xf2<\x868\xa0\xf1#@\xce\x19\xa8\xd2Av%@\xeb\x92\x8f\xcf\x07\xed&@r\xffX4\x94Q(@\xbe<\xfbc\xbf\x9f)@~y \x84\xa4\xd3*@\x94\x07\xd8\x1a\xad\xe9+@\xb7mz\xc2\x9b\xde,@\x9df\xd2\xd3\x95\xaf-@\xda-\xb6\xe9+Z.@\xf4-\xab$a\xdc.@\\\x9a\xe8\x18\xb14/@\xd5\x9b\x08U\x14b/@\xaf\x95\xe7s\x03d/@\xa01\x89\xb0x:/@<XN\xf7\xef\xe5.@\xa6\xbeHteg.@\xe0\xcd\xfa\xa2R\xc0-@"\xeaG\xe8\xa9\xf2,@\x9e<\xb4\xc3\xd0\x00,@z\x19G\xa9\x98\xed*@\xf2dc\x996\xbc)@\xd6\x05\xaa\x8f9p(@\xd6\x05\xaa\x8f9p(@'
p13
tp14
b.