cnumpy.core.multiarray
_reconstruct
p0
(cnumpy
ndarray
p1
(I0
tp2
S'b'
p3
tp4
Rp5
(I1
(I25
I1
tp6
cnumpy
dtype
p7
(S'f8'
p8
I0
I1
tp9
Rp10
(I3
S'<'
p11
NNNI-1
I-1
I0
tp12
bI00
S'{}\xe2\xca\xad\xd4\x19@?o0l\x12\xa2\x1d@Cu_\xb2R\xac @(\x8e3\x88\xa9v"@t\x8d\x0et\xb6*$@\xce&\xa1\xafd\xc3%@\x06:$\x1a\xf1;\'@\xd9V\x1bm\xf8\x8f(@\x8b\x7f\'S\x84\xbb)@\xafa\xde9\x17\xbb*@\xf6\xafc\xbb\xb6\x8b+@\x18\xe9\xb4\x80\xf4*,@\x18"\'\x82\xf5\x96,@\xa8\xc2t\x90w\xce,@k\x03\xd8\x15\xd5\xd0,@\x01!\xff\x03\x07\x9e,@\x7f\xc2\x18\xe9\xa46,@=\xc9\xb9+\xe3\x9b+@\x992\xe1r\x8f\xcf*@\xc2o\xd2D\x0b\xd4)@VX\xd2\xecD\xac(@g\xbe\xf6\xbc\xae[\'@\x06X\x1d\xc64\xe6%@\xb7\x92\xb5$1P$@\xb7\x92\xb5$1P$@'
p13
tp14
b.