cnumpy.core.multiarray
_reconstruct
p0
(cnumpy
ndarray
p1
(I0
tp2
S'b'
p3
tp4
Rp5
(I1
(I25
I1
tp6
cnumpy
dtype
p7
(S'f8'
p8
I0
I1
tp9
Rp10
(I3
S'<'
p11
NNNI-1
I-1
I0
tp12
bI00
S'\xdb\xe3dO\xbbK!@,\xa0S.\xa2\xff"@\xf9\x04\xed\x0eQ\xa9$@\xf4]\x1d\x18\xd2C&@!U\x9a\xb8\\\xca\'@\x8eq\xdf\xebc8)@\xbe*\x86\xcd\xa3\x89*@\xa8SzR.\xba+@RZ\x16\x02w\xc6,@\xa6\xcc.\x8c]\xab-@\x86\xd8x\x1c7f.@$\xf7yO\xd6\xf4.@\x1ajD\xb1\x91U/@\xd8u\xa0\xb2H\x87/@<V\xd8\x05g\x89/@\\\x19\x1fY\xe6[/@\xfd\xa7jiN\xff.@)\xbf\x88m\xb3t.@p\xc2&\xde\xb2\xbd-@\xd2^f\xa4n\xdc,@\xc4b^\xbd\x86\xd3+@\x08\xbc\x81e\x11\xa6*@\xc6|H\xe3\x91W)@\xcb\x0b\x93\x0c\xee\xeb\'@\xcb\x0b\x93\x0c\xee\xeb\'@'
p13
tp14
b.