cnumpy.core.multiarray
_reconstruct
p0
(cnumpy
ndarray
p1
(I0
tp2
S'b'
p3
tp4
Rp5
(I1
(I25
I1
tp6
cnumpy
dtype
p7
(S'f8'
p8
I0
I1
tp9
Rp10
(I3
S'<'
p11
NNNI-1
I-1
I0
tp12
bI00
S'\x02\x07\x96]\x06_\'@\x96\xfb\xf3\xb4eG)@^)7)R$+@\xed\xacz\x06=\xf0,@\xa0\t\xf8S\xca\xa5.@\xac\xdd]h\xf0\x1f0@t\xa0\xa9\x94\xdc\xdc0@\xe4\xb9\x8a\x1cv\x871@F\x88?\x16\xc0\x1d2@\x12\x9e\xba.\xfa\x9d2@\xf6M\x06\xe3\xa5\x063@\x95\xf5T\xf5\x8aV3@\xe3#r\x10\xbb\x8c3@\x86\t\xba\x8e\x94\xa83@\x04TN\\\xc4\xa93@\x84\xfd\xe9\xeeF\x903@\xfe\xc6pPh\\3@"\xdc\x1a<\xc3\x0e3@\xbaG\xe1P?\xa82@!$\x8c^\x0e*2@\xe5\xaco\xd5\xa8\x951@\x87\x8byc\xc9\xec0@38\xa4\xcbg10@jzg\x0ef\xcb.@jzg\x0ef\xcb.@'
p13
tp14
b.