cnumpy.core.multiarray
_reconstruct
p0
(cnumpy
ndarray
p1
(I0
tp2
S'b'
p3
tp4
Rp5
(I1
(I25
I1
tp6
cnumpy
dtype
p7
(S'f8'
p8
I0
I1
tp9
Rp10
(I3
S'<'
p11
NNNI-1
I-1
I0
tp12
bI00
S"\x9a\xf6\xccwg\xcb\x1d@\x1a7\xd8n\xb1.!@\xce\xdb|g\xf8i#@\xb8#\x03{\xe0\x90%@\xa9d\x10C\xfe\x9c'@\x02]&D6\x88)@\x1a\x87\xa2%\xcfL+@\xda\xdb\xfd\xc4\x82\xe5,@t8]\xf1\x8dM.@\x98\xd8\x83\xa0\xbe\x80/@RJc9\xc0=0@\xf3\x1eU\xb0s\x9d0@>>)9\\\xde0@4Q`3\xb8\xff0@\xbc\xc3\x84\x1b$\x011@\xe4+\x06\xb4\x9b\xe20@\xba\x9d\xdf\x11z\xa40@\x9c/\xe3\x8cxG0@lg\xaa-Y\x99/@\x1a\xf5\x90\xff\x08k.@\xd6\x12\xc1b\x86\x07-@>\x03k\xdb\xf5r+@\xbe\x96\x0cC\x0e\xb2)@\xc2VO\xb8\n\xca'@\xc2VO\xb8\n\xca'@"
p13
tp14
b.