cnumpy.core.multiarray
_reconstruct
p0
(cnumpy
ndarray
p1
(I0
tp2
S'b'
p3
tp4
Rp5
(I1
(I25
I1
tp6
cnumpy
dtype
p7
(S'f8'
p8
I0
I1
tp9
Rp10
(I3
S'<'
p11
NNNI-1
I-1
I0
tp12
bI00
S'9\xad\xfdd\xae\xdc)@\xe4q\x10\xb5#\x91+@DM\xf6\xaf];-@I\x13\xa7\xddd\xd6.@\x89\xefW\x8e\xb7.0@%\xa3\xec\xf5\xf6\xe50@W\x8a\xf7\x00\xce\x8e1@h\x8b\x8e\x05E\'2@\xfe\x04\xf02\x95\xad2@AZC\xde- 3@;E\xd2-\xb9}3@\xf4{\xcd\x14 \xc53@\xa6\x9a\xba\x93\x8d\xf53@v\x1e\xd83q\x0e4@\x81\x04\x10\xb6\x80\x0f4@\xaf\x7fs\xf0\xb8\xf83@x\x11\xab\xd7]\xca3@\r\xde>\xb4\xf9\x843@"\xf5\x13\x86[)3@\xd6\x1c\xed\x9a\x94\xb82@4*!_\xf532@S\xf9\x06r\t\x9d1@\xe0\xc6\xc8\t\x93\xf50@\xfay_\xb4\x85?0@\xfay_\xb4\x85?0@'
p13
tp14
b.