cnumpy.core.multiarray
_reconstruct
p0
(cnumpy
ndarray
p1
(I0
tp2
S'b'
p3
tp4
Rp5
(I1
(I25
I1
tp6
cnumpy
dtype
p7
(S'f8'
p8
I0
I1
tp9
Rp10
(I3
S'<'
p11
NNNI-1
I-1
I0
tp12
bI00
S'\x17\x02\xf9`\xcdv)@\x08\x06\xae\xae\xae\xa8*@X\x00\xefKd\xd3+@\x80\xf9\x8b%s\xf3,@\x15\xc9~\xee\x7f\x05.@\x04\xafH#Y\x06/@\x9eO\xa8\x90\x00\xf3/@\n\x99\x9e Zd0@\xcc@\xbb[{\xc20@\xadr\xa1-\xcb\x121@\xc2E\xac\x02ZT1@V\xf3GJd\x861@\xc7\x9dT\xbeT\xa81@\xcc5r \xc6\xb91@\xf0"\x05h\x84\xba1@D\xbdn]\x8d\xaa1@\x13\x8f\xaa\xa0\x10\x8a1@~\xa3<\x1boY1@\xca\xaf\x18\xdf9\x191@\xe2}\xe0u0\xca0@\x92\x8a\x84\xa5>m0@/K\xef\xb0y\x030@\x98e\xda9:\x1c/@\xf3\x81\xe9\x05\x0e\x1d.@\xf3\x81\xe9\x05\x0e\x1d.@'
p13
tp14
b.