cnumpy.core.multiarray
_reconstruct
p0
(cnumpy
ndarray
p1
(I0
tp2
S'b'
p3
tp4
Rp5
(I1
(I25
I1
tp6
cnumpy
dtype
p7
(S'f8'
p8
I0
I1
tp9
Rp10
(I3
S'<'
p11
NNNI-1
I-1
I0
tp12
bI00
S'\x97cSV\x81\xf9\x1c@\x80\xd7\xf4\xdb\xeea\x1f@\xb6\x16\xcc~\xf4\xdd @\x1f\xdb\xf2\xfd5\x00"@2\xab\xfc\x0fZ\x14#@\xe4\xba\x9d\xf4(\x17$@\xa4\xdf\x01\xa0\x9e\x05%@\xe4u\xe0\xb9\xf3\xdc%@\xf4\x86|\xe7\xa5\x9a&@\xb6\x14\xd7G\x7f<\'@\n_\xbf\x0b\x9d\xc0\'@\xc2\x80\x15\x16u%(@\xcb\xf9v\x93\xdai(@\x97\x04\xa2{\x01\x8d(@&\xbb\x1a\xf2\x80\x8e(@4h\xfa~Tn(@Z\xe1C\x1c\xdc,(@\xb0&\x95\x17\xdb\xca\'@Q[\x8c\xcbuI\'@w\x0c\xaa7.\xaa&@\x93_\xda\x80\xdf\xee%@\xec\x10\x10h\xb8\x19%@^wu\xc74-$@\x92\xc7\x9f)\x16,#@\x92\xc7\x9f)\x16,#@'
p13
tp14
b.