cnumpy.core.multiarray
_reconstruct
p0
(cnumpy
ndarray
p1
(I0
tp2
S'b'
p3
tp4
Rp5
(I1
(I25
I1
tp6
cnumpy
dtype
p7
(S'f8'
p8
I0
I1
tp9
Rp10
(I3
S'<'
p11
NNNI-1
I-1
I0
tp12
bI00
S'\xc3\xae\x08\x86?@+@H0\xb6Ia\x06-@\xb3{u\xa7\xdd\xc1.@\xe3\x87j\xd5\xc460@j\xef\xfa\xc54\x021@\x10\xe0\xa6\xc6\xdf\xc01@\xff\xc8+\x10\x8dp2@h\x1e\x80\x930\x0f3@\x1f\xdc"\x15\xf1\x9a3@+\x8d\xcc\xb0-\x124@\xf5\xa6\x0e\xb5\x82s4@\xf8cc\xc8\xcd\xbd4@\xa2\xe1PK1\xf04@\x12\xbf\x87\xed\x16\n5@%\x10In1\x0b5@\xc0\x08\xda\x82}\xf34@\x86\xebU\xe0A\xc34@\x9a\xf0\xc0h\x0e{4@PZ\xd1}\xba\x1b4@\xa3\x19o~b\xa63@\t\xa5fvd\x1c3@8\x8f1\n\\\x7f2@\xd6\xd9\xff\xaa\x1d\xd11@\x00"Q!\xb1\x131@\x00"Q!\xb1\x131@'
p13
tp14
b.