cnumpy.core.multiarray
_reconstruct
p0
(cnumpy
ndarray
p1
(I0
tp2
S'b'
p3
tp4
Rp5
(I1
(I25
I1
tp6
cnumpy
dtype
p7
(S'f8'
p8
I0
I1
tp9
Rp10
(I3
S'<'
p11
NNNI-1
I-1
I0
tp12
bI00
S'`\xa3\xa5\x8e\xf0\xfd @L\xfd|"\x82\x9e"@\x9c\x8b^\xbeO5$@\n\xc3@\xdb\x9b\xbd%@\xe4\x9e\xc47\xd42\'@\x18\x95-{\x9f\x90(@\xf2\x18\x96.\xea\xd2)@j>\xad\xe5\xf2\xf5*@\xe8\xed\xb7rU\xf6+@\x9c)j\x04\x15\xd1,@\xd6\xa8j\x0f\xa5\x83-@H\xd7\xea\xe8\xf0\x0b.@\x9a^\xa4\xfbah.@K#\xb8\x84\xe4\x97.@\xa9\x9cL\xca\xea\x99.@g\x97U\xc2nn.@\x962\x98$\xf2\x15.@\xfdX\xb5\xe7|\x91-@\x9d\x0b\xbd-\x9a\xe2,@Bqw\xa9S\x0b,@1\xdf\x1f\x8a+\x0e+@\xe6U\xb4\xff\x14\xee)@\xf0\x1a,nk\xae(@\xbe\xaf\xd5i\xe8R\'@\xbe\xaf\xd5i\xe8R\'@'
p13
tp14
b.