cnumpy.core.multiarray
_reconstruct
p0
(cnumpy
ndarray
p1
(I0
tp2
S'b'
p3
tp4
Rp5
(I1
(I25
I1
tp6
cnumpy
dtype
p7
(S'f8'
p8
I0
I1
tp9
Rp10
(I3
S'<'
p11
NNNI-1
I-1
I0
tp12
bI00
S"\xaa\xf8\x10\x07\xe9\xa6%@\xa04\xe3\x8dj\xed&@\xa9\x84\xdc\x9bD,(@\xc1_\xb6\x07\xc0_)@\xcb0\xd3\x92G\x84*@\x81\xc4u\x99r\x96+@WC\xe9=\x0f\x93,@\x15ID\xf0+w-@\x1f\x17Y6 @.@.\x18\xa1\x99\x94\xeb.@,J|\xa3\x89w/@\x86\x10\xee\xd2]\xe2/@\x12\x04\x08=i\x150@;\xcb[\xba\x07(0@\xe6+\x9d\xd6\xd2(0@$\x04\xe73\xc8\x170@\x90b\xa7P5\xea/@\x08\xd5\xadLc\x82/@\xb6\xd0L\x10P\xf9.@,\xcd\x93\x83\x94P.@ \x00i\xfe'\x8a-@\xf6\x8d\x05kZ\xa8,@\xbcW:`\xcd\xad+@D\xb9\x10Hl\x9d*@D\xb9\x10Hl\x9d*@"
p13
tp14
b.