cnumpy.core.multiarray
_reconstruct
p0
(cnumpy
ndarray
p1
(I0
tp2
S'b'
p3
tp4
Rp5
(I1
(I25
I1
tp6
cnumpy
dtype
p7
(S'f8'
p8
I0
I1
tp9
Rp10
(I3
S'<'
p11
NNNI-1
I-1
I0
tp12
bI00
S"\xf8\xb1~w%0&@\xa1\x9b\xf8\xdbo\xea(@\xec\xa3:\x93[\x94+@\x88\xebdc\xf6%.@L\xf9\xfeM\xcbK0@ '\xea\xf8\xf8p1@\xf9\xd4&\x9f\x19\x7f2@N\xab\xa1p\x07s3@\xbc\x8bO\xc4\xeaI4@\x89U\xd9\x92B\x015@\xbe\xbd\xd9\xee\xeb\x965@\xd2\xdadd(\t6@3g\xd6,\xa3V6@\x95\xd7a'u~6@v\xc7\x8b\x8a'\x806@j\xf9\x83F\xb5[6@\xe7\xdb>\x14\x8b\x116@`\x87!1\x86\xa25@\x17\xb5\x07\xcb\xf1\x0f5@\x86rT$\x83[4@\xbe\xa8\x90{T\x873@\x07\x8b\xca\xc5\xde\x952@\xe7\xa4kN\xf2\x891@\x03\x14\x86R\xaef0@\x03\x14\x86R\xaef0@"
p13
tp14
b.