cnumpy.core.multiarray
_reconstruct
p0
(cnumpy
ndarray
p1
(I0
tp2
S'b'
p3
tp4
Rp5
(I1
(I25
I1
tp6
cnumpy
dtype
p7
(S'f8'
p8
I0
I1
tp9
Rp10
(I3
S'<'
p11
NNNI-1
I-1
I0
tp12
bI00
S"\xb5'X\xbd\xac+'@U\xb5\x89\x93\xd9\x82)@\xb2\x93\xc0\x8f\xfa\xcb+@O\xe8\x1d5>\x00.@2\x855\xa2\x88\x0c0@\xec\xa8\xae,\x19\x081@\x1a\xd1\xd5I\xe2\xef1@\xae\xa0%\x8a0\xc12@\xff\x00T\x8d\x93y3@6\xf1\xe2H\xe5\x164@\n\xe0\xf1pP\x974@\xd8\xdd0\xf0U\xf94@K|\xa5^\xd1;5@@b\xf0i\xfc]5@\xb2\x84\xe9$q_5@02\xae7+@5@\x9c\xeb\x95\xec\x87\x005@\xa2c\xe7\x19E\xa14@\xd4\xd0\x8b\xeb~#4@\xca\xe3Y\x93\xac\x883@6)\xd9\xe9\x9b\xd22@\x82\x9e\x88\x0cl\x032@\x99V\xb6\t\x87\x1d1@L?\xc9\xac\x9a#0@L?\xc9\xac\x9a#0@"
p13
tp14
b.