cnumpy.core.multiarray
_reconstruct
p0
(cnumpy
ndarray
p1
(I0
tp2
S'b'
p3
tp4
Rp5
(I1
(I25
I1
tp6
cnumpy
dtype
p7
(S'f8'
p8
I0
I1
tp9
Rp10
(I3
S'<'
p11
NNNI-1
I-1
I0
tp12
bI00
S'o\x1e3F\xe2\xb8%@\x83\xf5\x88q\xf5\x88\'@j\xf0\x1b\x8b\'N)@\xe6ST\xa70\x03+@|\xea\x95\x0f\xf9\xa2,@\xb9\xb4Us\xa8(.@N\xf7\x0f\\\xb4\x8f/@O\xae\x80\xdc\xf6i0@<T\x1d\xad\xc6\xf80@\x14\xe8\xe9\x9a\x9fr1@i\xd6\xcf*\x16\xd61@^\x16\xe1\xa7\x01"2@M\xf8q\x98\x7fU2@8V\xb1a\xf6o2@d\xcb\xdf\x11\x17q2@\xd2\r\xcfK\xdeX2@\x80\xe7\xeaP\x94\'2@\xfb\xdf\xad)\xcc\xdd1@\xb8\x92\x04\xefa|1@\xc4\x1c\xbc9x\x041@\xe6:\xa2\xbftw0@Z\x1b\xe2P\xf8\xad/@ye\xebM\xdaI.@\x14\n"\xca\xb5\xc6,@\x14\n"\xca\xb5\xc6,@'
p13
tp14
b.