cnumpy.core.multiarray
_reconstruct
p0
(cnumpy
ndarray
p1
(I0
tp2
S'b'
p3
tp4
Rp5
(I1
(I25
I1
tp6
cnumpy
dtype
p7
(S'f8'
p8
I0
I1
tp9
Rp10
(I3
S'<'
p11
NNNI-1
I-1
I0
tp12
bI00
S'.\xd0d\x16\xfbE*@2\'0\xa3*\t,@[\x93Xx\xc6\xc1-@\x8b\x8d\x906\xacj/@.9b.t\x7f0@\xac4\x96\x86\xe2<1@\x06\xad?\rl\xeb1@j\x18\xae\x19\x08\x892@Z P\x82\xe0\x133@\xe8%<\x17W\x8a3@\xed9\xbeu\n\xeb3@<\xc6\x85&\xda44@K4*\xfa\xe9f4@ \x92\xff\x99\xa4\x804@\'\xd4\x93E\xbd\x814@\x88\xc5\xa3\xb70j4@\xc1\xa7\xdc/E:4@\xe1fM\xa1\x89\xf23@.\x83\xf8\x07\xd4\x933@\xcc\xc3~\xea>\x1f3@\xa8\xe5R\x0f&\x962@\xbciHo"\xfa1@)I\x94q\x05M1@\x92\xe9v\x7f\xd3\x900@\x92\xe9v\x7f\xd3\x900@'
p13
tp14
b.