cnumpy.core.multiarray
_reconstruct
p0
(cnumpy
ndarray
p1
(I0
tp2
S'b'
p3
tp4
Rp5
(I1
(I25
I1
tp6
cnumpy
dtype
p7
(S'f8'
p8
I0
I1
tp9
Rp10
(I3
S'<'
p11
NNNI-1
I-1
I0
tp12
bI00
S'/o1M\xc0#)@C(\xc8R\xa2w+@\x03 h@\x8c\xbd-@\x99\xbeq0\xb6\xee/@pw\xb0\x11K\x021@\xdb\xf1\xbc\xc0y\xfc1@\xdd\x88\xcf\xd4\xfc\xe22@B\x1d\xfa\xaa$\xb33@\xdc\xf95Q\x84j4@r\xb4\xb8\xc2\xf8\x065@v\x83\xc1G\xaf\x865@\x9e;\xdb\xe5*\xe85@\xfc\xbcY\xd0H*6@4\x91\xd4\xcbCL6@\xec\xf7\x82z\xb6M6@JA\x9e\x8a\x9c.6@"mD\xc3R\xef5@\xa8\x9e\xb4\xef\x95\x905@\xba\x00\x1f\xac\x80\x135@\x12$\x98\x1a\x88y4@\x08\xba\x02\x8aw\xc43@X\x1a\xe8\x1bk\xf62@;\xdc6y\xc9\x112@1\x05\xae\xa8<\x191@1\x05\xae\xa8<\x191@'
p13
tp14
b.