cnumpy.core.multiarray
_reconstruct
p0
(cnumpy
ndarray
p1
(I0
tp2
S'b'
p3
tp4
Rp5
(I1
(I25
I1
tp6
cnumpy
dtype
p7
(S'f8'
p8
I0
I1
tp9
Rp10
(I3
S'<'
p11
NNNI-1
I-1
I0
tp12
bI00
S'\xe8(\xc0\\\xa6\xe0!@\xdbD\x1fC\x08\x0c#@4Z\xafwe0$@\x1c\x80\xff\xd4UJ%@\xb2K\xfeN\x90V&@\xb6\x98\xe3\xbf\xf4Q\'@Z\x97\x18;\x959(@(\xc8M\xca\xbe\n)@\x84|\xadz\x01\xc3)@\xf0"&\xa27`*@\x14\xfd\x1bG\x8c\xe0*@\x9e\xe7f\x97\x80B+@f\xe5N^\xf0\x84+@\xf7\xc98l\x15\xa7+@\x88\xbc\xda\xe5\x89\xa8+@>\xf6\x14tI\x89+@tU\xe4P\xb1I+@N&H1\x7f\xea*@\xdb\xbaX\x0f\xcfl*@4\xfc&\xdb\x17\xd2)@\x01\x01D\x1c\'\x1c)@\xdc&\xf9\x90\x1bM(@\xa4\xbb;\xdb^g\'@\xf4\xf79N\x9em&@\xf4\xf79N\x9em&@'
p13
tp14
b.