cnumpy.core.multiarray
_reconstruct
p0
(cnumpy
ndarray
p1
(I0
tp2
S'b'
p3
tp4
Rp5
(I1
(I25
I1
tp6
cnumpy
dtype
p7
(S'f8'
p8
I0
I1
tp9
Rp10
(I3
S'<'
p11
NNNI-1
I-1
I0
tp12
bI00
S'T\xf2|\xa9db @\x06\xd1\x9a\xa02u!@\xb2v\xede\x8f\x81"@2I_mZ\x84#@\xb6\xef\xa2\xb6\x8fz$@\xba\xd5$\xccPa%@\t\x17\xffQ\xed5&@\x82\th\x0b\xeb\xf5&@(\xd6\xad>\r\x9f\'@u0\xb3a[/(@\xf4\x9c\x04\xfb&\xa5(@\x8d}\xfc\xa5\x10\xff(@\xb40\xff*\x0c<)@\xebJ\x98\x9fc[)@\xf0\x1b&\x85\xb9\\)@U\xab\xc0\xdf\t@)@k/\x1cB\xaa\x05)@y\x8aC\xceH\xae(@bM$.\xea:(@\xf8\xd1\xf9\x89\xe6\xac\'@\x15\x04\xa7\x85\xe5\x05\'@\xf9m\xf5P\xd9G&@\xa4is\xd9\xf8t%@o\xb8B/\xb9\x8f$@o\xb8B/\xb9\x8f$@'
p13
tp14
b.