cnumpy.core.multiarray
_reconstruct
p0
(cnumpy
ndarray
p1
(I0
tp2
S'b'
p3
tp4
Rp5
(I1
(I25
I1
tp6
cnumpy
dtype
p7
(S'f8'
p8
I0
I1
tp9
Rp10
(I3
S'<'
p11
NNNI-1
I-1
I0
tp12
bI00
S'X\x16\x0c\x088\xdb(@\xf43\xdb\x05}\xeb*@\xa0\x1e\x03\xb1_\xef,@X\xc0\xb6\x1b\xdd\xe0.@\xad\xbc\x1f\x9c\x14]0@<\x8d\x05\x12\xe0:1@E\x7f\xb8M;\x072@\x0c\x1a\x8d\xb2\xc4\xbf2@\x1e\xa3\x86\xc3Ub3@_\x04~\x8d\t\xed3@\xe0\x06\xc7MB^4@\xf9kxD\xae\xb44@\xc1\xed\xf4\xa3K\xef4@b\x97\xf7\x91k\r5@\xd6R-1\xb4\x0e5@Z\xb2G\xad!\xf34@,FiF\x06\xbb4@\x19k\xc9[\tg4@\xce\x7fkx%\xf83@\xf4\xe8\xbag\xa5o3@Gk\xc1Z \xcf2@\x00\x87w)u\x182@\xe4VV\xbe\xc4M1@\x1a\x13\xd0\xbckq0@\x1a\x13\xd0\xbckq0@'
p13
tp14
b.