cnumpy.core.multiarray
_reconstruct
p0
(cnumpy
ndarray
p1
(I0
tp2
S'b'
p3
tp4
Rp5
(I1
(I25
I1
tp6
cnumpy
dtype
p7
(S'f8'
p8
I0
I1
tp9
Rp10
(I3
S'<'
p11
NNNI-1
I-1
I0
tp12
bI00
S'U\x18\xb9o89\x19@\xb8,\xf8\x13\xb2S\x1c@\xd9\xe8\x99\xce\x8b[\x1f@\xa8\x93?\x99\xdd#!@OU\xde,\xc4\x87"@6w\xc5\xf3S\xd5#@\x10M8\xe3\xa9\x08%@\x89\x1el,1\x1e&@\x02\x01r\xeb\xad\x12\'@\x823\xe1\xccF\xe3\'@\xa4\xc5z\x8d\x8d\x8d(@\xc3ll:\x86\x0f)@\x00&\x91\x1c\xadg)@\x98\x85\x07=\xfb\x94)@~\x81\xa3u\xe9\x96)@*\xa7\x17\x04rm)@\x04\x13#\x9b\x10\x19)@\xe4\xe9\x90\xf1\xc0\x9a(@+\x18V\xd3\xfb\xf3\'@FI\x8d\xbd\xb2&\'@\xd0\x1fj\x12J5&@t\xb9n\xf6\x91"%@\xa8\xf6,\xec\xbd\xf1#@\x97\xea\x9bG[\xa6"@\x97\xea\x9bG[\xa6"@'
p13
tp14
b.