cnumpy.core.multiarray
_reconstruct
p0
(cnumpy
ndarray
p1
(I0
tp2
S'b'
p3
tp4
Rp5
(I1
(I25
I1
tp6
cnumpy
dtype
p7
(S'f8'
p8
I0
I1
tp9
Rp10
(I3
S'<'
p11
NNNI-1
I-1
I0
tp12
bI00
S'\x0f\xfcdh\x1eA"@n\xfa\x17\x04\r\x9f$@\x83\x8d\xdf8\xc7\xee&@\x05\xdd\xc6\xdag))@Dy0\xafHH+@N)\xbaB\x16E-@\xc8\x861\xc8\xe2\x19/@\xc6!\'\xe4\x9b`0@\x8c\xc1\xb76\x13\x1b1@\\\xd1_\x1d+\xba1@\xeb_l\x01\t<2@\xb4\x19\x9f{)\x9f2@@>\xd6\xd7d\xe22@\x1bb(\x87\xf2\x043@e\x96,vk\x063@\x9e<v@\xcb\xe62@\xd8F\xaf=p\xa62@E\xce)h\x1aF2@\x8f\x880 \xe9\xc61@rz\xc2\xd2W*1@\xbf3\xb7\x8d9r0@\x94\x04\xf8\x1cgA/@R\xa4L\xb7mp-@\xee\x98\xe5\xf8\xf1v+@\xee\x98\xe5\xf8\xf1v+@'
p13
tp14
b.