cnumpy.core.multiarray
_reconstruct
p0
(cnumpy
ndarray
p1
(I0
tp2
S'b'
p3
tp4
Rp5
(I1
(I25
I1
tp6
cnumpy
dtype
p7
(S'f8'
p8
I0
I1
tp9
Rp10
(I3
S'<'
p11
NNNI-1
I-1
I0
tp12
bI00
S'\xf1w\xe9|\x93\x17(@\x98gF\xa1"b)@\x8d;\xb6\xf9\xf1\xa4*@zg7\x8e>\xdc+@NE:\xbdg\x04-@N\t\xd0\r\xfa\x19.@\x8ef#{\xb9\x19/@\xcc\x87B\x8dU\x000@\x89\xdb\xa1\xff\x0ef0@aD\xe5\xa0\xd9\xbc0@\xd4\xc1\t\x89\xb2\x031@\x81\x7f*`\xc691@\xa69\xf5\xd4s^1@\xda\x90\xe3}Mq1@\x11\xc5\x9d\x1f\x1br1@I5\xb9T\xda`1@\xda>\xde\x94\xbe=1@\xb2)@\x9b0\t1@\xd9 1.\xcd\xc30@J2vKcn0@\xb3p\xce\xbe\xf1\t0@+_\xbeSH//@\x92r\xc1\x0c\x9f1.@\x9a\xb3\xebY\xdc\x1d-@\x9a\xb3\xebY\xdc\x1d-@'
p13
tp14
b.