cnumpy.core.multiarray
_reconstruct
p0
(cnumpy
ndarray
p1
(I0
tp2
S'b'
p3
tp4
Rp5
(I1
(I25
I1
tp6
cnumpy
dtype
p7
(S'f8'
p8
I0
I1
tp9
Rp10
(I3
S'<'
p11
NNNI-1
I-1
I0
tp12
bI00
S"\xeb_g\xd50C'@\xab`z\x0b\xf6\xc9(@\x91U\x9d\x1c\x92G*@P(K\xa9\x92\xb7+@T\xa9\x9d\xe9\xad\x15-@\x04\xf9\x12x\xcf].@\xa7\xf6\x12}$\x8c/@\xbdls\x8b\x93N0@t9\x0en\xd4\xc60@\xe0\xb9},n-1@\x10\xb7\xde\xb5.\x811@x\x10L3\x1c\xc11@$i)\xf1w\xec1@\x16\x18\x04\x98\xc0\x022@\xabXi\xae\xb3\x032@\x80\xbf2_N\xef1@2i\xf9\x81\xcd\xc51@\x14\xae\x96\xe5\xac\x871@\xb2\xc6\xcf\xde\xa551@\xb6\x1ez\x1f\xad\xd00@\xda\x8e\x89\xdc\xefY0@\x16\xf4\x13\x97\xa0\xa5/@\xe6Z\xf9\x03\xc3y.@\xa0\x16\xd3\x85\xc53-@\xa0\x16\xd3\x85\xc53-@"
p13
tp14
b.