cnumpy.core.multiarray
_reconstruct
p0
(cnumpy
ndarray
p1
(I0
tp2
S'b'
p3
tp4
Rp5
(I1
(I25
I1
tp6
cnumpy
dtype
p7
(S'f8'
p8
I0
I1
tp9
Rp10
(I3
S'<'
p11
NNNI-1
I-1
I0
tp12
bI00
S"\xde\x14\xa3\x1c\xa0t'@c\xd21\xa1\xdc\x0f*@\xdc\x98g\xd6t\x9b,@\x86[\x94\xf9\xd0\x0f/@\xd7\x14\xcfK\xcf\xb20@\xa0KR2\xf3\xca1@\xb0\x9e\xdc\x81\x10\xcd2@\x17\x14X@%\xb63@\x8d\x8c\xf7 z\x834@\x86\xf3Y\x9e\xaa25@B\xab\xbd\x1d\xac\xc15@\xdc\x83\xf9\x05\xd4.6@(\xb2\x10\xb8\xdcx6@\xa6\x91\x8dZ\xe9\x9e6@%\x90Ql\x88\xa06@r\xf8,\x17\xb5}6@\x1e\x8fL>\xd766@\xf6\xf6QH\xc2\xcc5@\xf6U\xb3\xa8\xb2@5@zp\xbb/J\x944@LB*,\x8b\xc93@\xbb\x1d\xfcl\xd2\xe22@\x1a\x0785\xd0\xe21@\xdc[\xcb6\x80\xcc0@\xdc[\xcb6\x80\xcc0@"
p13
tp14
b.