cnumpy.core.multiarray
_reconstruct
p0
(cnumpy
ndarray
p1
(I0
tp2
S'b'
p3
tp4
Rp5
(I1
(I25
I1
tp6
cnumpy
dtype
p7
(S'f8'
p8
I0
I1
tp9
Rp10
(I3
S'<'
p11
NNNI-1
I-1
I0
tp12
bI00
S't\xb5p!\xa6\x8f\'@\xe9$_\x99[\xda(@r\xf3]_P\x1d*@\xbf\xff\xc4\x0b\xc1T+@jBY\x91\x0c},@\xde\xf1\xbc\x10\xbf\x92-@*\xb8\x19%\x9c\x92.@\xfd\x96K\x8b\xa8y/@\xa7c`\x83\x99"0@\xe9<\xc34ny0@*\x8d\xc6SO\xc00@\xb6v\x04pi\xf60@\xbc\x85v%\x1b\x1b1@\x94\xcf\xe6\xfd\xf6-1@|\x85x\xb7\xc4.1@-\xe7y\xec\x81\x1d1@Z\xf6\x8a\x1ab\xfa0@\xd3\x95\x03\t\xce\xc50@\xd2Hc\x90b\x800@\x84\xf9n\xc6\xee*0@F\x06\xe1(\xe3\x8c/@Y\x9b\x95}-\xa8.@@\xc3}\xcdf\xaa-@\x8f\x07\x9b!\x84\x96,@\x8f\x07\x9b!\x84\x96,@'
p13
tp14
b.