cnumpy.core.multiarray
_reconstruct
p0
(cnumpy
ndarray
p1
(I0
tp2
S'b'
p3
tp4
Rp5
(I1
(I25
I1
tp6
cnumpy
dtype
p7
(S'f8'
p8
I0
I1
tp9
Rp10
(I3
S'<'
p11
NNNI-1
I-1
I0
tp12
bI00
S"\xcc2\x8d0J\x9d&@%\x1a\xb4C\xb5\x83(@#\xa5\x04.\xb9^*@\xb4\x02\xf4\xec\xcc(,@\xe2^\x1e\x05\x9a\xdc-@\x10\x13\x9bn\x0cu/@!\x17\x8b\xdd\xb0v0@\x16R?\xa4\x9b 1@\xd8J\xf7\xaaK\xb61@\xa9\xd0\xe3i\x0262@\xd0\x07\xe3\xe5B\x9e2@\xd6\xd9\xff \xd6\xed2@n\xfb(\xba\xce#3@\xb4\x14P\xb1\x8b?3@\x12\xa9\xb0G\xba@3@\x11\n\xa6\xf6V'3@0\x000z\xad\xf32@k\xc9\x06\xefW\xa62@\xeb^\xe0\x06=@2@2kBX\x8d\xc21@[\xd6\xe5\xd1\xbf.1@\xdc^B\\\x8d\x860@<`\x95l\xd7\x97/@\x10\x05Y9\x0f\x02.@\x10\x05Y9\x0f\x02.@"
p13
tp14
b.