cnumpy.core.multiarray
_reconstruct
p0
(cnumpy
ndarray
p1
(I0
tp2
S'b'
p3
tp4
Rp5
(I1
(I25
I1
tp6
cnumpy
dtype
p7
(S'f8'
p8
I0
I1
tp9
Rp10
(I3
S'<'
p11
NNNI-1
I-1
I0
tp12
bI00
S'J\x9d\x8a\xady"&@>\xa0\x9eb?\x95\'@*\xca\x9f\xf6S\xff(@\xfd\x8c\xecK\x7f\\*@\xe3\x0f\xb5\xc8\xaf\xa8+@\xa3\xa3)z\x06\xe0,@:\x94\x8f\xa0\xe2\xfe-@l\x1b\xca\x81\xec\x01/@*\xb8\x0eb\x1f\xe6/@\x8a\xfe\x82BiT0@V9>\x8e\xe0\xa30@\xa0\xea|\x86\x88\xe00@ \x1c\x07:\xac\t1@]\n\xed\xef\xd0\x1e1@\xfev\x9e\x95\xb7\x1f1@\xc01\x11{]\x0c1@;\x93\xc5Z\xfc\xe40@\xd6\xfe\x90\xad\t\xaa0@z"0L5\\0@\x82\x9fl\xc5\xce\xf8/@I\x81\xedw{\x17/@\x1a\xa9\xf3\xd9\x10\x17.@_\xf3\xda\xd4\x8b\xfa,@t\xf7~\'=\xc5+@t\xf7~\'=\xc5+@'
p13
tp14
b.