cnumpy.core.multiarray
_reconstruct
p0
(cnumpy
ndarray
p1
(I0
tp2
S'b'
p3
tp4
Rp5
(I1
(I25
I1
tp6
cnumpy
dtype
p7
(S'f8'
p8
I0
I1
tp9
Rp10
(I3
S'<'
p11
NNNI-1
I-1
I0
tp12
bI00
S'\xc5}R\xad\x8c\xca @o\xd0\xe44\xfd)#@\xd9x\x80I0{%@\xd4N\xf1Z<\xb7\'@/?q\xf2v\xd7)@\x80<.\x95\x88\xd5+@\x82\xb7C\xaf\x7f\xab-@\x9c\xa0\xb8N\xe2S/@\x13\xe1\xce<\xdfd0@*lHw\\\x041@g`\xd1\x11\x8d\x861@\xe0+n\xae\xec\xe91@X<\xa7\xdcR-2@\x05\x93\xd6\x8d\xf6O2@\xa9\xf8\xeclpQ2@\xe5\xa7\xb1\x12\xbc12@\xc0\xe5\xe4\x128\xf11@xY\x1e\xe2\xa4\x901@\xbb\xc2\xb0\x97"\x111@\xcc\xacC\x92-t0@\x0e\x8fM\x124w/@wt//\x1d\xd3-@\xac\xfb\x81\xa4\xfb\x00,@\x04\xf1*\xf4=\x06*@\x04\xf1*\xf4=\x06*@'
p13
tp14
b.