cnumpy.core.multiarray
_reconstruct
p0
(cnumpy
ndarray
p1
(I0
tp2
S'b'
p3
tp4
Rp5
(I1
(I25
I1
tp6
cnumpy
dtype
p7
(S'f8'
p8
I0
I1
tp9
Rp10
(I3
S'<'
p11
NNNI-1
I-1
I0
tp12
bI00
S"\xe10*\x90$\xc9%@\xc2\xd2\x8a\xf38o'@;\xd95Lh\x0b)@\xa8\x16:\x05\xe5\x98*@(\x17\xdea\r\x13,@e\x17\xc7Nyu-@$\x98\x1d\x87\x07\xbc.@\x8f\x0ey\xe6\xe9\xe2/@\xa3$iaXs0@\x18\xeeO\x96*\xe20@\x17QD\xfb\xa0<1@z,\xde\xb4\xad\x811@\\U\xfb\xc7\x82\xb01@\xd6\xec4\x80\x94\xc81@\x8d\x8b\x9f\x10\x9b\xc91@\x8b\x0f\xfbi\x93\xb31@\x8a\x1c\xd3C\xbf\x861@\xb2\x14uX\xa4C1@\xe3V\x04\xd6\n\xeb0@4\xc6R\t\xfb}0@\x90\xed\xe5\x92t\xfb/@\x12\xe6gZ\x8e\xd7.@\x89u\xab+\xaa\x93-@\xf2\x1f\x868\x8e3,@\xf2\x1f\x868\x8e3,@"
p13
tp14
b.