cnumpy.core.multiarray
_reconstruct
p0
(cnumpy
ndarray
p1
(I0
tp2
S'b'
p3
tp4
Rp5
(I1
(I25
I1
tp6
cnumpy
dtype
p7
(S'f8'
p8
I0
I1
tp9
Rp10
(I3
S'<'
p11
NNNI-1
I-1
I0
tp12
bI00
S'\x87ru\xe5R\xf1\x1e@\x12\xb9f\x90v!!@\x19\x05\x11NN\xc0"@\xae\x1b\x1c)[P$@\x94\x0b\x82\xbf\xf3\xcc%@\x9b3\xca\xb7\xa81\'@>\xaf\xe0\xfbQz(@\xd85X\x1f\x1b\xa3)@\xecY\x19\xcc\x8e\xa8*@\xff\x94j\x13\xa1\x87+@\xbc\xb5\x8a\x84\xb8=,@2=\xc1\xed\xb5\xc8,@\xf1\x0e\xc3\xb0\xfa&-@\xb7\xaf\x89\x97mW-@Vy3\x1b~Y-@TT&\x13&--@6\xdan\xc7\xe9\xd2,@\xae\x12%f\xd6K,@b\xf0o\xe0~\x99+@c\xed\x828\xf7\xbd*@\xb0x\x97N\xce\xbb)@vo`?\x06\x96(@\x1c;\xbbj\x0bP\'@\x92\xa3c=\xaa\xed%@\x92\xa3c=\xaa\xed%@'
p13
tp14
b.