cnumpy.core.multiarray
_reconstruct
p0
(cnumpy
ndarray
p1
(I0
tp2
S'b'
p3
tp4
Rp5
(I1
(I25
I1
tp6
cnumpy
dtype
p7
(S'f8'
p8
I0
I1
tp9
Rp10
(I3
S'<'
p11
NNNI-1
I-1
I0
tp12
bI00
S'\x11\xee~j\xa7K"@\x13!\x86\xf0\xae\x02%@!\xb8\xa9[k\xa9\'@9H#\xf2\xf37*@md\xd9,\xa8\xa6,@\x8f\xe0\xecwF\xee.@\xa2\xcd\x03\xec\x00\x840@\xb7P\xed\x19\xcbv1@I\x86\xa3\x82\xadL2@\xb4\x8a7\x1d*\x033@p\xa0*\x8a \x983@\x08\x18Wk\xd4\t4@\x9cG\x86\x91\xf2V4@\xe4<A\xf0\x94~4@\xa0\xd5\x11LE\x804@5\x175\x9b\xfe[4@\xe6\xa5\xa2\x14-\x124@V\x86<\xed\xac\xa33@\x06$\xea\xc6\xc7\x113@\xe4.F\xd90^2@\xa2\xa3T\xdf\xff\x8a1@1\xe6a\xd9\xaa\x9a0@\x96\x8fTk\xfd\x1f/@\xe0m`\xeb-\xdc,@\xe0m`\xeb-\xdc,@'
p13
tp14
b.