cnumpy.core.multiarray
_reconstruct
p0
(cnumpy
ndarray
p1
(I0
tp2
S'b'
p3
tp4
Rp5
(I1
(I25
I1
tp6
cnumpy
dtype
p7
(S'f8'
p8
I0
I1
tp9
Rp10
(I3
S'<'
p11
NNNI-1
I-1
I0
tp12
bI00
S"H\xd4\xdc\xe9\xb1G+@\xc2~\x1f\x1c\xadI-@\x9exc\xbb\x9b?/@\xee\xbb\xc8<\xd2\x910@&\x17Y\xb6\x11x1@*n\x1fq\xddO2@&\xd5}\xb0\xb1\x163@F\xc6\xcdT=\xca3@\xbb_\xb6\xc4hh4@\xcd\xd9\xe8*\\\xef4@\xf2\x06\xa5\xf5\x84]5@D \x9f\x87\x9a\xb15@\xaa}H\x0c\xa2\xea5@\x14\xf5\x0ed\xf1\x076@.\xcb\xda\x1f1\t6@|Q\xe1\x85]\xee5@\xba#\xc2\x9c\xc6\xb75@\xd2\xdc\xcd<\x0ff5@ne>*+\xfa4@t\xfb\t>\\u4@\x04,\xca\xa5.\xd93@\x0c\xcd\xe6Et'3@=w\xcaK?b2@\x04`R\x00\xdc\x8b1@\x04`R\x00\xdc\x8b1@"
p13
tp14
b.