cnumpy.core.multiarray
_reconstruct
p0
(cnumpy
ndarray
p1
(I0
tp2
S'b'
p3
tp4
Rp5
(I1
(I25
I1
tp6
cnumpy
dtype
p7
(S'f8'
p8
I0
I1
tp9
Rp10
(I3
S'<'
p11
NNNI-1
I-1
I0
tp12
bI00
S"\xe4J\x7fD\x9ar&@]\xe8)\x0b~\xff'@\xde\x0ci\xf3\x13\x83)@J\xc2\x13\xca\xd7\xf8*@\xc9\x16[\x96n\\,@\xc0\xcc\xd7\x97\xb3\xa9-@0\xa5\xd9\xa2\xc4\xdc.@\x96\xde\x18\xb6\r\xf2/@\xdc\x7f\x9d\xd3)s0@\x02\xcd)\xe3^\xdb0@\xc5\x1f\xd0-o01@\\\x9f\x15\xf3\\q1@\xd8M\xdc\x82f\x9d1@z\x8e,\x7f\x08\xb41@S\x1f\x16d\xff\xb41@\x82\x84\x17QH\xa01@\xfa\x16\xb3\x11!v1@\xd9\x1c\x18e\x0771@\xa6\xd1\x05\x87\xb7\xe30@\xe4\\G\xfe)}0@,\xc3S\xb7\x90\x040@\x95\xcej\xe7\xa6\xf6.@\x1c\xe9\xb61\x17\xc6-@\x88,\xad\xd5\xfez,@\x88,\xad\xd5\xfez,@"
p13
tp14
b.