cnumpy.core.multiarray
_reconstruct
p0
(cnumpy
ndarray
p1
(I0
tp2
S'b'
p3
tp4
Rp5
(I1
(I25
I1
tp6
cnumpy
dtype
p7
(S'f8'
p8
I0
I1
tp9
Rp10
(I3
S'<'
p11
NNNI-1
I-1
I0
tp12
bI00
S"\n\xeb\xd9(\xccl\x1d@n\x99\x1e\x04\xf16!@\xd8\x02\x16\xd7w\xa8#@a\xae\xe4\x8d\xb0\x03&@\xfc#\xd7\xb2\x93A(@}\xf0\xe4Qq[*@\x99\x97\x96\xeb\x04K,@\x801_'\x88\n.@\x14\xa0\xa3\r\xc4\x94/@\x8b\xf0\x05K\x90r0@\x04t\xdb-\xd9\xfb0@\xcc\xde7'\xa3d1@\x1dt\x01\x9f\xb5\xab1@\xab\xb9\x9d\x91<\xd01@r\x15f\x08\xcb\xd11@\xed\xda\xb3^\\\xb01@K#\xbaOTl1@\n\x1f\x04\xcd}\x061@\x9c]\x0f\xa1\x08\x800@\xcf\xfc\x1f\xca\x0b\xb5/@mS\xdc\xa8\xc6/.@\xf46\xdc\x17\xcbt,@\xf4\xb9X\x8bB\x89*@\xb7\xd79L\xe7r(@\xb7\xd79L\xe7r(@"
p13
tp14
b.