cnumpy.core.multiarray
_reconstruct
p0
(cnumpy
ndarray
p1
(I0
tp2
S'b'
p3
tp4
Rp5
(I1
(I25
I1
tp6
cnumpy
dtype
p7
(S'f8'
p8
I0
I1
tp9
Rp10
(I3
S'<'
p11
NNNI-1
I-1
I0
tp12
bI00
S'\xe7\x00\xf3\x89\xbdA,@\xc8\xe4\xdf\xb6\xa9\xae.@\xe4\xa5,\xc3\x83\x860@{;\x80\x10\xe3\xaa1@t\x94\xb8\x97\n\xc12@`\xb3\xe2\x96\xbc\xc53@\x1b\x0e\x07a\xef\xb54@&|\x08n\xd6\x8e5@rc\x1d\xb4\xeaM6@3\xe1\xfa1\xf2\xf06@J\x144\x93\x06v7@\x8e/\xfd\xda\x9a\xdb7@\x9b\x95j\x04\x80 8@\xb2I_\x8a\xe8C8@\xf44\xa2\xccjE8@v_\xf5J\x02%8@\xfe+\x83\xb2\x0f\xe37@\xf3\x88y\xbdW\x807@\xd8c/\xe8\x00\xfe6@\x8c\x01\xab\x02\x90]6@\x9e\xcb\xc5\xa8\xe3\xa05@D\x88q\xae.\xca4@\x02\x06\xc2\x90\xf1\xdb3@\xc6\xb6K\xff\xf2\xd82@\xc6\xb6K\xff\xf2\xd82@'
p13
tp14
b.