cnumpy.core.multiarray
_reconstruct
p0
(cnumpy
ndarray
p1
(I0
tp2
S'b'
p3
tp4
Rp5
(I1
(I25
I1
tp6
cnumpy
dtype
p7
(S'f8'
p8
I0
I1
tp9
Rp10
(I3
S'<'
p11
NNNI-1
I-1
I0
tp12
bI00
S'\xcb\xae\x99D\xfc\x05 @@\x1f\xd6\xe1;\xca"@\xe0\x1c\x1e\x0f\xe1}%@\xfc\x1bM\x90\xdc\x18(@H\x82s\xbbh\x93*@\xb4\x97+\xa8 \xe6,@\xfa\xe1L>\x16\n/@\xbe\xab\x18qs|0@\xef\x90p@gV1@Yu\xa9a\\\x102@\x98\xb7\xb8\x1a(\xa82@\xact\xd9\x99\x05\x1c3@\xdc\xc2X<\x9bj3@0\xe8\xa4\x95\xfe\x923@@\xd0\x9b*\xb7\x943@\x86\xaa\xf2\xd8\xbfo3@\xde\x8e\x86\xe6\x86$3@\x90xh\xb8\xec\xb32@Y\xe3y5A\x1f2@\xa2\xe1f\xdc?h1@\xfe\xc9\xaa\x98\n\x910@\xbc\x18\x14\xccF8/@<i\xf6\xaa\xc9\x18-@\x04\xf3\x9f\x13\xf3\xc9*@\x04\xf3\x9f\x13\xf3\xc9*@'
p13
tp14
b.