cnumpy.core.multiarray
_reconstruct
p0
(cnumpy
ndarray
p1
(I0
tp2
S'b'
p3
tp4
Rp5
(I1
(I25
I1
tp6
cnumpy
dtype
p7
(S'f8'
p8
I0
I1
tp9
Rp10
(I3
S'<'
p11
NNNI-1
I-1
I0
tp12
bI00
S'0\x05\xe5\xac\xdf\x9a(@\xa0\xc4\x81>\xcb\x07+@,\x1dOv(f-@,\xc3\xb2~\xe6\xae/@-e\xfe\x80\x9a\xed0@\x9a(\xf3>L\xf21@d\xa7\x02\xcd~\xe22@i\xf3\xc2\xa3e\xbb3@\x0eK\x0c\xbayz4@4_"\x0f\x81\x1d5@^\xf4\x11O\x95\xa25@\x14\x8ar})\x086@zN\xa4\x95\x0eM6@\x12\xad\xbd\x12wp6@\xa4\xfa\x9fT\xf9q6@z_\x0e\xdb\x90Q6@\xc7\x0f\x1bS\x9e\x0f6@\xb6\xc4\xc2v\xe6\xac5@\xb6\xc2\x12\xc2\x8f*5@k\r\xb0\x04\x1f\x8a4@,W\xfc\xd9r\xcd3@\x12\x9e\\\x15\xbe\xf62@\x99{D3\x81\x082@\xa3\x9d\x96\xe2\x82\x051@\xa3\x9d\x96\xe2\x82\x051@'
p13
tp14
b.