cnumpy.core.multiarray
_reconstruct
p0
(cnumpy
ndarray
p1
(I0
tp2
S'b'
p3
tp4
Rp5
(I1
(I25
I1
tp6
cnumpy
dtype
p7
(S'f8'
p8
I0
I1
tp9
Rp10
(I3
S'<'
p11
NNNI-1
I-1
I0
tp12
bI00
S'\xff\xf2xM\n\x0c*@\x8aR>_\xc9\x9c+@\xb0\xdf\x83m#$-@\xc4\x1d\xfe\x08\x89\x9d.@G*\xa51J\x020@\xde\x07\xa76\x8b\xaa0@\x97\xef"\xa9\x91E1@}\x1c$\x15\x8f\xd11@\x9c\xce\xab\xe0\xe1L2@!\xb9n)\x1a\xb62@f\xa7B\x0e\xfe\x0b3@\xdd\xa0rW\x8dM3@\\f\x10s\x04z3@\x92B[\xbc\xde\x903@\xb2\xd7o\x07\xd8\x913@\xa6\x8c\xa4l\xed|3@3\xf53Q]R3@T[\x1b\xad\xa6\x123@(\xa8X\x90\x87\xbe2@X\x8a\xf1\xeb\xfaV2@\t-_\xa55\xdd1@X\x92\x17\xfd\xa2R1@{^\xf1R\xe0\xb80@e\x93\x02U\xb8\x110@e\x93\x02U\xb8\x110@'
p13
tp14
b.