cnumpy.core.multiarray
_reconstruct
p0
(cnumpy
ndarray
p1
(I0
tp2
S'b'
p3
tp4
Rp5
(I1
(I25
I1
tp6
cnumpy
dtype
p7
(S'f8'
p8
I0
I1
tp9
Rp10
(I3
S'<'
p11
NNNI-1
I-1
I0
tp12
bI00
S'\x90;\x95Y<V\x1e@\xa5{Ty\xfbE @7\xcbP57Z!@\xd0d\xdcY\x99d"@\x9c\xe61B\x07b#@L\x90&\xee\x8cO$@\xe8\xa9`\xd1e*%@t\xf9\xff\x14\x05\xf0%@\xf7\x0f\x173\x1d\x9e&@\x12\xf4C\xd5\xa62\'@T \xea\xe1\xe6\xab\'@\xbf\\\x00\xa6s\x08(@mf\x0b\x0c9G(@3\xb6\xb2\xd3{g(@\xbe\x96V\xc0\xdbh(@\t;%\xb8TK(@,qV\xd0>\x0f(@zsiFM\xb5\'@h\xacti\x8c>\'@rr\xc2y^\xac&@X[\x0e\x88w\x00&@\x1e\x8e\xb3`\xd8<%@I\x87\xf4\x91\xc8c$@\x13\x97/\x9f\xcfw#@\x13\x97/\x9f\xcfw#@'
p13
tp14
b.