cnumpy.core.multiarray
_reconstruct
p0
(cnumpy
ndarray
p1
(I0
tp2
S'b'
p3
tp4
Rp5
(I1
(I25
I1
tp6
cnumpy
dtype
p7
(S'f8'
p8
I0
I1
tp9
Rp10
(I3
S'<'
p11
NNNI-1
I-1
I0
tp12
bI00
S'\x96\x0f\xd1\xb7\xdc\xba$@\x9d\xd1\xc9\xfb\xb9N\'@h\xb2r.\x1f\xd3)@l\x8f\xf5\x06\x8a@,@UV\x07\xc8\xbc\x8f.@\x12\xd9\xe1\xec\xe9\\0@\x06vO+-\\1@K\x15\x10\xa7\xaeB2@8\xa5\xf7\xc1\xbe\r3@4\x01#\xbb\xff\xba3@\x113\xfb\xbdlH4@\xda\xeb\xf4\xe7_\xb44@\xa2\n\x153\x97\xfd4@6\xee\x8f68#5@\x06\xf4Q\xb2\xd2$5@^\x90\xd9\xdda\x025@\xf6\x1b|vL\xbc4@\x16\xc6\xea\x8ccS4@U\xed\x89\x15\xe0\xc83@\xc1K\xdfB_\x1e3@\xff\xe0\xf7\xb4\xddU2@V\x8e"\x8c\xb1q1@\xd6\x89\xadp\x83t0@\x08\x82\xe2H\x8d\xc2.@\x08\x82\xe2H\x8d\xc2.@'
p13
tp14
b.