cnumpy.core.multiarray
_reconstruct
p0
(cnumpy
ndarray
p1
(I0
tp2
S'b'
p3
tp4
Rp5
(I1
(I25
I1
tp6
cnumpy
dtype
p7
(S'f8'
p8
I0
I1
tp9
Rp10
(I3
S'<'
p11
NNNI-1
I-1
I0
tp12
bI00
S'\xf2\xb1W\xb3\x9f\x04"@p\x18\x00\x01\xd7\x96$@\xe6\xd6\xae!\xa0\x19\'@\x8c\x1f\xcb\x99}\x85)@\xdd\x1crM6\xd3+@\xbcs\x82\x0c\xeb\xfb-@\x90\xefi\x12+\xf9/@5[G\x9e\x83\xe20@=\xff\x01\xdf\x11\xad1@P\xe8\xdd\r\xe4Y2@\xaa>\xc3\xa0\xf6\xe62@\x17\xe1\xee\xc2\xa4R3@\x97#R<\xad\x9b3@\x89\xd7\xcb/6\xc13@\x14(\x10\xa5\xcf\xc23@\xd6\x91\xac\xd6t\xa03@\x9b\x90C@\x8cZ3@\x95\x8d\xd5l\xe6\xf12@f\x07\xa7\x88\xbbg2@=\xbb\x03\xbe\xa7\xbd1@\x99\xc4\xb8g\xa6\xf50@cx\x99\'\x0c\x120@\x9e\xa4c\xe5\xff*.@H\x82\xc7O\xe6\x05,@H\x82\xc7O\xe6\x05,@'
p13
tp14
b.