cnumpy.core.multiarray
_reconstruct
p0
(cnumpy
ndarray
p1
(I0
tp2
S'b'
p3
tp4
Rp5
(I1
(I25
I1
tp6
cnumpy
dtype
p7
(S'f8'
p8
I0
I1
tp9
Rp10
(I3
S'<'
p11
NNNI-1
I-1
I0
tp12
bI00
S'r\xce\xad\x17\xc3\x15&@\xd9m\xdb\xdc\xd0\xc1(@\xb6\xabke\xd5]+@~\x94\xd4\xf0\x07\xe2-@d3\xadfs#0@\xda"Q\xde\xa6B1@,\xc0\xbf\xa0EK2@\xf2$\xb7K::3@~\xf5\x15\x0c\xbc\x0c4@0\xa8E\xecV\xc04@\x9a\xb5{%\xf3R5@\xa9\x9e\xfd]\xdb\xc25@\x8c\x06\xc8\xc1\xc1\x0e6@8\xfdd\xe6\xc356@\x85\xd0Vnm76@t\x908d\xb9\x136@~\xc4\x88I\x12\xcb5@\xd41\xf2\xd8P^5@>x\xc6\x7f\xb9\xce4@\xd4%3\x96\xf8\x1d4@\x0cCxa\x1dN3@}\x15\x04\xef\x93a2@E*\xc8\xda\x1d[1@Y^U\x16\xca=0@Y^U\x16\xca=0@'
p13
tp14
b.