cnumpy.core.multiarray
_reconstruct
p0
(cnumpy
ndarray
p1
(I0
tp2
S'b'
p3
tp4
Rp5
(I1
(I25
I1
tp6
cnumpy
dtype
p7
(S'f8'
p8
I0
I1
tp9
Rp10
(I3
S'<'
p11
NNNI-1
I-1
I0
tp12
bI00
S'\xb6\xa0\x0bf\xdbZ\'@;\xdf\x85y*\xa9(@-\xf5/@\xa3\xef)@2~\x99\xd5w*+@\xb9-{\x0f\xfdU,@\x00KRo\xb5n-@J\xaa\xbe\x8b[q.@z \x94\xd2\xebZ/@\xc2\xbfA\xc3V\x140@[\x88\xc4n\x1dl0@\\5\xf4\x13\xc4\xb30@\xbe\xd4/\xf5t\xea0@\x03\xee\xae\xec\x8c\x0f1@\xb4K0S\x9d"1@\xe6\x86\x10Jm#1@\xa9\xa6\xefd\xfa\x111@4\xc1\xeb\xb0x\xee0@H\x0e[\x19R\xb90@\n\x9c\xd4+%s0@\xe236?\xc3\x1c0@\x8f\xbaT\x06\\n/@\xe8\xb7\xea\xfe(\x87.@\xdd\x82\xfc\x17\x9f\x86-@\xa8W9\x98\xbbo,@\xa8W9\x98\xbbo,@'
p13
tp14
b.