cnumpy.core.multiarray
_reconstruct
p0
(cnumpy
ndarray
p1
(I0
tp2
S'b'
p3
tp4
Rp5
(I1
(I25
I1
tp6
cnumpy
dtype
p7
(S'f8'
p8
I0
I1
tp9
Rp10
(I3
S'<'
p11
NNNI-1
I-1
I0
tp12
bI00
S'P\x8f\xd1v\xb8\x18+@\xd1\xbe\x83V\t\xb1,@N\xb2K\xc5\xc7?.@\r\xef\xbfFN\xc0/@\x95\x8dU\xe4\x10\x970@bnm\x80\x7fB1@#"D\x92s\xe01@\x85M\xb5\xe9\x15o2@\xdb}s\t\xbd\xec2@\x0fZM\x1c\xf2W3@\xc4\xe1USu\xaf3@|,\xe8\x9fA\xf23@\x19\xc1h\xbe\x8f\x1f4@rn\xb1\x88\xd864@\xaeo:\x89\xd674@\x0e3N\xca\x86"4@#\xa9\xdd\xde(\xf73@\xbc\xc5\xda$>\xb63@\xc8\xedNC\x88`3@z\x87\xac\xe8\x06\xf72@7\xf2\x16\xd0\xf4z2@<\'\x84\x16\xc4\xed1@\xf0\xbb\xa8\xea\x19Q1@j\xd4\x8b\xa4\xc9\xa60@j\xd4\x8b\xa4\xc9\xa60@'
p13
tp14
b.