cnumpy.core.multiarray
_reconstruct
p0
(cnumpy
ndarray
p1
(I0
tp2
S'b'
p3
tp4
Rp5
(I1
(I25
I1
tp6
cnumpy
dtype
p7
(S'f8'
p8
I0
I1
tp9
Rp10
(I3
S'<'
p11
NNNI-1
I-1
I0
tp12
bI00
S'\x0b\xdaa\xf9\x7f\x83!@\xa0\xab\x169\xba\xba"@\xc7.\xd7\xb0\xa8\xea#@\xda\x97\x81\xb9\xc0\x0f%@\xbc\xcdQ\x00\x98&&@\xb2-\x0f\xb7\xee+\'@\xd2\xcfdE\xb9\x1c(@t=z^)\xf6(@8\'\xb3_\xb6\xb5)@h\x1b\x9e\xdf$Y*@Z,\x86V\x8d\xde*@\x0b\xa8\xca\xccaD+@]t\n~r\x89+@2\xa3Mc\xf1\xac+@$\x16\x9e\x99t\xae+@\xa2\xcd\xe5\x9d\xf7\x8d+@z\xa0dZ\xdbK+@\xec4\x95\x05\xe5\xe8*@^\xa8\xdf\xd5;f*@\xd2\xd9\xf4\x90e\xc5)@a_\x15\x01B\x08)@T\xa6\xd0]\x051(@\xee\xc9\xe9\xb81B\'@A\xf9\xfe\x82\x8f>&@A\xf9\xfe\x82\x8f>&@'
p13
tp14
b.