cnumpy.core.multiarray
_reconstruct
p0
(cnumpy
ndarray
p1
(I0
tp2
S'b'
p3
tp4
Rp5
(I1
(I25
I1
tp6
cnumpy
dtype
p7
(S'f8'
p8
I0
I1
tp9
Rp10
(I3
S'<'
p11
NNNI-1
I-1
I0
tp12
bI00
S"D\x8a\x00~T\x8c\x18@Ln\xd8\xa5\x19<\x1c@\xec\xb1\xeb\xeb\xbe\xd5\x1f@6\x1f\xf1{C\xa7!@j\x18_=\x0bN#@\xc4?\xf7\x89I\xda$@\x0e]\xe2Z`G&@\x89\xe6\xcf\x98\x0e\x91'@~K\xcf\xcc|\xb3(@\xc8\x91\x11\x96H\xab)@\xfb\xa2c\xc2\x8eu*@G\x93C\xeb\xf3\x0f+@\xed\xef\xde}\xabx+@\xe9\x8d\x00\x19}\xae+@\x8fM\xeb0\xc8\xb0+@\x83\x06F\xee\x85\x7f+@t\xf2\x83BI\x1b+@\xa8\xb5\x8c1=\x85*@\xea\xa2\xbfU!\xbf)@\x06\x1a\xb7\xa8D\xcb(@\x04 [\xa0~\xac'@~&\xce\xb4&f&@n\x85}h\n\xfc$@DJ\x12\xf0ar#@DJ\x12\xf0ar#@"
p13
tp14
b.