cnumpy.core.multiarray
_reconstruct
p0
(cnumpy
ndarray
p1
(I0
tp2
S'b'
p3
tp4
Rp5
(I1
(I25
I1
tp6
cnumpy
dtype
p7
(S'f8'
p8
I0
I1
tp9
Rp10
(I3
S'<'
p11
NNNI-1
I-1
I0
tp12
bI00
S'\x14Nm\xae\x96\xc1\x1f@\xc9\xef&\\3\x1f"@\xaf\x0f},$P$@\x84\xa7\x1cs\x14m&@\xb2`\xe6\x85\xb6o(@\x82\xcfi3\x0bR*@\xfc \x81\xa6s\x0e,@\xcc:y*\xc2\x9f-@]q\xc2\x9dI\x01/@\x85T\x8a\xb2u\x170@\xfb\xef\xb4\xda\x91\x920@\xce4\x13\x08\x8a\xf00@\xfa\xe5\x13\xe9E01@R\x11\x19^\x07Q1@\x8c\x85\x9f\xb0lR1@\x96.\xbb\xb6q41@\x84\xd1\x82\xdfo\xf70@\xac\x1aF(\x1d\x9c0@P\xd8\xa9\xfd\x89#0@+\xbc\xfb\x1d<\x1e/@ \xa0\x89:(\xc1-@L.\xdd\xa4\xe93,@\xf1\xeeR`!{*@\xfa\x1d\xc6P\xf2\x9b(@\xfa\x1d\xc6P\xf2\x9b(@'
p13
tp14
b.