cnumpy.core.multiarray
_reconstruct
p0
(cnumpy
ndarray
p1
(I0
tp2
S'b'
p3
tp4
Rp5
(I1
(I25
I1
tp6
cnumpy
dtype
p7
(S'f8'
p8
I0
I1
tp9
Rp10
(I3
S'<'
p11
NNNI-1
I-1
I0
tp12
bI00
S'\x92ox0Cw @\xb4m\x15n\xe6\xd9"@_s_\x079.%@@\xde\x1a\x1bHm\'@`\xd4\x856`\x90)@t?\xabR!\x91+@\xeb\xa9\xdb\xd8\x91i-@\x8c\xef\x90u0\x14/@\xd8\xa3HB\x02F0@\x9d/\xaarV\xe60@H\xc6\xb6\x856i1@~9\x01\x12\x1c\xcd1@\xa7\xfb\x86\x17\xdd\x102@M\x92\xa5x\xaf32@\x14*\x08U+52@\xb0\xb6\x86?L\x152@\x98?ZKq\xd41@\x94\xf5~\xf0[s1@\xc4\x1e\x92\xca-\xf30@\xc8{\xe58eU0@\xd6\x9c\xb2\xd3\xb17/@\x94O\x8f\xbdd\x91-@p\xf6\xba\xf1\xce\xbc+@\xa8\xf7=Df\xbf)@\xa8\xf7=Df\xbf)@'
p13
tp14
b.