cnumpy.core.multiarray
_reconstruct
p0
(cnumpy
ndarray
p1
(I0
tp2
S'b'
p3
tp4
Rp5
(I1
(I25
I1
tp6
cnumpy
dtype
p7
(S'f8'
p8
I0
I1
tp9
Rp10
(I3
S'<'
p11
NNNI-1
I-1
I0
tp12
bI00
S'\xa2]\x16\xe6\xdf("@\xf2\x95\xf3\xd9F\x88$@H\xa9S\x94p\xd9&@8\xa1\xe8\xa0s\x15)@\xee\xee\xd3\xa3\xa55+@\xea\x19\xdc;\xaf3-@\x80\xdd\x19\xed\x9e\t/@-M\xd7m\xfdX0@\x9a`\xd0\x90\xe8\x131@\x18\xb0\x91Gc\xb31@[\xef\xa3\xd4\x9152@\xe9\x0c+\xe0\xef\x982@\x87\xee[\xfeT\xdc2@\xd9\x13\xbc#\xf8\xfe2@\xbaU\xdd\xfcq\x003@f\xb4\x98"\xbe\xe02@\x08\xbb0\';\xa02@:J4|\xa9?2@t[k4)\xc01@\xd2@~\xa86#1@\xd3\xe1Z\x08\xa6j0@\x16\'!\xcd;1/@d\xb0\xd1\x9b!_-@\xb8\xe5\xc0\xe8kd+@\xb8\xe5\xc0\xe8kd+@'
p13
tp14
b.