cnumpy.core.multiarray
_reconstruct
p0
(cnumpy
ndarray
p1
(I0
tp2
S'b'
p3
tp4
Rp5
(I1
(I25
I1
tp6
cnumpy
dtype
p7
(S'f8'
p8
I0
I1
tp9
Rp10
(I3
S'<'
p11
NNNI-1
I-1
I0
tp12
bI00
S"\x92Z\xa0\x04\x12\x1c!@\xad^Fd\x9bD#@\xa8\x16\xad\xce0`%@\x7f\xa6k\xa4\x88h'@\x97b\x83\xab\x92W)@\x9cc\xcb%\x8a'+@\x0c\x81/\x06\x07\xd3,@\xbd{m\x11\x0eU.@\xcc\xf93\xba\x1f\xa9/@\xef\xa8'\xc6\xa2e0@1^n\xff\x0e\xdc0@\xafA Es61@\xf5}\xe4\xf1\xc1s1@@\x847#D\x931@\xcf\x8c\xfa\xda\x9b\x941@\x9f\xe2\xd6\x17\xc5w1@\xfe\x8e0\xe1\x15=1@\xac\xc0\x84F=\xe50@\xee{1UAq0@\xb4\xcdx\x15\xf8\xc4/@\xf4Gi\x99.u.@\xa5?m\xe4\x0f\xf7,@&\x8f\xbf\xdb\x0fO+@\xf4\x0e6S\x1f\x82)@\xf4\x0e6S\x1f\x82)@"
p13
tp14
b.