cnumpy.core.multiarray
_reconstruct
p0
(cnumpy
ndarray
p1
(I0
tp2
S'b'
p3
tp4
Rp5
(I1
(I25
I1
tp6
cnumpy
dtype
p7
(S'f8'
p8
I0
I1
tp9
Rp10
(I3
S'<'
p11
NNNI-1
I-1
I0
tp12
bI00
S'~[\x96\xf1\x03]!@\xae\xc3.R\xf0\xb7#@\xe7\xd8EZ\xba\x04&@\xd8L\xb3\xa1\x85<(@0\xbe\xa3a\xb4X*@\x93\xc3E1\xfbR,@B\xa8\xc1\xccs%.@ZEx\xae\xae\xca/@A\xb9\x04\xa3\xe1\x9e0@\x01\x9aaN/=1@C\xe1\xe5\x1dh\xbe1@\xc7\xe5\xc5\x96\n!2@\xb2*\xc2|\xf0c2@\x98\xd6\xe1?R\x862@wY\xc2O\xc9\x872@\xd4d\x8cMQh2@)\x84\xfd\x18H(2@Kq_\xb8l\xc81@\x07\x82\xb0\x1e\xddI1@\xcb\x11\xa1\xd6\x12\xae0@\xc2\x01\xad8\xbd\xed/@q\xe5&\xe6\xc5L.@\x10\xbd\xd9\x8d\x1b~,@#}\x16["\x87*@#}\x16["\x87*@'
p13
tp14
b.