cnumpy.core.multiarray
_reconstruct
p0
(cnumpy
ndarray
p1
(I0
tp2
S'b'
p3
tp4
Rp5
(I1
(I25
I1
tp6
cnumpy
dtype
p7
(S'f8'
p8
I0
I1
tp9
Rp10
(I3
S'<'
p11
NNNI-1
I-1
I0
tp12
bI00
S'n\xf8\x80\xd6\x95l"@\'\xc0RG.\xd0$@\xa0rJTp%\'@\x17j\xdeQfe)@\x1aNw\x1cZ\x89+@\x18\xe8\xc9\x1d\xe9\x8a-@\xaa\xec\xf2X\x17d/@\xddqA\xa2\xb0\x870@\xe9\xad\x9c\x1e\xe6C1@y9/\xb0z\xe41@\xc2\xfd\xb5P\x8fg2@d\xf6\xfe\xf9\x9c\xcb2@XS^4y\x0f3@\xd2\xe0\x08\x91Y23@\xec\xb5\xf3\x05\xd633@<\xc2/$\xea\x133@\xd4g#%\xf5\xd22@*\xaez\xce\xb8q2@\xfcn\x1d0W\xf11@g\xd3\xe7BOS1@RT:rx\x990@\xddtb;\xfa\x8b/@\x12Z\xcdF\xa8\xb6-@\xce\x1e\t\x0cs\xb8+@\xce\x1e\t\x0cs\xb8+@'
p13
tp14
b.