cnumpy.core.multiarray
_reconstruct
p0
(cnumpy
ndarray
p1
(I0
tp2
S'b'
p3
tp4
Rp5
(I1
(I25
I1
tp6
cnumpy
dtype
p7
(S'f8'
p8
I0
I1
tp9
Rp10
(I3
S'<'
p11
NNNI-1
I-1
I0
tp12
bI00
S'<\x1aal\xa5\x05%@\xf6\xb6\xa4@-,&@\xb2\xd1.\x81\xcdK\'@\xea\x7f\xe5*,a(@$`\x08\xd3\ri)@\x19wqK_`*@\xc5\x7f\xce\xce>D+@\xfa\xbbu\x99\x04\x12,@\x8f\x021\xd5J\xc7,@\xee\xf7]\xc0\xf4a-@\x9c\n\r\xfb4\xe0-@\xeb S\xe7\x92@.@`K\xc4\x0c\xef\x81.@P\r\x00r\x86\xa3.@\xb8\x18Q\xe2\xf4\xa4.@\xf6t\x99\x186\x86.@\xa9Z\x0f\xcc\xa5G.@$\xc5\xa4\x9e\xfe\xe9-@\xf0\xe1I\xf0Wn-@\xf8+\x87\x9d"\xd6,@\x9aJ%\xb3$#,@\xcc\x1f\xb5#tW+@\x13\x83\xc0\x8epu*@\x04%3,\xbc\x7f)@\x04%3,\xbc\x7f)@'
p13
tp14
b.