cnumpy.core.multiarray
_reconstruct
p0
(cnumpy
ndarray
p1
(I0
tp2
S'b'
p3
tp4
Rp5
(I1
(I25
I1
tp6
cnumpy
dtype
p7
(S'f8'
p8
I0
I1
tp9
Rp10
(I3
S'<'
p11
NNNI-1
I-1
I0
tp12
bI00
S'\x07]\x01K@\xf7&@\xc8{\x0fT\x97o)@\xa2\x84\x99z\x1b\xd9+@\x93%\x85\xa4\x9a,.@\xe7\x93\xa83\x9210@l\xcf\xa3]\x0f;1@o\xea~\xd6\xac/2@(_1\xe9\x90\x0c3@\\\\&\xa6(\xcf3@\x06\xc9\xe5\x90/u4@\x12\xb2\xb7c\xb6\xfc4@Z\x83\x14\xd5(d5@\xa6\xb9\xaaMR\xaa5@\xc1c\xec\x80a\xce5@\xcc\\j\xdd\xea\xcf5@\x1c\xbe\xb6\xcd\xe9\xae5@\nO\x11\xc6\xc0k5@\x95(\xb5\x1e8\x075@\xea\xab3\xbe{\x824@\xc9\x9e\xd3\x9a\x17\xdf3@\xd6-a\x1d\xf3\x1e3@\\i2sKD2@"\x96Q\xe0\xacQ1@^\xe6\xb9%\xebI0@^\xe6\xb9%\xebI0@'
p13
tp14
b.