cnumpy.core.multiarray
_reconstruct
p0
(cnumpy
ndarray
p1
(I0
tp2
S'b'
p3
tp4
Rp5
(I1
(I25
I1
tp6
cnumpy
dtype
p7
(S'f8'
p8
I0
I1
tp9
Rp10
(I3
S'<'
p11
NNNI-1
I-1
I0
tp12
bI00
S'\xf4\x86\x81Qw\xaf(@r6$\x13g\xc6)@\xaf\xb9\xd2\xd6\xcc\xd6*@U\x17\xf6\x06|\xdd+@3\x10\xa1\x07e\xd7,@`<"X\x9e\xc1-@\xf8|\xe9Bm\x99.@`\xb1\xd6\x01N\\/@^\x03T\x9f\xfd\x030@\xd5\x89\x93l:M0@\xa6\xc7o\xef\x02\x890@\xed+I\xd1\xa4\xb60@@>\x1a\xf2\x97\xd50@\xbb&\x8a\xfe\x7f\xe50@:\xe0V\x83-\xe60@\xda~\xe1z\x9e\xd70@\x08K6S\xfe\xb90@\xdd\xb2~l\xa5\x8d0@\xe6\x8a_\x11\x18S0@\xd6\rV\xec\x04\x0b0@\x1f\xaeY\xfd\x85l/@\xf0P6>\x9e\xab.@b\x88\x0f\x0f\x92\xd5-@-\x9er\xf5\xdf\xec,@-\x9er\xf5\xdf\xec,@'
p13
tp14
b.