cnumpy.core.multiarray
_reconstruct
p0
(cnumpy
ndarray
p1
(I0
tp2
S'b'
p3
tp4
Rp5
(I1
(I25
I1
tp6
cnumpy
dtype
p7
(S'f8'
p8
I0
I1
tp9
Rp10
(I3
S'<'
p11
NNNI-1
I-1
I0
tp12
bI00
S'\xe6\xe8j\xa1C\xbb&@-\xc0\x98\xf1^\x8b(@\x1c\xe2#\xff\x98P*@k\x1c\xbb\xc6\xa9\x05,@\x16T\xe1zy\xa5-@IuG\xb5/+/@\xb6\xb7\x81\xf5 I0@\xb0\x18C|@\xeb0@\x80\xb7s\xce\x12z1@l\xad\xa5\xdf\xed\xf31@\x90ya.fW2@\x9d \x84\x00S\xa32@\xd0\x83h\xd8\xd1\xd62@\x80l\x8b\x18I\xf12@1\xce\xca\xcdi\xf22@\x10B\xe9\x9a0\xda2@G-\x97\xc2\xe5\xa82@2\xa2\xe3O\x1c_2@R\x04\x98_\xb0\xfd1@S\xf0\x9a\x8f\xc4\x851@\xd0#\x01\x9c\xbe\xf80@\x86\x87\xe63CX0@\x82\x86\xfd$bL/@\xc4\xdd\xf9\xd56\xc9-@\xc4\xdd\xf9\xd56\xc9-@'
p13
tp14
b.