cnumpy.core.multiarray
_reconstruct
p0
(cnumpy
ndarray
p1
(I0
tp2
S'b'
p3
tp4
Rp5
(I1
(I25
I1
tp6
cnumpy
dtype
p7
(S'f8'
p8
I0
I1
tp9
Rp10
(I3
S'<'
p11
NNNI-1
I-1
I0
tp12
bI00
S"\x8a\x97\xee\xa2b\xcf'@p\xe3b\x10a\xfc)@\xe7\xbb\xbe\xc8P\x1c,@t>\x890\xdb(.@\xf3\xaf\x1d\xc4\xf1\r0@]\xef\x02\x94\xcc\xf70@\xa2\xccLlD\xcf1@O\x87\x99\x8a\xd6\x912@\x97\xa84\x83>=3@\xc3n\x88\x04}\xcf3@(!l\xcc\xddF4@\x82/\x89\xbd\xfc\xa14@[\xf1\xac\x05\xca\xdf4@\x0e\t\xa6H\x8d\xff4@\xd9\x89:\xc6\xe7\x005@hL\xcet\xd5\xe34@\xecFn\r\xad\xa84@\xde\xfa\x1c\t\x1fP4@\xc7\xb2c\x923\xdb3@n\xf4JqGK3@L\xe9\xe8\xfa\x07\xa22@\x03x\xa5\x10n\xe11@\x06\x98 >\xb8\x0b1@\xbc\xb1G\x07d#0@\xbc\xb1G\x07d#0@"
p13
tp14
b.