cnumpy.core.multiarray
_reconstruct
p0
(cnumpy
ndarray
p1
(I0
tp2
S'b'
p3
tp4
Rp5
(I1
(I25
I1
tp6
cnumpy
dtype
p7
(S'f8'
p8
I0
I1
tp9
Rp10
(I3
S'<'
p11
NNNI-1
I-1
I0
tp12
bI00
S'gc\x80\xb7\xd3f!@X<\xb1\xfc/\xec"@\xd1\xcd\x12\x93kh$@\x9a\xbf\x996\x18\xd7%@\x8a?[\x15\xf03\'@\x00\xa0\x81\x8e\xe2z(@\x1a\x14\x94R \xa8)@T6\xe5\xc0&\xb8*@VFA`\xca\xa7+@\xbal\x9fS@t,@~\xe4\xa0\xae&\x1b-@4\xa0\x04\x91\x8b\x9a-@\x9e\xd7\xdb\xf3\xf2\xf0-@H\x001\x17[\x1d.@\xcei\xeb\x82?\x1f.@\xde\xd4\xf9\x91\x9a\xf6-@\xa94)\x83\xe5\xa3-@X_u\x0f\x17(-@ \x9d\n\x8a\xa0\x84,@\xc2\x9d\x8b\x92i\xbb+@J_rf\xca\xce*@\x96G\x7f\xe2\x84\xc1)@\xc3\xd8\x13I\xbc\x96(@;Q\x02\xe6\xebQ\'@;Q\x02\xe6\xebQ\'@'
p13
tp14
b.