cnumpy.core.multiarray
_reconstruct
p0
(cnumpy
ndarray
p1
(I0
tp2
S'b'
p3
tp4
Rp5
(I1
(I25
I1
tp6
cnumpy
dtype
p7
(S'f8'
p8
I0
I1
tp9
Rp10
(I3
S'<'
p11
NNNI-1
I-1
I0
tp12
bI00
S'|\xe0\xcc\x00\xcc4\x1e@\xdb\xe5\xc7\xe6\xafP @t8\x9f\xa7\xb3\x7f!@\xa0\xd6\xf6W\xe9\xa3"@v]?H\xe9\xb9#@s*\x9f,v\xbe$@\xe6`\xce\xc6\x86\xae%@\x9e\xa8\xab\xf4N\x87&@\xf6 \x85\x08HF\'@H\xd10R8\xe9\'@\xfc\xefy\xc29n(@Hx\x15\x95\xbf\xd3(@f\xb88\xf0\x9a\x18)@l\x1a\x07l\xfe;)@\x0e\'Pw\x80=)@\xe2\xe5y\x92\x1c\x1d)@\xf1/\xec\\3\xdb(@\xa4\xec\xd4t\x89x(@\x18\x0c\xa1,E\xf6\'@\xc7\xe7\xff\x1c\xebU\'@\xfe$\xac\x9dY\x99&@\x14"|2\xc3\xc2%@d\x99Z\xfd\xa7\xd4$@\xcf,\xb5H\xce\xd1#@\xcf,\xb5H\xce\xd1#@'
p13
tp14
b.