cnumpy.core.multiarray
_reconstruct
p0
(cnumpy
ndarray
p1
(I0
tp2
S'b'
p3
tp4
Rp5
(I1
(I25
I1
tp6
cnumpy
dtype
p7
(S'f8'
p8
I0
I1
tp9
Rp10
(I3
S'<'
p11
NNNI-1
I-1
I0
tp12
bI00
S'\x16L\x18\xc7\xb3\xc3&@6x\x04yD\xdf(@\xbf\x993\x0e/\xee*@\x02_\xe0\xb0O\xea,@\xc7\xfe\xbd\x97\xba\xcd.@\xaf\xc3\xd7\xd7fI0@\xbc\xec\xcd\xb4 \x1a1@\x9f\xcc\x1e=\x9c\xd61@n\xedy.\xa7|2@X\xf8$7R\n3@\xcb\xc1\x8f\xbb\xf6}3@\x8c\xbd\x00\xc3;\xd63@B)\xa9\xfc\x19\x124@\x9e\x19#\xd1\xde04@\xd892w.24@x\xfe\x91\x05\x05\x164@\xaf\x82\xa0~\xb6\xdc3@\x1cB\xc3\xd5\xed\x863@\x8eCq\xf1\xaa\x153@\xb1\xf5\xd3\xaf?\x8a2@\x00\xf1\xe3\xf6K\xe61@\xcb;\xc0\xdb\xb8+1@n\r\xb5\xef\xb2\\0@\xc6\x9b\xe4\x87G\xf7.@\xc6\x9b\xe4\x87G\xf7.@'
p13
tp14
b.