cnumpy.core.multiarray
_reconstruct
p0
(cnumpy
ndarray
p1
(I0
tp2
S'b'
p3
tp4
Rp5
(I1
(I25
I1
tp6
cnumpy
dtype
p7
(S'f8'
p8
I0
I1
tp9
Rp10
(I3
S'<'
p11
NNNI-1
I-1
I0
tp12
bI00
S"\x80\xc3:Q\xba\xd0+@lW'\xd3\x04\xf6-@:\x97\x11m7\x070@\x07\xda\x9a\x1d\xdc\t1@k\xca@\xed\xec\xff1@\x88\xb5>\xd3\x8b\xe62@\xe45\xa9\xd9\x08\xbb3@b\x87\xac!\xeaz4@\x84\xd5oF\xf3#5@0\xd7\x94\x08,\xb45@\xf7\x1bn.\xe6)6@n\xdad\x87\xc2\x836@W\xc4\x99\x03\xb5\xc06@:\xb7\x8b\xd3\x07\xe06@x\xdcr\x86]\xe16@HT\xfe \xb2\xc46@\xed\xe94)[\x8a6@HbU\xa7\x0636@\x19s\xaf\x1e\xb9\xbf5@\xa5\x0f\x82\x84\xca15@9J\xed=\xe2\x8a4@A\x99\xec0\xf2\xcc3@:3\x11\xf70\xfa2@\xfe1KC\x13\x152@\xfe1KC\x13\x152@"
p13
tp14
b.