cnumpy.core.multiarray
_reconstruct
p0
(cnumpy
ndarray
p1
(I0
tp2
S'b'
p3
tp4
Rp5
(I1
(I25
I1
tp6
cnumpy
dtype
p7
(S'f8'
p8
I0
I1
tp9
Rp10
(I3
S'<'
p11
NNNI-1
I-1
I0
tp12
bI00
S'%q1RN\xc8&@R\x86`RI\x00(@G\x80\xd6\x05\xf40)@\x10\xa7\xed\x93\xc1V*@\xd6\xbdc\x8cEn+@\x11\x18\xd7\x1d>t,@\x00\xa2\x1f\xcd\x9de-@\x96\xe5\x87\x90\x94?.@\xe0\xd0\xbb3\x98\xff.@\xee\xc7e\xebk\xa3/@\x84\xfd\xef\x80\x93\x140@\xabj\x88D\x9dG0@&\xcc:\x00;j0@\xfa\x92\xbep\x05|0@\xd1\xa3\xce\x83\xc7|0@\xa5Nz\xf6~l0@\x8eU\xe4[\\K0@\xbe\xe2[\x8c\xc2\x190@\xa5^\xff\xfc\x8a\xb0/@\xec\xe8\xb5\x1bQ\x0f/@\xfc\xb0Ah\xb8Q.@\xa7\x93\xa1w\xf6y-@\xbdo?\xe9\x8e\x8a,@\xbcQ\xf5\xe6K\x86+@\xbcQ\xf5\xe6K\x86+@'
p13
tp14
b.