cnumpy.core.multiarray
_reconstruct
p0
(cnumpy
ndarray
p1
(I0
tp2
S'b'
p3
tp4
Rp5
(I1
(I25
I1
tp6
cnumpy
dtype
p7
(S'f8'
p8
I0
I1
tp9
Rp10
(I3
S'<'
p11
NNNI-1
I-1
I0
tp12
bI00
S'-\x11\x1c\xafv\xad\x19@1gG\x0f G\x1c@\x95\x01~\x93.\xd1\x1e@\xef\xe7\xbc\x87\x07\xa2 @\x8c\x1fU\xbe9\xcc!@\x8a\x97Rb\xb4\xe3"@:\xa5(\xbe5\xe5#@F\x05\xf9\xa8\xbd\xcd$@\x88\xb4\x0fz\x96\x9a%@"\xf0 \x1e]I&@T\xa4,6\x08\xd8&@\x80v\xc9*\xeeD\'@\xac\xd8\xb7!\xca\x8e\'@\xe6\xe7\xf1\xc6\xbf\xb4\'@rJ\xed\xdd]\xb6\'@\xd6ff\x93\x9f\x93\'@\xf7H\xc5\x8b\xecL\'@\xe8D\xf1\xad\x17\xe3&@\x8e\xa1-\xae\\W&@|\x10T`\\\xab%@\xdcTf\xdc\x17\xe1$@t[\xf4\x83\xea\xfa#@\xbf\xac,\xfa\x82\xfb"@\x8e\x94\x90#\xdb\xe5!@\x8e\x94\x90#\xdb\xe5!@'
p13
tp14
b.