cnumpy.core.multiarray
_reconstruct
p0
(cnumpy
ndarray
p1
(I0
tp2
S'b'
p3
tp4
Rp5
(I1
(I25
I1
tp6
cnumpy
dtype
p7
(S'f8'
p8
I0
I1
tp9
Rp10
(I3
S'<'
p11
NNNI-1
I-1
I0
tp12
bI00
S"\xcf\xb1\xe3\x1dL\x92(@\xe0\xe7\x11\x87F\xd6)@\xd4e\xf6\xa2\xa8\x12+@\x13\np\xa5\xc2C,@O \xcei\x06f-@\xec\xc9\xd8\r\x12v.@\x1c\xaa\xd1\x08\xbap/@\x12\xc3)P\x89)0@\xa6\x97mO<\x8d0@\xda\xeb\xfd\x98L\xe20@/$cl\xbc'1@\x90\xe3\xda\xa6\xbc\\1@XA?-\xaf\x801@\x9b\x80\xab\xc3(\x931@OU_M\xf2\x931@\xc4v&q\t\x831@\xcf\x10Z\xa0\xa0`1@\x94-g\x80\x1e-1@\x1c\xf9\x9a\xb8\x1c\xe90@\xc2K\xc6'f\x950@\xbe\xcf\x0f\x87\xf420@\x1a\x1d\x04\x02\xdb\x85/@[C\x07\x8b>\x8d.@\xbf\x98\xddI\xf9~-@\xbf\x98\xddI\xf9~-@"
p13
tp14
b.