cnumpy.core.multiarray
_reconstruct
p0
(cnumpy
ndarray
p1
(I0
tp2
S'b'
p3
tp4
Rp5
(I1
(I25
I1
tp6
cnumpy
dtype
p7
(S'f8'
p8
I0
I1
tp9
Rp10
(I3
S'<'
p11
NNNI-1
I-1
I0
tp12
bI00
S'\r\xc1Vp9(\x1e@\xc8\x81=\xd6#\x8f @\xd4\xe6\xf3GH\x01"@\x0c\x1b\xfe\xe29f#@\xfa\x8df\xdc\xcf\xb9$@+\x08\xf00\x15\xf8%@\x167\xfcrT\x1d\'@\xac\xbb\xc4\xda"&(@E\xfa\xe5wj\x0f)@\xf00\xd3es\xd6)@2U\xbe\xe7\xebx*@\n \xc3S\xef\xf4*@\x9c\xbd\xb1\xb8\x0bI+@\x046\xa0-Ft+@K\x86f\xbe\x1dv+@\xe8\x9eL\xec\x8cN+@\xb2\xbfn\xbe\t\xfe*@,K\xa7a\x84\x85*@\xf3^\x18\\d\xe6)@\x8eu\xae\\\x84")@\re\x1b\xb3,<(@\xea\xd4\xc9\x80\x0c6\'@\xf8\xd3\x18\xb71\x13&@\x84.\xc2\xfa\xff\xd6$@\x84.\xc2\xfa\xff\xd6$@'
p13
tp14
b.