cnumpy.core.multiarray
_reconstruct
p0
(cnumpy
ndarray
p1
(I0
tp2
S'b'
p3
tp4
Rp5
(I1
(I25
I1
tp6
cnumpy
dtype
p7
(S'f8'
p8
I0
I1
tp9
Rp10
(I3
S'<'
p11
NNNI-1
I-1
I0
tp12
bI00
S'\xf8\xe4\x0f\xc1Tg\x1b@\xa1\xccFd\x07\xe1\x1e@\xbd\xf8\xa9S\xef"!@\x8d%\x9c[\xdd\xc5"@\x9c\xdd0\x16lT$@\x16\xa7L\x95\xf6\xc9%@o\xe6.\x8b""\'@/H\x81F\xedX(@4Y\r\xa9\xb7j)@\xb8\xfcg\xf5PT*@B\x87XS\x00\x13+@\xda\x80\x97\xee\x8c\xa4+@\xe4\xfc\xab\x97D\x07,@W\xa4!\xd3\x00:,@\xa3\xb9\xffG*<,@\x8d\x8dD\x83\xba\r,@\x10\x96"\x0b<\xaf+@3\xc3\xc5\xc1\xc8!+@F\xc4q\x9c\x06g*@\x02\xa9\xc5\xb8"\x81)@L\xc8\xcf\xde\xcar(@d\x93O\x83%?\'@V\xf4\xfba\xc8\xe9%@\xd0\xb1\xd6\xcb\xadv$@\xd0\xb1\xd6\xcb\xadv$@'
p13
tp14
b.