cnumpy.core.multiarray
_reconstruct
p0
(cnumpy
ndarray
p1
(I0
tp2
S'b'
p3
tp4
Rp5
(I1
(I25
I1
tp6
cnumpy
dtype
p7
(S'f8'
p8
I0
I1
tp9
Rp10
(I3
S'<'
p11
NNNI-1
I-1
I0
tp12
bI00
S'h\xce\xb80g\xea)@\xdc\xc6\xe4\xc5bI,@.|\xf0\xa5#\x9a.@\xedm\xab\xca\xe0j0@r}\xed\xb2\xc9z1@\xf8\xfc\x9cj\xa1y2@\xe0\x0c@\xbaod3@vo\xce/x84@\xb5!.HB\xf34@0^\t\xce\xa0\x925@\xc5s\x01X\xb8\x146@0\xf6\xdf\xd2\x04x6@\xd4\xb2?\x07^\xbb6@\x94\x040\r\xfb\xdd6@z\x8f\x86\xa3t\xdf6@\xa9\x92\xe3c\xc6\xbf6@z\xf9\xd1\xcfN\x7f6@\x86\x04\xdc6\xce\x1e6@\x94\x87\xddxd\x9f5@T\x11C\xab\x8d\x025@1\xb87\xab\x1dJ4@\x8d\xd4\xf7\xa9:x3@\xca\x13\x8c\xc3V\x8f2@\xd8\xee\x0c\xb3(\x921@\xd8\xee\x0c\xb3(\x921@'
p13
tp14
b.