cnumpy.core.multiarray
_reconstruct
p0
(cnumpy
ndarray
p1
(I0
tp2
S'b'
p3
tp4
Rp5
(I1
(I25
I1
tp6
cnumpy
dtype
p7
(S'f8'
p8
I0
I1
tp9
Rp10
(I3
S'<'
p11
NNNI-1
I-1
I0
tp12
bI00
S"\xc5\xa5C\xd8A\xc9(@\xce\x96O\xc6-x+@T\xce\xcdA\xff\x16.@\x0fD\xbe\x97\xf2N0@p\xb9\x95\xe7\xaa\x821@\x12n+\x9c\x12\xa32@K i_\xcd\xac3@\x8es\xd8\x7f\xc2\x9c4@tQN-&p5@\xf8\\?\xd0\x81$6@V\x9a\xdbb\xbb\xb76@8\xcb\x05\xb6\x1b(7@\x10\xc0r\x8fSt7@nj\xac\x91\x7f\x9b7@\x0b\x92Q\xe2*\x9d7@\xd0\xe6\xaa\x86Py7@0\x96\x85r[07@\x86\x14'I%\xc36@<\xd9\x11\xd4\xf326@\x00\xc4+7u\x815@\xc1F\x99\xed\xba\xb04@\n\x0eA\x9e3\xc33@5\xe4_\xda\xa3\xbb2@\xb6\xa7\xd1\xdb\x1d\x9d1@\xb6\xa7\xd1\xdb\x1d\x9d1@"
p13
tp14
b.