cnumpy.core.multiarray
_reconstruct
p0
(cnumpy
ndarray
p1
(I0
tp2
S'b'
p3
tp4
Rp5
(I1
(I25
I1
tp6
cnumpy
dtype
p7
(S'f8'
p8
I0
I1
tp9
Rp10
(I3
S'<'
p11
NNNI-1
I-1
I0
tp12
bI00
S'R\x11Y\xfb\x98\xed)@H\xe0\x02s\x8d\xcd+@\xc1>\xb1\x8bA\xa2-@\xebq\xf8\x16?f/@\xbe\xaa\xd9\xe0 \x8a0@D\xb9\x16e\xa3S1@~]Z\xf9M\r2@X\xf8\xfd\xc1\xf6\xb42@h\x9e\xc1\x9a\xa9H3@J\xd2\xc2\xea\xad\xc63@\xee\x06\xd3\xc6\x8b-4@m"\xddR\x10|4@n\xc9HUQ\xb14@\x9e\xc5\xb0\xf1\xaf\xcc4@\xff5\xc8\x82\xda\xcd4@\xde\xdd\xe8\x8d\xcd\xb44@N\x06t\xcd\xd3\x814@q\xfc\xe6Q\x8554@\xae)<\xbc\xc5\xd03@\xf8\xf5\xe1\x96\xc1T3@\xbe\x121\xd5\xea\xc22@\xe4\xa0\xd4\x83\xf4\x1c2@\xd8M\x00\xb7\xcdd1@\x04\xd1\x93\xc5\x9b\x9c0@\x04\xd1\x93\xc5\x9b\x9c0@'
p13
tp14
b.