cnumpy.core.multiarray
_reconstruct
p0
(cnumpy
ndarray
p1
(I0
tp2
S'b'
p3
tp4
Rp5
(I1
(I25
I1
tp6
cnumpy
dtype
p7
(S'f8'
p8
I0
I1
tp9
Rp10
(I3
S'<'
p11
NNNI-1
I-1
I0
tp12
bI00
S'\xe5\x85a\xb7`a\x1a@\x8b\x90\xfb7\xf8\x93\x1d@X\x1f\xc7\x89\xafY @\xb5Q\xcbM"\xdb!@k\x88\x0c\x95\xd6I#@d\xd8\xd5v\x86\xa1$@\x84\xdc\xf3\xb30\xde%@\x1e(\x1a\xa9$\xfc&@\xce\x1e\xd2P\r\xf8\'@%\x11\x1d4\xfb\xce(@\x0b\xc4",m~)@\xc1C\xcd\xdaW\x04*@\x00\x8a\x08\xc4+_*@\xe0\xa1t\xf5\xd9\x8d*@\x12\\\xa7.\xd7\x8f*@\xb5z\x92\x80\x1de*@R)7_,\x0e*@4\xf3q%\x07\x8c)@\xb4eM\x0f2\xe0(@\xd0O\xdf\xb3\xad\x0c(@\xbao/\x0c\xf1\x13\'@\x0e\xfc\xf8\x18\xe2\xf8%@n\xec5=\xcd\xbe$@\x90\xed>g[i#@\x90\xed>g[i#@'
p13
tp14
b.