cnumpy.core.multiarray
_reconstruct
p0
(cnumpy
ndarray
p1
(I0
tp2
S'b'
p3
tp4
Rp5
(I1
(I25
I1
tp6
cnumpy
dtype
p7
(S'f8'
p8
I0
I1
tp9
Rp10
(I3
S'<'
p11
NNNI-1
I-1
I0
tp12
bI00
S'V\x9f\xd7eTu\x1b@\xd2\xaf\x10\xc0Y\xf6\x1d@\xaa<s\x0f,4 @\x89L&\x0f\x02b!@\x1c\x8bTx*\x81"@\xd0\x1ec\xadL\x8e#@JID\xd5E\x86$@@\x94m62f%@?\xd4\x80\xd5u+&@2[\xf1=\xc4\xd3&@\x9f m]\']\'@\xaaV\x95]\x05\xc6\'@^\x98\x92j%\r(@\x8b\xa3EX\xb31(@h\xd54\x1bB3(@\xbcV\xd6\r\xcd\x11(@\xb4\x99l\xfe\xb7\xcd\'@\x06\xd0K\x05\xceg\'@\x88\x7f\x00\'?\xe1&@\xb8\x81f\xc9\x9c;&@\x84\xd1A\x06\xd5x%@2\x1bM\xe9,\x9b$@R\xf3\xea\xaa9\xa5#@}N\xac\xfb\xd8\x99"@}N\xac\xfb\xd8\x99"@'
p13
tp14
b.