cnumpy.core.multiarray
_reconstruct
p0
(cnumpy
ndarray
p1
(I0
tp2
S'b'
p3
tp4
Rp5
(I1
(I25
I1
tp6
cnumpy
dtype
p7
(S'f8'
p8
I0
I1
tp9
Rp10
(I3
S'<'
p11
NNNI-1
I-1
I0
tp12
bI00
S'?\x03D\xc1\x00\xd8)@\x0bW@\xf3{\xbb+@\xbb\x7f\xae\x9c\xa1\x93-@\xd2hZI\xf1Z/@\xfc@\x0e_\x0e\x860@\x0e{H\xe6\x0bQ1@\x12R\xe3\xb0\x13\x0c2@\x14\x81}\xd1\xf7\xb42@\xd7\xea$w\xc0I3@\xd0\x80C\xcc\xb1\xc83@,\xdb\x9d"Q04@ \xec\xf5\\i\x7f4@\x94\x02(\x89\x0e\xb54@\xb3^\x03\xa0\xa0\xd04@\xce\xb6\xaab\xcd\xd14@\x83\x9e\xecO\x91\xb84@h\xed\xb7\xae7\x854@e\xf5\x8c\xadY84@\x7fh\x89\x99\xdc\xd23@|\x0fb2\xefU3@\xc3\xd1B#\x06\xc32@8\'\x1b\xab\xd7\x1b2@\x0c@K\x81Vb1@`\xbd\xed\x05\xac\x980@`\xbd\xed\x05\xac\x980@'
p13
tp14
b.