cnumpy.core.multiarray
_reconstruct
p0
(cnumpy
ndarray
p1
(I0
tp2
S'b'
p3
tp4
Rp5
(I1
(I25
I1
tp6
cnumpy
dtype
p7
(S'f8'
p8
I0
I1
tp9
Rp10
(I3
S'<'
p11
NNNI-1
I-1
I0
tp12
bI00
S'\x11\x989~\x04\xcb+@Z\x92\x19\x80:\x86.@\x18W`\'\x86\x980@`\xac\xf6\x80\xc2\xe11@4\xff\x9e)\xfc\x1a3@\xe3\xa2\xe4\xc0\x8c@4@\xe4\xc8a\x8c\x08O5@F\x14\x1e\xacHC6@\xaa\x15\x88\x81t\x1a7@h{\xfd,\n\xd27@{"\x8e\x08\xe6g8@\x86#\xaa\tI\xda8@\xe1t\xb1\xf6\xdd\'9@P\x02\xdb`\xbdO9@P\xbd\x96VpQ9@\xd9-_\xc6\xf1,9@o\x0f\xd8\x8d\xae\xe28@5\xe0\x0c5\x84s8@\xda\'\x98Y\xbe\xe07@\x8e\xd2f\xd1\x12,7@\xb4\x99\x9e\x90\x9cW6@\x9e\xae\xdfa\xd5e5@\x89\xaf\x9d\x83\x8eY4@\xd0\xdf\x97@\xe853@\xd0\xdf\x97@\xe853@'
p13
tp14
b.