cnumpy.core.multiarray
_reconstruct
p0
(cnumpy
ndarray
p1
(I0
tp2
S'b'
p3
tp4
Rp5
(I1
(I25
I1
tp6
cnumpy
dtype
p7
(S'f8'
p8
I0
I1
tp9
Rp10
(I3
S'<'
p11
NNNI-1
I-1
I0
tp12
bI00
S'\xee6\x16TH\x0f(@|\xbe\xfc\x97\xedH*@\x82=p98u,@\xfa\x85\xbe\xc1\xac\x8d.@|ELs\x05F0@\xfc^\xef\x17051@{\xf2\xa3\xda\x8c\x112@\xf9${_\x8a\xd82@X\xc3\xb0\x0b\xd7\x873@D\xc4p\xf0g\x1d4@n\n\xcb\xe2~\x974@\xc1\xef\xa7\xae\xaf\xf44@\xfe?;U\xe435@\x12\xabLJ`T5@N\xdd\xab\xa6\xc2U5@\xf9dBI\x0785@\xa0\x13e\xe3\x86\xfb4@:\x1c@\xf0\xf5\xa04@\xf8/s\x9ab)4@\xc6\xa9#\x961\x963@\x9c\xef\xe8\xf8\x19\xe92@+D\xf9\x1b $2@\xdbY\xda\x97\x8fI1@\x94\x86\x88k\xf4[0@\x94\x86\x88k\xf4[0@'
p13
tp14
b.