cnumpy.core.multiarray
_reconstruct
p0
(cnumpy
ndarray
p1
(I0
tp2
S'b'
p3
tp4
Rp5
(I1
(I25
I1
tp6
cnumpy
dtype
p7
(S'f8'
p8
I0
I1
tp9
Rp10
(I3
S'<'
p11
NNNI-1
I-1
I0
tp12
bI00
S'\x8d6\xc0\xb0\xd6\x9d*@\x90\xceR\x0c\x97\xe3,@d;\xc0\x1e\xb4\x1b/@a+\x9b\x96\xc7\x9f0@\x92\x99\x99\xf5b\xa41@_d\xe2\xc2\xa2\x982@\xd7\x11\xda`\xaey3@j\x04H{\xe6D4@\xd4\xbd\xf7\xd9\xec\xf74@\xcd\x0f q\xab\x905@\xb3\x9c}\x9aZ\r6@6L\x90d\x86l6@,\xfa$\xe8\x12\xad6@\xd1\x87=\x97?\xce6@\xea\xeax{\xa9\xcf6@b\xbaI]L\xb16@.\x93\x8a\xd0\x82s6@\xc6\xceJ&\x05\x176@\xe3\x92\xf9F\xe7\x9c5@\x1blW{\x95\x065@\x06\xb2\xc5-\xd0U4@~d\x9d\xb0\xa6\x8c3@A\xdc#\x19q\xad2@G\xd4qA\xc9\xba1@G\xd4qA\xc9\xba1@'
p13
tp14
b.