cnumpy.core.multiarray
_reconstruct
p0
(cnumpy
ndarray
p1
(I0
tp2
S'b'
p3
tp4
Rp5
(I1
(I25
I1
tp6
cnumpy
dtype
p7
(S'f8'
p8
I0
I1
tp9
Rp10
(I3
S'<'
p11
NNNI-1
I-1
I0
tp12
bI00
S'\xf8\xcaeL\xe1\x11!@\xbeW\x03\x03\xae\xb9#@\xaek\xcf\x04\x8bQ&@\xe8o\xd6\xf5\xbb\xd1(@\x18\x16\xd2\x17\xcb2+@rl\x15\x8b\x9fm-@\x06Yoz\x92{/@\xb8\xc2myA\xab0@\xb3K\xe8\x15t|1@z\xfc\xd0\x04\xf1.2@l\xc5Z\xd4\xa3\xc02@\x1fN\x15\xe3\xd9/3@Y\xf8vpG{3@\x11\xbb\x81z\x0b\xa23@\xf3\xa4\xfa\\\xb2\xa33@\xb9\xbaa*7\x803@\xd0\x1f\xa5\xba\x0383@e\xafco\xef\xcb2@\xae\xe6l\xb1<=2@,\xc2\xfa.\x95\x8d1@\xf7\x9a\xda\xe5\x04\xbf0@6\x1c\xa2\x10\xe8\xa7/@~\xa1\xdf\x9d?\x9e-@\xb0\xad\x91\x99$g+@\xb0\xad\x91\x99$g+@'
p13
tp14
b.