cnumpy.core.multiarray
_reconstruct
p0
(cnumpy
ndarray
p1
(I0
tp2
S'b'
p3
tp4
Rp5
(I1
(I25
I1
tp6
cnumpy
dtype
p7
(S'f8'
p8
I0
I1
tp9
Rp10
(I3
S'<'
p11
NNNI-1
I-1
I0
tp12
bI00
S'\xf5\x9d\xdf\xad\xf2d\x1f@\xfe`D\x16\x88\xc4 @\xa8\xda]\x1f*\xd0!@\x10\x962\x13A\xd2"@\xbf0\xa4\n\xcb\xc7#@2\x98.\x8f\xeb\xad$@\xaal\xe7#\xf4\x81%@\xc0\xb2WElA&@\xb8\xebR\xc8\x18\xea&@\xb6\xfa\xce\x81\x02z\'@6"\xe2#|\xef\'@_\x84i>\'I(@\xe4\xdckT\xf8\x85(@\xae\xfb\t\xfa9\xa5(@\x92\xae\xb0\xf1\x8e\xa6(@,\xac=B\xf3\x89(@\xc0\xc5\xd9B\xbcO(@\xbd\x04e\x9c\x97\xf8\'@1!lC\x89\x85\'@\x1d\xad\xb0p\xe8\xf7&@\xca=M\xa1[Q&@\x85\xd4c\xaa\xd3\x93%@A)\x06\xef\x85\xc1$@\xad\x0b\x9d\xc9\xe5\xdc#@\xad\x0b\x9d\xc9\xe5\xdc#@'
p13
tp14
b.