cnumpy.core.multiarray
_reconstruct
p0
(cnumpy
ndarray
p1
(I0
tp2
S'b'
p3
tp4
Rp5
(I1
(I25
I1
tp6
cnumpy
dtype
p7
(S'f8'
p8
I0
I1
tp9
Rp10
(I3
S'<'
p11
NNNI-1
I-1
I0
tp12
bI00
S'\'\xe41\x07\x8a\x06\x1b@\xd62\x13\xa1\x16\x08 @\xd8\x10Jx\xca}"@\x0c\x01\xd8\x14\n\xdd$@\n\xee\xc8\xfd\xc1\x1e\'@\x0e\xed_\xd16<)@\xbc\xce\x14Z\x19/+@g\x8b\xe1`\x99\xf1,@\xfc%\xba\x04w~.@M\xb8sc\x12\xd1/@\xb8\xe2\xb1\xb2\xbcr0@\x88YH\xc19\xdc0@\xe4h+\xaf\xc5#1@\xe0Pl\x0e\x8bH1@\xca\xe2,.\x1cJ1@\xa3\x0e\xd7at(1@\x1eg\x0e\x0f\xf8\xe30@\xf9\x032\x82s}0@\xedW\xd8\x191\xec/@I\x90\xd3\xeb\xf5\x9e.@A\x16\xb6\x88\x17\x17-@\xef\xd3\x8c\xea&Y+@\xec\xb0\xe9WVj)@^\n\x91\xe3iP\'@^\n\x91\xe3iP\'@'
p13
tp14
b.