cnumpy.core.multiarray
_reconstruct
p0
(cnumpy
ndarray
p1
(I0
tp2
S'b'
p3
tp4
Rp5
(I1
(I25
I1
tp6
cnumpy
dtype
p7
(S'f8'
p8
I0
I1
tp9
Rp10
(I3
S'<'
p11
NNNI-1
I-1
I0
tp12
bI00
S'\xe3\xe6{>[\xce\'@\xd8r\x1c\xf4\x16\x92)@\xfc"\xf5\xa8;K+@\xd7%je\xa5\xf4,@1\xc4\xa8\x1e_\x89.@(\xee\'\xc0X\x020@I&\x00\x7f\x18\xb10@\xef\xc4n\x81\xe5N1@s}\xd4\x0b\xe9\xd91@\xad1\x9dm\x84P2@n\xbcM\xd6U\xb12@\xe8\x14\xf9t<\xfb2@\x95F\xd0\xd5[-3@\x06!\xc3s\x1eG3@\x8a\xdd\x87v7H3@r/\xd7\x97\xa303@\x92\xeb0-\xa9\x003@:#\x0cV\xd7\xb82@\xc8\x95\xe4P\x04Z2@k\x17\x1f\xfcJ\xe51@\np7\x8a\x07\\1@>\xe2\x0cs\xd3\xbf0@f\xe2g\xae\x80\x120@`\x85\xe9\x8b(\xac.@`\x85\xe9\x8b(\xac.@'
p13
tp14
b.