cnumpy.core.multiarray
_reconstruct
p0
(cnumpy
ndarray
p1
(I0
tp2
S'b'
p3
tp4
Rp5
(I1
(I25
I1
tp6
cnumpy
dtype
p7
(S'f8'
p8
I0
I1
tp9
Rp10
(I3
S'<'
p11
NNNI-1
I-1
I0
tp12
bI00
S'\xee\x0cP\x0b\xb7\xb2$@?O\xda\x9a0\x12&@\xab\xd1\xcc\xd8li\'@\xba\xe2\xea\xdek\xb4(@\x8a\xea\x9dIR\xef)@x\xfbk\xb9t\x16+@\xa6\xff1\xc5b&,@\xcc<z<\xf1\x1b-@\xe8\x98T\x9bC\xf4-@\xfb\x06~\x93\xd4\xac.@\xfc\x9c`\x91}C/@\x92\xe3}&}\xb6/@\xdc\xf4\x0f#>\x020@\x9d\xdbX"I\x160@b2\xe9\xc6#\x170@\x00/\x86\x84\xcb\x040@\xf6\xb0\x08)\xee\xbe/@\x8a\x12\x11\xa5+O/@\x0c\x8c\xae\xe0\x9c\xbb.@\x90\xb8"\t\xfa\x05.@&SR\xf4`0-@\xa6\x1fn\xd0N=,@\'\xdb/\xb7\x98/+@\x9aU\xd1:c\n*@\x9aU\xd1:c\n*@'
p13
tp14
b.