cnumpy.core.multiarray
_reconstruct
p0
(cnumpy
ndarray
p1
(I0
tp2
S'b'
p3
tp4
Rp5
(I1
(I25
I1
tp6
cnumpy
dtype
p7
(S'f8'
p8
I0
I1
tp9
Rp10
(I3
S'<'
p11
NNNI-1
I-1
I0
tp12
bI00
S"?\xb4\xceE\x0eg(@<\xcaA\x19y\xae*@p\x90.\xa46\xe8,@\xea\neQ\xa3\r/@_1)\x13,\x8c0@\x92@\x1b\xee\x1e\x811@\xc7\xaf\xcb\x85\xcfb2@\x9a1\xdf\x99\x9c.3@;\x86\xb95&\xe23@\xae^\x12\xc6T{4@d\xbb\x9fV_\xf84@0\xce7\xe5\xd0W5@\\\t\x88\xba\x8c\x985@\xd3\tj\xbb\xd1\xb95@\xbe\xbb\xf0\xa8<\xbb5@\x0eQwH\xc9\x9c5@&\xdf>p\xd2^5@\x82\x01u\xf8\x10\x025@\xdc\xd7\xcb\x93\x99\x874@\xc8C\x10\x96\xd9\xf03@j\xac\\\xb2\x92?3@'@\x9b\xbd\xd5u2@\xe4{\xf9\x84\xfc\x951@\x18\xed\xae\xca\xa2\xa20@\x18\xed\xae\xca\xa2\xa20@"
p13
tp14
b.