cnumpy.core.multiarray
_reconstruct
p0
(cnumpy
ndarray
p1
(I0
tp2
S'b'
p3
tp4
Rp5
(I1
(I25
I1
tp6
cnumpy
dtype
p7
(S'f8'
p8
I0
I1
tp9
Rp10
(I3
S'<'
p11
NNNI-1
I-1
I0
tp12
bI00
S"b\xe5\x8c\xfc\x91:!@\x90\xfb\xa23\xde\xd8#@\x90\xda$\xbcsg&@\xfc\x0c[\xe8\xb1\xde(@J\xd1\x8c\xab=7+@\xf2\x1fK\x8b\x17j-@\xbeh\x91\x7f\xb0p/@\xa0\x06\xbb\xc1~\xa20@n\xa1\x06\xce\xc4p1@\xf7\xe2\xdb\x0f\xc3 2@\xe6\xf8\xa6\x86l\xb02@\xbb\xeb/\xa4\x14\x1e3@\xf7G\x05Kth3@\xc0\xc5K\x9e\xad\x8e3@\xfa\x01\x94\x97N\x903@\x11\xfa\xffZRm3@\n\x9b\xc1E!&3@\xfa&\xc7\xb6\x8f\xbb2@i'6\x95\xdb.2@\x15\xc4\x16\x9c\xa8\x811@\x1bq<v\xfb\xb50@\x9c\x17\x06rg\x9c/@$8\xac\x9f\t\x9a-@\xe2\xf5A\xdb\xdbj+@\xe2\xf5A\xdb\xdbj+@"
p13
tp14
b.