cnumpy.core.multiarray
_reconstruct
p0
(cnumpy
ndarray
p1
(I0
tp2
S'b'
p3
tp4
Rp5
(I1
(I25
I1
tp6
cnumpy
dtype
p7
(S'f8'
p8
I0
I1
tp9
Rp10
(I3
S'<'
p11
NNNI-1
I-1
I0
tp12
bI00
S'\xd0`\x88\xfa\xb3c\x1a@7w\xfa}5h\x1f@$\x1cz M\'"@\x8ei\xdc&"\x84$@T\x95{\x8e\x8d\xc3&@\xe8\xf4)\xd1\xda\xde(@\xb2W\xbd&\xc1\xcf*@*/0Dv\x90,@\xe0\x15o\xa1\xbf\x1b.@\xba\x1aL\x12\x02m/@\xb1A\x08\xc2\'@0@C\xe9W[9\xa90@3\x9fQg|\xf00@\xaa\xbbpQ\x1c\x151@\x94<\x94\xd8\xab\x161@\x82\xff\xe8T&\xf50@\x84\x11\xcd\xc5\xef\xb00@ \xa7\x82\xa7\xd3J0@V/Y(\x05\x88/@jCNn\x1d<.@\xe8\x1d\xa7:\xce\xb5,@H\x12\xa3\xe0\xa3\xf9*@Z\xf0\xb6[\xcb\x0c)@\xc8\xe6\x04\xdf\x02\xf5&@\xc8\xe6\x04\xdf\x02\xf5&@'
p13
tp14
b.