cnumpy.core.multiarray
_reconstruct
p0
(cnumpy
ndarray
p1
(I0
tp2
S'b'
p3
tp4
Rp5
(I1
(I25
I1
tp6
cnumpy
dtype
p7
(S'f8'
p8
I0
I1
tp9
Rp10
(I3
S'<'
p11
NNNI-1
I-1
I0
tp12
bI00
S'\xf0\x14jo\x04\xf8(@\xb4\xf8\xfaxo\xba*@\xd8\x88?fKr,@\xfc\xcdb\x14x\x1a.@\xcc\xe9_*\x04\xae/@[\x94\xd2\xeb\x1d\x940@\x9b\x1b\x94m[B1@\x11\x7f\x89\xd4\xb2\xdf1@\xdd\x87\xe8\xc3Nj2@\x92y-\xc0\x91\xe02@\x05\xe6\x8e\x00\x1bA3@\x9c1`\x8b\xca\x8a3@\x1an\x1f\x91\xc4\xbc3@\xf3\xea+\xfcs\xd63@\x06o\x81-\x8c\xd73@JpI\xe1\t\xc03@\x90s\x9883\x903@n\x86:\xe8\x96H3@\xe3\xe3\xfe\x8e\n\xea2@$\xadx8\xa8u2@\x97\xac\xa1\x13\xcb\xec1@\xe2\xfe,g\x0bQ1@\xcf$\x9b\xcf9\xa40@RN\x81\xaa\xb3\xd0/@RN\x81\xaa\xb3\xd0/@'
p13
tp14
b.