cnumpy.core.multiarray
_reconstruct
p0
(cnumpy
ndarray
p1
(I0
tp2
S'b'
p3
tp4
Rp5
(I1
(I25
I1
tp6
cnumpy
dtype
p7
(S'f8'
p8
I0
I1
tp9
Rp10
(I3
S'<'
p11
NNNI-1
I-1
I0
tp12
bI00
S"\xf9\\\xe13\xbc\xc7)@\x89*9e|\xe9+@y\xbd\xb9Zq\xfe-@\xe1\xf0\xd2\x9c2\x000@\xfb)\x1bl\xad\xf40@\x17\x9f\x93\xcd\xcf\xd91@u\x87n:\xee\xac2@\xa0k\xb6\xe9\x92k3@F\x8a\x01'\x85\x134@\xef \xf0\xf2\xcf\xa24@\xe0\xd0\xb0\xd9\xc7\x175@\x8c\xdb \xee\x0fq5@\x1ah\xac\xda\x9d\xad5@\x1c\xcd\xcd\xfb\xbc\xcc5@d\xd1\xe9z\x10\xce5@\xe0lAc\x94\xb15@\xb2\xe3\xbe\xad\x9dw5@@\x07{C\xd9 5@\xb5\xc3\xee\xf9I\xae4@y\xab\xd3\x8eE!4@\xfe\xce\xb2\xacp{3@l\xf5\x02\x04\xba\xbe2@\xc3\xa0u\x87T\xed1@\x82\xff\xa4\xdc\xb0\t1@\x82\xff\xa4\xdc\xb0\t1@"
p13
tp14
b.