cnumpy.core.multiarray
_reconstruct
p0
(cnumpy
ndarray
p1
(I0
tp2
S'b'
p3
tp4
Rp5
(I1
(I25
I1
tp6
cnumpy
dtype
p7
(S'f8'
p8
I0
I1
tp9
Rp10
(I3
S'<'
p11
NNNI-1
I-1
I0
tp12
bI00
S".\x91\x17`5`!@\x0c\xc5\xc7X\xcc^#@.\xb5\xfb\x18kQ%@>N\xe13B2'@a\x11\x96F\xb7\xfb(@\xb7\xab\x0b\xafu\xa8*@\x06(\xd8r~3,@\xd0'\x82&7\x98-@\xa1\xca\xd3\xa8w\xd2.@\xf8\xc2=\x89\x96\xde/@\xab\x91&\xfa\xb9\\0@z\xe8\xce\x82A\xb00@\xed\x10\xbe\xb1\xe8\xe80@0\xda\xc1\x86\x06\x061@\xebdt&D\x071@s+V\xdd\x9d\xec0@\xf0x\xd8*c\xb60@\xcf_7\xd45e0@B=\xcd\x03\x10\xf4/@\x84\x05b\xda2\xec.@8d\xeaL\xe7\xb5-@P\x06:\xfe\xcaT,@\x16A\xfbI\xfb\xcc*@{\xf9m\xfe\x08#)@{\xf9m\xfe\x08#)@"
p13
tp14
b.