cnumpy.core.multiarray
_reconstruct
p0
(cnumpy
ndarray
p1
(I0
tp2
S'b'
p3
tp4
Rp5
(I1
(I25
I1
tp6
cnumpy
dtype
p7
(S'f8'
p8
I0
I1
tp9
Rp10
(I3
S'<'
p11
NNNI-1
I-1
I0
tp12
bI00
S"d\x0f\x8f\xef\xc9\xf5'@\xd5\r\xfbM.\xba)@Y\xbap\xb7\xf7s+@\xaa\xbb\xffH\x00\x1e-@R\xec\x05\x1eQ\xb3.@\x18\xa0\xae\x8f\x98\x170@\xcfn\x16\x8d\x99\xc60@\xb7\xfd*z\xa1d1@\x806\x8c\xeb\xd8\xef1@\xfc\xcf\xd1\x95\xa0f2@\x87\xf6f$\x96\xc72@h\x80\x89Z\x98\x113@\x16\x92\x1br\xcaC3@G\xd69\xae\x96]3@>\xab\xe9\x19\xb0^3@h\xc9\xaam\x13G3@w\x90?\x19\x07\x173@z\xcc\x8eq\x1a\xcf2@\xae\xbf\x11\x05$p2@\x1e\xeb\xc9\x1b?\xfb1@\xeb\xe03j\xc8q1@\xec\xfb\x0f\x01Z\xd50@\x8e\t \x86\xc6'0@\x8f\xf65\x88'\xd6.@\x8f\xf65\x88'\xd6.@"
p13
tp14
b.