cnumpy.core.multiarray
_reconstruct
p0
(cnumpy
ndarray
p1
(I0
tp2
S'b'
p3
tp4
Rp5
(I1
(I25
I1
tp6
cnumpy
dtype
p7
(S'f8'
p8
I0
I1
tp9
Rp10
(I3
S'<'
p11
NNNI-1
I-1
I0
tp12
bI00
S"Bl\xae\xf4\xcb\xa6!@\x95\x8d\x14\x84\x19\x0f#@\x8e\xb4\xde\xc6\xf4n$@\xe4\xd9\x17\x1fD\xc2%@\xc8q4\\\x13\x05'@<s\x84\x86\x9f3(@\xef\xf8\xcf\x17bJ)@N>\xa5\x7f\x1bF*@\xf0\x9a\xf8\xd3\xdc#+@T\x93.\x91\x10\xe1+@\x16\xc6uO\x82{,@\xfe\trVe\xf1,@:7\x9a\xfbYA-@x\xc2D\xbbqj-@t\xc3)\x002l-@\x1a\xea\x0f\x91\x95F-@<\x8ba\xa0\x0c\xfa,@\x05I{}{\x87,@\xd8\xc1\x9a\xeb7\xf0+@\xe2\xf3\\&\x056+@\xe8\x9a\xad\x9f\x0e[*@\xc4\xf4\xd6\x86\xe1a)@4\xb5\x00,eM(@\xad\xb5\xd2V\xd2 '@\xad\xb5\xd2V\xd2 '@"
p13
tp14
b.