cnumpy.core.multiarray
_reconstruct
p0
(cnumpy
ndarray
p1
(I0
tp2
S'b'
p3
tp4
Rp5
(I1
(I25
I1
tp6
cnumpy
dtype
p7
(S'f8'
p8
I0
I1
tp9
Rp10
(I3
S'<'
p11
NNNI-1
I-1
I0
tp12
bI00
S'\xd6m\xb1\xcf\xa5\xd3)@\x14,\xcc6\x12t+@\xbcA\n\x85\xbb\n-@\xeb\xd4\xad\x9f\xe4\x92.@\x83\x7f\xe3\xd6\xfd\x030@\xdc\x1b\xfa\xdc\xd3\xb20@~:7\xd5\xeaS1@\x0e\x83X4b\xe51@0k=\n\x88e2@\xf4I`\x10\xde\xd22@JX2\x1e\x1e,3@$\xd5\x10\xf6=p3@\x92\xe3|_r\x9e3@\xe0\xeaT\x851\xb63@\xf7\r\xff\x904\xb73@V/\xba}x\xa13@\xc5!\x9f!>u3@))7l\t33@U\xc2\xe8\xdc\x9f\xdb2@\x04\xc3\xd05\x06p2@\x16O\xe5q}\xf11@n\x11s\x07\x7fa1@\xf0\r\x1d\x82\xb8\xc10@\xb2\x00~\x81\x06\x140@\xb2\x00~\x81\x06\x140@'
p13
tp14
b.