cnumpy.core.multiarray
_reconstruct
p0
(cnumpy
ndarray
p1
(I0
tp2
S'b'
p3
tp4
Rp5
(I1
(I25
I1
tp6
cnumpy
dtype
p7
(S'f8'
p8
I0
I1
tp9
Rp10
(I3
S'<'
p11
NNNI-1
I-1
I0
tp12
bI00
S"\x85\xe08g\xfe\xc5&@8\x1c\xc2\xe2\xdf\x17)@c:@J\xd5[+@q[.\x8d\x1c\x8b-@\x06[\xe5K1\x9f/@!\xad@$\xf0\xc80@$\xaf\xe0\xf2\xac\xae1@\xf0>Z\xbe!~2@\xceT\xbf\xaa\xe343@\xe1\xf5\xc7\x89\xd1\xd03@<\xf8#5\x1aP4@4y\x0f\xfaA\xb14@\xc0\xc1\xfe\x05'\xf34@\xc4\xbe.\xc7\x04\x155@\xfa\xfb\x067v\x165@3\xe7w\x07w\xf74@>Z\xd2\xafc\xb84@n\x1c\xf2X\xf8Y4@\xbc1\xf2\xabN\xdd3@\x9c[\xf5\x89\xdaC3@S;\xcd\xb6e\x8f2@\xde[m\x83\n\xc21@y\xb0\x13\x88-\xde0@L\xc7\xb9\x01\xed\xcc/@L\xc7\xb9\x01\xed\xcc/@"
p13
tp14
b.