cnumpy.core.multiarray
_reconstruct
p0
(cnumpy
ndarray
p1
(I0
tp2
S'b'
p3
tp4
Rp5
(I1
(I25
I1
tp6
cnumpy
dtype
p7
(S'f8'
p8
I0
I1
tp9
Rp10
(I3
S'<'
p11
NNNI-1
I-1
I0
tp12
bI00
S"Y\x14\x11\x06`\xe7(@\xa4eIGP\x98+@\xceTP\xfb\x199.@\xb9\x19a\x13\xf3`0@\x88\x9cw\xaf\x92\x951@\xc4\xd1\xae+\xd3\xb62@\x96hD\xabU\xc13@\x84\x01\xee(\xff\xb14@\x10\xf7u\xba\x01\x865@\x7f\xd6T\xee\xe4:6@4\xf7R*\x8d\xce6@\x8866\xf5A?7@\x18\n\xba\x18\xb3\x8b7@\xfa:\x82\x8c\xfc\xb27@\x19iX\x1e\xa9\xb47@O \xc7\xcf\xb3\x907@\xfa\x97\xff\xe4\x87G7@]\xac\xdd\xa4\xff\xd96@\x13\x9c\xc4\xcdaI6@h\xef\xea\xc6]\x975@\x9a(q\x99\x06\xc64@\x9e3B\xc0\xcc\xd73@p'3\xe1v\xcf2@\x19v\x17\x85\x19\xb01@\x19v\x17\x85\x19\xb01@"
p13
tp14
b.