cnumpy.core.multiarray
_reconstruct
p0
(cnumpy
ndarray
p1
(I0
tp2
S'b'
p3
tp4
Rp5
(I1
(I25
I1
tp6
cnumpy
dtype
p7
(S'f8'
p8
I0
I1
tp9
Rp10
(I3
S'<'
p11
NNNI-1
I-1
I0
tp12
bI00
S'\t\x86\xbd\xcb\x93\xd3*@\xcd$\xe0\x0f\xd2w,@\xa0l\xa9N6\x12.@\xdf\x8c\xb1L\xf8\x9d/@\xe1Q\xf9\xba=\x8b0@\x14\xf9\xc5O\xae;1@Z!!\x8f?\xde1@\x97XY\x85\x0cq2@\xd8,PG_\xf22@n\xfc\xd2\x0c\xb6`3@\x97\xcdl\xaf\xc7\xba3@H0H\x80\x87\xff3@\xb9 \xb0i(.4@6\xf7\xd8R\x1fF4@\xffc\xd0\xbe$G4@&\xac\xbe\xa1514@n\xff\xfci\x93\x044@b\xcb\xe5<\xc3\xc13@pM\xa5i\x8ci3@":\xab\x16\xf6\xfc2@\x9d\x15\xab0D}2@\xac\xf4P\xa4\xf3\xeb1@7/\xed\xed\xb5J1@\xdd\xc7T\x0cl\x9b0@\xdd\xc7T\x0cl\x9b0@'
p13
tp14
b.