cnumpy.core.multiarray
_reconstruct
p0
(cnumpy
ndarray
p1
(I0
tp2
S'b'
p3
tp4
Rp5
(I1
(I25
I1
tp6
cnumpy
dtype
p7
(S'f8'
p8
I0
I1
tp9
Rp10
(I3
S'<'
p11
NNNI-1
I-1
I0
tp12
bI00
S'N\x86\xa7\x1a]] @\xf5mb\xfd%u"@L\x81\x86s_\x80$@vj\xae\xaa\xf0x&@\xb1\xbddx\xf8X(@\x16\xc1,\xe4\xde\x1a*@\x02I2\xd7e\xb9+@^\xdd\xd9\xbf\xb8/-@\x192\x8a\xfazy.@\xdb\xfd\xb2\xd4\xd4\x92/@>:\xa0\x81?<0@\xaf\xd7$5\xe6\x930@\xba\xa9f\x0cY\xcf0@\x03\xe9U\xb0\xe6\xed0@\xb9\xdcX\xfc3\xef0@\x8e\xee.\x0e=\xd30@\x92\x9a\x86QU\x9a0@>\xab#\x87&E0@\xa52\xf8\x94]\xa9/@\xa2Od7{\x94.@\xb2\xf5\x81\xed\xdfN-@\x9aj\n\x07W\xdc+@\xe4W\xf9\xd91A*@d\xd9=\xe1:\x82(@d\xd9=\xe1:\x82(@'
p13
tp14
b.