cnumpy.core.multiarray
_reconstruct
p0
(cnumpy
ndarray
p1
(I0
tp2
S'b'
p3
tp4
Rp5
(I1
(I25
I1
tp6
cnumpy
dtype
p7
(S'f8'
p8
I0
I1
tp9
Rp10
(I3
S'<'
p11
NNNI-1
I-1
I0
tp12
bI00
S'\x96\xb3\xa2\xef\xeeu)@\xc0c\xfd\xdc\x88\xe1+@\x85\xb8\xd5Z\x9c>.@\xab\xa4\x955\x0eC0@\xc5\xa1j6\x9eX1@1\xc6\xf91\xc2\\2@OO\xef"rL3@\xf4\xf2\x82\x07\xe3$4@\x16\xa8d6\x8f\xe34@`Y\xcc\xe4=\x865@\x05\xe8:\xc7\t\x0b6@\x14\xf0&\xb9fp6@\xa8\xc5\xb6Z&\xb56@\xcaz\xc2\x96{\xd86@n*\x9b\x06\xfd\xd96@\x14\x8cv,\xa6\xb96@"\xdf\xd4\x80\xd7w6@\x1e6\xb9RU\x156@\xa8\x9a\x0e~E\x935@\x9a\xf2\x0c\xff+\xf34@6\xa3\xd4l\xe664@\x02\x8b\xbdh\xa6`3@QK\xf3\x12\xebr2@\xd8\xb4\xe4\x97yp1@\xd8\xb4\xe4\x97yp1@'
p13
tp14
b.