cnumpy.core.multiarray
_reconstruct
p0
(cnumpy
ndarray
p1
(I0
tp2
S'b'
p3
tp4
Rp5
(I1
(I25
I1
tp6
cnumpy
dtype
p7
(S'f8'
p8
I0
I1
tp9
Rp10
(I3
S'<'
p11
NNNI-1
I-1
I0
tp12
bI00
S'\x95\x80%\x9c\xff\x99 @\xf8f\xc6o\xc1\xa8"@\x92\x9fA\x04*\xab$@\xe8\xab\xa8\xd3:\x9b&@\xad\xc6\xeb\x0f,s(@\xf4O;\xe1}-*@Q \xbe\xcd\x08\xc5+@\x15\xac\xac\x19\r5-@\xdc;\xf3\xf1@y.@\xf6\xad\x187\xdd\x8d/@\xb79 a\xd470@\x9a\xc8T\x01\x01\x8e0@I\xe6}ks\xc80@\xb6\x8c|E}\xe60@\x11\x14\xda\xf3\xc4\xe70@!\x84\x16\xa5F\xcc0@\xd9\x8a\x0c]T\x940@n\x1dI\x00\x95@0@P3a\xc4\x04\xa4/@\x86\x17}\xb7\xcc\x93.@?|\x1e\xe7\xadS-@T\xa1TEc\xe7+@Z\xf5V\x88+S*@\x84\xc8\xc4\x80\xbc\x9b(@\x84\xc8\xc4\x80\xbc\x9b(@'
p13
tp14
b.