cnumpy.core.multiarray
_reconstruct
p0
(cnumpy
ndarray
p1
(I0
tp2
S'b'
p3
tp4
Rp5
(I1
(I25
I1
tp6
cnumpy
dtype
p7
(S'f8'
p8
I0
I1
tp9
Rp10
(I3
S'<'
p11
NNNI-1
I-1
I0
tp12
bI00
S"`{\xe9K\x99\xd2$@uf\x98\xfd\x99I'@\x88\x91D\xd3\xcf\xb1)@\xecg\x1e\x98\x0c\x04,@\xb4\xac_\xa3c9.@\xfa^$@\x9f%0@d\x8c{J\xb8\x191@\x0c\xdb\xba\xc6$\xf61@\xa4\xe9\n*S\xb82@`M82\x00^3@\xc0\x82\xad\xa5=\xe53@sH\xc3\x15xL4@Hd9\x92{\x924@\xf4\xc3\xd1?w\xb64@\x86\xb2Y\xc7\xff\xb74@$\x91\xde\x95\x10\x974@\xcf\xdfR\xea\x0bT4@\xf2\xe1z\xb0\xb9\xef3@\xc0#\x8b,Ek3@\xe4\xedk~9\xc82@\xe6\xc2\x08\x07}\x082@ \x07h\xbdK.1@\xac\x00s\x840<0@\x0e\xf4\x9f*\xfbi.@\x0e\xf4\x9f*\xfbi.@"
p13
tp14
b.