cnumpy.core.multiarray
_reconstruct
p0
(cnumpy
ndarray
p1
(I0
tp2
S'b'
p3
tp4
Rp5
(I1
(I25
I1
tp6
cnumpy
dtype
p7
(S'f8'
p8
I0
I1
tp9
Rp10
(I3
S'<'
p11
NNNI-1
I-1
I0
tp12
bI00
S'O\xfe\xef\xee|\x07\x1b@\xa2\t\xd6\xb0;\x1e\x1e@\xdd\xba\xd9u8\x91 @m\xf7\x10\x88\x8e\x05"@\xe0\x10_Y\xc9g#@^\xabj7\xc8\xb3$@2ii\xc3\xac\xe5%@x-{|\xe6\xf9&@\x1e\xda\xbca=\xed\'@\xe4]Z\x8c\xdb\xbc(@|q\xfb\xa4Uf)@\xc8_O\x1b\xb2\xe7)@\x18w0\no?*@\xb4<\xcc\xb6\x86l*@ncf\x9drn*@\xb4q\x9d\x02-E*@\n\x13\x84\x041\xf1)@\x00\x13\\+ys)@\x1a\x9a:~|\xcd(@K\x1bK$*\x01(@6<\xba\x9f\xe3\x10\'@t\xfa~\xb3u\xff%@&\xf01\t\x10\xd0$@\xf6\x05\xdd\xaf;\x86#@\xf6\x05\xdd\xaf;\x86#@'
p13
tp14
b.