cnumpy.core.multiarray
_reconstruct
p0
(cnumpy
ndarray
p1
(I0
tp2
S'b'
p3
tp4
Rp5
(I1
(I25
I1
tp6
cnumpy
dtype
p7
(S'f8'
p8
I0
I1
tp9
Rp10
(I3
S'<'
p11
NNNI-1
I-1
I0
tp12
bI00
S'\xee\xa2\xbcg\x90\x12\x17@\xd9\xb4\x97\xe4<\xac\x19@8\xdc\xd0rN6\x1c@R*\x11\xdd1\xa9\x1e@\xfc\xf7\x04\x8a\xcc~ @\xa0\xe3\x7f|H\x96!@\xa6\xdd\x86\x0c\xcb\x97"@\xacF\xa4\rT\x80#@\xb5\xe9\xe5\xd3-M$@\xce\xa8$I\xf5\xfb$@\x9aq\xf0\x0b\xa1\x8a%@\xb4\x8c\xe2\x82\x87\xf7%@\xbe\xa06\xd2cA&@\x85\x18\xdf\xa4Yg&@\xd2\x13\xca\xbd\xf7h&@\xc72\xaeI9F&@*\x8co\xed\x85\xff%@2\xde\xf1\x90\xb0\x95%@9H\xf2\xe9\xf4\t%@d[=\xce\xf3]$@f\xf1:X\xae\x93#@\xae\x1cM\xec\x7f\xad"@50\xd80\x17\xae!@\xafS\xed\rn\x98 @\xafS\xed\rn\x98 @'
p13
tp14
b.