cnumpy.core.multiarray
_reconstruct
p0
(cnumpy
ndarray
p1
(I0
tp2
S'b'
p3
tp4
Rp5
(I1
(I25
I1
tp6
cnumpy
dtype
p7
(S'f8'
p8
I0
I1
tp9
Rp10
(I3
S'<'
p11
NNNI-1
I-1
I0
tp12
bI00
S'\xe6\xbc$\xc8\x9b\xff\x1e@ \x82cQ\xc1\x93!@\x06\x06.T<\x9b#@\x8a\xc1/E1\x90%@6\xdf"\xbf\xc9l\'@\x94\xba\xa5\x08x+)@\x80\xcbY\xa5\x07\xc7*@\xa8\x01\xce\xdc\xac:,@\xda\x0f\xe3\x08\x13\x82-@Jo\xfc\x80i\x99.@\xaczt\xfbn}/@;G\xb0\xa1\xbd\x150@\x99\xf7\xd6\x92\xc3P0@\x8c9\xf9>\x19o0@)Xr(dp0@\x81\x06\x1ft\xa0T0@l\x16\xde\xf4 \x1c0@\x90\x1b\xfdh\x1c\x8f/@\xe2C\xf8\xf9\xc8\xaf.@F\xc5\xcb\xcf\xe1\x9c-@\xa2Ih\xf9\x9aY,@\xd3\xb8C\xd3\xb8\xe9*@`O\x94\xca\x84Q)@V\xbc\x99\x93\xc0\x95\'@V\xbc\x99\x93\xc0\x95\'@'
p13
tp14
b.