cnumpy.core.multiarray
_reconstruct
p0
(cnumpy
ndarray
p1
(I0
tp2
S'b'
p3
tp4
Rp5
(I1
(I25
I1
tp6
cnumpy
dtype
p7
(S'f8'
p8
I0
I1
tp9
Rp10
(I3
S'<'
p11
NNNI-1
I-1
I0
tp12
bI00
S"\x19\x10\x7f\x89\x08\x19\x19@\xff5\x15\x8dL\xc9\x1d@\x19\x88\x01\xaf\xb6.!@\x1c\x9a\r7\xe1c#@.\x08\xb8\xee\x8f}%@T^t\xe2~u'@\xf4\xb7\xd8\xcb\xceE)@N\x95\x02\x96\x16\xe9*@\x98\xfaf\x81sZ,@hN\xe8\xb6\x97\x95-@\x8a\xd4\xb7\x1e\xd7\x96.@\xaa\xbb\xb5T2[/@\xd4\x0e\xa2\x99_\xe0/@\x13\xd98\xd3h\x120@\x81}\xb5&\xde\x130@\x82\x9a:\xdb\x16\xe9/@J\xe9\xe70\x9ci/@\x1c([\x96\xc8\xaa.@J\xb4\xf4K\xd5\xae-@P9m\xe8\xb1x,@\xda\x84\xc8\x96\xfb\x0b+@\xbe6{N\xf2l)@\x86+\xec%l\xa0'@\x925#\xe5\xc6\xab%@\x925#\xe5\xc6\xab%@"
p13
tp14
b.