cnumpy.core.multiarray
_reconstruct
p0
(cnumpy
ndarray
p1
(I0
tp2
S'b'
p3
tp4
Rp5
(I1
(I25
I1
tp6
cnumpy
dtype
p7
(S'f8'
p8
I0
I1
tp9
Rp10
(I3
S'<'
p11
NNNI-1
I-1
I0
tp12
bI00
S'3\n\xb4\x00\x80\xe3%@-\x92\xb0\x86\xf6,\'@\x8e>\xd6\xd4\xb3n(@*\x90\x9f$\xf8\xa4)@\x0f\x89\xd2\xe8%\xcc*@\xb9\xf5\x7f\x96\xcc\xe0+@\xe0\xc2\xbe\xe7\xb2\xdf,@\xa6\x9d\x87y\xe0\xc5-@@\xf1\x00\xa8\xa6\x90.@\x92\xbd\xcc\x8e\xa8=/@&\x04z\x15\xe2\xca/@\xf5~\x89\xf9V\x1b0@C\xbdkK\xe5?0@\x7f>\xbf\xf3\xaeR0@{\xc5\xe8\xe6{S0@;o\x86\xc1IB0@\xd9\x80\x8f\xcfK\x1f0@\x9fS\x9d\xe6\xd4\xd5/@~j\xfe\xdb\x83K/@\x05\x1c\\\x1bA\xa1.@\xaa\x1f\x9a\x8b\x08\xd9-@\xaa\x04Is/\xf5,@"1\xed\x82]\xf8+@\x08\xf1l\xe9\x84\xe5*@\x08\xf1l\xe9\x84\xe5*@'
p13
tp14
b.