cnumpy.core.multiarray
_reconstruct
p0
(cnumpy
ndarray
p1
(I0
tp2
S'b'
p3
tp4
Rp5
(I1
(I25
I1
tp6
cnumpy
dtype
p7
(S'f8'
p8
I0
I1
tp9
Rp10
(I3
S'<'
p11
NNNI-1
I-1
I0
tp12
bI00
S'\x0e8r\xcbA\xe4\x17@\xe8Tr\x9e\xe4`\x1b@\x04\xab(o\x9a\xc8\x1e@\xbd6\xadm\x9d\x08!@\x96..\x1d}\x98"@\x9eJ\xd0jC\x0f$@\xb6\x0f\xbfZ\x92h%@|/\xa2\xd7c\xa0&@Xwp\xb3\x15\xb3\'@ |=~t\x9d(@\x86\x8a\xac\x12\xc5\\)@\xee\xdd\x8c\xbb\xcc\xee)@k\x91Q\xda\xd7Q*@,\xb0\x8e\xfa\xbe\x84*@\xf4\xe9VC\xea\x86*@\x8f\xbb4<SX*@\x8e\xc9w\xe0\x84\xf9)@\xc6\xd8\x9c\x00\x9ak)@*)\xa5\xf69\xb0(@.\xe71\xb7\x93\xc9\'@\x12\x04\x1bNW\xba&@6{\xef\xd9\xad\x85%@\xb6\xcaI\x1e0/$@\xc0\xcc\x18\xc9\xdb\xba"@\xc0\xcc\x18\xc9\xdb\xba"@'
p13
tp14
b.