cnumpy.core.multiarray
_reconstruct
p0
(cnumpy
ndarray
p1
(I0
tp2
S'b'
p3
tp4
Rp5
(I1
(I25
I1
tp6
cnumpy
dtype
p7
(S'f8'
p8
I0
I1
tp9
Rp10
(I3
S'<'
p11
NNNI-1
I-1
I0
tp12
bI00
S'\x89\x8b2+\x867"@\xc2nu!\x98\x90#@O\x19\xe95\x93\xe1$@\xce\xff\xb6*\x8a&&@gh]\x9a\xb3[\'@\xf2\xa8yCu}(@\xc00\xf2\xc7n\x88)@\xa4jq\xbf\x83y*@\x94\xa5%\xff\xe4M+@\x15\xf5\x16\xfb\x18\x03,@\xccR\x13(\x03\x97,@\xd25+H\xea\x07-@Nq\xf4\x8e}T-@I\xd6<\x8e\xd8{-@\xef\x7fw\xdf\x85}-@\x88\t\xf4\x81\x80Y-@>\xf5\xca\xe93\x10-@\n\xbfR\xbfz\xa2,@x\xd0\xd9R\x9c\x11,@p\x1e?\xccH_+@\x90"\xca!\x94\x8d*@\x18\xd9G\xe5\xef\x9e)@\xd5\x93\xea\xf9#\x96(@\xe9p\xabHFv\'@\xe9p\xabHFv\'@'
p13
tp14
b.