cnumpy.core.multiarray
_reconstruct
p0
(cnumpy
ndarray
p1
(I0
tp2
S'b'
p3
tp4
Rp5
(I1
(I25
I1
tp6
cnumpy
dtype
p7
(S'f8'
p8
I0
I1
tp9
Rp10
(I3
S'<'
p11
NNNI-1
I-1
I0
tp12
bI00
S"\x936\xe5I\x06\x8d\x19@\x80\xe6\x98J\xb6\xa8\x1e@V[\xfb5\xdf\xd2!@(\xab\x18\x98\x9e:$@\xde|.xl\x84&@t\x1a\x9fUu\xa9(@\x96\xba\x96_S\xa3*@\x04\xe8\xc8\x8a!l,@\xaa\x02\x0b'\x8d\xfe-@p2W\xc0\xe5U/@\xdd\xc3\xec\x8d\x1570@\x95[\xa6\x93\x0c\xa20@F\x05\x86\xdb\x98\xea0@AA\xe5\xfa\xe1\x0f1@\x18\x1c\xe0\xb7x\x111@O'!UX\xef0@\xf0\xf2\x04\xa0\xe6\xa90@\xc8\xda\xea\xc0\xf2A0@\x88#z\xa2eq/@\xe2\xbd\xc6|\x80\x1f.@T\x1b\xd0\x08&\x92,@h\xf1\x14\x9d\xf7\xcd*@.\x13\x88\x1e:\xd8(@\xc3h\xb3H\xc6\xb6&@\xc3h\xb3H\xc6\xb6&@"
p13
tp14
b.