cnumpy.core.multiarray
_reconstruct
p0
(cnumpy
ndarray
p1
(I0
tp2
S'b'
p3
tp4
Rp5
(I1
(I25
I1
tp6
cnumpy
dtype
p7
(S'f8'
p8
I0
I1
tp9
Rp10
(I3
S'<'
p11
NNNI-1
I-1
I0
tp12
bI00
S'\x913\x1c\xe4\xcf\x99\x16@\xe4\x8f`\xd3\xcd\x19\x19@\xdc|\x1d\xf4\xca\x8a\x1b@M\xd0\xa6\xe1~\xe5\x1d@\xcf\xe72\xd9q\x11 @J\xc3\x95u%\x1e!@tF\xd9\xb6\xb8\x15"@\xa1\x83m\x13I\xf5"@V\x8bs\xa2;\xba#@\xd6\xc5/\xe1Db$@h\xbf\xa1\x8bo\xeb$@$F\xd5s"T%@\xc41\x80F%\x9b%@\x8c\xa2\xb3.\xa4\xbf%@^f\xc5M2\xc1%@\x9ex\x14\x00\xcb\x9f%@\xdd\xcd\xdf\xea\xd1[%@\xca"\x06\xd3\x11\xf6$@\xc2\x87%@\xbao$@\xa2\x0e\'\xf3[\xca#@\x8c\xa6\xc3:\xe4\x07#@\x9a]\xf03\x97*"@\x9d\xdeW\x07\t5!@\xccw\x0b8\x16* @\xccw\x0b8\x16* @'
p13
tp14
b.