cnumpy.core.multiarray
_reconstruct
p0
(cnumpy
ndarray
p1
(I0
tp2
S'b'
p3
tp4
Rp5
(I1
(I25
I1
tp6
cnumpy
dtype
p7
(S'f8'
p8
I0
I1
tp9
Rp10
(I3
S'<'
p11
NNNI-1
I-1
I0
tp12
bI00
S'\x8bX>q\xf7h*@\x00\x1a\xc5\xf7\xbas,@\n}R6=r.@\x90\x18\x8b\xa4E/0@\xb8u\xf6Lt\x191@\xb0Q\xa5\xfe\xef\xf41@\xeb)\r\xfd)\xbf2@$\x12\x01\x06\xc7u3@7\xa1CY\xa6\x164@\x19r\x90\x11\xe8\x9f4@0\x9a-\xbc\xf2\x0f5@\x88\x98V\x1exe5@\xb8&E\x1ay\x9f5@.\xaf9\xa8H\xbd5@./\xa5\xda\x8d\xbe5@n\xc2p\xe7D\xa35@}~K3\xbfk5@T\xe5\xdc^\xa2\x185@B<\xb0X\xe6\xaa4@G\xa9\x9ay\xd2#4@\xa4a:\xb4\xf9\x843@\xd0\xe6\xef\xe25\xd02@\x80\x10SB\xa2\x072@\xd3\x9a\x9c(\x95-1@\xd3\x9a\x9c(\x95-1@'
p13
tp14
b.