cnumpy.core.multiarray
_reconstruct
p0
(cnumpy
ndarray
p1
(I0
tp2
S'b'
p3
tp4
Rp5
(I1
(I25
I1
tp6
cnumpy
dtype
p7
(S'f8'
p8
I0
I1
tp9
Rp10
(I3
S'<'
p11
NNNI-1
I-1
I0
tp12
bI00
S'r\xd0\x12\xb2k\xad)@\x1e\x18\xb2/.\xb5+@F~\x94l\xc1\xb0-@\xdf::E;\x9a/@N\xef\xf6\xc9\xf3\xb50@(\xe9@\x9a,\x901@,a\x1e\x1a=Y2@\x9c\xa5\xd5~\xcd\x0e3@b\x93\x8a)\xc0\xae3@\xce\x81\xf1\xf6774@2\xc0\xa6\xce\x9d\xa64@\xf9\xb2\x94a\xa5\xfb4@L\xe9A\tQ55@.\x06z\xbc\xf4R5@;O\x80\x108T5@\xf5\xf7\xd0@\x1795@\x0c\\^:\xe3\x015@\x8f\xa1(\xaa@\xaf4@\xaa\xe6\xff\x11&B4@\xefd*\xe9\xd8\xbb3@\x16\'\x80\xd1\xe9\x1d3@E\x91L\xec/j2@\x7f\xdf\xe2\\\xc3\xa21@"\x16F\t\xf7\xc90@"\x16F\t\xf7\xc90@'
p13
tp14
b.