cnumpy.core.multiarray
_reconstruct
p0
(cnumpy
ndarray
p1
(I0
tp2
S'b'
p3
tp4
Rp5
(I1
(I25
I1
tp6
cnumpy
dtype
p7
(S'f8'
p8
I0
I1
tp9
Rp10
(I3
S'<'
p11
NNNI-1
I-1
I0
tp12
bI00
S"\x98U\x02\xa6U\x03\x1e@/\xf3y\xday;!@F\xfc\xdbD\xedg#@*\xee\xca!\x89\x80%@T/\xa4\xb1\x0c\x7f'@f@\xa9\x0c\x85])@\xbb\x8b\xf3\xe1^\x16+@\xe0\xa7A\x19w\xa4,@\x04\xad\x00&*\x03.@X\xdf\xda\xdda./@2\xf8\xc1\xd4P\x110@.\x9f\xb2u\x88n0@\n\x8c\x91\xbe\xc1\xad0@\x82\x9dS\x15@\xce0@d\xbe\xad\x8b\xa2\xcf0@\xaf\xfc;\x00\xe5\xb10@\x12\xd2\xd3*`u0@;\xdc\xdc\x93\xc8\x1a0@x\x01\x8b\xf3XF/@h\x04\xb4U\xe1\x1f.@L\xbc\xc5\xb9\x98\xc5,@\xac-\xe3\x1d\x88;+@\xe5\xb0@\tG\x86)@\x08Tq\xd9\xed\xaa'@\x08Tq\xd9\xed\xaa'@"
p13
tp14
b.