cnumpy.core.multiarray
_reconstruct
p0
(cnumpy
ndarray
p1
(I0
tp2
S'b'
p3
tp4
Rp5
(I1
(I25
I1
tp6
cnumpy
dtype
p7
(S'f8'
p8
I0
I1
tp9
Rp10
(I3
S'<'
p11
NNNI-1
I-1
I0
tp12
bI00
S'W\rJQ"\x96$@\xb8\x8c\xd7\xf0\xb1>\'@fG\xdbIM\xd7)@#T\x94\xc85X,@6>.\x8b\xf3\xb9.@=@\x87\xd4\xb5z0@\xb4|d\xb2\xfa\x811@\xb3\xa2\xc0\x04\xb7o2@\xa6q;\x9c%A3@sa\x11\xb8\xd5\xf33@j<\xccM\xb2\x854@\x80\x01^?\x08\xf54@\x86\xa4\x1em\x8b@5@\x8a\xa8\x8c\x94Zg5@L\x15E\xf0\x01i5@\x1a>^\x91|E5@d!\x1fn4\xfd4@\xa9z\xe7%\x01\x914@\x92u\xf7}%\x024@y\xc9\x95\x9eKR3@"\x81\xcc\x1b\x80\x832@\xa0\xb6\x8c\xd8+\x981@/_u\xd6\x0c\x930@\xb7a]\x0f\\\xee.@\xb7a]\x0f\\\xee.@'
p13
tp14
b.