cnumpy.core.multiarray
_reconstruct
p0
(cnumpy
ndarray
p1
(I0
tp2
S'b'
p3
tp4
Rp5
(I1
(I25
I1
tp6
cnumpy
dtype
p7
(S'f8'
p8
I0
I1
tp9
Rp10
(I3
S'<'
p11
NNNI-1
I-1
I0
tp12
bI00
S'V\x1d\xc3\x16\xd1\xdc\x1b@\x84[\x86B\\v @\xbdf\xbbe\x1f\xef"@.{\xf7_RQ%@\xbe\xd2\xf4\xea\xd8\x95\'@\xc4\xa18E\xef\xb5)@A\x9d\x0b`>\xab+@\x13\xf70\xc9\xeeo-@\xf4\x93\xf0\x17\xba\xfe.@4j\xbcT})0@\xbcx\xd3\xbe\\\xb40@\xb6\xcem\x05]\x1e1@\xa2\xd1\xc9\xf2Af1@\xc0\xc5{\x0f5\x8b1@\xa6@3"\xc8\x8c1@\x87\xbe\x89x\xf6j1@\\~\x05\xf5$&1@\x13\xd9&\xe2 \xbf0@^\xd4\x01\x8e\x1d70@t\x90\rka\x1f/@?vQ\x94\x9b\x95-@\xea\x0f\xf8?\x80\xd5+@\xe2zS+H\xe4)@\x00rD\x95\xbe\xc7\'@\x00rD\x95\xbe\xc7\'@'
p13
tp14
b.