cnumpy.core.multiarray
_reconstruct
p0
(cnumpy
ndarray
p1
(I0
tp2
S'b'
p3
tp4
Rp5
(I1
(I25
I1
tp6
cnumpy
dtype
p7
(S'f8'
p8
I0
I1
tp9
Rp10
(I3
S'<'
p11
NNNI-1
I-1
I0
tp12
bI00
S'\xa1\x13\x8e1\xfd\xfc)@\x85h(8H\x9e+@J\xf0\xdc\xed\xca5-@@\xf7d\xaf\xc5\xbe.@\x16\xf03\x19R\x1a0@s\x9aB\x97\x85\xc90@\'\xd9\'\xae\xf2j1@yS\xba\xd1\xb7\xfc1@B\xf7\xdc)"}2@B\x15\xac\xa3\xb2\xea2@\x93\x06;h"D3@Ew\x91\xabf\x883@\xc7\xdc\x8b\xc8\xb3\xb63@\x86\xedX\xa0\x7f\xce3@F\xe8\x7f6\x83\xcf3@\xc2\x90\xa2\x84\xbb\xb93@\xc20\x83\x83i\x8d3@\xa1\xb23i\x11K3@\xa7\x00\xb0\x1ey\xf32@\xfe-|\xf1\xa5\x872@\xf1\x91\'\x88\xd9\x082@X\x1c\xca"\x8ex1@\xb8/\xaa2r\xd80@\xda\xf80Vc*0@\xda\xf80Vc*0@'
p13
tp14
b.