cnumpy.core.multiarray
_reconstruct
p0
(cnumpy
ndarray
p1
(I0
tp2
S'b'
p3
tp4
Rp5
(I1
(I25
I1
tp6
cnumpy
dtype
p7
(S'f8'
p8
I0
I1
tp9
Rp10
(I3
S'<'
p11
NNNI-1
I-1
I0
tp12
bI00
S'\x0eo\xdb2&\x15(@j]\xf1C~Z*@J\xb9\xc4}5\x92,@\xf6\x16TU\xae\xb5.@\xefq\x8c\xd1C_0@+\x8bn\xd5WS1@zoS\x1b;42@\xab\x00\\\xc7N\xff2@\xb8)\x01\x0e5\xb23@\xe2\xdd6C\xd8J4@\x95\x00i\x12q\xc74@\x16.\xc5\xcc\x8b&5@\x02\x82\xfd\xbd\x0cg5@0\xd5\x98z3\x885@v\xd3\xf3\x1d\x9d\x895@\xf6\x9bBqEk5@\xae\xe4"\xf8\x86-5@W!\x99\xe2\x19\xd14@\xb5$\x9e\xe7\x11W4@\xfbG\xa4\x0e\xdb\xc03@\xb2\x9e\xa9q5\x103@\xa3\xa1~\x040G2@\xa6\xdf\xd4p"h1@p\xf0f\x19\xa6u0@p\xf0f\x19\xa6u0@'
p13
tp14
b.