cnumpy.core.multiarray
_reconstruct
p0
(cnumpy
ndarray
p1
(I0
tp2
S'b'
p3
tp4
Rp5
(I1
(I25
I1
tp6
cnumpy
dtype
p7
(S'f8'
p8
I0
I1
tp9
Rp10
(I3
S'<'
p11
NNNI-1
I-1
I0
tp12
bI00
S'\x98\xff\xb6O\x10E\x1f@M\xa32\x8b\xbf\xc4!@J\xca]\xe7(\xda#@\x84\xddc\x06\x8d\xdc%@\x82n\xa3o\xed\xc5\'@\xcc\x18GI\x96\x90)@\xd2\xa9 [/7+@\xe7),\x00\xcc\xb4,@\xaeI+\xd7\xf9\x04.@\x08\x00\x87\x06\xce#/@Z\x93\xf2u\xf8\x060@^\xf8J\nT`0@.\x90\x8d0\xef\x9c0@&\xd3\xc0\x1d\x15\xbc0@h\xc2\x02\xe7h\xbd0@@%\xb7\x96\xe6\xa00@\x0e8W8\xe3f0@\xcf\x90\xbf\xda\x0b\x100@\xb4\t\xe2\x17\xc7:/@\xe2"\x91\xa8\x80 .@\x1a\x19_t\x8e\xd4,@>\x95O\xb4\xceZ+@\xe8\xaa\xacC\xa8\xb7)@\x80/\x85~\xfd\xef\'@\x80/\x85~\xfd\xef\'@'
p13
tp14
b.