cnumpy.core.multiarray
_reconstruct
p0
(cnumpy
ndarray
p1
(I0
tp2
S'b'
p3
tp4
Rp5
(I1
(I25
I1
tp6
cnumpy
dtype
p7
(S'f8'
p8
I0
I1
tp9
Rp10
(I3
S'<'
p11
NNNI-1
I-1
I0
tp12
bI00
S'_\x0b\x86\xf2B\x13\x1d@[\x8a\xc8\x95oq @\x92\x08\xc66\xceM"@\xdc5jO0\x19$@f"\xec~;\xce%@\xfc\xb8~\x08\xd8g\'@2\xe7x\x04@\xe1(@K\xc0`\x9d\r6*@\x9a#`.Hb+@8Y\x00\x1cpb,@h\xc0\xd5C\x893-@8\xbf\xf9\xe3#\xd3-@d\x15\xc3\xdfc?.@*\xe4\rL\x06w.@\xb8\x99\x862ey.@v+\xbe\x80yF.@z\xc2B\x1d\xdb\xde-@\x90\xeb}"\xbfC-@\xcc\x05\xa0D\xf4v,@\x00\x94Wm\xddz+@a\xf1i\x9djR*@\xcb\xcai)\x10\x01)@\xd6E\xafk\xbc\x8a\'@\x9cLO\n\xcc\xf3%@\x9cLO\n\xcc\xf3%@'
p13
tp14
b.