cnumpy.core.multiarray
_reconstruct
p0
(cnumpy
ndarray
p1
(I0
tp2
S'b'
p3
tp4
Rp5
(I1
(I25
I1
tp6
cnumpy
dtype
p7
(S'f8'
p8
I0
I1
tp9
Rp10
(I3
S'<'
p11
NNNI-1
I-1
I0
tp12
bI00
S'\x0e7\xaa\xdc\x1d\xd9\x1f@\xd3\xd9\x1e\'\xd7d"@\xb2-K\xd6L\xce$@\xa87\xe7\x0c\xbe!\'@\xfeD\x0f\x8a:X)@\x88\xda\xa4m(k+@$\x86X\xe9WT-@:\xa1I\xb5\x15\x0e/@:\t\x97\x08\x9eI0@\x16\x1e\xa4\x0f\xa1\xef0@\xf7Z\xae\xb5$w1@\xbb\xc2\xa6\xba\x94\xde1@\x99\x80v\x8e\xbc$2@y\xd8v\xe9\xcaH2@\xe1\xc0\xbd<TJ2@q\xd0\xf8\xf2S)2@\xae[\x19~,\xe61@\xfa\xf9\xa81\xa6\x811@[|2\xed\xec\xfc0@\x18\xff\xb5\x9d\x8cY0@\xb4/)A\xd92/@\x96\xc4m+\x94}-@*\xbe\xbecb\x98+@\xf9\x83)J\xeb\x88)@\xf9\x83)J\xeb\x88)@'
p13
tp14
b.