cnumpy.core.multiarray
_reconstruct
p0
(cnumpy
ndarray
p1
(I0
tp2
S'b'
p3
tp4
Rp5
(I1
(I25
I1
tp6
cnumpy
dtype
p7
(S'f8'
p8
I0
I1
tp9
Rp10
(I3
S'<'
p11
NNNI-1
I-1
I0
tp12
bI00
S'\x8c[\xfaX\xaa<&@\xba\xe8\xea\xea\xac\xb6(@`\xd2\x8f\x94\xd2!+@\xdc\xa0U^\xe4v-@\n@\xab,\xed\xae/@,\x86\x99@\xa7\xe10@\xda\xb0\xc9\x1c\xea\xd61@\xed\xde\x7f\x88c\xb42@ \x00\xa3\xd6~w3@\xfe;A\x02\xf6\x1d4@\x1a)\xc6v\xd8\xa54@:\xf1Q\xd9\x90\r5@Nl\xee\xc1\xe9S5@\xda\x07\x8bV\x11x5@R$\xfe\xbc\x9by5@s{\xc0\\\x84X5@\xc0\xce\xa2\xec-\x155@\x80\xf8TLa\xb04@\xaa\xce,-K+4@\x0c`(\x91x\x873@,X\x9f*\xd2\xc62@\xcelp\xaa\x96\xeb1@\x1e\xa3\xa7\rT\xf80@\xb4\xf2.\xfd\xbf\xdf/@\xb4\xf2.\xfd\xbf\xdf/@'
p13
tp14
b.