cnumpy.core.multiarray
_reconstruct
p0
(cnumpy
ndarray
p1
(I0
tp2
S'b'
p3
tp4
Rp5
(I1
(I25
I1
tp6
cnumpy
dtype
p7
(S'f8'
p8
I0
I1
tp9
Rp10
(I3
S'<'
p11
NNNI-1
I-1
I0
tp12
bI00
S'\xbc0\xc7\x93\xfbC\x1a@\xd5\x9f5!\xc1\xd8\x1d@\xc5\x12\xddi\x04\xac @\xde\x15\xc4\xfc\xb1["@\xd6\xb8\x1b\x8ea\xf6#@(\xb5\xca\x01Jw%@\x920m!\xef\xd9&@V6\x8b\xfd.\x1a(@\xf7e\x81AN4)@\t\x81UU\x03%*@s\x90A,\x80\xe9*@|x\xb4\xa2z\x7f+@n6\xd2R3\xe5+@\xa6\xdb\x13\xcbz\x19,@\xf6\xf9y\x17\xb5\x1b,@z:\xc5\x92\xdb\xeb+@\xdaSI\xfa|\x8a+@\xdc<\x1f\xc4\xbb\xf8*@\xb7\xd0\xac\xbcJ8*@\xab\xa5\x9a\xf5gK)@\rCU\x15\xd64(@\xbb:\x0e\x1b\xd4\xf7&@Hy\xcd\xaf\x13\x98%@,\xa9u!\xae\x19$@,\xa9u!\xae\x19$@'
p13
tp14
b.