cnumpy.core.multiarray
_reconstruct
p0
(cnumpy
ndarray
p1
(I0
tp2
S'b'
p3
tp4
Rp5
(I1
(I25
I1
tp6
cnumpy
dtype
p7
(S'f8'
p8
I0
I1
tp9
Rp10
(I3
S'<'
p11
NNNI-1
I-1
I0
tp12
bI00
S'\xbe2\xc9\xf5\x87\xe6)@\xbc\x98\xb7\xee\x07o,@D\x89\xfb\tT\xe8.@;i\xfa\x8c\x85\xa50@\xd6?,\xa7\x07\xc81@\xfc\xe4g\xb7M\xd82@pm\xa7\x86+\xd33@R\xea\xf1\xb9\xb4\xb54@\xc2V\xc3\x8aE}5@@{\xf1\xa6\x8a\'6@\xae2\x90 \x88\xb26@\x1ao#Y\x9f\x1c7@m\nw\xd6\x93d7@\xee\xc7\xb2\xf2\x8e\x897@\\C\xaa\\"\x8b7@\xc4\xb2\xf2`Ii7@\x1b\xcb\xe8\xf7h$7@\x9e\xf2|\x98N\xbd6@\xe6CH\xd3-56@R\xc4\x0e\xbd\x9c\x8d5@\x82\xc1_3\x8f\xc84@\xab\xf6q\tQ\xe83@s\xab\x9b.\x7f\xef2@\xbe\xb9\xd5\xe2\xff\xe01@\xbe\xb9\xd5\xe2\xff\xe01@'
p13
tp14
b.