cnumpy.core.multiarray
_reconstruct
p0
(cnumpy
ndarray
p1
(I0
tp2
S'b'
p3
tp4
Rp5
(I1
(I25
I1
tp6
cnumpy
dtype
p7
(S'f8'
p8
I0
I1
tp9
Rp10
(I3
S'<'
p11
NNNI-1
I-1
I0
tp12
bI00
S"\x07\x1eS\x0fz\xe9&@',\x02R\xc7\x06)@\xfa\x8b\xf7\x0bd\x17+@F\xcbWX'\x15-@@-\xee\x8c \xfa.@W\xc88yT`0@\xc6j\x18P\xba11@\xaf_n$\xd1\xee1@\xe6\xb1\xa6\xe4d\x952@\x98\xf0\xea\xa6\x84#3@H\xa8ws\x88\x973@\xc2\x8cW5\x16\xf03@\xf4\x87\xc7\xc2%,4@x\xf8;\xf1\x03K4@\xead\xd8\xabTL4@\x9fG\x1f\x06\x1404@\xf7\x88\xa6G\x96\xf63@\x7f\xbd\xad\xf0\x86\xa03@i$\x84\xba\xe6.3@\xb0\x8c\xb4\x99\x08\xa32@\x87\xa8\xe3\xca\x8d\xfe1@!\x19)\xf6`C1@F\x19dw\xb0s0@\xb2\x0b4\xb9\xcf#/@\xb2\x0b4\xb9\xcf#/@"
p13
tp14
b.