cnumpy.core.multiarray
_reconstruct
p0
(cnumpy
ndarray
p1
(I0
tp2
S'b'
p3
tp4
Rp5
(I1
(I25
I1
tp6
cnumpy
dtype
p7
(S'f8'
p8
I0
I1
tp9
Rp10
(I3
S'<'
p11
NNNI-1
I-1
I0
tp12
bI00
S'm\xb9\xda7\x10n!@\xd9\xaa\xd0\xf4\x05\x81"@\xeb\xb7J\x91\x89\x8d#@>\x06V\rz\x90$@\x02\xa7\xe9\xf8\xd2\x86%@\xd4h%t\xb5m&@2\xdd\x82\xbfpB\'@q\x14mB\x8a\x02(@\x0e\x0bN\xf0\xc4\xab(@\x88\xa6\x02\xf6\'<)@(\xd1\xc9\x9b\x04\xb2)@Fa"J\xfb\x0b*@\xde\xee\x9e\xa2\xffH*@@\xdav\xa0[h*@\xde[\x80\xb7\xb1i*@\x84\xde?\xeb\xfdL*@\x9f.\xcc\xda\x95\x12*@Z\x05d\xc1\'\xbb)@\xde\xdc\xaen\xb8G)@L\x80\xb7<\xa0\xb9(@?>\xb1\x0c\x87\x12(@\x8a\r\x80V_T\'@\x8e\xa7\xbfY`\x81&@\x12[\x9d\x81\xff\x9b%@\x12[\x9d\x81\xff\x9b%@'
p13
tp14
b.