cnumpy.core.multiarray
_reconstruct
p0
(cnumpy
ndarray
p1
(I0
tp2
S'b'
p3
tp4
Rp5
(I1
(I25
I1
tp6
cnumpy
dtype
p7
(S'f8'
p8
I0
I1
tp9
Rp10
(I3
S'<'
p11
NNNI-1
I-1
I0
tp12
bI00
S'}|\xbc\xc2\xd5"!@B\xf4:\x1c\x0b\xba"@lbU\xaa\xb4G$@\xab9\x95*0\xc7%@.dD\xa7\x054\'@z\x1e\xf4\xcb\xf4\x89(@\xac\xe8\x10\x94\x01\xc5)@\x95\xbe\xae-\x80\xe1*@\xdf\xab\x18\xed\x1f\xdc+@6{x0\xf5\xb1,@\x80]\x16\x16\x82`-@\xfb\x843\xeb\xbd\xe5-@dUS=\x1b@.@\x82\x94\xd9{\x8cn.@L\xcf,\x1c\x87p.@\xec&\xfe6\x05F.@2\xac\xe5\x99\x85\xef-@\x87\xc0\x1eM\nn-@*\xe1\xcc\x91\x15\xc3,@\xaf\x08\xc1a\xa5\xf0+@\x8e\xd8,~-\xf9*@\xce\xb4\xfd\x1e\x90\xdf)@\\\x12\xb2X\x15\xa7(@\x077RRaS\'@\x077RRaS\'@'
p13
tp14
b.