cnumpy.core.multiarray
_reconstruct
p0
(cnumpy
ndarray
p1
(I0
tp2
S'b'
p3
tp4
Rp5
(I1
(I25
I1
tp6
cnumpy
dtype
p7
(S'f8'
p8
I0
I1
tp9
Rp10
(I3
S'<'
p11
NNNI-1
I-1
I0
tp12
bI00
S"\x8c\x16\x1c\x9e\x89\xd2(@(\xc3\xb8<y\xae*@\xde=\xd0\x9a@\x7f,@\xebD'?u?.@\xa4a\xe9 \xde\xe9/@Yy\x12\x9e\xc1\xbc0@\xe4\x11)2\xdet1@\x9d\xb7V\x94\x1f\x1b2@\xf4az\xd0\x95\xad2@\x83C,\xfe\x8b*3@\xa0\xd6\x12X\x8d\x903@\x0c\x83\xe4\x93i\xde3@\x98\xa7 n8\x134@\xe87\xec^\\.4@\x18\x11\xffo\x84/4@o0(.\xad\x164@wU\x98\xb3 \xe43@$\\\xd4\xcau\x983@\xa2\xba\xe2,\x8e43@?\xfe\xf1\xdf\x93\xb92@\xca\xefP\xbe\xf5(2@\xc0l\x140c\x841@V\x80+$\xc7\xcd0@\xa1\xba\xe0WB\x070@\xa1\xba\xe0WB\x070@"
p13
tp14
b.