cnumpy.core.multiarray
_reconstruct
p0
(cnumpy
ndarray
p1
(I0
tp2
S'b'
p3
tp4
Rp5
(I1
(I25
I1
tp6
cnumpy
dtype
p7
(S'f8'
p8
I0
I1
tp9
Rp10
(I3
S'<'
p11
NNNI-1
I-1
I0
tp12
bI00
S'\x9a\xbeE\x00\xd4k"@\xb4\x8f^\xd1\xeb\xa7$@\xb0\xd7\xdeO\x9a\xd6&@X \xd7\xe3\\\xf1(@\xa7\xbf\xd0b\xec\xf1*@\xfd\xe4\x1c\xcaO\xd2,@\xd5\xc8\xfe\x0f\xee\x8c.@\xf2TEkO\x0e0@6\xa64\xe7\\\xbe0@\xa6)\xcdM\x92T1@\xba\xaba\x89/\xcf1@\x16iD\xd5\xc6,2@\xa6\x04\xe5\x00Al2@6\x1a\xa9\xb0\xe0\x8c2@\xc0\xfa\xca\x92D\x8e2@z\x84\xa9\x81hp2@\x8e\x10\'\x90\xa532@\x1c\x8f\xf2\xff\xb0\xd81@\x92w\xd3$\x9a`1@\xc0\x83E;\xc7\xcc0@.\xb1\xd2;\xf1\x1e0@6\xcd>o=\xb2.@H\xb0\xf9\x9a;\xfb,@\xfe\x8e\x10\x93\xfa\x1d+@\xfe\x8e\x10\x93\xfa\x1d+@'
p13
tp14
b.