cnumpy.core.multiarray
_reconstruct
p0
(cnumpy
ndarray
p1
(I0
tp2
S'b'
p3
tp4
Rp5
(I1
(I25
I1
tp6
cnumpy
dtype
p7
(S'f8'
p8
I0
I1
tp9
Rp10
(I3
S'<'
p11
NNNI-1
I-1
I0
tp12
bI00
S'\xf8\x87\x7f\xd8x\xd9\x1b@ka\x05\xb4\x1b:\x1f@\xd0 Q\xcb<C!@\x12 \xbd\xd7]\xda"@p\xe0T\x7f\xb2]$@4\xc9\x96Q\xb7\xc8%@\xfc\xfc6d1\x17\'@_U\x8c\xf1:E(@\x9e3\x00\xf9NO)@^1\xd2\xbeS2*@\x8e\xde\xdd\x0b\xa4\xeb*@\x90I\xcb\x11\x17y+@@\xed\x1f\xdc\x06\xd9+@\xb5\xb7\xf8:U\n,@ G\xc2\x18o\x0c,@6\xa5\xfc0N\xdf+@P\xa2\xed"y\x83+@\x08\n\n\xe0\x01\xfa*@\x97\xaa\xc3z\x82D*@\xb1\xf1A_\x18e)@CCF\x04^^(@P\n\x0e\'c3\'@\x8c;]\xa9\xa3\xe7%@\xfc\x9c\xef,\xfd~$@\xfc\x9c\xef,\xfd~$@'
p13
tp14
b.