cnumpy.core.multiarray
_reconstruct
p0
(cnumpy
ndarray
p1
(I0
tp2
S'b'
p3
tp4
Rp5
(I1
(I25
I1
tp6
cnumpy
dtype
p7
(S'f8'
p8
I0
I1
tp9
Rp10
(I3
S'<'
p11
NNNI-1
I-1
I0
tp12
bI00
S"q{\x02\xb2,[(@\xd8\x0e$[6\xfc*@\xd64\x15\xe4x\x8d-@\xf1\xe3\xd9\xd1\xa5\x030@'\xd1\\\xed%11@@\xfb\xfe]\xb9K2@>A71\x15P3@\xfa\xbc\x1c\xbb0;4@\xd8\xdeF\xa3N\n5@\xbfA\xf9\x10\x05\xbb5@\xa8\x18:\xdeDK6@\x92 Y\xbc_\xb96@V\x1c\x947\r\x047@\x1a\xa4\xe3\x8an*7@[u\x858\x11,7@\x85\xe2\x85_\xf0\x087@\x06\x8dM\xcat\xc16@\xa1\xff\x07\xb6sV6@n\xab\x87V,\xc95@\xb0\xd8\x10\x1eD\x1b5@\xd4\x0e$\xd4\xc1N4@\xa3O\xee\x89\x07f3@\xcc\xa6g~\xcbc2@v\xe8T\x07\x10K1@v\xe8T\x07\x10K1@"
p13
tp14
b.