cnumpy.core.multiarray
_reconstruct
p0
(cnumpy
ndarray
p1
(I0
tp2
S'b'
p3
tp4
Rp5
(I1
(I25
I1
tp6
cnumpy
dtype
p7
(S'f8'
p8
I0
I1
tp9
Rp10
(I3
S'<'
p11
NNNI-1
I-1
I0
tp12
bI00
S'7\xf1<\xfc\xcb$\x1c@D"\xfa\x93d\xae @\xee\xa4\xd2M\xba:#@9\xd0\x9e3\xcd\xaf%@uU\x14\xb1H\x06(@*\x88\xa5s37*@( E8\x04<,@\x9c\xca\xe0J\xb5\x0e.@\xd0\x8bh}\xd6\xa9/@f\xd4e\xb0N\x840@\x0e2\xc3\xc7y\x131@yd\x8fo\xc1\x801@cn\x18\xaa\xdf\xca1@\x1f\x97\xac]\xf7\xf01@7\xf4)\xe8\x96\xf21@2\xaf\xf8q\xb9\xcf1@\xa2\xd4|\xfc\xc6\x881@\xa8\x95\xd4+\x93\x1e1@x\x81\x80\xcfZ\x920@\xf8\x1f\xa2b\x80\xcb/@\x00p9k\x8c5.@z\xa5\x91\xb6\x94g,@\x1al\x16[\xfbf*@$d\xe1x\xb99(@$d\xe1x\xb99(@'
p13
tp14
b.