cnumpy.core.multiarray
_reconstruct
p0
(cnumpy
ndarray
p1
(I0
tp2
S'b'
p3
tp4
Rp5
(I1
(I25
I1
tp6
cnumpy
dtype
p7
(S'f8'
p8
I0
I1
tp9
Rp10
(I3
S'<'
p11
NNNI-1
I-1
I0
tp12
bI00
S'\xb9\nFM\xfdt!@\x17\x00!\x85\xbc)#@(\x13G\xac>\xd4$@r\xe8cs\x8bo&@\xdc\xc2e\xe9\xd7\xf6\'@p\x10\x8f\xc7\x94e)@\xe3`\x8b\x0b|\xb7*@Jo\xf4\xb6\x9d\xe8+@\x8a\xe5?\x8ek\xf5,@\xb5\xee\x0b\xb4\xc3\xda-@\x12\xa2&\x01\xfa\x95.@\xf2\xa7p\xfd\xdf$/@,\xf7\xd2a\xcb\x85/@\xe4\xf8\xdd\x0f\x9b\xb7/@{\xb8@p\xba\xb9/@ Q\x0b.#\x8c/@\x8cQ\x92I]//@j\xbd\xba\x82}\xa4.@z\xebh\x1f"\xed-@b\xfc\xb0\x17n\x0b-@\xc5p/\xb6\x02\x02,@l:\x8d\xbf\xf7\xd3*@\xf2\xc1\x968\xd2\x84)@\xf4\xa6k\xe6y\x18(@\xf4\xa6k\xe6y\x18(@'
p13
tp14
b.