cnumpy.core.multiarray
_reconstruct
p0
(cnumpy
ndarray
p1
(I0
tp2
S'b'
p3
tp4
Rp5
(I1
(I25
I1
tp6
cnumpy
dtype
p7
(S'f8'
p8
I0
I1
tp9
Rp10
(I3
S'<'
p11
NNNI-1
I-1
I0
tp12
bI00
S'\xea\xf2\xb6/\x074*@\x87\xab\x94\x91\x90\x9f+@3p\xcc>\x94\x02-@?\n\xd7-\xefX.@8\xbb\x94\x18\xa4\x9e/@\x97Tl\xb1\xf3g0@\x0f\xc4f6\x95\xf40@f\xad\xb6\x17\x93s1@<l\xb2\x81r\xe31@P\x12\x9c\xba\xe5B2@\x83S)\x06\xd0\x902@\xb1A\xe7\xf6H\xcc2@\xaa\x0b\x94#\x9f\xf42@\xe3lZ8Z\t3@\x8f\x0f\xc4]<\n3@v\x1c4\xf1B\xf72@\xdf\xa7\xc3\x8c\xa6\xd02@D\x88h^\xda\x962@\x0eG^\xd0\x8aJ2@\x88 \xd2\x86\x9b\xec1@\x82[\xd0\xb8$~1@\xcb\xb3\\\xeco\x001@\xf0is\x1f\xf4t0@.\xa8\xce\xd2\xa2\xba/@.\xa8\xce\xd2\xa2\xba/@'
p13
tp14
b.