cnumpy.core.multiarray
_reconstruct
p0
(cnumpy
ndarray
p1
(I0
tp2
S'b'
p3
tp4
Rp5
(I1
(I25
I1
tp6
cnumpy
dtype
p7
(S'f8'
p8
I0
I1
tp9
Rp10
(I3
S'<'
p11
NNNI-1
I-1
I0
tp12
bI00
S"Of\x83\x1d.1%@\x17\xf7\x14+\xdb\xaf&@\xb2Vn\xa7\x8f%(@\xcc\t\x8d\xc7\xf0\x8d)@<L\xcd\x80\xcb\xe4*@\xca-\xda\x0f!&,@ +\xaa\xe32N-@W\xea\xfa\xc8\x8dY.@\xd6\x07\xfa4\x14E/@\xa9\xc53\xc8\x03\x070@\x93n\xbc3\x08Y0@\x06\x04\x08\xb3\xa2\x970@\xf4p\xb8\x85\x18\xc20@\xe5\xd68\x02\xeb\xd70@a\xbf\x95\x0f\xd9\xd80@z\t\xae\xe7\xdf\xc40@\xc5Iy\x1f;\x9c0@_\xedJ\xf5c_0@\xeeT$\xe7\x0f\x0f0@\xba\xa5\x99*]X/@M8\xfd\xee\xcdo.@'\x1a\xfa\xd9'g-@\xbe8\xaac\x80A,@>t\xad\x8aC\x02+@>t\xad\x8aC\x02+@"
p13
tp14
b.