cnumpy.core.multiarray
_reconstruct
p0
(cnumpy
ndarray
p1
(I0
tp2
S'b'
p3
tp4
Rp5
(I1
(I25
I1
tp6
cnumpy
dtype
p7
(S'f8'
p8
I0
I1
tp9
Rp10
(I3
S'<'
p11
NNNI-1
I-1
I0
tp12
bI00
S"\xf6\xf6|T\x94++@\xea'+ca\xde,@\xea\xea\xc5\x0e\xfd\x86.@OT\x98Y:\x100@v\xfehk\x01\xd30@\xbcC+\xb3\x8e\x891@\xe0\x14\xa1\x9f\xc112@\x04Rup\xa4\xc92@\x02\xcc\xff\x0erO3@\xd6\xfe\xdeU\x9b\xc13@r\x95\xa7\xb7\xcb\x1e4@\x1a\xcd\xc96\xede4@\xc37\xd6\xa2+\x964@\x8b\x16x\x11\xf7\xae4@\xa9\x12\xc5\x8b\x05\xb04@\xca\xa8\xe1\xeaS\x994@D\x15h\xe1%k4@\x05\xb5u1\x05&4@\x86H\xb9\x11\xc0\xca3@A\xfaK\xc6fZ3@q5\x80tH\xd62@8#\x1d;\xef?2@\xc91\xad\x9a\x1b\x991@e\xd6\x92;\xbf\xe30@e\xd6\x92;\xbf\xe30@"
p13
tp14
b.