cnumpy.core.multiarray
_reconstruct
p0
(cnumpy
ndarray
p1
(I0
tp2
S'b'
p3
tp4
Rp5
(I1
(I25
I1
tp6
cnumpy
dtype
p7
(S'f8'
p8
I0
I1
tp9
Rp10
(I3
S'<'
p11
NNNI-1
I-1
I0
tp12
bI00
S'3@\\\xdf\x16Z&@\xe6;\x88L\xa9\xc5\'@\x16V\xc7\xce\xb5()@-\x829B\x19\x7f*@\xf1\xadVG\xd6\xc4+@\xbc\xf8\xc5)!\xf6,@Jx\n3k\x0f.@U\x8e>Gm\r/@\xc1\x925\xac1\xed/@\xf0b\xecn\x0eV0@\x9aX\xb4\xaa\xfa\xa30@2q7\x16u\xdf0@j\xf4\xc9C\xcc\x071@\x1fE\x98\xdc\x87\x1c1@\x821\xa2\x07j\x1d1@\xdc\x19:"p\n1@\x88\x8f\xe1\xc7\xd2\xe30@E\xf8k)\x05\xaa0@\xb5\xf2^\xb5\xb3]0@7\x15#+\x84\xff/@DW\x11\x10\x91"/@\x0f\x80\xf55!\'.@\xca\x97p\xab"\x10-@/S\xdc\xb3\xd5\xe0+@/S\xdc\xb3\xd5\xe0+@'
p13
tp14
b.