cnumpy.core.multiarray
_reconstruct
p0
(cnumpy
ndarray
p1
(I0
tp2
S'b'
p3
tp4
Rp5
(I1
(I25
I1
tp6
cnumpy
dtype
p7
(S'f8'
p8
I0
I1
tp9
Rp10
(I3
S'<'
p11
NNNI-1
I-1
I0
tp12
bI00
S'\xaf\xba\xc1\xde}\x9f\x1b@\x9c\x16\xdd\xf2\x9a\xd6\x1e@\xd4\nx\x1f6\xfd @\xbf\x01#\xf4\xc9\x80"@R8x\xca\x84\xf1#@\xe4O\xdb\xae\x1aK%@\x06\xe8I\xb8\x84\x89&@\x0c\xf7\xa5\x0b\r\xa9\'@\x8d}5\xedY\xa6(@\x1f\x05S\xbfw~)@\xec!~\xd0\xe1.*@\xac\xe7\x87\xde\x89\xb5*@\x82Ur8\xde\x10+@:\xa9\xb7l\xce?+@\xa0\t\x03v\xceA+@y\x1d\xe2\\\xd8\x16+@\x80\x8b\x91Il\xbf*@\xdeJ\xaf\x05\x8f<*@|5G\xf2\xc6\x8f)@n\x8dJ{\x17\xbb(@R[\x04\x16\xfb\xc0\'@\xe6Eu\xdc[\xa4&@\x84\xca\xa4\xdb\x8ah%@\xdf;\xd7.6\x11$@\xdf;\xd7.6\x11$@'
p13
tp14
b.