cnumpy.core.multiarray
_reconstruct
p0
(cnumpy
ndarray
p1
(I0
tp2
S'b'
p3
tp4
Rp5
(I1
(I25
I1
tp6
cnumpy
dtype
p7
(S'f8'
p8
I0
I1
tp9
Rp10
(I3
S'<'
p11
NNNI-1
I-1
I0
tp12
bI00
S'\x18\xbf\x00\xb1D\xa9\x1f@\x05F\xd9D\xd2\xd2!@u4#c\x0c\xc5#@t\x03\xber\x82\xa5%@\xcc\xccD2\x9bn\'@\xf1\xef\x12\x13\x03\x1b)@T\xaf\xde\x1c\xbc\xa5*@\xbaf\x03\xd2,\n,@V\xfa\x0e\xe8-D-@\x88B\xa4\xab\x16P.@\xd2u\xbc\xea\xc7*/@@\x12\xb8D\xb5\xd1/@+\xb4;bv!0@\x1f\xb5\xe6V\x8e>0@\xf2\xc3~\xb6\xcb?0@\xcc\x94C\xce*%0@\x86)6\x1b\xf6\xdd/@\xc6y62\xbc;/@\xfa\xb7\xb0\xd0\x8be.@\xd2\x87,\xe8\xe3]-@\xa5!\x8b\xfa\xd6\',@\xa0\xe6\xcf\xef\x01\xc7*@\xdc\xef\rO\x81?)@\xb0"\xa1\xfa\xe4\x95\'@\xb0"\xa1\xfa\xe4\x95\'@'
p13
tp14
b.