cnumpy.core.multiarray
_reconstruct
p0
(cnumpy
ndarray
p1
(I0
tp2
S'b'
p3
tp4
Rp5
(I1
(I25
I1
tp6
cnumpy
dtype
p7
(S'f8'
p8
I0
I1
tp9
Rp10
(I3
S'<'
p11
NNNI-1
I-1
I0
tp12
bI00
S'\xddV\xcd(U\xcd)@\xf5z\x89\xed\xf3/+@&D[\x80B\x8a,@\x15\xd8T\xd17\xd8-@\xa3\x12\xd3\xa6\xef\x15/@\xd8\xfb\xa7\x1c\xdb\x1f0@[NX\x9f\t\xa90@y:\x0e"\xea$1@\x1f\xa7\xbe\x1b\x0b\x921@*f\x1a\x02\'\xef1@\x14G\xab\x14(;2@@\x95b\x99+u2@\x9aZ\xf1\x80\x84\x9c2@\x0e\xcf\x08k\xbd\xb02@0\xef~\x04\x9a\xb12@\xc3\xb8B\xbb\x17\x9f2@\xcf;\x07\xc6my2@2\xa0\x8e\x7f\x0cA2@cu\x80\x17\x9c\xf61@\xd5\x1d\xb3\x9c\xfa\x9a1@\xff\xfc\xc0f9/1@\xa1s\xa1\xe6\x99\xb40@\xf1\x13\xc6\xe7\x89,0@\xd0\xfa\xd0\x99>1/@\xd0\xfa\xd0\x99>1/@'
p13
tp14
b.