cnumpy.core.multiarray
_reconstruct
p0
(cnumpy
ndarray
p1
(I0
tp2
S'b'
p3
tp4
Rp5
(I1
(I25
I1
tp6
cnumpy
dtype
p7
(S'f8'
p8
I0
I1
tp9
Rp10
(I3
S'<'
p11
NNNI-1
I-1
I0
tp12
bI00
S'\x83\xf5\x7f\xdfVU+@\x87\\\xa1\xbc\xae\xcd-@\xb3\xf8"\xd9\x99\x1b0@\xb4\xc9\xf4\xd1YE1@Y\xa2[\x12\x9f`2@L%a\x95\x1cj3@nZF`\xba^4@\xf3\x00\x0e\xbd\x9e;5@\xe2HF\xbb6\xfe5@\xfai\xb4\xdd=\xa46@0V\xfa\xdd\xc4+7@.\xe2\x08r7\x937@\xcd\x0b\'\x02a\xd97@\xe8\xaf\x80Ap\xfd7@\x0f\x96\x82\x9e\xf9\xfe7@\rN\xbd\x83\xf8\xdd7@I\xa4\x91e\xcf\x9a7@\xe0\xe2}\x9cF67@\xd0\xffw\x0f\x8a\xb16@<\x8dK\xb5%\x0e6@\xa9/h\xf7\x00N5@\x113\xe4\x03Ys4@L\x9e\xa4\x1f\xba\x803@o_\x97\x0c\xf8x2@o_\x97\x0c\xf8x2@'
p13
tp14
b.