cnumpy.core.multiarray
_reconstruct
p0
(cnumpy
ndarray
p1
(I0
tp2
S'b'
p3
tp4
Rp5
(I1
(I25
I1
tp6
cnumpy
dtype
p7
(S'f8'
p8
I0
I1
tp9
Rp10
(I3
S'<'
p11
NNNI-1
I-1
I0
tp12
bI00
S'\xfe\xba)}C\t"@\xa8\x10B\xa6Q!$@\x10\xaf\x05\xc3\xce,&@x]@7\xa1%(@\x16\x01\xe0\x15\xe7\x05*@\x02\xf0A\xad\x07\xc8+@\x9f\x1d\x0b9\xc4f-@\xfc\xe4\xbd\x87G\xdd.@\xb89\xb02\x9a\x130@\xc9\'\x19PY\xa00@\xba\x9eM@=\x131@(\xaf\x0eI\xefj1@\xec\n\r\xd0i\xa61@\xf4\xfeJg\xfb\xc41@\x19\x02f\xdeH\xc61@\x82\xf0\x9cRN\xaa1@\xf5zg:_q1@\x016|l%\x1c1@\x88\x00,%\x9f\xab0@N\x1d\xfa\x0f\x1c!0@w\xc5\x8e\xbcr\xfc.@K\x1dw\xed\xb9\x89-@$P\x93\x97_\xee+@\xb8\xb8f\xd4./*@\xb8\xb8f\xd4./*@'
p13
tp14
b.