cnumpy.core.multiarray
_reconstruct
p0
(cnumpy
ndarray
p1
(I0
tp2
S'b'
p3
tp4
Rp5
(I1
(I25
I1
tp6
cnumpy
dtype
p7
(S'f8'
p8
I0
I1
tp9
Rp10
(I3
S'<'
p11
NNNI-1
I-1
I0
tp12
bI00
S'\xb4\xcc\x04\xb1\x15=!@\xd0\x0f\xb9\x9c\x81\xad"@\x98\x92\xe0\x82J\x15$@\xb82\xf2\x1e?p%@\xb5h\xb3qT\xba&@\xf8\x95\xb3\xd0\xb1\xef\'@\xc4\xee\xa2_\xbc\x0c)@e\xacJ\xd1!\x0e*@\xae1\x12P\xe2\xf0*@t{\x82pY\xb2+@\x90\x12\x17\x13FP,@a/\xd9\x1d\xd1\xc8,@:]\xb5\xf9\x92\x1a-@<c+\xc3\x97D-@Z\x88\xd8!bF-@\x9e\xe2a\xbe\xec\x1f-@0FcR\xaa\xd1,@&L3R\x84\\,@\x17[y4\xd8\xc1+@%\'\xb3_s\x03+@Dv\xcf\xc9\x8d#*@\x8e\x0f\xe8Y\xc3$)@*\xfe\xd8\x1f\x0c\n(@^\xad\xecx\xb3\xd6&@^\xad\xecx\xb3\xd6&@'
p13
tp14
b.