cnumpy.core.multiarray
_reconstruct
p0
(cnumpy
ndarray
p1
(I0
tp2
S'b'
p3
tp4
Rp5
(I1
(I25
I1
tp6
cnumpy
dtype
p7
(S'f8'
p8
I0
I1
tp9
Rp10
(I3
S'<'
p11
NNNI-1
I-1
I0
tp12
bI00
S'\xcc\xc3\xc7\xc0\xfa\x18&@\xeb\xc3x\xd9\x95\x8f\'@;\x89q\xcfh\xfd(@\xfa2!Z0^*@CS\xba\x1a\xd0\xad+@&\xb8\x81\xdf^\xe8,@j\xa0sN2\n.@\xe6\xf2q\xd4\xe9\x0f/@\x8cH]\xb8x\xf6/@\xd1\x8f\x05\x9a\x97]0@\xf2\xdd\xfa;\xe1\xad0@\xa9\xac\xde\xc0)\xeb0@\xa6e\x8aX\xba\x141@<w9\x05\x17*1@Q\xa6i\r\x00+1@K\x9a\xf3\xb9r\x171@\x81\x90$^\xa9\xef0@;\r\xc1\xa9\x1a\xb40@\xa0\x90\xf7Fxe0@,zc\xc8\xac\x040@M5\x9a\xda\xb1%/@\xf3\xbb\x9c\x88\xa0".@\x02\x19\xcbl*\x03-@\x8a\x91\x87\x0c\xa9\xca+@\x8a\x91\x87\x0c\xa9\xca+@'
p13
tp14
b.