cnumpy.core.multiarray
_reconstruct
p0
(cnumpy
ndarray
p1
(I0
tp2
S'b'
p3
tp4
Rp5
(I1
(I25
I1
tp6
cnumpy
dtype
p7
(S'f8'
p8
I0
I1
tp9
Rp10
(I3
S'<'
p11
NNNI-1
I-1
I0
tp12
bI00
S'\xc2\x00"\xa8\xfd\xe8\x18@\xf0`\xd8Cj\xaa\x1d@.\x91\xbbY\xa6\'!@\xa4*C6\xe5d#@\xb1O\x8c\xadC\x86%@\xe7\xa4\x15\xdef\x85\'@\x1e\xec\xf1\x03Z\\)@\xebQH=\xa0\x05+@\xf9\xae5\xe9D|,@Y\xff8p\xea\xbb-@\n\xd0\x11J\xd7\xc0.@\xdbm7\x1a\x01\x88/@n\xc7\xe1\xe0\x8a\x070@)\xff\xe0%A*0@\xc9+\x9f\xcf\xbb+0@C\xfe\x86t\xf6\x0b0@\x85]#\xb6\x9f\x96/@\x96\n\x1c\xbe\x11\xd5.@#S\xa0d\x84\xd5-@\x13\xde\xfc\xfe\xf1\x9a,@\x16J\x08\xf2\x04)+@\x9a\xac\xd4\xc2\x0c\x84)@\x84\x7f\xcb:\xf1\xb0\'@\x88\xf9\x8f\xc5#\xb5%@\x88\xf9\x8f\xc5#\xb5%@'
p13
tp14
b.