cnumpy.core.multiarray
_reconstruct
p0
(cnumpy
ndarray
p1
(I0
tp2
S'b'
p3
tp4
Rp5
(I1
(I25
I1
tp6
cnumpy
dtype
p7
(S'f8'
p8
I0
I1
tp9
Rp10
(I3
S'<'
p11
NNNI-1
I-1
I0
tp12
bI00
S'\xfe;pL\xea\xc2\x17@\x14\xee\xa0\']\xeb\x1a@\xfc\xf6"=\xdc\x00\x1e@\xf1\xd1o5\x1a} @w\xe5\xc5DC\xe7!@(\xdd\xd8\xf1\xb0:#@\xe4\xfb\xa1\xb1ns$@Z\x91N\x95\xd7\x8d%@\xe2\x15D)\xa1\x86&@wy:F\xe5Z\'@\xb3\xda#\xb7*\x08(@\xb0b\x15\x9al\x8c(@\xba\x7f.f \xe6(@\xdc\xde\x86\x84:\x14)@bCln1\x16)@\xd6\x03\xa3G\xff\xeb(@\xcc[\xe1\xef!\x96(@\x14lQ\x8b\x99\x15(@V\tz\x86\xe5k\'@b\xb1u\x1e\x00\x9b&@\xda\xa8\xcbzX\xa5%@\xb2)\x84j\xcb\x8d$@P\xf3 \xda\x9aW#@XW\xf3\x1bd\x06"@XW\xf3\x1bd\x06"@'
p13
tp14
b.