cnumpy.core.multiarray
_reconstruct
p0
(cnumpy
ndarray
p1
(I0
tp2
S'b'
p3
tp4
Rp5
(I1
(I25
I1
tp6
cnumpy
dtype
p7
(S'f8'
p8
I0
I1
tp9
Rp10
(I3
S'<'
p11
NNNI-1
I-1
I0
tp12
bI00
S"\xedb[c\xa4m(@F\xf31\xb8En*@\xdf\xaa\xb0\x95\xe2b,@.\xccN\x9d\xa5E.@\x12\x0f[Xw\x080@\xc8\x85\xe0\xdc\xb1\xdf0@2\xbe\xc7P\x00\xa61@>'\x89#\x13Y2@\x84L5$\xd4\xf62@\xe6(\xfe\xbal}3@q\x83\x08eK\xeb3@&\xa2)b(?4@\xa8\\\x9c\x86\tx4@\xf8\xf9H%E\x954@\x92\xa1\xed\t\x84\x964@\xbdvA}\xc2{4@L[\nPPE4@\x86H\x04\xed\xcf\xf33@\x0f\x81`t4\x883@\xf0\xeb\x81\xe6\xbe\x033@\xa4\x1ejf\xfag2@\x02\x9c\xff\x9e\xb7\xb61@s\x84\xe9X\x07\xf20@:\xb1'Q4\x1c0@:\xb1'Q4\x1c0@"
p13
tp14
b.