cnumpy.core.multiarray
_reconstruct
p0
(cnumpy
ndarray
p1
(I0
tp2
S'b'
p3
tp4
Rp5
(I1
(I25
I1
tp6
cnumpy
dtype
p7
(S'f8'
p8
I0
I1
tp9
Rp10
(I3
S'<'
p11
NNNI-1
I-1
I0
tp12
bI00
S'(\x99\x86\xb0B\xf8$@Q\x8fl\xc7\xd1\x9d\'@/\x92\x03\x9c~3*@\x94\xa4eY\x93\xb1,@i\xe3\xc3\x8c\xa0\x10/@,\xbb\xc5\xa9\xc9\xa40@7V\xb5:\xe5\xaa1@4\xcc\xa1\x15\x95\x972@\xc5}\x06,\x17h3@\x8d\xe3\xa2~\xfd\x194@\x92\x8e\xf2\\5\xab4@\x08dD\x94\r\x1a5@\xda\x96\xfe{;e5@\x94o\x00\xd0\xde\x8b5@<m\xa3M\x84\x8d5@\xec\x0c\x90\x0b\'j5@\x16\x8bd\x880"5@s\xe9\x01pw\xb64@\xcd\xff)\x1b=(4@\xf0\xe7\xe4\xd0)y3@\x07]\xd9\xd4G\xab2@\xf6\x9bWQ\xfd\xc01@\xc9H>/\x05\xbd0@$X%\xe2\xcdD/@$X%\xe2\xcdD/@'
p13
tp14
b.