cnumpy.core.multiarray
_reconstruct
p0
(cnumpy
ndarray
p1
(I0
tp2
S'b'
p3
tp4
Rp5
(I1
(I25
I1
tp6
cnumpy
dtype
p7
(S'f8'
p8
I0
I1
tp9
Rp10
(I3
S'<'
p11
NNNI-1
I-1
I0
tp12
bI00
S"l\x9e\x0bh\xf8\x18&@_u\xef\x08\xa7\xd2'@h\x08\xf8\xfa\xfa\x81)@z\xa8O\x8e\xed!+@\x8c\xb3\xa0\xf4\xa5\xad,@\xd6\xe1\x82\xb6\x87 .@\xbf\x1c\xe9t@v/@Y\x94\xc3fjU0@ \xe3\xdc\x1dV\xdd0@\xde\x01A\xe9MQ1@\xe4 \xca\xd7\xf7\xaf1@\x1bU\xa5\x859\xf81@8\x16\xb7f;)2@t\x12\x9aIkB2@\x06<\xba\x0b~C2@\xe3\x1fwyp,2@t\xe9\xb0W\x87\xfd1@\x84\x95\xa3\x96N\xb71@xJt\xb0\x97Z1@\xca\x1dN8w\xe80@<^V\xa1Ab0@\xa0!+\x8e\x0e\x93/@6nU\x86\x1f@.@\xfc!g<\xa9\xcf,@\xfc!g<\xa9\xcf,@"
p13
tp14
b.