cnumpy.core.multiarray
_reconstruct
p0
(cnumpy
ndarray
p1
(I0
tp2
S'b'
p3
tp4
Rp5
(I1
(I25
I1
tp6
cnumpy
dtype
p7
(S'f8'
p8
I0
I1
tp9
Rp10
(I3
S'<'
p11
NNNI-1
I-1
I0
tp12
bI00
S'\xc9\xbf\xf1\xbbUC)@\xd8\x8fW\xf4\x93\x9a+@\xd0\x84o\xea\xc5\xe3-@\x10S[\xf7\x0c\x0c0@\xd89\x90H~\x181@l1v\x1f\x16\x142@\xe0\x00#\xf6\xe5\xfb2@\xcc\xd9\x01I:\xcd3@\xeaD\xab\xa5\xa2\x854@;\xfb\xab\xf1\xf8"5@x\xda\x85\xd3g\xa35@\xda\xb4\xcb*p\x056@oX\x07\x87\xedG6@xq\x18\x90\x19j6@b\xed\xe1U\x8ek6@\x88\xd8`\x80GL6@"\x97\xa1\\\xa2\x0c6@\xd6\xd1l\xc6\\\xad5@\xc4Y\xea\xf1\x92/5@\x92\x86\xd3\x1b\xbc\x944@\xaa\x1f\x16*\xa6\xde3@/\xf8\xf2Ip\x0f3@\x86\x92\xa6\x9b\x84)2@\x18h}\xfe\x90/1@\x18h}\xfe\x90/1@'
p13
tp14
b.