cnumpy.core.multiarray
_reconstruct
p0
(cnumpy
ndarray
p1
(I0
tp2
S'b'
p3
tp4
Rp5
(I1
(I25
I1
tp6
cnumpy
dtype
p7
(S'f8'
p8
I0
I1
tp9
Rp10
(I3
S'<'
p11
NNNI-1
I-1
I0
tp12
bI00
S'y\x9c\xa7\xec\xd6\xf3 @\x949g\xf0\xb9\x13"@O8\x96?\xdd,#@\xd7\x82\xd51\xfa;$@\x8f`r\x06\xe8=%@$\xff\xf9P\xa5/&@\xb1\x8fz\xf0`\x0e\'@\xe0\x08\xb3v\x82\xd7\'@-c \xe6\xb1\x88(@\x82\xaf\xcf\xaf\xde\x1f)@>\xd9\x19\xdcE\x9b)@\xfa\x8c\xe9Kw\xf9)@d4\xde\x02Z9*@42\x80m/Z*@p\xef\xc1\x99\x95[*@ \xd5-[\x88=*@\xc8\x99YWa\x00*@\xa6\xbey\xfa\xd6\xa4)@2\xfc2W\xfa+)@\xb3\xf4\x00\xf83\x97(@\x161\xb0\xab?\xe8\'@\x08\xc8sY\'!\'@\xd8\x08\x04\xec<D&@\x86w\xeae\x13T%@\x86w\xeae\x13T%@'
p13
tp14
b.