cnumpy.core.multiarray
_reconstruct
p0
(cnumpy
ndarray
p1
(I0
tp2
S'b'
p3
tp4
Rp5
(I1
(I25
I1
tp6
cnumpy
dtype
p7
(S'f8'
p8
I0
I1
tp9
Rp10
(I3
S'<'
p11
NNNI-1
I-1
I0
tp12
bI00
S'\t\xfc\xa8P\xcd\x0c+@\xb5\x96~2\x81l,@;\xba\xbad\xf6\xc3-@\xc8\x80:W,\x0f/@#\x05H\x81#%0@\xa3\xe6\xb05\xcd\xb80@,\xe0:\xcb\xda@1@\xfc\xd4]f\xb6\xbb1@\xe7v[\x88\xf1\'2@IH\x88TI\x842@\x02]kS\xaa\xcf2@i\xc6{\xa83\t3@\xb2X\xe8\xb0903@\x8f\xcb\x98\x03HD3@\xf6\xdbp\xcc"E3@\xb0\x85\xc9~\xc723@\xdb\xed\x0b\xddl\r3@\xaaNWU\x82\xd52@\x0e/\x19\xb5\xae\x8b2@\'~w7\xce02@\'\xe9X\xf4\xef\xc51@u5\xb3\xb7RL1@\xb7\x05\x8cJa\xc50@\xd6\xf0\xc08\xae20@\xd6\xf0\xc08\xae20@'
p13
tp14
b.