cnumpy.core.multiarray
_reconstruct
p0
(cnumpy
ndarray
p1
(I0
tp2
S'b'
p3
tp4
Rp5
(I1
(I25
I1
tp6
cnumpy
dtype
p7
(S'f8'
p8
I0
I1
tp9
Rp10
(I3
S'<'
p11
NNNI-1
I-1
I0
tp12
bI00
S'\xbbwl\xdb\xac\xf8*@\xf9&\x17\xfa\xa7\xf3,@\xe5\xb8\x9d\x88\xc0\xe2.@\xed\xf2\xbf\xce\x18`0@\xfc\xa7\x9a|5C1@"\xfai\xcf\x10\x182@dZ\r\xcf/\xdc2@\xaa\x1e\xe3oI\x8d3@t\xad\x05dM)4@\x961ECj\xae4@B\x92\x80\xf7\x12\x1b5@\x02!0]\x03n5@\xbagT\nD\xa65@\xe0\xa5\x840-\xc35@\xc8M\x83\x91h\xc45@\x82<\x83\x80\xf2\xa95@\xd46\x1e\xed\x19t5@R\xf7\xdbw\x7f#5@\x9b<\x08\x93\x13\xb94@j:m\xb5\x1364@\xc8\x1bN\xa7\x06\x9c3@x\xa1\xaa\xf4\xb7\xec2@)Ya\x922*2@\xd6\xd5)\xc6\xbaV1@\xd6\xd5)\xc6\xbaV1@'
p13
tp14
b.