cnumpy.core.multiarray
_reconstruct
p0
(cnumpy
ndarray
p1
(I0
tp2
S'b'
p3
tp4
Rp5
(I1
(I25
I1
tp6
cnumpy
dtype
p7
(S'f8'
p8
I0
I1
tp9
Rp10
(I3
S'<'
p11
NNNI-1
I-1
I0
tp12
bI00
S'\xc4\x9e\xf0k\x0b\x14!@\x948\x8f\n\xca\xbd"@\xa1\xd2\xd3\x9f\x8d]$@\xec\x7f\x97\xe9}\xee%@T\x1da\xdf\xeek\'@\x83\xf0B\xa2n\xd1(@\x82\x887\xbf\xd2\x1a*@\xac5p\x9cDD+@>\xff\x82\xecLJ,@\t#P\x05\xde)-@\x076\xc7\xfb\\\xe0-@\xd8\x08`i\xa9k.@\x92\x8d\x18\xc4#\xca.@f>\x0b6\xb2\xfa.@H:,\xe6\xc3\xfc.@j\x19a\xa8R\xd0.@Q\x81\xea\x0f\xe3u.@\x84\x8b\xe8\xe3\x82\xee-@\xeb\xc0\x95\xfa\xc5;-@\x94[\x99\x84\xc1_,@\xd6vz\xd6\x05]+@\xe5\xeb\xbc\xc2\x966*@\x0eex\x9b\xe2\xef(@\xfc\xee=\xf6\xb7\x8c\'@\xfc\xee=\xf6\xb7\x8c\'@'
p13
tp14
b.