cnumpy.core.multiarray
_reconstruct
p0
(cnumpy
ndarray
p1
(I0
tp2
S'b'
p3
tp4
Rp5
(I1
(I25
I1
tp6
cnumpy
dtype
p7
(S'f8'
p8
I0
I1
tp9
Rp10
(I3
S'<'
p11
NNNI-1
I-1
I0
tp12
bI00
S'\x9aB\x13\xefV\t\x1c@\xa3\xa1H\xf2M\x81 @\xe8Pa\xc4\x03\xef"@4\x8f\xe0P\x8eF%@\xafz\xa1\x1c\xf1\x80\'@^I}\xa5\x86\x97)@>\xd2\x086\x14\x84+@\x1ek\xbaz\xdc@-@\xfe#\t\xa1\xb0\xc8.@k\x14\xb9\xe6\x7f\x0b0@g\x97"]\xf2\x930@[BK\xab\x18\xfc0@\x06"V!\xbcB1@:8\xcd\x06\ng1@RF:\x0f\x96h1@b*7\x9d[G1@6\x152\xd0\xbd\x031@\x0b\x88\xbc\\\x86\x9e0@\x81,\xd72\xe3\x180@\xb8\xeaz\xf2\xc5\xe8.@\xbc\xd0_\xd0\xe0e-@`(1#\x99\xad+@p\x021O\x10\xc5)@\x95\xab\x1a\xab\xf7\xb1\'@\x95\xab\x1a\xab\xf7\xb1\'@'
p13
tp14
b.