cnumpy.core.multiarray
_reconstruct
p0
(cnumpy
ndarray
p1
(I0
tp2
S'b'
p3
tp4
Rp5
(I1
(I25
I1
tp6
cnumpy
dtype
p7
(S'f8'
p8
I0
I1
tp9
Rp10
(I3
S'<'
p11
NNNI-1
I-1
I0
tp12
bI00
S'\xb7\x95j\x90\xc3\x07&@\x10Gpojl(@1*\xaa\x93\xb4\xc2*@Z\x8d\xc0=\xa9\x03-@\xe2\x82eR\x8f(/@\xb2\x7fD\xb4\x80\x950@\xa9[\xf0n\x80\x821@4cl\xdc\x83X2@\x9f`J\x91\x0c\x153@\x8cD\xed#\xe8\xb53@\xa9HB\xba694@\xa6\x011\xa1p\x9d4@\x83G\x14\xddj\xe14@\xf4M\x9e\xa5Z\x045@*W\xc3\xc2\xd7\x055@\xac|\x9e\xc3\xdd\xe54@f"\xb1\x0b\xcc\xa44@\xd4\x8eU\xb6dC4@D\x80\xb5S\xca\xc23@\xbb\x0f\x04\x86|$3@\xe3\x89\x14\x89Sj2@\\\x1d\xa4\xb1z\x961@o\xac\xc0\xf4i\xab0@\xae\x0e5\x15\xbdW/@\xae\x0e5\x15\xbdW/@'
p13
tp14
b.