cnumpy.core.multiarray
_reconstruct
p0
(cnumpy
ndarray
p1
(I0
tp2
S'b'
p3
tp4
Rp5
(I1
(I25
I1
tp6
cnumpy
dtype
p7
(S'f8'
p8
I0
I1
tp9
Rp10
(I3
S'<'
p11
NNNI-1
I-1
I0
tp12
bI00
S'\xc2\x11\xc6\xce]\x8b)@\xf0\xc8y\xbdp\xd5*@\xbc\xd8\xac\xc9\xc6\x17,@\x98\x195e\x9eN-@\r:sKXv.@\xff\xc8pO\x82\x8b/@dG\xbd\xd1pE0@\x89u\xc6=\xbe\xb80@\x03V\xeavQ\x1e1@\x04\xa7d{\xfbt1@F\x86{\xc4\xb9\xbb1@\x86\xfd\xb3I\xb9\xf11@V\x81Y\xf6X\x162@0r\x02\x8a+)2@H3x\xde\xf8)2@X\xa26\x8f\xbe\x182@NG\x8f\x00\xb0\xf51@M\xf1Z\xc65\xc11@2\x14\x03l\xec{1@k\x83\x85\xa1\xa2&1@\x91\x98\xe3\xd2V\xc20@\x11\n,14P0@\xdb\xfa\xeek\x1e\xa3/@8\x8c|W\xc3\x8f.@8\x8c|W\xc3\x8f.@'
p13
tp14
b.