cnumpy.core.multiarray
_reconstruct
p0
(cnumpy
ndarray
p1
(I0
tp2
S'b'
p3
tp4
Rp5
(I1
(I25
I1
tp6
cnumpy
dtype
p7
(S'f8'
p8
I0
I1
tp9
Rp10
(I3
S'<'
p11
NNNI-1
I-1
I0
tp12
bI00
S'\xb1\xe0\x92\xb4\xd4h\x17@\x8e\x04\x84\x0f>\x05\x1a@\xc4\xfa\xae\r\xfc\x91\x1c@\x1e+\x01\x80s\x07\x1f@*\x15\x1fS\'\xaf @\xf0\x1e>\x88\xc9\xc7!@5\xaf\x1d8[\xca"@h\xcd~\r\xd9\xb3#@\xc6\xc8\x16\x82\x8a\x81$@n\x93Y\xfc\t1%@T\x03\xe5\xf5K\xc0%@\x8c\xae8\x15\xa5-&@\xc8\xa6\x87(\xcfw&@\xf0/\xc9\xf2\xec\x9d&@\xc4\xb5\xb1\xbf\x8c\x9f&@\xf8?\xe3\xb6\xa9|&@J\x90a\xea\xab5&@\xe3\xcc\x1e g\xcb%@\x84\xd0>Z\x18?%@\x8e\xa6m%b\x92$@\x020N\xb8G\xc7#@6\x86\x8d\xf2&\xe0"@\xf5\xe0\x83M\xb1\xdf!@\xec\x89r\xd3\xe3\xc8 @\xec\x89r\xd3\xe3\xc8 @'
p13
tp14
b.