cnumpy.core.multiarray
_reconstruct
p0
(cnumpy
ndarray
p1
(I0
tp2
S'b'
p3
tp4
Rp5
(I1
(I25
I1
tp6
cnumpy
dtype
p7
(S'f8'
p8
I0
I1
tp9
Rp10
(I3
S'<'
p11
NNNI-1
I-1
I0
tp12
bI00
S"\xd1*\xad\x07\x8e\x1e+@\xa4\xeeI\xbb\rp,@4c>\xfd\xa3\xb9-@\xf2\x03&\x9ey\xf7.@\xbc\xd0\xcc>\xed\x120@\xe56CK\xa0\xa00@\xbe\\\xfd@/#1@t\xc0\x86\xa8\x14\x991@Z\xde>\xd0\xf0\x002@f\xf3z\xe5\x8dY2@M4\xc0\x90\xe3\xa12@0mQ\n\x1a\xd92@\x1a\xb8\xdf\x9d\x8c\xfe2@\xdb\x1b\xde\x95\xcb\x113@:h\xbe\x88\x9d\x123@ <5\x04\x00\x013@`O\x86\x94'\xdd2@\xd0:\xc3'\x7f\xa72@\x90[\xd0\xce\xa6`2@K]\xe7\xdfq\t2@\xfa\xcf'\x80\xe4\xa21@\x0bm\x8e\x9b0.1@O\x05^T\xb2\xac0@\x9al\x9c\xf4\xeb\x1f0@\x9al\x9c\xf4\xeb\x1f0@"
p13
tp14
b.