cnumpy.core.multiarray
_reconstruct
p0
(cnumpy
ndarray
p1
(I0
tp2
S'b'
p3
tp4
Rp5
(I1
(I25
I1
tp6
cnumpy
dtype
p7
(S'f8'
p8
I0
I1
tp9
Rp10
(I3
S'<'
p11
NNNI-1
I-1
I0
tp12
bI00
S'wE\x92\xef\x12Q*@\xcdl\xd4\x88\x88\xe9+@Vh\xc6\xd4jx-@,\x91\x02\xec\x13\xf9.@\xdf\xfe\x93*\x8430@p\x92\xee1\x02\xdf0@>\x8a\xaex\x04}1@\xf7UN\xa4\xb3\x0b2@<\x86;\x11f\x892@\xd0&\x8e\xc8\xa4\xf42@\x88\x8f\x95\xde/L3@\xd4\xf11-\x02\x8f3@H\xbb\xdb^T\xbc3@\xda\xe4DA\x9f\xd33@\x19Z\xa6X\x9d\xd43@\xdbb\x06\xafK\xbf3@\xbc\xbd\r\xdd\xe9\x933@j\x12QL\xf9R3@\xc8\xa9D\xb5;\xfd2@\xdb\x08Z\xdd\xb0\x932@\xf4N\x03\x9c\x93\x172@\xaad\x80/V\x8a1@\x8a\xb0g\xec\x9d\xed0@<\x08\xc9T>C0@<\x08\xc9T>C0@'
p13
tp14
b.