cnumpy.core.multiarray
_reconstruct
p0
(cnumpy
ndarray
p1
(I0
tp2
S'b'
p3
tp4
Rp5
(I1
(I25
I1
tp6
cnumpy
dtype
p7
(S'f8'
p8
I0
I1
tp9
Rp10
(I3
S'<'
p11
NNNI-1
I-1
I0
tp12
bI00
S'h:\xae\xc1\x01\xe2\'@\xd7\xfa\xaf\xca\xce\x81)@d,@w\xdc\x17+@\xe1\xfb\xe3|o\x9f,@\xba\x87`\xc2\xf7\x13.@\xdc\xbeC\xfc\x1dq/@u\xf3\xfcOhY0@"Og\x03\xa8\xea0@TsR\xce\x9cj1@\x1e?\x85\xfc\xc8\xd71@:\x84C\xe2\xe602@\xfa\xcf\xce\xa7\xect2@\xbeUnb\x0f\xa32@\xafM\xc0q\xc5\xba2@&\x11G\x1a\xc8\xbb2@f?iX\x14\xa62@ |o\xe9\xeay2@U\xf5d\x8a\xcf72@\xc3\xca\x1ao\x87\xe01@\x9c\xa6\xe2\xf5\x16u1@\x1ad\xdb\x9e\xbe\xf60@2\xba\xdcO\xf7f0@\xa2\xf5K\xe0\xdb\x8e/@i\xaa\xd3\xd1\xfc3.@i\xaa\xd3\xd1\xfc3.@'
p13
tp14
b.