cnumpy.core.multiarray
_reconstruct
p0
(cnumpy
ndarray
p1
(I0
tp2
S'b'
p3
tp4
Rp5
(I1
(I25
I1
tp6
cnumpy
dtype
p7
(S'f8'
p8
I0
I1
tp9
Rp10
(I3
S'<'
p11
NNNI-1
I-1
I0
tp12
bI00
S'tt\x8b\xaa\x98\xb1(@KX\xf1F\xa6\x14+@~+\xa7\xc0`i-@,\xe7\x91\x00\xd4\xa8/@\xd6{\x8e\xb4%\xe60@\xeaP\x84\xeb\xb2\xe61@ex\x99T\x14\xd32@\x17\x1eK\xcb\x88\xa83@\xd2D\xa4\x8e\x93d4@\xae\xfb\xba\xac\x03\x055@l\xc2\x08\x8c\xfa\x875@\xddb\x1e\x7f\xf1\xeb5@\xc7J\x10R\xbe/6@|\xd8\x06\xc4\x96R6@\xcd\xf5\x94\xe2\x12T6@r2\xcd?.46@\x89]x\xffG\xf35@\x8e3F\xbb!\x925@\xae\xc1FA\xdd\x115@\x18Mg3\xf9s4@\x92\xa7\x05\x92L\xba3@\x05\xe8\xe6>\x01\xe72@\xdf\xdd\xf0\x88\x8d\xfc1@J\x1f\xe7\xd3\xac\xfd0@J\x1f\xe7\xd3\xac\xfd0@'
p13
tp14
b.