cnumpy.core.multiarray
_reconstruct
p0
(cnumpy
ndarray
p1
(I0
tp2
S'b'
p3
tp4
Rp5
(I1
(I25
I1
tp6
cnumpy
dtype
p7
(S'f8'
p8
I0
I1
tp9
Rp10
(I3
S'<'
p11
NNNI-1
I-1
I0
tp12
bI00
S'\xd9\x9fr;\xd6:!@2\xb39YQ\xa9#@x\xb5_\xbf4\t&@a\x1eY\x0ckS(@\\\xcc\x05\x88\x1f\x81*@\x8e\x03D\x84\xd2\x8b,@|\xbb\xd5\xbflm.@^\xc0\xe1\xc8(\x100@;\xb9\x84\xd3\xb7\xcf0@\x9a\xeaN\x10(s1@\xbfO\\\xf2\x91\xf81@e\xeb\xd0}g^2@\x80\xc3\x10\xebx\xa32@\xff\x17\xf30\xf8\xc62@\x82\x8fak{\xc82@<\xe29\x17\xfe\xa72@+\xb6\xc3\x1f\xe1e2@0\x85\x92\xbd\xe9\x022@\\\x032*?\x801@<\x0cx/g\xdf0@P;\xbf\x9cA"0@\\\xa8-_\x05\x96.@\x84g+\x01Y\xb8,@\xe3\xb0\xda\x0f\x0f\xb1*@\xe3\xb0\xda\x0f\x0f\xb1*@'
p13
tp14
b.