cnumpy.core.multiarray
_reconstruct
p0
(cnumpy
ndarray
p1
(I0
tp2
S'b'
p3
tp4
Rp5
(I1
(I25
I1
tp6
cnumpy
dtype
p7
(S'f8'
p8
I0
I1
tp9
Rp10
(I3
S'<'
p11
NNNI-1
I-1
I0
tp12
bI00
S'ax|\xf4\x13T"@\x06qe>\x98\x8c$@\x0c,\x1a\xac\xc8\xb7&@b\x8d\xbd\x10-\xcf(@\x00\xf3\xd0M\x88\xcc*@\xc4\xdc\x8a\xef\xea\xa9,@8\xd1}\xe1\xc4a.@\xba8\xbe\x06\xf6\xee/@\xa5M\x03\xc2n\xa60@\xee\x05\x1f\xc7\xb3;1@\x8e|\x18\xca\x8c\xb51@$\xf3\x99O\x8e\x122@\xac\x8a\xdd\xe5\xa2Q2@\x8e\x05Q`\x0er2@\xde\x8b\xec\x08ps2@_\xec\xb1\xc0\xc3U2@(\xbe\xf7\x0bb\x192@\x94\xb6[\n\xff\xbe1@\x10\xe5o]\xa8G1@\xf0\xb5e\x04\xc2\xb40@\xd8\x1f\x166\x02\x080@:\xd8\x8d\x8b\xd8\x86.@tY\xd1C\x95\xd2,@\x16In\xfdO\xf8*@\x16In\xfdO\xf8*@'
p13
tp14
b.