cnumpy.core.multiarray
_reconstruct
p0
(cnumpy
ndarray
p1
(I0
tp2
S'b'
p3
tp4
Rp5
(I1
(I25
I1
tp6
cnumpy
dtype
p7
(S'f8'
p8
I0
I1
tp9
Rp10
(I3
S'<'
p11
NNNI-1
I-1
I0
tp12
bI00
S'\xa97s\xb4\xe1\'\x1e@p\xf5\x04?\x05\xb8!@\xa6\x85/B@L$@\x80\xf7\x05^\xf0\xc8&@\xf0\x89\x95G\xaa&)@\x85kk\x10_^+@?\x96\xce4qi-@\x0f\xae\xa4W\xc8A/@\x1a\xd5\x91\xb8\xf1p0@\x90y\t\x9dt"1@\x80\xa6PQ[\xb31@\xc4\xd8\xd4\x94\xf5!2@O^\xcbw\xf9l2@&\xd1k3\x87\x932@\x18N{\xc5+\x952@\x88\x10aG\xe2q2@L\x03\xc5\xfc\x13*2@C\xaa\x8c\x19\x97\xbe1@\xee\x1d\xdfB\xac01@\xd4=\xa2\xd2\xfa\x810@\x11\xe7,\xd1\x17i/@\xb0\xab\x90\xaf\x88\x95-@\n\x15\xeb\x04\xbb\x8e+@\xd8\x95ds\xbaZ)@\xd8\x95ds\xbaZ)@'
p13
tp14
b.