cnumpy.core.multiarray
_reconstruct
p0
(cnumpy
ndarray
p1
(I0
tp2
S'b'
p3
tp4
Rp5
(I1
(I25
I1
tp6
cnumpy
dtype
p7
(S'f8'
p8
I0
I1
tp9
Rp10
(I3
S'<'
p11
NNNI-1
I-1
I0
tp12
bI00
S'\xc2\xb0\xe4\'h\x0b"@\xa8\xdd\xe6\x12\x9a<#@i0\x01j\xa4f$@\xdcc\xf0\x18\x0e\x86%@k\nc\xbf}\x97&@\xf0^\x99\xae\xc3\x97\'@\xdf\xf1\xa4j\xe3\x83(@\x9a\x9d\xed\x92\x1cY)@\xab\xc7h\x17\xf3\x14*@\x08\xd5\x06\xa26\xb5*@w\xa2:\x1e\t8+@\xb8\xb1 K\xe4\x9b+@\\\xb6\xa7G\x9e\xdf+@`\xba)\x0bm\x02,@w\x17\x1b\xc0\xe8\x03,@5j\xc9\xf9\x0c\xe4+@\xc0\x7f\x8e\xc18\xa3+@O\xdeO{-B+@0\x9e\x98\xa4\x0c\xc2*@>\x83\x06uT$*@\x8es\x1aj\xdbj)@\x08\x90\xb5\xcb\xca\x97(@\'\xb9\x9d9\x98\xad\'@\x96\x06EU\xfe\xae&@\x96\x06EU\xfe\xae&@'
p13
tp14
b.