cnumpy.core.multiarray
_reconstruct
p0
(cnumpy
ndarray
p1
(I0
tp2
S'b'
p3
tp4
Rp5
(I1
(I25
I1
tp6
cnumpy
dtype
p7
(S'f8'
p8
I0
I1
tp9
Rp10
(I3
S'<'
p11
NNNI-1
I-1
I0
tp12
bI00
S'\xed\x801\xfd\n\x92%@\x9e\xac\x9c\x9e\x90.\'@=\xf3"\x91j\xc1(@\x8b\x89\x99\x17\xe7E*@\xb8\x96\xe3N\x7f\xb7+@\xb7\x9d\x00\xaf\xe4\x11-@\xb4\xa2\xfd\xe3\rQ.@\xec\xdcu\xd8Bq/@V\xcc\xdb\xe6\x9370@ts:\xb0\xe3\xa30@\xc4\xb5\x0e\xaeM\xfc0@\xf4\xbaF!\xca?1@S\xf9\xcd\xb8\x8fm1@\xd4\x95\x18\xea\x15\x851@\xf2\xb1s\x88\x16\x861@z\x9a[\x96\x8ep1@]_gN\xbeD1@R8\xafc(\x031@VE\xe9{\x90\xac0@L\xbc\xc7\xe7\xf8A0@\x0c\x13\xcb@?\x89/@\\(x%\xf5k.@\x8ar_\x88f/-@\xf7\xf1d\xbaC\xd7+@\xf7\xf1d\xbaC\xd7+@'
p13
tp14
b.