cnumpy.core.multiarray
_reconstruct
p0
(cnumpy
ndarray
p1
(I0
tp2
S'b'
p3
tp4
Rp5
(I1
(I25
I1
tp6
cnumpy
dtype
p7
(S'f8'
p8
I0
I1
tp9
Rp10
(I3
S'<'
p11
NNNI-1
I-1
I0
tp12
bI00
S'\xd7N\x1a\xce\xa2\xc3)@\xf7\xcb\xbd\xef \xed*@\x9d#\xd4\xb6\xa5\x0f,@\xf6\xda6\x7f\xce\'-@\nE\xde\x8bW2.@\xf7+\xf5\xc3%,/@\xbc\xf2W\xfb\'\t0@\xb4\xb6!\xc5\x13q0@"\x9e\n>\xa0\xcc0@5\xf8"M\xbc\x1a1@\x1a\xba\x84\xf0~Z1@f\x14h\xf4)\x8b1@f\x0f\x87*,\xac1@\xbd\x9c3\x1b#\xbd1@\xc5/\x14+\xdc\xbd1@\xf2\x9e\x1a2U\xae1@~\xf7\xf2\x81\xbc\x8e1@\x9f\x12\xd7[p_1@6\x1bc\xd7\xfd 1@\xb0\xc4\xb1=\x1f\xd40@\xa0\xbf\xa7\xdd\xb9y0@\x15#\xe8_\xdb\x120@\xe8\xb5\xd4DmA/@\x86{"J@I.@\x86{"J@I.@'
p13
tp14
b.