cnumpy.core.multiarray
_reconstruct
p0
(cnumpy
ndarray
p1
(I0
tp2
S'b'
p3
tp4
Rp5
(I1
(I25
I1
tp6
cnumpy
dtype
p7
(S'f8'
p8
I0
I1
tp9
Rp10
(I3
S'<'
p11
NNNI-1
I-1
I0
tp12
bI00
S'\xf59\x85M\xb0\xd0\x1a@Wr\x11\xce\xd9\x82\x1d@\x1e\x95\xc2\xb4j\x12 @\x9d\x9e\xf9IdW!@\x80@V9\x90\x8c"@m\x80\x01:T\xae#@IE\xe5\xe6O\xb9$@\x9c\x10<\xd1f\xaa%@\x0f\x1bd\xc8\xc9~&@\xe6\x8bF;\xff3\'@1\xe1R\x9a\xea\xc7\'@\xa2\x8f\x08\xa4\xd28(@\xbe\x84D\x89f\x85(@\x94\xe7\xfb\xd9\xc1\xac(@\x07\xe7\xae.o\xae(@d\xc4\xa2\x86i\x8a(@\x0cY\xceV\x1cA(@$\x92LIb\xd3\'@\xab\x1e\x11\xb1\x82B\'@\xe2(y\xb9-\x90&@,\xe4\x18]w\xbe%@h\xb7\xcb2\xd1\xcf$@\x89\xfa\x84#\x03\xc7#@0C\xa0\x1e#\xa7"@0C\xa0\x1e#\xa7"@'
p13
tp14
b.