cnumpy.core.multiarray
_reconstruct
p0
(cnumpy
ndarray
p1
(I0
tp2
S'b'
p3
tp4
Rp5
(I1
(I25
I1
tp6
cnumpy
dtype
p7
(S'f8'
p8
I0
I1
tp9
Rp10
(I3
S'<'
p11
NNNI-1
I-1
I0
tp12
bI00
S'\xb4\xe3\x88\x88\xee\x04\x1b@\xef\xc3\x96I8$\x1f@[\x95\x91sb\x95!@\x9f\xef9\x15I\x86#@\xd7\xec\xdb\xbd\x05_%@\x96\xcd\xd36\x16\x1a\'@`"\x8b\xcdP\xb2(@\xa2\x874\xba\xf3"*@W\x12\x89P\xb3g+@\xb2\xa92\xd0\xc6|,@\xb6\x8d\xa9\xae\xf3^-@\x90U\xd88\x97\x0b.@\x000\xcbo\xae\x80.@\xa4d\xf6\x08\xdc\xbc.@\xe2?-\x80l\xbf.@J%%/X\x88.@nNGdC\x18.@\xc0#\x8dx|p-@\xbeO\x1d\xea\xf7\x92,@\xa4\xd5H\x87J\x82+@\x8a\xf2M\xbb\xa1A*@\x16\'\xd9\x13\xba\xd4(@\xfe\xd9\x8a\x1b\xd4?\'@\x9e\xbc\xc1\xaa\xa7\x87%@\x9e\xbc\xc1\xaa\xa7\x87%@'
p13
tp14
b.