cnumpy.core.multiarray
_reconstruct
p0
(cnumpy
ndarray
p1
(I0
tp2
S'b'
p3
tp4
Rp5
(I1
(I25
I1
tp6
cnumpy
dtype
p7
(S'f8'
p8
I0
I1
tp9
Rp10
(I3
S'<'
p11
NNNI-1
I-1
I0
tp12
bI00
S'T\x15\xa1LN\xc1\x1b@x`\xe3"\xc1& @\xe1`l\xbc5_"@\xee#\xff2e\x83$@\xe2\xf2N>\xec\x8c&@\x14\x93\xdd\x1b\xb7u(@J\x0b\xf1\xaf\x138*@H\x05<\x83\xc2\xce+@%h\x89j\x065-@\xf7\xf4\xb7\xa9\xb2f.@-,\xdag7`/@\x8e\x05\xaa\'V\x0f0@j&"\x9d\xecO0@Q\xc1\xach\x1eq0@\x84\x98\xa9\x84\x88r0@\x08\xf0\xe4\xb8&T0@\xb8\xe2-\xa7S\x160@Y\xef\xf2y\x8fs/@\xea\xf7q\x1a.\x7f.@\xa0\x9d\x991\\R-@\xd3\xb2X\x1e\x9b\xf0+@9\xaa\xdd\'\n^*@zB\x9b1Z\x9f(@\x8e\x01\xef\xbc\xbf\xb9&@\x8e\x01\xef\xbc\xbf\xb9&@'
p13
tp14
b.