cnumpy.core.multiarray
_reconstruct
p0
(cnumpy
ndarray
p1
(I0
tp2
S'b'
p3
tp4
Rp5
(I1
(I25
I1
tp6
cnumpy
dtype
p7
(S'f8'
p8
I0
I1
tp9
Rp10
(I3
S'<'
p11
NNNI-1
I-1
I0
tp12
bI00
S"\xa8\xea\x06\xde2\x8f#@\xdda\xb7\xb6\xb9Q&@\xees\xa5t\xb0\x03)@\x84\x80\xb2\xdf\x0c\x9d+@z\xa9+$\x0e\x16.@\t\x80\xd8\xf9\xa930@z^\x17C\xfaD1@Dq\xa2\x9c\xc8;2@\x861L\xc84\x153@\x9c\x90//\xb6\xce3@\x82\xbb{p#f4@\x16\xf99\xd4\xb8\xd94@\xec>\xd1\x8e\x1d(5@\xbc\xbd\x93\xc5gP5@F#ZH\x1fR5@\x16\x8d\x0b\xf8>-5@\x0e\xa5\xe4\xd54\xe24@\x82TP\xbb\xe0q4@\xb7\xf6$\xbe\x91\xdd3@\x18\x07\x0eI\x02'3@3%\xc8\xf3RP2@\xb0f\x90*\x04\\1@\xa3-\xb5\xb7\xeeL0@\xf8\xfd\x16\x8bvL.@\xf8\xfd\x16\x8bvL.@"
p13
tp14
b.