cnumpy.core.multiarray
_reconstruct
p0
(cnumpy
ndarray
p1
(I0
tp2
S'b'
p3
tp4
Rp5
(I1
(I25
I1
tp6
cnumpy
dtype
p7
(S'f8'
p8
I0
I1
tp9
Rp10
(I3
S'<'
p11
NNNI-1
I-1
I0
tp12
bI00
S'\x9dJ\xc1$N\xdc"@B\xbc\x9b\xf8T\xd3$@\x0b8m\xf7\x90\xbe&@\xb4N\xab\xbcH\x98(@M\xf1\x9b$\xf7Z*@r\x93\xd8\xc3[\x01,@\x16\xf0\xd1\x91\x8a\x86-@c\xbe\x98\x97\xfa\xe5.@\x94I\x8f\xbb\xc9\r0@x\xe1I\xd1\xdc\x910@\x8c\x89\xb8\x8f\xac\xfd0@:\\\x89Z\xf7O1@@K\xc0\xb5\xc7\x871@$\xee\x03"w\xa41@\x96|J\r\xb0\xa51@\xbeT\x1d\xd2n\x8b1@\x82\x94y\xc2\x01V1@\xf4R->\x08\x061@ynj\xd7p\x9c0@H,\x19\x8bv\x1a0@PNk*:\x03/@\x9c\x1fV\xd8X\xa7-@\xc77N\xe1V%,@uM~\xc3\xb3\x81*@uM~\xc3\xb3\x81*@'
p13
tp14
b.