cnumpy.core.multiarray
_reconstruct
p0
(cnumpy
ndarray
p1
(I0
tp2
S'b'
p3
tp4
Rp5
(I1
(I25
I1
tp6
cnumpy
dtype
p7
(S'f8'
p8
I0
I1
tp9
Rp10
(I3
S'<'
p11
NNNI-1
I-1
I0
tp12
bI00
S"Cl\xbdN\x93\xd3(@d\xb9\xc9\xef\xec\xdd*@!\xc0a\xc4\x07\xdc,@323\x1d\xf2\xc7.@\x08[\xccF\xf8M0@\xffX\x86\x82G)1@\xe4a\xde\x89X\xf31@YO\xdb\x94\xd0\xa92@}h\x99Q\x8fJ3@\xc0\xb3\n<\xb5\xd33@\xfanf4\xa9C4@U\x92\x9cC\x1d\x994@\x0b\xa9\x94\x7f\x12\xd34@\xfe\x1d\x9c\x03\xdc\xf04@\x91\x8e'\xf4 \xf24@Z\x99\xe4\x87\xdd\xd64@`o\x05\x13c\x9f4@\xe8u\xa4\x14WL4@j\xb3\x13I\xb1\xde3@3\xbf\xd8\xc6\xb8W3@^\xbf\xf1.\x00\xb92@\x86$\xc2\xfb`\x042@G\x0b\xa6\xfc\xf5;1@\x84\xa4\xa1\x0e\x15b0@\x84\xa4\xa1\x0e\x15b0@"
p13
tp14
b.