cnumpy.core.multiarray
_reconstruct
p0
(cnumpy
ndarray
p1
(I0
tp2
S'b'
p3
tp4
Rp5
(I1
(I25
I1
tp6
cnumpy
dtype
p7
(S'f8'
p8
I0
I1
tp9
Rp10
(I3
S'<'
p11
NNNI-1
I-1
I0
tp12
bI00
S'C\xbfru\xf5W\x17@omH\x9b71\x1a@V=\xc6:a\xf9\x1c@\xeaaL\xe3%\xa8\x1f@=\xbd\x92r\xc2\x1a!@\xa0\x9bv\x98\xf0L"@\x9c\xc0\xe2\x06\x0cg#@\x04\xf1L1\xcbe$@\xcd\xc8x)6F%@\xaaQgz\xaf\x05&@u\xb4b\xf5\xfb\xa1&@ \xab\xe0YI\x19\'@\n\xdf`\xc43j\'@; \x12\xd4\xc9\x93\'@\xa6{\xdfz\x8f\x95\'@\xa17\x81o\x7fo\'@C\xc6A=\x0b"\'@\x1e\xa3G\xf1\x19\xae&@\xde\x83Vi\x05\x15&@4\xef\x0fL\x96X%@\xfe\x03\xb9\xb6\xfez$@\xc8\x13e\xb0\xd3~#@\xbe2\x0fv\x05g"@\x83\x14\x9d\xb6\xd66!@\x83\x14\x9d\xb6\xd66!@'
p13
tp14
b.