cnumpy.core.multiarray
_reconstruct
p0
(cnumpy
ndarray
p1
(I0
tp2
S'b'
p3
tp4
Rp5
(I1
(I25
I1
tp6
cnumpy
dtype
p7
(S'f8'
p8
I0
I1
tp9
Rp10
(I3
S'<'
p11
NNNI-1
I-1
I0
tp12
bI00
S"\xce\x8a\xc1\xdc\xeeP#@\x99~\xbd{p\xa8%@4\x04\xedC\xe4\xf1'@\x02\xebs\xc1w&*@\x1a\xd8\xec\xc6\x96?,@\xcc\x99s\r\xff6.@\xe6T/pi\x030@\xbc\xc6zN\xd5\xd40@\x04]\xf8hR\x8d1@\x1e(Ug\xba*2@\xac\x95H\xbb7\xab2@\n\xbbM\x19K\r3@,\xe9\t\xf0\xcfO3@\x10\xae\r\xd1\xffq3@l\xc4\xc4\xc0ts3@a%\xaff*T3@\x86\xb6W\x1a~\x143@i\xe8\xe1\xcc-\xb52@\xbe\xe6l\xd2U72@\xca\x9a\xe6\x91m\x9c1@\xb6\xad0%C\xe60@\xe5)\xa4\xf6\xf5\x160@\xc3\xbc\x07\xd8\xe0a.@\xb4\x81\x82c\xc1m,@\xb4\x81\x82c\xc1m,@"
p13
tp14
b.