cnumpy.core.multiarray
_reconstruct
p0
(cnumpy
ndarray
p1
(I0
tp2
S'b'
p3
tp4
Rp5
(I1
(I25
I1
tp6
cnumpy
dtype
p7
(S'f8'
p8
I0
I1
tp9
Rp10
(I3
S'<'
p11
NNNI-1
I-1
I0
tp12
bI00
S'\xfd\xbch|\xc9\xf7$@\xc6R9aa\x8d&@h`\xef+w\x19(@\xea\xe5\x89Nm\x97)@\xf2w\xd5\\\xd0\x02+@\xe18jSdW,@\x14g_91\x91-@\x04\x1a\x06\xf7\x8e\xac.@\xc8CZ>0\xa6/@\xa9\xf0O2\x96=0@N\x15\xe5\x07\x84\x940@\xd0\x10\xe5N\xde\xd60@ZR\xd7\x17\xdf\x031@,hG#\x00\x1b1@\xd2\xf5=r\xfc\x1b1@/\xcb\x12\x14\xd1\x061@o!2/\xbd\xdb0@&\xd4\xbaDA\x9b0@\x1a\x8c\'\xb1\x1dF0@\x18\xc8\xf4\xdc\xa0\xba/@\xca\x9e5=$\xc4.@\xe3\xafs\xcd\xa4\xab-@\xe8}5Mgt,@\x144\x0f1\x0c"+@\x144\x0f1\x0c"+@'
p13
tp14
b.