cnumpy.core.multiarray
_reconstruct
p0
(cnumpy
ndarray
p1
(I0
tp2
S'b'
p3
tp4
Rp5
(I1
(I25
I1
tp6
cnumpy
dtype
p7
(S'f8'
p8
I0
I1
tp9
Rp10
(I3
S'<'
p11
NNNI-1
I-1
I0
tp12
bI00
S'\xfb\x1a\xe4\xb6l\xb1*@\xdf}\xd3\x1a\x83\xb2,@Dh\xe8H\x92\xa7.@\xc9\xb6\xcb\xc6aE0@"G\xd8\xc0:+1@@*\x19k\xa6\x022@\x00\xfb\x81\'"\xc92@\x87\xc0u\xde]|3@,\x87\t\xe5B\x1a4@L\x95\xf97\xfa\xa04@\xe4W\xbb\xf8\xf1\x0e5@X\x96L\x1c\xe2b5@v\xc7\xc7=\xd0\x9b5@\xf8XV\x89\x12\xb95@X\xb5\xcc\xb6Q\xba5@\x1e\xc6\x08\x0e\x8a\x9f5@\x9c>\nr\x0bi5@W\x96\xa3rx\x175@\x10\x98\x8ag\xc4\xab4@\xa4\x1fo\x9a0\'4@\xafz\x8d\x88H\x8b3@\x11~\xe7F\xdd\xd92@\xb6\xaf\xe3\x16\x00\x152@\x9e.};\xfc>1@\x9e.};\xfc>1@'
p13
tp14
b.