cnumpy.core.multiarray
_reconstruct
p0
(cnumpy
ndarray
p1
(I0
tp2
S'b'
p3
tp4
Rp5
(I1
(I25
I1
tp6
cnumpy
dtype
p7
(S'f8'
p8
I0
I1
tp9
Rp10
(I3
S'<'
p11
NNNI-1
I-1
I0
tp12
bI00
S'\xe1\xaf\xd5M\x033\x1c@\xeenB\xc0o\xef\x1e@\xech4\\\xb8\xcd @2\xdc\xd5\xe2\x86\x17"@\xbf\xb5\xc6\x9cKQ#@\xe8\xb5\xb8\x8a^w$@\xf4\x81vmR\x86%@\\\x12\xca\xfe\xfez&@F\xd8\xa2\\\x8aR\'@\n\xf2b\x8aq\n(@\x97\\\xf4\xee\x8f\xa0(@\x0eUL\xb9%\x13)@\xd8\x0fK\x18\xdd`)@t\xbff6\xce\x88)@\x01*@\xed\x81\x8a)@\xc2\xc2\x11)\xf3e)@\xaf\xfd\xd4\xf7\x8e\x1b)@\xb8\xae\xf0C3\xac(@\xa5\xe8:>,\x19(@\t#\x05\x7f0d\'@8\xbf\xbe\xe9[\x8f&@^\xe2lb)\x9d%@>\xfe\xbbgk\x90$@\xc8\xc9\xbc\xa7Cl#@\xc8\xc9\xbc\xa7Cl#@'
p13
tp14
b.