cnumpy.core.multiarray
_reconstruct
p0
(cnumpy
ndarray
p1
(I0
tp2
S'b'
p3
tp4
Rp5
(I1
(I25
I1
tp6
cnumpy
dtype
p7
(S'f8'
p8
I0
I1
tp9
Rp10
(I3
S'<'
p11
NNNI-1
I-1
I0
tp12
bI00
S'\x97\x16@SJu+@W<G\xf9n .@\xe3\xd2\xdd\xec\xc7]0@7\xe1\x98ms\x9f1@\x84pjmz\xd12@u \xac\x04L\xf03@\xc2\xdc\xc0\x98\x90\xf84@\xea=k\xd43\xe75@x!w\xd7m\xb96@\xc2EO\x82\xcbl7@\xfb\x14\xc0\xc45\xff7@T\xfd\x1a\xda\xf7n8@\x94\xec `\xc4\xba8@r:\x859\xb9\xe18@\nLr0b\xe38@\x91\xcb3Q\xba\xbf8@8S\xfc\xf8+w8@\xf0y\x9a\x98\x8f\n8@\x00\xc5\xcf.){7@;\x8d\xcf\x81\xa4\xca6@n\x01)#\x10\xfb5@\x84\xf1\xfaL\xd7\x0e5@+4\xbf\xaa\xba\x084@\xd2\x044#\xc8\xeb2@\xd2\x044#\xc8\xeb2@'
p13
tp14
b.