cnumpy.core.multiarray
_reconstruct
p0
(cnumpy
ndarray
p1
(I0
tp2
S'b'
p3
tp4
Rp5
(I1
(I25
I1
tp6
cnumpy
dtype
p7
(S'f8'
p8
I0
I1
tp9
Rp10
(I3
S'<'
p11
NNNI-1
I-1
I0
tp12
bI00
S'\xfd\xe9j@C^ @:\xab\xec\xbbs\x92!@\x1c]\x1d\xabj\xbf"@:}\x9b@\xa6\xe1#@V\\\x98\xb2\xc4\xf5$@\xa2\xf8\x8fQ\x8e\xf8%@\xc5Nh!\xff\xe6&@\nUV\xd8O\xbe\'@0\xe7\xb2(\xfe{(@X\t\x06=\xd4\x1d)@Q\xca\xf4O\xef\xa1)@\xb3\x89fL\xc5\x06*@\n\x8f\x19e)K*@h\x17\xf4\x95On*@o\x14\x9d\x04\xcfo*@4\x1eE9\xa3O*@\xda\x87\xfa+,\x0e*@L\xd4`&-\xac)@\xf6\x8c!}\xca*)@\xe6L\xe0\'\x86\x8b(@\xb0c\xdbA;\xd0\'@\x9c\xb3\xa3\x80\x18\xfb&@\xb1\xa9o\xb1\x99\x0e&@\x89$uP\x80\r%@\x89$uP\x80\r%@'
p13
tp14
b.