cnumpy.core.multiarray
_reconstruct
p0
(cnumpy
ndarray
p1
(I0
tp2
S'b'
p3
tp4
Rp5
(I1
(I25
I1
tp6
cnumpy
dtype
p7
(S'f8'
p8
I0
I1
tp9
Rp10
(I3
S'<'
p11
NNNI-1
I-1
I0
tp12
bI00
S"|\xabC\xe2W>\x17@\xdc\x12\x0b\xe6\x15o\x1a@\xac\x04Z^\xae\x8c\x1d@\x8dm\x02\x00\xebF @`\xf2\x9b+\xcb\xb4!@\x06\x03\x01B\xb4\x0b#@\xe2u\x03U\xa7G$@\x96\xf0\xbb\xe3\xf5d%@\xf2\xce\x1a\xd6L`&@\x8ac\xcag\xbe6'@\x8d\xde\xcc\xe4\xca\xe5'@\x92\xd7\xc5\x1dhk(@'\xe6\xb2}\x07\xc6(@\x98y\xec\xae\x9a\xf4(@\xac\n\x94\xc1\x96\xf6(@b\x01\n\xca\xf5\xcb(@\xd2\xef\x96\xf26u(@\ns\x13\x00]\xf3'@|W\xfaM\xebG'@B\xbb\xe3J\xe1t&@\xc60\xe0\x82\xb4|%@\xd0\x00{IIb$@8\xc0E\x19\xea(#@\xee9\xa9\xc2=\xd4!@\xee9\xa9\xc2=\xd4!@"
p13
tp14
b.