cnumpy.core.multiarray
_reconstruct
p0
(cnumpy
ndarray
p1
(I0
tp2
S'b'
p3
tp4
Rp5
(I1
(I25
I1
tp6
cnumpy
dtype
p7
(S'f8'
p8
I0
I1
tp9
Rp10
(I3
S'<'
p11
NNNI-1
I-1
I0
tp12
bI00
S'\x80\xe1%\x87A\xc8*@\n\\t\xf4\x86\xef,@\x8fg\xa0\x04\xe0\t/@\xd1\xe3\xfac\x83\x880@4\xebAIw\x7f1@\xd6)\xf7\x03\xebf2@\x82\xcfJ#,<3@\x90\x9fo\x7f\xbe\xfc3@\x1cFO\xa3c\xa64@\x9f\xbc1~!75@\n\xc5_IH\xad5@\x11\x1e)\x90w\x076@\x17(LK\xa2D6@a\x8d~\x03\x12d6@\x16\xe7\xbc\xf1he6@\x82\xa5\t\x17\xa3H6@h\xbaXH\x16\x0e6@\xf0u\x84.q\xb65@\xe0bG=\xb9B5@\xf0cM\xa7G\xb44@6\xadrX\xc5\x0c4@\x0cq0\x02&N3@\xc2\x88\xfcH\xa2z2@\x9a\xc2\xfa#\xb1\x941@\x9a\xc2\xfa#\xb1\x941@'
p13
tp14
b.