cnumpy.core.multiarray
_reconstruct
p0
(cnumpy
ndarray
p1
(I0
tp2
S'b'
p3
tp4
Rp5
(I1
(I25
I1
tp6
cnumpy
dtype
p7
(S'f8'
p8
I0
I1
tp9
Rp10
(I3
S'<'
p11
NNNI-1
I-1
I0
tp12
bI00
S'\x01\xf5\xcb\xdf\\V\x1a@\xae\xce\xfe\x13\xaeo\x1e@\xca\x17\x04\xfd28!@\xc6\xdc\t\xe0I&#@K\x057\xcaY\xfc$@r\xb0\x8d\x7f\xe8\xb4&@\xa1\xf5\xe6\xc7\xd3J(@\xff\xb4_\xbf`\xb9)@z\x1c\x88\xf2I\xfc*@un>\x1c\xcc\x0f,@Q\xa82_\xb1\xf0,@\x85\x1a\x97\xd9Z\x9c-@=Zlv\xc8\x10.@\r\x84\x16\xe5\x9eL.@{\xe7n\xa5+O.@sm?\x1cg\x18.@\x92I\xf3\xa9\xf4\xa8-@XF9\xc3 \x02-@\xd2\x86E\x11\xdd%,@L1A\xa5\xba\x16+@\xb8\x964P\xe2\xd7)@\x89\xefB6\x0bm(@\x94)U\xb9o\xda&@\x93\xc6C\xdc\xc0$%@\x93\xc6C\xdc\xc0$%@'
p13
tp14
b.