cnumpy.core.multiarray
_reconstruct
p0
(cnumpy
ndarray
p1
(I0
tp2
S'b'
p3
tp4
Rp5
(I1
(I25
I1
tp6
cnumpy
dtype
p7
(S'f8'
p8
I0
I1
tp9
Rp10
(I3
S'<'
p11
NNNI-1
I-1
I0
tp12
bI00
S">\x8f\xeb<\x02_\x1e@\xfeH\xc0\xb0\x96\xbe!@\x08\x95\x87\xe1P>$@\xb4\xd2\xc3T;\xa7&@w\xf3\xda\xba%\xf2(@YumB9\x18+@^\t,\xff\x0c\x13-@k\xf8\xd9\x08\xb9\xdc.@u\x07\xb9\x0c\xf470@x\xf6\xef\xba\xf3\xe30@\xa4:\xecxZp1@\x1cB\x81r\x85\xdb1@\xb0\x1e\xe2\xf64$2@?gK2\x90I2@\nx\xd3\xb4'K2@\x82\x92\xd7\xbe\xf6(2@\xd34&Oc\xe31@\x80g\xbc\xf2<{1@p\xa3\xa1Y\xba\xf10@lC\x19\xb8uH0@\x86}\xec\xfd\xcf\x02/@\x12\xfd\xa6\xf2\xc5=-@\xc2Q|\xc2\x14G+@\x84\xd8\xeb\xff\x97$)@\x84\xd8\xeb\xff\x97$)@"
p13
tp14
b.