cnumpy.core.multiarray
_reconstruct
p0
(cnumpy
ndarray
p1
(I0
tp2
S'b'
p3
tp4
Rp5
(I1
(I25
I1
tp6
cnumpy
dtype
p7
(S'f8'
p8
I0
I1
tp9
Rp10
(I3
S'<'
p11
NNNI-1
I-1
I0
tp12
bI00
S'8\x83A\xef\x1d\xff#@ \xfbV\xc8\xca\xdb%@\xb8\xb1G\xf1J\xad\'@\xc3&\x98\xc91n)@\xff\xba\xdb4D\x19+@\x9a\x84b5\x88\xa9,@w\xf3\xa4\xc4S\x1a.@0M$\xbdZg/@\x9bP\x1f\xd6]F0@\x1f\x1f\xdc\xb2\x85\xc30@\x88\x179\x9b\xaf)1@\xef\xe2\xf0\xcb\xaaw1@\x0e?*\xa5\x8e\xac1@\xf8\x15h`\xbd\xc71@\x9d\xa91\xe7\xe5\xc81@\xde\xd0\xf6\xc4\x04\xb01@.\xb1^1d}1@"5\xe22\x9b11@\xb4\xb1F\xdc\x8b\xcd0@:\xab8\xaa`R0@ \x02\xc5\x11\x12\x83/@dW\xbe\x17j9.@\x8bT\x9d\xca\xa0\xcb,@{("V\xf9=+@{("V\xf9=+@'
p13
tp14
b.