cnumpy.core.multiarray
_reconstruct
p0
(cnumpy
ndarray
p1
(I0
tp2
S'b'
p3
tp4
Rp5
(I1
(I25
I1
tp6
cnumpy
dtype
p7
(S'f8'
p8
I0
I1
tp9
Rp10
(I3
S'<'
p11
NNNI-1
I-1
I0
tp12
bI00
S"\xe4/\xfbIt\xbe(@\x1f\xd8':\xd4\x1f*@2\x92\xd2q\xebx+@\xf6\x8b\xda\x81\xb4\xc5,@3\x1eK\xb0N\x02.@\xfcY\xbe\x89\t+/@B~^\xf17\x1e0@\x86\xa9#\x14\xa9\x990@\x06\x10a\xf0g\x061@\xa8\xf1v 0c1@\xeed\xa7\xdd\xec\xae1@\xed\xe5\xbb9\xbc\xe81@-\x83\xfd\xc0\xf1\x0f2@\xe5&\xa5|\x18$2@\x99_\xc5O\xf4$2@\xcf\xd1\x9c\xaa\x82\x122@/d:\x92\xfa\xec1@\x9aZ\\\xfc\xcb\xb41@\x14\xfcs\x81\x9ej1@/\x12\xb2hO\x0f1@0\xa7\xef\x13\xef\xa30@\x12\x1e$\xd3\xbd)0@&\x06\xc1QPD/@~\xf1\xe4\x15\x85\x1d.@~\xf1\xe4\x15\x85\x1d.@"
p13
tp14
b.