cnumpy.core.multiarray
_reconstruct
p0
(cnumpy
ndarray
p1
(I0
tp2
S'b'
p3
tp4
Rp5
(I1
(I25
I1
tp6
cnumpy
dtype
p7
(S'f8'
p8
I0
I1
tp9
Rp10
(I3
S'<'
p11
NNNI-1
I-1
I0
tp12
bI00
S"i\x89\x19\xf3\x9e\x85)@\xd2y%\xb1'\xce*@\x93\x88[\xca\xfc\x0e,@J`\xe7,aD-@i\xf2\x8c\xe7\xb9j.@\x8c\x13\xdf\xea\x98~/@\xb9\x85I\xa2c>0@\xd2\xb65['\xb10@\x0c\x81\x0fFA\x161@s&\xf0\xca\x83l1@8V\xdc\x97\xed\xb21@\x8b\xb6_\xa0\xac\xe81@\x18\x93$\x90 \r2@\xb2\x82:\xa9\xdc\x1f2@\x94Gy\x08\xa9 2@m>8L\x83\x0f2@\x00\x08i\x9b\x9e\xec1@\x05<\x00\rc\xb81@qVsqls1@\x90$\xea\x81\x88\x1e1@\xb1@\x8ez\xb4\xba0@'L\x1f'\x1aI0@\xb7\xc62\xd5\x18\x96/@\xa0\xa2\x8f\x98\x06\x84.@\xa0\xa2\x8f\x98\x06\x84.@"
p13
tp14
b.