cnumpy.core.multiarray
_reconstruct
p0
(cnumpy
ndarray
p1
(I0
tp2
S'b'
p3
tp4
Rp5
(I1
(I25
I1
tp6
cnumpy
dtype
p7
(S'f8'
p8
I0
I1
tp9
Rp10
(I3
S'<'
p11
NNNI-1
I-1
I0
tp12
bI00
S'\x8d\x8e\xf6\xaei1+@\x1e_}\x83\xda\xb9-@\xdc\xaa\x9c\xea\x8b\x190@\xfcfSQ\xe0J1@lZ\x02\xa3[m2@\xd9I\xbaW\x9b}3@\xb2LlKsx4@^\xbe\x984\xf7Z5@\xb0\x0b\x83\\\x83"6@G\x84\xe7~\xc4\xcc6@.(\xb6\xb9\xbeW7@\x98K!x\xd3\xc17@J\x86XG\xc6\t8@\xf6\xa9\x86\x86\xc0.8@\xd0\xbd\x12\xe7S08@N\x11\xae\xb5{\x0e8@\xf6\xccY\xe8\x9c\xc97@$-:\xf1\x84b7@\xd9\xd4\xb9Yg\xda6@rp!-\xda26@\x1a\\T=\xd1m5@q\x9a\xcfO\x98\x8d4@\x10\xe5JD\xcc\x943@fJjIS\x862@fJjIS\x862@'
p13
tp14
b.