cnumpy.core.multiarray
_reconstruct
p0
(cnumpy
ndarray
p1
(I0
tp2
S'b'
p3
tp4
Rp5
(I1
(I25
I1
tp6
cnumpy
dtype
p7
(S'f8'
p8
I0
I1
tp9
Rp10
(I3
S'<'
p11
NNNI-1
I-1
I0
tp12
bI00
S'm\x8at\xafwu)@\xf5\xbc\xcf\xcdq.,@\xca\xcd\n!\x15\xd7.@\xb0\xdfq\xa1\xb9\xb30@\xa3D\xc8\x19\xf3\xeb1@B]O\x95\x93\x103@.\xb9\xe4%2\x1e4@\x80\x97\x82\x7f\xaa\x115@\n\xb5\x88W&\xe85@\xe4\xbdR\xdb%\x9f6@\x02F\xdd$\x8747@\xf4\xa3;\x97\x8c\xa67@\xbe\xd8\xe4\x0f\xe2\xf37@\x1c\x1bZ\xdd\xa0\x1b8@\xbe<ToR\x1d8@\xac\x05s\xb8\xf1\xf87@\x9csO=\xeb\xae7@\x95\xe7\xc3\xd0\x1b@7@\x80\xef/\x01\xce\xad6@d\xbbd>\xb6\xf95@f\xca\xb7\xc3\xed%5@"\x91gU\xec44@\xd2\xce\xfe\xe3\x80)3@Z\x85\xac+\xc9\x062@Z\x85\xac+\xc9\x062@'
p13
tp14
b.