cnumpy.core.multiarray
_reconstruct
p0
(cnumpy
ndarray
p1
(I0
tp2
S'b'
p3
tp4
Rp5
(I1
(I25
I1
tp6
cnumpy
dtype
p7
(S'f8'
p8
I0
I1
tp9
Rp10
(I3
S'<'
p11
NNNI-1
I-1
I0
tp12
bI00
S'r\x00\x01D\xa82!@^\xcc3<8Z#@\xb2O\xe9\x17\xdat%@\xae\xf4E\x0eG|\'@\xdf\x04\xf0\xa1qj)@v(Q\xaf\x979+@\xf0\xef\x10\x9aS\xe4,@\x14]\x8af\xace.@\xf8\xc35\x8f$\xb9/@*\x82\xe3\xb4cm0@\xa7a\x05z\x9a\xe30@s\x94\xa7\xf2\xd5=1@\x8c\xc0\'\xf3\x08{1@\xb8J\x8f\xeb|\x9a1@\x85\x95,\x08\xd4\x9b1@=\xbdwI\n\x7f1@\xe1\xde\xff\x8fuD1@\xdcU=\x9c\xc4\xec0@]$E\x05\xfdx0@\xc24\xe1X\xf0\xd4/@\x02""n\xbe\x85.@zab4L\x08-@\xe4\x14V\x8e\x0ba+@D\x0b\xe8\x14\xeb\x94)@D\x0b\xe8\x14\xeb\x94)@'
p13
tp14
b.