cnumpy.core.multiarray
_reconstruct
p0
(cnumpy
ndarray
p1
(I0
tp2
S'b'
p3
tp4
Rp5
(I1
(I25
I1
tp6
cnumpy
dtype
p7
(S'f8'
p8
I0
I1
tp9
Rp10
(I3
S'<'
p11
NNNI-1
I-1
I0
tp12
bI00
S"O\xc3fd\x99e%@\xe8]\xb5o<\xba'@\x02\xe1\xa8\xdc\xe2\x00*@\x0e\x13T\x93\xc22,@\x147\xf2uOI.@\xcb\xb3rt'\x1f0@2\xbe\xc73\xf5\x051@\xdb\xb4Kw`\xd61@*\xda\xd3\x83\xfb\x8d2@\xb6\x1ed\xa3\xa2*3@\x8e\x0c\r\x87\x82\xaa3@\x1a\xc2\xf0\xb8\x1d\x0c4@\xd6\x820\x0eQN4@xU\x80\x0bWp4@,\xa6A2\xcaq4@_\x94G/\xa6R4@n\xbe\xbd\xe7G\x134@\xa2\x0e\x0bdl\xb43@\x061\xeb\x9b.73@\x7f\xdbP*\x04\x9d2@\xa8\xf9\xe6\xf2\xb8\xe71@)^-\xc6i\x191@0n-\x14~40@\x1e\xbc&\x81Aw.@\x1e\xbc&\x81Aw.@"
p13
tp14
b.