cnumpy.core.multiarray
_reconstruct
p0
(cnumpy
ndarray
p1
(I0
tp2
S'b'
p3
tp4
Rp5
(I1
(I25
I1
tp6
cnumpy
dtype
p7
(S'f8'
p8
I0
I1
tp9
Rp10
(I3
S'<'
p11
NNNI-1
I-1
I0
tp12
bI00
S'\xb3\xc0\x8e8y\xc2#@\xc5O7\xca\xac\x1c&@\x8dbwX\xc2h(@\x1d\x94\x86\x95\xdf\x9f*@,\xe1\xbe\xc1h\xbb,@d\xf3<b\x14\xb5.@{7\x0b\x01\x7fC0@R\xec\x19\xe3\xdb\x151@RS\xafO-\xcf1@\xf8\xba\x19uJm2@\xdc\xf1\xab\xa8[\xee2@\xb5\x9a\xc2\xe5\xdfP3@!\xa5NJ\xb1\x933@\x0e\xba\x82\x83\x08\xb63@\nhl \x7f\xb73@6S\x8b\xc3\x10\x983@\xa6\xce\xd6/\x1bX3@\xcf\x06\x0b1]\xf82@<\x1a\x80b\xf4y2@E\xfa,\xdbY\xde1@T\xa1\xc3\xc8]\'1@|B\x02\x07"W0@\xca#\xb8\x86\'\xe0.@\x90?\xe6\x7f\xc8\xe9,@\x90?\xe6\x7f\xc8\xe9,@'
p13
tp14
b.