cnumpy.core.multiarray
_reconstruct
p0
(cnumpy
ndarray
p1
(I0
tp2
S'b'
p3
tp4
Rp5
(I1
(I25
I1
tp6
cnumpy
dtype
p7
(S'f8'
p8
I0
I1
tp9
Rp10
(I3
S'<'
p11
NNNI-1
I-1
I0
tp12
bI00
S'\xb0\xb2\x04\xf39\x14\x1a@\xe3\x89^lt6\x1f@\xd3\xe9\xa8\xe2\xef\x1c"@\xd2(\n\xb9\xc3\x87$@\x92\xf6\xd6\xb5\x7f\xd4&@\x0e\x11\xcc\x9aG\xfc(@>\xd2\xe3e\xad\xf8*@\x86\xb2\x83\x7f\xc4\xc3,@\x94\x03\x9bf3X.@x\x10\xfb\xa5C\xb1/@\xd1\xdb\xa6\xf1we0@\xa5>\xdd\xee\xf7\xd00@\xb9\x0c9\x1c\xe1\x191@+\xa3\xf5\xf9Y?1@O\xbb\xc2\xbf\xf2@1@\x84?9\xaa\xa6\x1e1@z\xdf\x10\t\xdc\xd80@\x9f\x00\xec\rcp0@L\xfa\x90\xbe\xe6\xcc/@|\xbb\xa3\xedPy.@\xf6\xb9\xd4\xab\xf9\xe9,@\x02\xabp=\x88#+@\n\xc6\xa6FH+)@S?\x8b\xff\x19\x07\'@S?\x8b\xff\x19\x07\'@'
p13
tp14
b.