cnumpy.core.multiarray
_reconstruct
p0
(cnumpy
ndarray
p1
(I0
tp2
S'b'
p3
tp4
Rp5
(I1
(I25
I1
tp6
cnumpy
dtype
p7
(S'f8'
p8
I0
I1
tp9
Rp10
(I3
S'<'
p11
NNNI-1
I-1
I0
tp12
bI00
S"\x907\xe1\xde\xdc8)@\x1b\t\x8cS\x7fX+@\x9f\xfd\x84?ck-@NN8\xf2Xk/@\xb4\xf5\xe0\x994\xa90@J\x87_\x88s\x8d1@\x88\xf6Id\xc0_2@\xbd\x05\xd2\xd5\xa7\x1d3@z\xa1\x13]\xf3\xc43@\x1b%\xff\xeb\xafS4@\x149\x12\xb73\xc84@\xe8O\x86+#!5@\x1f\xb3'\xfct]5@\x90%\xc08u|5@{>\xdcf\xc7}5@\x16B\xaa\x95ga5@\xbc\x85\xbbi\xaa'5@\x81N\x85 <\xd14@\x04b\x92\x8e\x1e_4@\x9d\x03b\x1e\xa6\xd23@\xfd\xbd\xea\xd8u-3@\xf6B\x96\x83zq2@:HG\xe2\xe4\xa01@Pq\x8a.#\xbe0@Pq\x8a.#\xbe0@"
p13
tp14
b.