cnumpy.core.multiarray
_reconstruct
p0
(cnumpy
ndarray
p1
(I0
tp2
S'b'
p3
tp4
Rp5
(I1
(I25
I1
tp6
cnumpy
dtype
p7
(S'f8'
p8
I0
I1
tp9
Rp10
(I3
S'<'
p11
NNNI-1
I-1
I0
tp12
bI00
S'\xdb\x8f\x04-\xcd\xf1&@\x97zy\x12+\x98(@!+\x134\xa24*@\xf4\x8a\xbc&d\xc2+@\xf2\x03;_\xce<-@J|\xbd\x05x\x9f.@$\xfaJ\x1d?\xe6/@~\xcd\xe9k\xaa\x860@\xf8\x87\x0ey\xa4\x081@\xbb\x05\xd4\xfa\x89w1@\x1b\xae\xfa \x10\xd21@&\x04\x1b\xe1(\x172@\x12^3\x1c\x06F2@\n>\x88\x05\x1c^2@J\x12\xad\xc3"_2@DP\xd9F\x17I2@\xd9\x8b\nR;\x1c2@\xdbK\xd8\xb6\x14\xd91@\xc7\xceB\xc6k\x801@\x95\x92#\xfbH\x131@&26\xe5\xf1\x920@\xc0$\xeb]\xe5\x000@\xfa\xf2\xaa$\xae\xbd.@\x8c\xe6\x04\xdfT]-@\x8c\xe6\x04\xdfT]-@'
p13
tp14
b.