cnumpy.core.multiarray
_reconstruct
p0
(cnumpy
ndarray
p1
(I0
tp2
S'b'
p3
tp4
Rp5
(I1
(I25
I1
tp6
cnumpy
dtype
p7
(S'f8'
p8
I0
I1
tp9
Rp10
(I3
S'<'
p11
NNNI-1
I-1
I0
tp12
bI00
S"h\xa9\xfc|e>\x1a@_\xcfu\xb5\xc5Q\x1e@T\x0f\xda#X&!@M\xf6^\xd8\xa2\x11#@\xa0\xc7\xddg\t\xe5$@\xa6\xdb\xe1\x86\x19\x9b&@\x13\xa79n\xb8.(@^\xe50\x152\x9b)@\x92BL9G\xdc*@\xaa\x14\xac\t:\xee+@\xca\xdaJP\xd9\xcd,@\x1a\x1d\xcc\xf7\x89x-@5~s\xd1N\xec-@J\xc3\x13\x84\xce'.@\xf4\xb7B\x92W*.@\xc7\xbf\xd0k\xe2\xf3-@\xe1\xa3X\x84\x11\x85-@\xceN\xa4n/\xdf,@\xcd\x15\x8c\x02+\x04,@\xd8B\xce\x98\x91\xf6*@\xe4_\x12n\x87\xb9)@\xba@\xceC\xbeP(@0\x86\x01[j\xc0&@\xf4\xad\xa7\xe95\r%@\xf4\xad\xa7\xe95\r%@"
p13
tp14
b.