cnumpy.core.multiarray
_reconstruct
p0
(cnumpy
ndarray
p1
(I0
tp2
S'b'
p3
tp4
Rp5
(I1
(I25
I1
tp6
cnumpy
dtype
p7
(S'f8'
p8
I0
I1
tp9
Rp10
(I3
S'<'
p11
NNNI-1
I-1
I0
tp12
bI00
S'\x9eFU\x15T\x82\x1a@\xcb\xbb\x0c\xf3\x98\x90\x1f@\x0f\xa4k<C@"@T\x12\xfd\x1f\xb1\xa1$@\xb3T\xe3)|\xe5&@\xe6\xd8\xfa\xc7\xe2\x04)@R\xc5\xc7\xf7\x8f\xf9*@F!\x11*\xae\xbd,@P+J\xaa\xf8K.@\x14\x01\xdfU\xcb\x9f/@waA:\x98Z0@U\x1f\x19Dv\xc40@\xe0 \xd7\xf8C\x0c1@O\xf3T&+11@\x1b\x19\xdc\xb6\xbd21@\x9fk\x8a\xf9\xf6\x101@\xcbpP\xb0;\xcc0@V\xe6_\xe3Xe0@lB\x16\xfb\x02\xbb/@\xbe\x94kq\x95l.@\xe4R\x04\xcaN\xe3,@\x9a\x04\xa21\xc4#+@:\xb3\xd5\xb5,3)@\xfc\x14m\xb6Q\x17\'@\xfc\x14m\xb6Q\x17\'@'
p13
tp14
b.