cnumpy.core.multiarray
_reconstruct
p0
(cnumpy
ndarray
p1
(I0
tp2
S'b'
p3
tp4
Rp5
(I1
(I25
I1
tp6
cnumpy
dtype
p7
(S'f8'
p8
I0
I1
tp9
Rp10
(I3
S'<'
p11
NNNI-1
I-1
I0
tp12
bI00
S'\x9a\xa7\xea\x9f\xc2\xe5&@\xc6\xb5oS5\x1b)@d\x97S\x95fC+@\xe4(B)\xe7W-@\xcb\xe5\xaa\x8f\x82R/@\x06\x0e0\xc4\xa8\x960@4Ac\xd7eq1@\xa3s\x86\xfd\xeb62@\xc6\xe5\x97\xfb\xed\xe42@V\xdd5\xbddy3@\xbc\xc0\x13a\x95\xf23@\xb6\xf4\x1fb\x16O4@4d\xf5\xcd\xd3\x8d4@l\x9c\x07|\x12\xae4@\xc7\xe5\xf1;r\xaf4@P\xdeg\xf4\xee\x914@\x90\x9eo\xaf\xe0U4@B\xef\xc0\x93\xfa\xfb3@\xfa\x00Y\xceH\x853@\xfa\xdf|r-\xf32@]\x14}Y\\G2@>E\x89\x0e\xd6\x831@4e\xba\xd5\xe1\xaa0@\xf3\xd7H\xc0\r~/@\xf3\xd7H\xc0\r~/@'
p13
tp14
b.