cnumpy.core.multiarray
_reconstruct
p0
(cnumpy
ndarray
p1
(I0
tp2
S'b'
p3
tp4
Rp5
(I1
(I25
I1
tp6
cnumpy
dtype
p7
(S'f8'
p8
I0
I1
tp9
Rp10
(I3
S'<'
p11
NNNI-1
I-1
I0
tp12
bI00
S"\xdd[\x8a\x05\x10v+@\x04\xc6Y\xd1|\x01-@>\x1f\x1f\x89\xa4\x83.@\xc8\xf8\x10>\x07\xf8/@\x16\x19f\n'\xad0@\xfc\x9b\x8d\x1b,S1@\xb6\xd6K\x92#\xec1@\xca\xf8\xb4\x1eEv2@\xe2\x1e\\\xb2\xf4\xef2@6\x0f\x86M\xc7W3@ZV\x04:\x87\xac3@\xc6\x84\x1a\xa77\xed3@\x92~\xa9\x9b\x17\x194@\xa8\x1d\xd75\xa4/4@\x85\xec|1\x9a04@TH\xd1\xb0\xf6\x1b4@\xeeS\xf4D\xf7\xf13@\xfa9G6\x19\xb33@\xf9\x9c\xb1\x0e\x18`3@n\x120j\xeb\xf92@\xc8\x860\x14\xc4\x812@\x04\xf6Wz\x08\xf91@+\xc6I\x7fPa1@\xf8V\xe6\xb9`\xbc0@\xf8V\xe6\xb9`\xbc0@"
p13
tp14
b.