cnumpy.core.multiarray
_reconstruct
p0
(cnumpy
ndarray
p1
(I0
tp2
S'b'
p3
tp4
Rp5
(I1
(I25
I1
tp6
cnumpy
dtype
p7
(S'f8'
p8
I0
I1
tp9
Rp10
(I3
S'<'
p11
NNNI-1
I-1
I0
tp12
bI00
S'\xd0\xda[\x88p\xc6\x19@\xccB\x8f\x001\xe5\x1e@\xa4\xba\xc9\x9a\x9b\xf2!@\x85\xf5*^\xcc[$@\xd5W\x11\xa9\xf9\xa6&@;\xa6\x90\xe2K\xcd(@\x9aPScY\xc8*@\xc0\xbf\xca\x969\x92,@^LV\x9b\x96%.@\xaa\xbf\xcc,\xbd}/@\x9b\xd7\xf6TUK0@\x93\x8cs\x85\x8c\xb60@\x90\xbf\x9fRD\xff0@0\x86\x01\xd0\xa3$1@\xb4\xc3\xfb\x80;&1@*,a\xa5\x06\x041@T9\xa0Gk\xbe0@\xa1\xca]\x0c9V0@^\xf4\x14\x8eM\x99/@t\xd8T\xb5\x9dF.@\xce#;\xe3T\xb8,@\x8e\xa1X5\x17\xf3*@\xa2\xd5\xcf\xb9,\xfc(@\xb0\x15\n\xaeq\xd9&@\xb0\x15\n\xaeq\xd9&@'
p13
tp14
b.