cnumpy.core.multiarray
_reconstruct
p0
(cnumpy
ndarray
p1
(I0
tp2
S'b'
p3
tp4
Rp5
(I1
(I25
I1
tp6
cnumpy
dtype
p7
(S'f8'
p8
I0
I1
tp9
Rp10
(I3
S'<'
p11
NNNI-1
I-1
I0
tp12
bI00
S'H\x07\xfa\x01\xe2\xf9\x1d@y4\x99\xc0\x0c\x18 @d\x0c\xe0x\x85,!@\x12\xa2\x01m"7"@\xb2\x84\xc8H\xc84#@\x03\xf0!e\x82"$@Y\x18F\x99\x8b\xfd$@\nE3~V\xc3%@\xb8\x11\xd5\x0b\x95q&@\x1fZ!y?\x06\'@Z@\xa8J\x9a\x7f\'@\xcb\xd8\x85};\xdc\'@\x02\x08K\xbf\x0e\x1b(@\xef\x1cH\xa6X;(@y9\x9e\xe0\xb8<(@b\xca\x93S+\x1f(@\x84\xed\xd2\'\x08\xe3\'@3@m\xc2\x02\x89\'@a\x97\xb5\xad\'\x12\'@\xca\x06,x\xd9\x7f&@\xaa\xe5\xd1\x92\xcc\xd3%@z\xf08;\x02\x10%@\xa6Sy\x80\xc26$@\xba\xd6\xe5t\x95J#@\xba\xd6\xe5t\x95J#@'
p13
tp14
b.