cnumpy.core.multiarray
_reconstruct
p0
(cnumpy
ndarray
p1
(I0
tp2
S'b'
p3
tp4
Rp5
(I1
(I25
I1
tp6
cnumpy
dtype
p7
(S'f8'
p8
I0
I1
tp9
Rp10
(I3
S'<'
p11
NNNI-1
I-1
I0
tp12
bI00
S'\xfe\x87\xf5B\x8e\xd9\x1f@\xf7\xf7\xc1%\xbf\xd9!@\xaalN\xb1(\xbb#@\x18\xe3e\xacg\x8b%@\x1do\xa74\x13E\'@\x8a\xecD\xc0\x05\xe3(@\xa0eVxl`*@I\xeez\x9c\xd5\xb8+@\x89b\xda\xc4=\xe8,@\xd4m\xfb\xda\x1b\xeb-@\\2\xb7\xa5k\xbe.@jb\xd4\xc8\xb6_/@\xf2\xf2q\x1d\x1c\xcd/@\x80\xfb\xab\xa6\xaa\x020@\xcd|:P\xdd\x030@\xe2\xd5/\xf1D\xd4/@\xe6\x8e\xb9\xc1\x8dk/@\xca\x8d\x1fr\xcd\xce.@pPt\x9c\xd7\xff-@\xecJ\xea\xa1\x15\x01-@\x10\x12"y\x7f\xd5+@\x92\xbc!\xd3\x92\x80*@\x80:`\xb1H\x06)@Mg\xf5\x8b\tk\'@Mg\xf5\x8b\tk\'@'
p13
tp14
b.