cnumpy.core.multiarray
_reconstruct
p0
(cnumpy
ndarray
p1
(I0
tp2
S'b'
p3
tp4
Rp5
(I1
(I25
I1
tp6
cnumpy
dtype
p7
(S'f8'
p8
I0
I1
tp9
Rp10
(I3
S'<'
p11
NNNI-1
I-1
I0
tp12
bI00
S'\xbb\xb3\xdd\xb4WB(@HiN+\xfd\x1a*@\x10\x08K\x1f\x8e\xe8+@0\xe5\xec\xac\xa9\xa5-@\xf0\xf08\t M/@l\x1d\x85\xfd\x00m0@\x8cK\xaf\xc9\xd7#1@\x93\x1f\x8e\xfc\xf2\xc81@\x04n\x94\x0ffZ2@\x18as\x1f\x7f\xd62@\x8eNm\xfa\xcb;3@n\xb2\xa7p\x1e\x893@L\x07\x9e\xd9\x8f\xbd3@\x9ac4\xc4\x83\xd83@ He\xc9\xa9\xd93@*{\x1a|\xfe\xc03@\xbetes\xcb\x8e3@\xb3\xde\xf8n\xa6C3@\x90\x05r\x98o\xe02@&\xcf\xa6\xe6Nf2@\x12\xfd\xc2\xaa\xb0\xd61@\xb6s~QA31@0\x80\x16e\xe8}0@ %\xdd\xbd\x85q/@ %\xdd\xbd\x85q/@'
p13
tp14
b.