cnumpy.core.multiarray
_reconstruct
p0
(cnumpy
ndarray
p1
(I0
tp2
S'b'
p3
tp4
Rp5
(I1
(I25
I1
tp6
cnumpy
dtype
p7
(S'f8'
p8
I0
I1
tp9
Rp10
(I3
S'<'
p11
NNNI-1
I-1
I0
tp12
bI00
S'\x9f\xb3S\xab\xa0\xd8"@K\x07\xfc\xa5x\x1d%@\xaf*\x14\xca\xb2T\'@\x88+\xbe\x01\xb3w)@8\xc0H\x8d\x19\x80+@\r\x8e\xd3\x06\xd6g-@&\xa4=y9)/@\x92\xdb3\xaa\x83_0@\xf9a\x1b\x86B\x121@J\xdc\xde\x19\xc4\xaa1@\xb5\xde<uA\'2@\xa5\x9dG;G\x862@"i3\xf6\xb9\xc62@\xcfr\xecd\xd9\xe72@Ak\x99\xb8B\xe92@\x96"\\\xbb\xf1\xca2@\xfe\xe6\xe0\xdc@\x8d2@j)\x97$\xe802@/.\xb8\x0c\xfb\xb61@\xf6k\x81L\xe5 1@\xf0\x026\x9bfp0@\x10\xda\x17\xf1\x1aO/@\xac\x0e*\x14b\x91-@\xabO\xe2?\xd4\xac+@\xabO\xe2?\xd4\xac+@'
p13
tp14
b.