cnumpy.core.multiarray
_reconstruct
p0
(cnumpy
ndarray
p1
(I0
tp2
S'b'
p3
tp4
Rp5
(I1
(I25
I1
tp6
cnumpy
dtype
p7
(S'f8'
p8
I0
I1
tp9
Rp10
(I3
S'<'
p11
NNNI-1
I-1
I0
tp12
bI00
S'\xfaZ\x8d\xaa\x05\x9d\x1e@\xa5\xfd\xcc\x15x\x02"@\xa5\xac\x1d\xaa4\xa6$@\x88i\xf9\xca\xd81\'@\xca\xd5 \x92\xcc\x9d)@\xf0\x97$\xa1\xd6\xe2+@\x16c7\xae1\xfa-@\x8c\xd1\xb8\xb6\xa0\xdd/@Tu\x9c\xcd\xc0\xc30@\xaap\xb8\xf6ny1@\x0f\xf4\x07\xdf\xbc\r2@\xa0h\x19\x1f\xf0~2@\xa2cl\x07\xb7\xcb2@\x96\xb3\xc9\x8f,\xf32@\x7f |\x02\xdb\xf42@\xfd\xc3s[\xbd\xd02@\xfc\x7f<W?\x872@O\xf1\x9a1<\x192@\x86\x97\x8e\x17\xfc\x871@C\x1bXT0\xd50@^\x10\xecD\xee\x020@\xc2\xfb\xc3AR\'.@\x19\xe8\xd3VU\x14,@2Q,\xc4\x15\xd3)@2Q,\xc4\x15\xd3)@'
p13
tp14
b.