cnumpy.core.multiarray
_reconstruct
p0
(cnumpy
ndarray
p1
(I0
tp2
S'b'
p3
tp4
Rp5
(I1
(I25
I1
tp6
cnumpy
dtype
p7
(S'f8'
p8
I0
I1
tp9
Rp10
(I3
S'<'
p11
NNNI-1
I-1
I0
tp12
bI00
S'\x86%\xace\xd9\xc5%@5\xe3\xf4\xe3\xa0\xdb\'@\x1f\x17\xb1\xfe\xe4\xe4)@\x14Z\x12\xbb\x92\xdb+@\xe0\xb7\xe5\x90\xce\xb9-@\xc6\x15\xce\xe3\x05z/@@s{\xd1\x7f\x8b0@\x07\t\xd4\xee\xf5E1@\xceg \x0f9\xea1@EVc0_v2@\xbe\x9b.?\xc6\xe82@\xca\xae\xca\xf5\x18@3@\r\xdfA\xd6R{3@\xac\x11r3\xc3\x993@\xa2\x00\x17@\x0f\x9b3@\x8c\xc8\xa8\x1d3\x7f3@\x98\xbe\xe6\xe7\x81F3@\xcc\x1f\xec\xbc\xa4\xf12@ *\xb2\xc4\x98\x812@"\x90\xe0=\xac\xf71@L\x0f\xb9\x98zU1@\x03\x88\xbc\xab\xe7\x9c0@A\xc9\xad 4\xa0/@\xfa\xc1\xc6p\xe9\xe2-@\xfa\xc1\xc6p\xe9\xe2-@'
p13
tp14
b.