cnumpy.core.multiarray
_reconstruct
p0
(cnumpy
ndarray
p1
(I0
tp2
S'b'
p3
tp4
Rp5
(I1
(I25
I1
tp6
cnumpy
dtype
p7
(S'f8'
p8
I0
I1
tp9
Rp10
(I3
S'<'
p11
NNNI-1
I-1
I0
tp12
bI00
S'\xde\x8a\x92\xfdS\xd0\'@\xa0\xc5x\xd4\x99q*@7a\x07"\x17\x03-@/\xe3\xcc\x8d"}/@\x97\x10\xbaW,\xec0@\n\xf5~\x0c\xd9\x062@\x12\x02M\'L\x0b3@\x0eb\xc9\xb6|\xf63@b\xcb\xd5#\xad\xc54@\x05fw^sv5@$\x05\x92\x11\xc0\x066@\x1c\xb4\xfb\xc7\xe4t6@\xba\xf8\x93\xf0\x98\xbf6@<>h\xb2\xfd\xe56@\x98\x90y\x85\xa0\xe76@\xda\x95d\x88|\xc46@N\x95\xf0\x8e\xfa|6@\x80\x1eZ\xe9\xef\x116@\xbb%\xfe\xe7\x9b\x845@\xf2\xd0\xcf"\xa4\xd64@Wv\xb2\x8f\x0f\n4@\nx_v@!3@\xb2\x1a\xe2S\xed\x1e2@M\x17\xe0\xc2\x18\x061@M\x17\xe0\xc2\x18\x061@'
p13
tp14
b.