cnumpy.core.multiarray
_reconstruct
p0
(cnumpy
ndarray
p1
(I0
tp2
S'b'
p3
tp4
Rp5
(I1
(I25
I1
tp6
cnumpy
dtype
p7
(S'f8'
p8
I0
I1
tp9
Rp10
(I3
S'<'
p11
NNNI-1
I-1
I0
tp12
bI00
S'\x83~\xb7\xc3M "@%\x06\xefTq\xb7$@+r\xe8-\t?\'@\x1c\x1a\xb4{\x89\xaf)@\xa6\x10\x02N\xab\x01,@%\x08oL\x82..@\xa0\xe4\xc8\xae\xc8\x170@4\xc2\x16\x01o\xff0@\xbc\x9de\x15\x81\xcb1@\xdcYC)\x9ey2@p$\x82\xd7\xbe\x073@N\x98\x9e%;t3@4\x1b\x83t\xcf\xbd3@%\x93\xebE\xa0\xe33@\x07\x9d)\xcb<\xe53@\x8e\x0b\xa85\xa0\xc23@\\\xd5A\xc51|3@\x93\xabA\x94\xc3\x123@K\x04\xa1$\x90\x872@XA\xd4\xb56\xdc1@\xca\xaf\x12n\xb6\x121@\x86\x93\x89eh-0@4\xb4}J\xf1].@f\xee\x10]\xbc4,@f\xee\x10]\xbc4,@'
p13
tp14
b.