cnumpy.core.multiarray
_reconstruct
p0
(cnumpy
ndarray
p1
(I0
tp2
S'b'
p3
tp4
Rp5
(I1
(I25
I1
tp6
cnumpy
dtype
p7
(S'f8'
p8
I0
I1
tp9
Rp10
(I3
S'<'
p11
NNNI-1
I-1
I0
tp12
bI00
S'\x8d-\xdc8\x91\x16 @W\xf8\xdc\xd7\xbf\xea!@\x08:\xfd\xbe\xf4\xb3#@ut\x9b\x0b\xdcl%@\x1a\x94J}R\x10\'@\x94\x1aS\xc9t\x99(@\xda\'h/\xae\x03*@\xcfh\x11$\xc6J+@N\xdc\x05\xe8\xecj,@:\xe6\xe7\xe6\xc6`-@\x16\xbaw\xbbv).@\x14\xe7Z\xbb\xa5\xc2.@\xb6\xb1\xfa\xf0\x8a*/@X\xd6\xa9n\xf0_/@\xd2R/\xeb6b/@\xce:\xf0\x9cW1/@f#/N\xe4\xcd.@ \xbf$\xaa\x059.@O\x05\x03\xc8wt-@j\xe22\xfe\x84\x82,@%O<\r\xffe+@\xf4~\xba\xb66"*@\xfa\xdcr\xd9\xf1\xba(@D\xbd\x0f0`4\'@D\xbd\x0f0`4\'@'
p13
tp14
b.