cnumpy.core.multiarray
_reconstruct
p0
(cnumpy
ndarray
p1
(I0
tp2
S'b'
p3
tp4
Rp5
(I1
(I25
I1
tp6
cnumpy
dtype
p7
(S'f8'
p8
I0
I1
tp9
Rp10
(I3
S'<'
p11
NNNI-1
I-1
I0
tp12
bI00
S'*\xc9\x85|=\xd3*@\x9c\x88\xfe\\^\xc3,@\xf7\xaf~\xce\xdd\xa7.@;\x86{B\x8b=0@w\xbd\xdb^\xcb\x1b1@\xcal\x91>\x18\xec1@\x87\xa4\x19\x81\x04\xac2@W\x8d\xdb\xa0SY3@(\xb6\t\x9f\x00\xf23@\x9dy\xdf\tDt4@\xdd\xd9AK\x99\xde4@?\xec\xee/\xc3/5@\xb2\xe2\xb9\x99\xcff5@\xc8\x00\xcdQ\x1a\x835@\x80\xee\x86\xf2N\x845@I\x1a>\xe3ij5@\x81"\xfbb\xb855@\x9eE\n\xa2\xd7\xe64@\xc6>\x13\xed\xb2~4@lX.\xef\x80\xfe3@\xfe\x95$\x13\xc0g3@f\x86\xa7\x0e2\xbc2@\x82\xcb\xcb\xa4\xd6\xfd1@\x195h\xaf\xe5.1@\x195h\xaf\xe5.1@'
p13
tp14
b.