cnumpy.core.multiarray
_reconstruct
p0
(cnumpy
ndarray
p1
(I0
tp2
S'b'
p3
tp4
Rp5
(I1
(I25
I1
tp6
cnumpy
dtype
p7
(S'f8'
p8
I0
I1
tp9
Rp10
(I3
S'<'
p11
NNNI-1
I-1
I0
tp12
bI00
S'\xa7[>\r\x81\xb2%@\xe6\x0e\x11gRI\'@\xfd\xf3\x9fM\x9a\xd6(@\xce3\xc4\xa1\xb7U*@\x883\xb4\x863\xc2+@\xb4jD\xb3\xce\x17-@:\x10^\x1d\x8eR.@)\x19\xe0\xd9\xc6n/@\xbc)\xbf\x86\x9440@\xbc\xb0\xfd\xe6d\x9f0@\xd5X"\xeb\x95\xf60@F\xe8\xbcy#91@\xba\x13\\\nGf1@\xde\x02\xcb\xf5y}1@~\xc6\xbf\x07w~1@U\x80LM;i1@6g\xab\x1d\x06>1@\x8aiK]X\xfd0@\x05\x16Q\xfd\xf2\xa70@\x86\xc6\x06\xbc\xd4>0@L\x00\xe2Yn\x86/@\'\xe0\xc3"\x16m.@\x8d\xef\xe4\x18\xe84-@\x98\x82d~\x87\xe1+@\x98\x82d~\x87\xe1+@'
p13
tp14
b.