cnumpy.core.multiarray
_reconstruct
p0
(cnumpy
ndarray
p1
(I0
tp2
S'b'
p3
tp4
Rp5
(I1
(I25
I1
tp6
cnumpy
dtype
p7
(S'f8'
p8
I0
I1
tp9
Rp10
(I3
S'<'
p11
NNNI-1
I-1
I0
tp12
bI00
S'2\xf4w\'\nB%@9t\x93\xa2\xa5}&@\xe8\xb3\xd6\x0c\xdb\xb1\'@,c\xce\xfc\x12\xdb(@zm\xdd\xd1\xd6\xf5)@-\xff\x1e\t\xdb\xfe*@\x80\x1c\xaa\x11\t\xf3+@\xc7\x90\xe4\x82\x88\xcf,@\x9d"j\x99\xc7\x91-@\xd6\x196\xe1\x827.@^\xcc1\xf6\xcb\xbe.@\x8b\xc4\x03G\x0f&/@a\x06\xf0\xc8\x18l/@\xec0\xc2\x8e\x17\x90/@\xd5H\x0c8\xa0\x91/@\xfb\xfav1\xaep/@\x9a\xd1g\xc2\xa3-/@Z\xa4\xd4\xe7H\xc9.@`\xd3\xae\xff\xc8D.@\xfc\xf3\xd9K\xaf\xa1-@S\xef\x15W\xe2\xe1,@J\xe2\x99I\x9e\x07,@S`I>n\x15+@\x8e\x99g\xac$\x0e*@\x8e\x99g\xac$\x0e*@'
p13
tp14
b.