cnumpy.core.multiarray
_reconstruct
p0
(cnumpy
ndarray
p1
(I0
tp2
S'b'
p3
tp4
Rp5
(I1
(I25
I1
tp6
cnumpy
dtype
p7
(S'f8'
p8
I0
I1
tp9
Rp10
(I3
S'<'
p11
NNNI-1
I-1
I0
tp12
bI00
S']\xec\xc9\x1f\x99E#@E\xd0c\x8b\xc7\x99$@{\x8e\x1al\xfc\xe5%@\xa0\xb0\x05\xc2X&\'@\xab\xc1\x8f\xe3 W(@\x14BH\xa0\xc7t)@qq\x13\xd9\xf8{*@"@\x1dn\xa3i+@\xfa\x90\xf0d\x02;,@>$h+\xa5\xed,@\xab \xd4\xdev\x7f-@\xd4N\x9e\x81\xc4\xee-@\x9d\xfe\xe6\x0cB:.@\xde\xb3\xfbN\x0ea.@\xa0\xf7\x1c\x8b\xb5b.@\xd8Y\xbf\xd22?.@\xea\xb7A\x14\xf0\xf6-@\xb0\xe4\xec\xde\xc4\x8a-@\xa6Z\xeb\xdf\xf3\xfb,@60\xb7\x1f\'L,@\x96\xbb5\x0bk}+@S\x13PW(\x92*@\xc8*C\xd1\x1c\x8d)@\x00{\x171Sq(@\x00{\x171Sq(@'
p13
tp14
b.