cnumpy.core.multiarray
_reconstruct
p0
(cnumpy
ndarray
p1
(I0
tp2
S'b'
p3
tp4
Rp5
(I1
(I25
I1
tp6
cnumpy
dtype
p7
(S'f8'
p8
I0
I1
tp9
Rp10
(I3
S'<'
p11
NNNI-1
I-1
I0
tp12
bI00
S'\xc7\x00v\x86\x1d\x0e(@\xc9\xd106q\x91*@\x02b\xbd\x13\xb0\x05-@\xd1\xdbS\x03\x88c/@\xea\xafx\xde\xf4\xd10@\x80\x86\xce\xed\x0e\xe01@\xfdD@s\xec\xd82@\x98\xc5\x07\x0c\xa7\xb93@\x04\x19\x9dU\xa0\x7f4@\x0b\xce\x86\xbd\x89(5@$\xb5\x13ck\xb25@u\xc0v\xf6\xa9\x1b6@K\x1a\xc1\x83\x0bc6@\x96En\x1b\xbb\x876@\x0e|\x98MK\x896@\xd2knp\xb7g6@0y\x1c\xaec#6@\xf8\x04\x00\xda\x1b\xbd5@\x93\x0f\xa0\x10\x1165@\x9e\x05\x81)\xd6\x8f4@\xe6\xd4n\x05[\xcc3@ \x17>\xc7\xe6\xed2@\x82\x08A\x08\x11\xf71@\xba}\xb5\x1c\xba\xea0@\xba}\xb5\x1c\xba\xea0@'
p13
tp14
b.