cnumpy.core.multiarray
_reconstruct
p0
(cnumpy
ndarray
p1
(I0
tp2
S'b'
p3
tp4
Rp5
(I1
(I25
I1
tp6
cnumpy
dtype
p7
(S'f8'
p8
I0
I1
tp9
Rp10
(I3
S'<'
p11
NNNI-1
I-1
I0
tp12
bI00
S'\xce\xc5Y\x15|M!@\xea\x11\xff\xd4\xee\x98"@\xbf\xb4\xc5r\x9c\xdc#@\xbf\xba\x9e_\xbf\x14%@J\xc0\x91z\xb4=&@\xcdN_\xea\x05T\'@\xc0(\x10puT(@\xf4\x8a\xa6\x13\x06<)@\xa25\x15\x0e\x05\x08*@\xde\xf2\xe4\xd5\x11\xb6*@\x18\x86\x856%D+@\xb3\xc7"]\x97\xb0+@\x14\xa1\xf1\xc8$\xfa+@\xa0e9\x10\xf2\x1f,@\x12\xc0\xdan\x8e!,@\xf6\xb1\xb3\x16\xf5\xfe+@\'*\xf5=\x8d\xb8+@\xaco?\xeb(O+@2\xd6\x1b\x83\x02\xc4*@\xc7\xb5 \x1e\xb9\x18*@ \\\xad\xb2KO)@\xfa\xd0\xab \x13j(@\xfc^\x1b1\xbbk\'@\xc8\xeeF\x9e:W&@\xc8\xeeF\x9e:W&@'
p13
tp14
b.