cnumpy.core.multiarray
_reconstruct
p0
(cnumpy
ndarray
p1
(I0
tp2
S'b'
p3
tp4
Rp5
(I1
(I25
I1
tp6
cnumpy
dtype
p7
(S'f8'
p8
I0
I1
tp9
Rp10
(I3
S'<'
p11
NNNI-1
I-1
I0
tp12
bI00
S'\x8a\xbe\x9d\x16v\xaa\x18@o\xd6\xc7\x9d\xedm\x1b@\n[\xc6e\xcf \x1e@\x102\xab<\x87] @\x04\x94P\xb0s\x9a!@8\x12\x02\xa5{\xc3"@\x1b\x9eD\t)\xd5#@\xe6f*vK\xcc$@B\xf3\xb7\xb2\x01\xa6%@FM\x16K\xc2_&@\xac\xde\xf1!c\xf7&@\xf6\xa6r\xe5\x1fk\'@\xac\xd9\x8aT\x9f\xb9\'@c\xcc\xe2D\xf7\xe1\'@0\xdda]\xaf\xe3\'@\x06\x880}\xc2\xbe\'@\x9c\xb7\x04\xcb\x9es\'@\x0e\xaf\x8al$\x03\'@\x8f\xc2\xbe\xe9\xa2n&@\x10\x82\x02D\xd5\xb7%@\xb0\'\x97\xcc\xdc\xe0$@W\x7f\xe3\xc9:\xec#@\xb6\xf0y\xfe\xc8\xdc"@\xdb<)(\xb1\xb5!@\xdb<)(\xb1\xb5!@'
p13
tp14
b.