cnumpy.core.multiarray
_reconstruct
p0
(cnumpy
ndarray
p1
(I0
tp2
S'b'
p3
tp4
Rp5
(I1
(I25
I1
tp6
cnumpy
dtype
p7
(S'f8'
p8
I0
I1
tp9
Rp10
(I3
S'<'
p11
NNNI-1
I-1
I0
tp12
bI00
S'A\xee/:M\xf8*@\xf8\x92\xbfq\xd5F-@\x142\x01\xae\x85\x87/@\xde\x00\xe4\xcf\xd2\xd90@\x1e\xfe\xdb\']\xe21@c\xa3\x8d\xb9L\xda2@O\x84\x07\xe8\xbd\xbe3@\x1ci\x15=\x07\x8d4@F\xa2\x1bZ\xc1B5@H\xce\xc9#\xce\xdd5@"\x07A\x13_\\6@\xbc`\xd5\x99\xfa\xbc6@\x1e\xcbV\x87\x80\xfe6@\x8a\x8b\xc1e- 7@G\xc6Q\xc0\x9c!7@\xa4\xbb.O\xca\x027@N\xc8/\x04\x12\xc46@D\x11\x95\xf8.f6@\x90\r\xe6>9\xea5@\x02\xe1v\x9f\xa2Q5@\x80\xd5PI2\x9e4@@\x90X\x84\xff\xd13@\xb6\x97\x84tk\xef2@8\x83\xbf\x00\x1a\xf91@8\x83\xbf\x00\x1a\xf91@'
p13
tp14
b.