cnumpy.core.multiarray
_reconstruct
p0
(cnumpy
ndarray
p1
(I0
tp2
S'b'
p3
tp4
Rp5
(I1
(I25
I1
tp6
cnumpy
dtype
p7
(S'f8'
p8
I0
I1
tp9
Rp10
(I3
S'<'
p11
NNNI-1
I-1
I0
tp12
bI00
S"\xc4\xf3p\xb8\x9e\xcf\x1b@\xad\xa3\xfawh\xc1\x1f@4/\xce\x11\xc3\xcd!@\xa4p\x81\x08=\xa9#@\xdd[f\xbd\x97m%@\xb3kn\xc7\x8d\x15'@\x86o\x94p.\x9c(@\xe8_\x99r\xec\xfc)@\t\x85 \x8b\xab3+@\xe3h\xa9\xbe\xcc<,@\x96\xc1\xd3%9\x15-@\x14P\xb4$k\xba-@_\x9e\xbc\xf0u*.@\xc5z\xc4N\x0bd.@>\xf2\x13x\x7ff.@\xd9\x89\xcf\x1a\xcb1.@\xdc\x1d\xceo\x8b\xc6-@zC\x97e\x00&-@\xd5B\x01\xe6\x08R,@\x14\xaa\x8dA\x1dM+@\xb28*\xd1G\x1a*@B\xf7P\xe4\x1b\xbd(@\xbe\xd3\x95\x16\xab9'@\x93\xe8r,y\x94%@\x93\xe8r,y\x94%@"
p13
tp14
b.