cnumpy.core.multiarray
_reconstruct
p0
(cnumpy
ndarray
p1
(I0
tp2
S'b'
p3
tp4
Rp5
(I1
(I25
I1
tp6
cnumpy
dtype
p7
(S'f8'
p8
I0
I1
tp9
Rp10
(I3
S'<'
p11
NNNI-1
I-1
I0
tp12
bI00
S">\xe1\xa4\x17i\x18&@~%o\x92\xe2s'@*x|\xbd6\xc7(@\xbc\xb4\xddYq\x0e*@\xe6\xc7\xe8@\xc2E+@\x17&)\xc4\x88i,@j6\xb5\x7f^v-@{\x8f\xa0~!i.@6\x9cI\x93\xfd>/@J8\xa2\xc7t\xf5/@\x1c{#f3E0@\x8c\xfd\x1b\xa8\x0b~0@\xc5\xde#\x97\x99\xa40@\xea\xe3f0j\xb80@(\xc1\xe9WB\xb90@\xce\r\xde\x88\x1f\xa70@\xf6\xc6%\xdd7\x820@\xdc\xf6\xefk\xf9J0@\xe8\xefO\x01\t\x020@\x01\x8fEe\x80P/@8\x1e\xfb\xaaU}.@\xe5\x0bi\xc1\x07\x8d-@\xf7R\x95\x81c\x82,@\x03\xe2xU\x84`+@\x03\xe2xU\x84`+@"
p13
tp14
b.