cnumpy.core.multiarray
_reconstruct
p0
(cnumpy
ndarray
p1
(I0
tp2
S'b'
p3
tp4
Rp5
(I1
(I25
I1
tp6
cnumpy
dtype
p7
(S'f8'
p8
I0
I1
tp9
Rp10
(I3
S'<'
p11
NNNI-1
I-1
I0
tp12
bI00
S'r?\xf1M\x9f\xe8 @\xfa)\xd7\xfe\xd0\xf7"@\xb4\x84A\xd1\xa6\xfa$@\x0f\x1fa\xf9 \xeb&@\xa2F\xe4nv\xc3(@*\xa8\x01/&~*@\xf8\x80\xaa\xa7\x07\x16,@v\xa5\xe9\x1aZ\x86-@r\xe4\x87\xcc\xd2\xca.@JA\xaa\xcf\xa9\xdf/@\x86N\x1c\xa7\xd2`0@\xb1\xb93\x94\x11\xb70@\x97\xdd\xd7g\x90\xf10@-\x04\xe3\xa2\xa0\x0f1@\x90\x00\xd7\x96\xe8\x101@\x88Ddqd\xf50@XB\xd0Gf\xbd0@\xf9\x18\x19"\x95i0@\xcc\xf6a\x11\xd6\xf5/@\x90e?5d\xe5.@\x95qvi\x01\xa5-@\xc2.\xe2ji8,@\xfc_\x81\xd6\xdb\xa3*@\x8a\xbb\x05}\x0f\xec(@\x8a\xbb\x05}\x0f\xec(@'
p13
tp14
b.