cnumpy.core.multiarray
_reconstruct
p0
(cnumpy
ndarray
p1
(I0
tp2
S'b'
p3
tp4
Rp5
(I1
(I25
I1
tp6
cnumpy
dtype
p7
(S'f8'
p8
I0
I1
tp9
Rp10
(I3
S'<'
p11
NNNI-1
I-1
I0
tp12
bI00
S"\xd83\x89\xe6f\x14&@\xd4`\x13\x92\xfb\x8d'@A\xb9o@\xb6\xfe(@\xf8\x1by\xfeJb*@&\x1e\xea\x11\x95\xb4+@\xbd\n\x9aU\xa3\xf1,@\xac\xf0\xd9\xfb\xc3\x15.@\x07\x96\xdd\x93\x8f\x1d/@ \xe8\xa7\x98\xf9\x020@b\xbf\xe3\xcb\x1cf0@\xb8?a\xa7\t\xb70@\xf9\xd3\x06\xc3\xce\xf40@\xd52\x05\xdb\xb3\x1e1@E\xc8\x84\xf5;41@\xd9\xfcu\xd7&51@\xa58,\xc4q!1@\x86\x0e\x88\x85W\xf90@\xac4\x98\xbcO\xbd0@\xeeo\xbc|\rn0@\xaf\xffr5}\x0c0@\x121\x14\xe2\x833/@\x80\xd5\xda\xe0c..@\xd27[\\\xa5\x0c-@p\xafN\xa9\xa8\xd1+@p\xafN\xa9\xa8\xd1+@"
p13
tp14
b.