cnumpy.core.multiarray
_reconstruct
p0
(cnumpy
ndarray
p1
(I0
tp2
S'b'
p3
tp4
Rp5
(I1
(I25
I1
tp6
cnumpy
dtype
p7
(S'f8'
p8
I0
I1
tp9
Rp10
(I3
S'<'
p11
NNNI-1
I-1
I0
tp12
bI00
S'\x9a\x8d\x84[\xdc\x1f*@N,\t\xe0\x05\x9e,@.\x15\'\x919\r/@v\xf4a/\x1a\xb30@6"\x99\xc1\xfa\xd01@@O\x97\xb3\xe9\xdc2@\x8a<\xe5\xc0\xc7\xd33@z\x1b~|\xb4\xb24@:I\xa1\xe5\x16w5@X\x8f\x94\'\xa5\x1e6@,29mk\xa76@b\x9e\x16\xb4\xd1\x0f7@\xf6\xcez\x8d\xa0V7@\xa7\xa1\x81\xbf\x04{7@T\xbb/\xbb\x91|7@mTI\xe0B[7@\x98\xe3\x1e\x8b{\x177@F|&\xec\x05\xb26@\x85\x11\xd6\xac\x10,6@\x05\xda\xc5h+\x875@*(\xa0\x05B\xc54@\xe5\xbb\xc2\xf7\x96\xe83@\x84\xd7\xaa\x84\xbc\xf32@ \xa2G\x17\x8d\xe91@ \xa2G\x17\x8d\xe91@'
p13
tp14
b.