cnumpy.core.multiarray
_reconstruct
p0
(cnumpy
ndarray
p1
(I0
tp2
S'b'
p3
tp4
Rp5
(I1
(I25
I1
tp6
cnumpy
dtype
p7
(S'f8'
p8
I0
I1
tp9
Rp10
(I3
S'<'
p11
NNNI-1
I-1
I0
tp12
bI00
S'\xa4G\xd64-%(@f\x9a"$\xa66*@\x7ft\xb5\x88\xb5;,@\xc4\xe0\xab\xf3T..@\xf93\x1b{Z\x040@}\xd9];\xa7\xe20@\xc3f\x1a\x97y\xaf1@\xf3.I\x8enh2@\x98H\x08c^\x0b3@}\xb5\x7f\x07c\x963@\xf4\xe7\xd1\xc7\xdd\x074@a[3\x1f|^4@\xde\xe6\xbe\xa9;\x994@\\bB\'m\xb74@\x96B\x08\x86\xb6\xb84@\xf5\xa6\x86\xef\x13\x9d4@\x0eX\xd2\xd3\xd7d4@"\x8f\xb3\xf3\xa9\x104@e\x1f:l\x85\xa13@>\xcd\xa5\xc9\xb5\x183@an]*\xd3w2@\xfa1{}\xbd\xc01@\x8e\xd3\x1d\xeb\x96\xf50@\x9d\x8c-w\xbd\x180@\x9d\x8c-w\xbd\x180@'
p13
tp14
b.