cnumpy.core.multiarray
_reconstruct
p0
(cnumpy
ndarray
p1
(I0
tp2
S'b'
p3
tp4
Rp5
(I1
(I25
I1
tp6
cnumpy
dtype
p7
(S'f8'
p8
I0
I1
tp9
Rp10
(I3
S'<'
p11
NNNI-1
I-1
I0
tp12
bI00
S'\x04\xaat\xce\n~*@R\xc8m\x04\x9e\x1a,@\xa6\x08\x02:\x85\xad-@0\xe5v\x8a\x0e2/@\xadvDv\xd9Q0@\xd9\xfe\xf5\xd9\x11\xff0@\x90UT\xb5\xab\x9e1@Y7\x01\xee\xca.2@\x93\x03}\x96\xc1\xad2@DK\xa9\xf0\x14\x1a3@\xae\xe8\x9a\xd7\x81r3@bF\x91\x83\x00\xb63@\xc4>\xd7\x9c\xc7\xe33@0Ab\x94N\xfb3@\x88\x080;O\xfc3@,\xae\xa3\x93\xc6\xe63@\xff\x8cq\xda\xf4\xba3@JW\xff\xc6\\y3@v\x01t\x05\xc2"3@\x0c\xb9\x02\xef&\xb82@1\'>\x87\xc9:2@+\xfbn\xc7\x1f\xac1@\xd8\xac\xfbB\xd3\r1@_`\xe11\xbca0@_`\xe11\xbca0@'
p13
tp14
b.