cnumpy.core.multiarray
_reconstruct
p0
(cnumpy
ndarray
p1
(I0
tp2
S'b'
p3
tp4
Rp5
(I1
(I25
I1
tp6
cnumpy
dtype
p7
(S'f8'
p8
I0
I1
tp9
Rp10
(I3
S'<'
p11
NNNI-1
I-1
I0
tp12
bI00
S'\xe7/\xb9\x1c\x11\xa6)@\x0f.%\xdau\xc1+@\xd5+\x9e\x825\xd0-@\xe0\x13k\xc0,\xcc/@\xb9;\xdd"\xb8\xd70@\x1c\xc1t:/\xba1@\xc2\xc1|\x16\xd8\x8a2@z\xb6\x0bDDG3@\xbc\xef\x9e\xaeA\xed3@\xc3\xd9\xd5,\xe1z4@,\xaa\x8dE|\xee4@\x08!\'\x1c\xbaF5@4\xdeFu\x93\x825@Bq\x13\xc8U\xa15@\x86\xb2\xcaR\xa5\xa25@\xb8\xa7y,~\x865@\xffm\xa6P4M5@\n^\xc9\xa4r\xf74@\xec\xc1\x80\xfa8\x864@\xb5\xe1o\x14\xd9\xfa3@\xa5\xe0\xad\xb6\xf2V3@\xd8\x12\x82\xcen\x9c2@\x03\x9b\xe1\xbfy\xcd1@\xee*\xad\xe9|\xec0@\xee*\xad\xe9|\xec0@'
p13
tp14
b.