cnumpy.core.multiarray
_reconstruct
p0
(cnumpy
ndarray
p1
(I0
tp2
S'b'
p3
tp4
Rp5
(I1
(I25
I1
tp6
cnumpy
dtype
p7
(S'f8'
p8
I0
I1
tp9
Rp10
(I3
S'<'
p11
NNNI-1
I-1
I0
tp12
bI00
S'+\xdd\xc6\xf9\xce\xd4&@6\xe0^\xac\xba\x8b(@\xf47\xa3B\\8*@Z\xb1#\x18\xb5\xd5+@\xa2\xfb\x80 \xf4^-@`\xab\xb5E\x84\xcf.@\xbd\xef\xbf\t\x8d\x110@+?\x92C\xe0\xaa0@\xc8\x1e\xaan\xf211@@\xf2}\x9d0\xa51@L\xc1\x99\x08C\x032@\x94\xbb$\x10\x11K2@\xfem\x01\x81\xc4{2@Br\xc7\x13\xcc\x942@\x00{$\x1e\xdd\x952@\x07\xee\x97q\xf4~2@\xb6\x9e\xf0dVP2@DXp\x08\x8e\n2@\x8aZ\xf5\x86k\xae1@,H\xff\xb8\x01=1@\x06\xf6\xcb\xf0\xa2\xb70@\xb1\xe6\x19\t\xdd\x1f0@r/\xa6\x84\xe9\xee.@\xa1\x18\xe9\xf7\xc0\x80-@\xa1\x18\xe9\xf7\xc0\x80-@'
p13
tp14
b.